1.075697699663223650e-02 0.000000000000000000e+00
1.238553382458278118e-02 0.000000000000000000e+00
1.426064666382671070e-02 0.000000000000000000e+00
1.641964296015012773e-02 1.656490979309345164e+02
1.890550136289975008e-02 0.000000000000000000e+00
2.176770729120264605e-02 1.702821324314952278e+02
2.506323802897549025e-02 0.000000000000000000e+00
2.885769695878603880e-02 3.304698287496915299e+01
3.322661951350305148e-02 1.601385617068860370e+02
3.825697684301776480e-02 9.262256532724556735e+01
4.404890712918910212e-02 5.623817918581755748e+01
5.071770901390626474e-02 3.039382287892990675e+01
5.839613682298916419e-02 3.897682592737665885e+01
6.723704327642746059e-02 4.005655680701581645e+01
7.741642229279181719e-02 4.294192402956529264e+01
8.913691246023390524e-02 2.628257584906185329e+01
1.026318309168776088e-01 2.075003277998438023e+01
1.181698179421427075e-01 2.085942427220847861e+01
1.360601847178269652e-01 1.673172087413037090e+01
1.566590707156125806e-01 1.300031240291648693e+01
1.803765332847128977e-01 1.094659288873821090e+01
2.076847105704722196e-01 8.698069737446777694e+00
2.391272202612865216e-01 7.080393178300310453e+00
2.753299812625672471e-01 6.225952751095779725e+00
3.170136737223568923e-01 5.247710895862019775e+00
3.650080854474972436e-01 4.255649564896940795e+00
4.202686303012032054e-01 3.729174193144205507e+00
4.838953674100328062e-01 3.243190889728971626e+00
5.571548997912926238e-01 2.842439016719871869e+00
6.415055883318823149e-01 2.497493230433718292e+00
7.386265830475349237e-01 2.247580311394361097e+00
8.504512495411458151e-01 2.019260917672788924e+00
9.792056560731035031e-01 1.819032278075359388e+00
1.127452887397006887e+00 1.633744742670197869e+00
1.298144067506233235e+00 1.474738094933680577e+00
1.494677106989597437e+00 1.318949544533367879e+00
1.720964344466386908e+00 1.165024700338703978e+00
1.981510428623453279e+00 1.010692190404746782e+00
2.281501991234420323e+00 8.527897488387990999e-01
2.626910896261440254e+00 6.852581137575626258e-01
3.024613120395937216e+00 5.179216607326388999e-01
3.482525631566290691e+00 3.601919330175140654e-01
4.009763990221857810e+00 2.244772727249851885e-01
4.616823810726305766e+00 1.192385277130047772e-01
5.315789695171062590e+00 5.038636215769334153e-02
6.120575798806901169e+00 1.510122182226214874e-02
7.047202815975062151e+00 2.832389418765496499e-03
8.114116900434067858e+00 7.190146896328003263e-04
9.342556868756759059e+00 3.654323727239442180e-04
