1.049270570993779128e-01 1.921553150816528721e-01
1.152666891313443437e-01 0.000000000000000000e+00
1.266252003114718971e-01 2.018780769626152827e-01
1.391029921545676451e-01 4.151766956854062163e-01
1.528103598553650910e-01 3.341050471967693669e-01
1.678684672230424946e-01 0.000000000000000000e+00
1.844104176869020839e-01 1.497470763082265621e-01
2.025824308401720231e-01 9.185423018132815587e-02
2.225451349217781316e-01 5.315285759613897626e-02
2.444749866607454081e-01 4.487037879390708139e-02
2.685658310336883070e-01 7.477478638236756403e-02
2.950306147225855158e-01 4.136629343328895869e-02
3.241032684186404556e-01 4.296467815548152963e-02
3.560407746105134219e-01 3.174766569161757007e-02
3.911254391347682158e-01 2.581022236987031565e-02
4.296673865674934811e-01 1.650644662807869770e-02
4.720073015146639683e-01 1.452441313140274103e-02
5.185194400323847042e-01 1.249757337136428795e-02
5.696149377959250915e-01 9.063231347384386599e-03
6.257454442595075106e-01 5.249709336125566589e-03
6.874071149303513373e-01 4.638631837882101205e-03
7.551449970459608307e-01 3.047012674952370888e-03
8.295578474210610898e-01 1.967335168292882411e-03
9.113034250506731881e-01 1.352060129768748462e-03
1.001104305252339843e+00 7.857771455763753717e-04
1.099754266740566422e+00 4.567729443101581008e-04
1.208125308090871375e+00 2.443514618267312276e-04
1.327175355614216734e+00 1.014715006653382805e-04
1.457956730774185417e+00 3.630581598132760356e-05
1.601625451993120341e+00 9.765599078580253548e-06
1.759451453068861415e+00 3.298153581247755122e-06
1.932829808525935888e+00 3.256557696864768274e-06
2.123293065125675394e+00 3.310726439601473226e-06
2.332524788537422733e+00 2.050860416668111328e-06
2.562374444914187865e+00 6.611327603875282120e-07
2.814873748915767138e+00 1.682649074542176974e-07
3.092254622684726506e+00 3.257576307831100233e-07
3.396968924520385791e+00 3.396503722320086507e-07
3.731710121638871946e+00 1.191492256702368814e-07
4.099437098591694806e+00 5.675867583764529221e-08
4.503400311793083866e+00 1.079585948946220015e-07
4.947170521344300909e+00 4.964271783607940406e-08
5.434670354124753189e+00 2.819424127906866116e-08
5.970208977146132412e+00 3.801916614335141707e-08
6.558520187658483991e+00 1.345196804936098067e-08
7.204804256698806419e+00 1.803177551403271394e-08
7.914773895950728999e+00 7.865730118113787087e-09
8.694704754231029398e+00 8.004454738810180536e-09
9.551490889957609198e+00 4.220451094265235994e-09
