1.075697699663223650e-02 0.000000000000000000e+00
1.238553382458278118e-02 0.000000000000000000e+00
1.426064666382671070e-02 0.000000000000000000e+00
1.641964296015012773e-02 0.000000000000000000e+00
1.890550136289975008e-02 0.000000000000000000e+00
2.176770729120264605e-02 0.000000000000000000e+00
2.506323802897549025e-02 0.000000000000000000e+00
2.885769695878603880e-02 0.000000000000000000e+00
3.322661951350305148e-02 1.210183555196265388e+02
3.825697684301776480e-02 0.000000000000000000e+00
4.404890712918910212e-02 9.328056136000559206e+01
5.071770901390626474e-02 0.000000000000000000e+00
5.839613682298916419e-02 1.805592521471163892e+01
6.723704327642746059e-02 7.979333242202869769e+01
7.741642229279181719e-02 4.539140642678351867e+01
8.913691246023390524e-02 2.665210087507977832e+01
1.026318309168776088e-01 1.228586829764422461e+01
1.181698179421427075e-01 1.530897280028054297e+01
1.360601847178269652e-01 1.917893280227080766e+01
1.566590707156125806e-01 1.169260684049746679e+01
1.803765332847128977e-01 9.136060091620198165e+00
2.076847105704722196e-01 8.875995598421665633e+00
2.391272202612865216e-01 7.849658165474602711e+00
2.753299812625672471e-01 5.306432417107295407e+00
3.170136737223568923e-01 4.703265441786778744e+00
3.650080854474972436e-01 4.105456443154150925e+00
4.202686303012032054e-01 3.436963117869848983e+00
4.838953674100328062e-01 2.944953923882037472e+00
5.571548997912926238e-01 2.496416401943733820e+00
6.415055883318823149e-01 2.293854533803998841e+00
7.386265830475349237e-01 1.966542102915131540e+00
8.504512495411458151e-01 1.711125731036375885e+00
9.792056560731035031e-01 1.531543037351272174e+00
1.127452887397006887e+00 1.329696653135868711e+00
1.298144067506233235e+00 1.150676807248707245e+00
1.494677106989597437e+00 9.613014037377353160e-01
1.720964344466386908e+00 8.123372019334722527e-01
1.981510428623453279e+00 6.570503659221629267e-01
2.281501991234420323e+00 5.117739390727816806e-01
2.626910896261440254e+00 3.825617352881093280e-01
3.024613120395937216e+00 2.739684402126931762e-01
3.482525631566290691e+00 1.838048014566111832e-01
4.009763990221857810e+00 1.152514568241111981e-01
4.616823810726305766e+00 6.688373003348770107e-02
5.315789695171062590e+00 3.547841068647721030e-02
6.120575798806901169e+00 1.705529895979791474e-02
7.047202815975062151e+00 7.334671398631456909e-03
8.114116900434067858e+00 2.796784129134069399e-03
9.342556868756759059e+00 9.468334820135656778e-04
