1.049270570993779128e-01 1.612160639902815262e+01
1.152666891313443437e-01 0.000000000000000000e+00
1.266252003114718971e-01 1.202877805916606491e+01
1.391029921545676451e-01 2.463866518201234612e+01
1.528103598553650910e-01 1.990927603360027831e+01
1.678684672230424946e-01 0.000000000000000000e+00
1.844104176869020839e-01 1.234911660583662929e+01
2.025824308401720231e-01 6.594218441526975560e+00
2.225451349217781316e-01 4.171749672273831422e+00
2.444749866607454081e-01 3.945916637595476395e+00
2.685658310336883070e-01 7.545648865537396333e+00
2.950306147225855158e-01 3.163781103195840494e+00
3.241032684186404556e-01 5.115391840192950568e+00
3.560407746105134219e-01 3.086853482746776400e+00
3.911254391347682158e-01 3.205388682566440384e+00
4.296673865674934811e-01 2.614265638692961247e+00
4.720073015146639683e-01 2.522852331035655205e+00
5.185194400323847042e-01 2.456422784009279159e+00
5.696149377959250915e-01 2.266512781486342831e+00
6.257454442595075106e-01 1.672136880109291956e+00
6.874071149303513373e-01 1.743150396557916260e+00
7.551449970459608307e-01 1.583407215357479858e+00
8.295578474210610898e-01 1.534566022223929238e+00
9.113034250506731881e-01 1.512793887891068279e+00
1.001104305252339843e+00 1.317045247433451083e+00
1.099754266740566422e+00 1.247440528632178136e+00
1.208125308090871375e+00 1.283560015996038528e+00
1.327175355614216734e+00 1.224794113889260405e+00
1.457956730774185417e+00 1.192178455505431778e+00
1.601625451993120341e+00 1.139904983181571074e+00
1.759451453068861415e+00 1.106471196325789386e+00
1.932829808525935888e+00 1.052434799253808340e+00
2.123293065125675394e+00 1.022089185199298145e+00
2.332524788537422733e+00 9.980367134261034501e-01
2.562374444914187865e+00 9.710547615886467865e-01
2.814873748915767138e+00 9.287622567223198233e-01
3.092254622684726506e+00 9.006084687843363135e-01
3.396968924520385791e+00 8.489710806110926100e-01
3.731710121638871946e+00 8.184648542287596973e-01
4.099437098591694806e+00 7.889555748350983722e-01
4.503400311793083866e+00 7.440079751423618326e-01
4.947170521344300909e+00 7.017937626162102926e-01
5.434670354124753189e+00 6.570125506535829940e-01
5.970208977146132412e+00 6.041970524432674905e-01
6.558520187658483991e+00 5.515745728021462790e-01
7.204804256698806419e+00 4.907416928473721240e-01
7.914773895950728999e+00 4.332356215048257519e-01
8.694704754231029398e+00 3.709573867400214886e-01
9.551490889957609198e+00 3.102136829096756032e-01
