1.049270570993779128e-01 2.844709182129848135e-01
1.152666891313443437e-01 0.000000000000000000e+00
1.266252003114718971e-01 2.989787785703185152e-01
1.391029921545676451e-01 6.190040829468854700e-01
1.528103598553650910e-01 5.007034213522431054e-01
1.678684672230424946e-01 0.000000000000000000e+00
1.844104176869020839e-01 2.283829257004924007e-01
2.025824308401720231e-01 1.407028719701914621e-01
2.225451349217781316e-01 8.260557083935342326e-02
2.444749866607454081e-01 7.067290873042217370e-02
2.685658310336883070e-01 1.205620355831699131e-01
2.950306147225855158e-01 6.789902336678044215e-02
3.241032684186404556e-01 7.243122181185873698e-02
3.560407746105134219e-01 5.519507640461136788e-02
3.911254391347682158e-01 4.662589722202886006e-02
4.296673865674934811e-01 3.125873066328958838e-02
4.720073015146639683e-01 2.902610363158383833e-02
5.185194400323847042e-01 2.677205546843943948e-02
5.696149377959250915e-01 2.110939889233381592e-02
6.257454442595075106e-01 1.352740304760392115e-02
6.874071149303513373e-01 1.345240940727576370e-02
7.551449970459608307e-01 1.030729382471054674e-02
8.295578474210610898e-01 7.945478038672059221e-03
9.113034250506731881e-01 6.923329746853250886e-03
1.001104305252339843e+00 5.338642179859078366e-03
1.099754266740566422e+00 4.433587593685513195e-03
1.208125308090871375e+00 3.740484599053544700e-03
1.327175355614216734e+00 2.877813011727482165e-03
1.457956730774185417e+00 2.331891785519646289e-03
1.601625451993120341e+00 1.837020726533371414e-03
1.759451453068861415e+00 1.498910498305709195e-03
1.932829808525935888e+00 1.189471354845688961e-03
2.123293065125675394e+00 9.393571619102829631e-04
2.332524788537422733e+00 7.436328182538865612e-04
2.562374444914187865e+00 5.796250264753884584e-04
2.814873748915767138e+00 4.507335823803366461e-04
3.092254622684726506e+00 3.535206137500219049e-04
3.396968924520385791e+00 2.680818669942789789e-04
3.731710121638871946e+00 2.048634079128206615e-04
4.099437098591694806e+00 1.532948204883796846e-04
4.503400311793083866e+00 1.116919214983287727e-04
4.947170521344300909e+00 8.057175312063680206e-05
5.434670354124753189e+00 5.606159924364574349e-05
5.970208977146132412e+00 3.823472354904540585e-05
6.558520187658483991e+00 2.500730694232989332e-05
7.204804256698806419e+00 1.572943118710777590e-05
7.914773895950728999e+00 9.502866161813649330e-06
8.694704754231029398e+00 5.456161837193254705e-06
9.551490889957609198e+00 2.989491350596856357e-06
