1.049270570993779128e-01 6.808889397768100871e+00
1.152666891313443437e-01 2.224590861379371987e+01
1.266252003114718971e-01 1.114717005994544152e+01
1.391029921545676451e-01 1.745558826544042574e+01
1.528103598553650910e-01 8.887484920969571434e+00
1.678684672230424946e-01 1.152039989778726081e+01
1.844104176869020839e-01 7.886170796394727844e+00
2.025824308401720231e-01 8.995328556997984393e+00
2.225451349217781316e-01 6.593155949632207857e+00
2.444749866607454081e-01 6.628977835685651243e+00
2.685658310336883070e-01 4.181403241867151621e+00
2.950306147225855158e-01 4.115305492571655677e+00
3.241032684186404556e-01 3.732416536143821961e+00
3.560407746105134219e-01 3.001612485741583569e+00
3.911254391347682158e-01 2.584261998238466695e+00
4.296673865674934811e-01 2.268972975813295712e+00
4.720073015146639683e-01 1.799870587856042814e+00
5.185194400323847042e-01 1.601231147697487422e+00
5.696149377959250915e-01 1.192241331298021567e+00
6.257454442595075106e-01 1.057940593808436747e+00
6.874071149303513373e-01 8.199895307987161708e-01
7.551449970459608307e-01 6.233057000255203262e-01
8.295578474210610898e-01 4.723187670087401480e-01
9.113034250506731881e-01 3.487969002872986501e-01
1.001104305252339843e+00 2.453497552355967115e-01
1.099754266740566422e+00 1.673118970431082264e-01
1.208125308090871375e+00 1.099026886658871771e-01
1.327175355614216734e+00 6.957964453321902054e-02
1.457956730774185417e+00 4.076407533357434554e-02
1.601625451993120341e+00 2.294901479679087308e-02
1.759451453068861415e+00 1.221447181036105362e-02
1.932829808525935888e+00 6.256583019744255299e-03
2.123293065125675394e+00 2.914581217528830308e-03
2.332524788537422733e+00 1.110551097689194610e-03
2.562374444914187865e+00 3.657785922841447234e-04
2.814873748915767138e+00 8.656456081130357134e-05
3.092254622684726506e+00 1.161406433535554231e-05
3.396968924520385791e+00 6.523527350563799522e-07
3.731710121638871946e+00 0.000000000000000000e+00
4.099437098591694806e+00 0.000000000000000000e+00
4.503400311793083866e+00 0.000000000000000000e+00
4.947170521344300909e+00 0.000000000000000000e+00
5.434670354124753189e+00 0.000000000000000000e+00
5.970208977146132412e+00 0.000000000000000000e+00
6.558520187658483991e+00 0.000000000000000000e+00
7.204804256698806419e+00 0.000000000000000000e+00
7.914773895950728999e+00 0.000000000000000000e+00
8.694704754231029398e+00 0.000000000000000000e+00
9.551490889957609198e+00 0.000000000000000000e+00
