1.049270570993779128e-01 1.938868514881074701e-01
1.152666891313443437e-01 0.000000000000000000e+00
1.266252003114718971e-01 2.055165220944157600e-01
1.391029921545676451e-01 4.254596156893137304e-01
1.528103598553650910e-01 3.439149796811202808e-01
1.678684672230424946e-01 0.000000000000000000e+00
1.844104176869020839e-01 1.558174151503534943e-01
2.025824308401720231e-01 9.706786292392356741e-02
2.225451349217781316e-01 5.695017449754032762e-02
2.444749866607454081e-01 4.813860084797005889e-02
2.685658310336883070e-01 8.193779863916837714e-02
2.950306147225855158e-01 4.644453881614075963e-02
3.241032684186404556e-01 4.955229722808817544e-02
3.560407746105134219e-01 3.800399816116268453e-02
3.911254391347682158e-01 3.203238711972357378e-02
4.296673865674934811e-01 2.140398959093842840e-02
4.720073015146639683e-01 1.973415674677685139e-02
5.185194400323847042e-01 1.801731648030649446e-02
5.696149377959250915e-01 1.433064472095063775e-02
6.257454442595075106e-01 9.132325789965508103e-03
6.874071149303513373e-01 9.085709682482236496e-03
7.551449970459608307e-01 6.908238035395379041e-03
8.295578474210610898e-01 5.336707169025760832e-03
9.113034250506731881e-01 4.640168330035492061e-03
1.001104305252339843e+00 3.576582362876756880e-03
1.099754266740566422e+00 2.949945858453722862e-03
1.208125308090871375e+00 2.481925207187040804e-03
1.327175355614216734e+00 1.903520555819165992e-03
1.457956730774185417e+00 1.539122363126033989e-03
1.601625451993120341e+00 1.209828206865517152e-03
1.759451453068861415e+00 9.832300634166654500e-04
1.932829808525935888e+00 7.735071735318233433e-04
2.123293065125675394e+00 6.109862512783469741e-04
2.332524788537422733e+00 4.805172926439597045e-04
2.562374444914187865e+00 3.744958713445952977e-04
2.814873748915767138e+00 2.895853598090373008e-04
3.092254622684726506e+00 2.267700793857081298e-04
3.396968924520385791e+00 1.714521701322877856e-04
3.731710121638871946e+00 1.308636248421952617e-04
4.099437098591694806e+00 9.791323186097731297e-05
4.503400311793083866e+00 7.122043393980906595e-05
4.947170521344300909e+00 5.141346700808827833e-05
5.434670354124753189e+00 3.589500611113739472e-05
5.970208977146132412e+00 2.456242190958003317e-05
6.558520187658483991e+00 1.613921442011582053e-05
7.204804256698806419e+00 1.020043791571265984e-05
7.914773895950728999e+00 6.199917414211091187e-06
8.694704754231029398e+00 3.579624282636035124e-06
9.551490889957609198e+00 1.971129069944722481e-06
