1.049270570993779128e-01 1.528155859552115636e+01
1.152666891313443437e-01 0.000000000000000000e+00
1.266252003114718971e-01 1.165590098436033273e+01
1.391029921545676451e-01 2.386360615340521107e+01
1.528103598553650910e-01 1.933677036205575206e+01
1.678684672230424946e-01 0.000000000000000000e+00
1.844104176869020839e-01 1.176507449937913918e+01
2.025824308401720231e-01 6.190720264021643438e+00
2.225451349217781316e-01 3.924746583647992004e+00
2.444749866607454081e-01 3.780055081563676644e+00
2.685658310336883070e-01 7.231221893585595417e+00
2.950306147225855158e-01 3.110602261522962930e+00
3.241032684186404556e-01 4.789575283466251499e+00
3.560407746105134219e-01 2.904268853788751770e+00
3.911254391347682158e-01 2.955475259010113653e+00
4.296673865674934811e-01 2.429247320005847310e+00
4.720073015146639683e-01 2.321829083385416936e+00
5.185194400323847042e-01 2.246881818690372956e+00
5.696149377959250915e-01 2.096955814621347169e+00
6.257454442595075106e-01 1.514202689605227636e+00
6.874071149303513373e-01 1.630784748483654178e+00
7.551449970459608307e-01 1.460354145257419134e+00
8.295578474210610898e-01 1.432188861481477504e+00
9.113034250506731881e-01 1.366926710352526442e+00
1.001104305252339843e+00 1.198653324860451619e+00
1.099754266740566422e+00 1.128569554865447522e+00
1.208125308090871375e+00 1.142831999140696553e+00
1.327175355614216734e+00 1.060716308894380067e+00
1.457956730774185417e+00 1.024253498037652532e+00
1.601625451993120341e+00 9.642030629648621343e-01
1.759451453068861415e+00 9.085614574488647399e-01
1.932829808525935888e+00 8.699508649238077984e-01
2.123293065125675394e+00 8.496423967150186218e-01
2.332524788537422733e+00 8.063473808687880995e-01
2.562374444914187865e+00 7.724904329408313064e-01
2.814873748915767138e+00 7.549718176501862832e-01
3.092254622684726506e+00 7.230877474317246589e-01
3.396968924520385791e+00 6.873415559896823845e-01
3.731710121638871946e+00 6.503693804474706130e-01
4.099437098591694806e+00 6.192899029711164127e-01
4.503400311793083866e+00 5.764508003016712845e-01
4.947170521344300909e+00 5.413570665483034006e-01
5.434670354124753189e+00 5.012704264293909029e-01
5.970208977146132412e+00 4.678901401359886192e-01
6.558520187658483991e+00 4.290079435542032416e-01
7.204804256698806419e+00 3.898039194896866233e-01
7.914773895950728999e+00 3.534878915503952834e-01
8.694704754231029398e+00 3.177733405670616351e-01
9.551490889957609198e+00 2.871019688783473800e-01
