1.049270570993779128e-01 1.942089338209822269e-01
1.152666891313443437e-01 0.000000000000000000e+00
1.266252003114718971e-01 2.057312841613804510e-01
1.391029921545676451e-01 4.254655007085244578e-01
1.528103598553650910e-01 3.437669745181561320e-01
1.678684672230424946e-01 0.000000000000000000e+00
1.844104176869020839e-01 1.555266635122973251e-01
2.025824308401720231e-01 9.674244910242262019e-02
2.225451349217781316e-01 5.668615250885508661e-02
2.444749866607454081e-01 4.787834178463155899e-02
2.685658310336883070e-01 8.129280441635493293e-02
2.950306147225855158e-01 4.597095862826226093e-02
3.241032684186404556e-01 4.891068844446413294e-02
3.560407746105134219e-01 3.737359088961499098e-02
3.911254391347682158e-01 3.136099064332326797e-02
4.296673865674934811e-01 2.085955038469504766e-02
4.720073015146639683e-01 1.912846045555945118e-02
5.185194400323847042e-01 1.733854464627913178e-02
5.696149377959250915e-01 1.366515597893232063e-02
6.257454442595075106e-01 8.618394822510751924e-03
6.874071149303513373e-01 8.467629584653999647e-03
7.551449970459608307e-01 6.339162900979559805e-03
8.295578474210610898e-01 4.810538178656097348e-03
9.113034250506731881e-01 4.087983817684328995e-03
1.001104305252339843e+00 3.067983245449612279e-03
1.099754266740566422e+00 2.450292019744916821e-03
1.208125308090871375e+00 1.981950918220115512e-03
1.327175355614216734e+00 1.447938862795927111e-03
1.457956730774185417e+00 1.103544968043622615e-03
1.601625451993120341e+00 8.075120846895069565e-04
1.759451453068861415e+00 6.014786881308559164e-04
1.932829808525935888e+00 4.250610837346324158e-04
2.123293065125675394e+00 2.942198626652848788e-04
2.332524788537422733e+00 1.966382200246430737e-04
2.562374444914187865e+00 1.250217205011913777e-04
2.814873748915767138e+00 7.479479396891606038e-05
3.092254622684726506e+00 4.216145369492875830e-05
3.396968924520385791e+00 2.078059619121116022e-05
3.731710121638871946e+00 8.967857859398733835e-06
4.099437098591694806e+00 3.028952525721873429e-06
4.503400311793083866e+00 7.444682463340917497e-07
4.947170521344300909e+00 2.814085521259641406e-07
5.434670354124753189e+00 4.059055160143091920e-07
5.970208977146132412e+00 5.038211035045228387e-07
6.558520187658483991e+00 4.109139119588540721e-07
7.204804256698806419e+00 2.250754984545945380e-07
7.914773895950728999e+00 7.843823094329464631e-08
8.694704754231029398e+00 1.644638003871675356e-08
9.551490889957609198e+00 9.155792427694567136e-09
