1.049270570993779128e-01 1.587609136375316865e+01
1.152666891313443437e-01 0.000000000000000000e+00
1.266252003114718971e-01 1.182419489453707584e+01
1.391029921545676451e-01 2.413391654601062442e+01
1.528103598553650910e-01 1.959021678728623073e+01
1.678684672230424946e-01 0.000000000000000000e+00
1.844104176869020839e-01 1.203053308924516962e+01
2.025824308401720231e-01 6.296963589303429032e+00
2.225451349217781316e-01 3.980706657124365666e+00
2.444749866607454081e-01 3.762376259536424961e+00
2.685658310336883070e-01 7.131201931944144867e+00
2.950306147225855158e-01 3.006811377889819337e+00
3.241032684186404556e-01 4.660300890885825886e+00
3.560407746105134219e-01 2.796635523124729961e+00
3.911254391347682158e-01 2.826873131406330675e+00
4.296673865674934811e-01 2.264847951831425288e+00
4.720073015146639683e-01 2.124957866993848477e+00
5.185194400323847042e-01 2.002728783252115896e+00
5.696149377959250915e-01 1.764799006147789617e+00
6.257454442595075106e-01 1.225476803826782035e+00
6.874071149303513373e-01 1.223906405466276048e+00
7.551449970459608307e-01 1.039943847602296190e+00
8.295578474210610898e-01 9.253524031055576637e-01
9.113034250506731881e-01 8.297790471767059195e-01
1.001104305252339843e+00 6.542476087431755571e-01
1.099754266740566422e+00 5.411483409037313175e-01
1.208125308090871375e+00 4.736957350545775158e-01
1.327175355614216734e+00 3.742390042495649105e-01
1.457956730774185417e+00 2.877988181888491148e-01
1.601625451993120341e+00 2.171604330896660384e-01
1.759451453068861415e+00 1.606927112247940326e-01
1.932829808525935888e+00 1.110244207903535729e-01
2.123293065125675394e+00 7.427013817695783671e-02
2.332524788537422733e+00 4.857089957095145349e-02
2.562374444914187865e+00 2.930952447523265184e-02
2.814873748915767138e+00 1.679783831638377231e-02
3.092254622684726506e+00 9.052927363962365997e-03
3.396968924520385791e+00 4.552809530610627160e-03
3.731710121638871946e+00 2.213284884477460281e-03
4.099437098591694806e+00 1.034062136449109479e-03
4.503400311793083866e+00 3.817185059794391943e-04
4.947170521344300909e+00 1.239261477684053736e-04
5.434670354124753189e+00 3.366016237481135012e-05
5.970208977146132412e+00 5.376216220700925959e-06
6.558520187658483991e+00 5.178089726639660249e-07
7.204804256698806419e+00 3.931333830856658858e-10
7.914773895950728999e+00 0.000000000000000000e+00
8.694704754231029398e+00 0.000000000000000000e+00
9.551490889957609198e+00 0.000000000000000000e+00
