1.049270570993779128e-01 2.844993807389681884e-01
1.152666891313443437e-01 0.000000000000000000e+00
1.266252003114718971e-01 2.990071291612877435e-01
1.391029921545676451e-01 6.190490537022022011e-01
1.528103598553650910e-01 5.007398096847046620e-01
1.678684672230424946e-01 0.000000000000000000e+00
1.844104176869020839e-01 2.283975215859288532e-01
2.025824308401720231e-01 1.407082443104457903e-01
2.225451349217781316e-01 8.260856000706585933e-02
2.444749866607454081e-01 7.067514148136799790e-02
2.685658310336883070e-01 1.205631674970785577e-01
2.950306147225855158e-01 6.789786989847892973e-02
3.241032684186404556e-01 7.242891720551859758e-02
3.560407746105134219e-01 5.519150797260847369e-02
3.911254391347682158e-01 4.662048895322919856e-02
4.296673865674934811e-01 3.125431828909033122e-02
4.720073015146639683e-01 2.902075198653782107e-02
5.185194400323847042e-01 2.676509109778646769e-02
5.696149377959250915e-01 2.110256127293908684e-02
6.257454442595075106e-01 1.352184680398721590e-02
6.874071149303513373e-01 1.344534914245077567e-02
7.551449970459608307e-01 1.030062839557576750e-02
8.295578474210610898e-01 7.939226083557345687e-03
9.113034250506731881e-01 6.916542596247041673e-03
1.001104305252339843e+00 5.332255131201668608e-03
1.099754266740566422e+00 4.427168887058945818e-03
1.208125308090871375e+00 3.733899560337718224e-03
1.327175355614216734e+00 2.871626840493165470e-03
1.457956730774185417e+00 2.325813096267403696e-03
1.601625451993120341e+00 1.831218833844285411e-03
1.759451453068861415e+00 1.493210547030150367e-03
1.932829808525935888e+00 1.184029000741224427e-03
2.123293065125675394e+00 9.341769153206846933e-04
2.332524788537422733e+00 7.387039268174592100e-04
2.562374444914187865e+00 5.750096741956074601e-04
2.814873748915767138e+00 4.464286971899502103e-04
3.092254622684726506e+00 3.494674864367911904e-04
3.396968924520385791e+00 2.643975067532424871e-04
3.731710121638871946e+00 2.015006978805898975e-04
4.099437098591694806e+00 1.502849806299124096e-04
4.503400311793083866e+00 1.090822787618471121e-04
4.947170521344300909e+00 7.833098043661499582e-05
5.434670354124753189e+00 5.421264341828699481e-05
5.970208977146132412e+00 3.674333571474071249e-05
6.558520187658483991e+00 2.385742874268971937e-05
7.204804256698806419e+00 1.488127036352260609e-05
7.914773895950728999e+00 8.904259838538804251e-06
8.694704754231029398e+00 5.056620813536591994e-06
9.551490889957609198e+00 2.736332128735590975e-06
