1.049270570993779128e-01 1.950892537473632171e-01
1.152666891313443437e-01 0.000000000000000000e+00
1.266252003114718971e-01 2.060716732300167386e-01
1.391029921545676451e-01 4.263265443404170574e-01
1.528103598553650910e-01 3.447966362090396086e-01
1.678684672230424946e-01 0.000000000000000000e+00
1.844104176869020839e-01 1.566304027900504436e-01
2.025824308401720231e-01 9.703759116439836241e-02
2.225451349217781316e-01 5.700882764217828774e-02
2.444749866607454081e-01 4.841525663518901623e-02
2.685658310336883070e-01 8.248301348918020415e-02
2.950306147225855158e-01 4.659785199612956341e-02
3.241032684186404556e-01 4.969206571100941161e-02
3.560407746105134219e-01 3.797033057382509513e-02
3.911254391347682158e-01 3.199865996580499722e-02
4.296673865674934811e-01 2.140616231043246040e-02
4.720073015146639683e-01 1.980010522818884469e-02
5.185194400323847042e-01 1.815046085227705816e-02
5.696149377959250915e-01 1.435079550709533400e-02
6.257454442595075106e-01 9.157021406637256417e-03
6.874071149303513373e-01 9.093343692177657464e-03
7.551449970459608307e-01 6.927405107564325697e-03
8.295578474210610898e-01 5.332653943949315113e-03
9.113034250506731881e-01 4.629156358715249935e-03
1.001104305252339843e+00 3.557025854857686058e-03
1.099754266740566422e+00 2.932549144867213284e-03
1.208125308090871375e+00 2.458825507854568715e-03
1.327175355614216734e+00 1.877387080036219081e-03
1.457956730774185417e+00 1.509547843697883448e-03
1.601625451993120341e+00 1.177829948034212794e-03
1.759451453068861415e+00 9.505204235675088122e-04
1.932829808525935888e+00 7.425877555532153264e-04
2.123293065125675394e+00 5.787340583926196434e-04
2.332524788537422733e+00 4.495833540698226504e-04
2.562374444914187865e+00 3.440158228686879347e-04
2.814873748915767138e+00 2.611559061802896627e-04
3.092254622684726506e+00 1.993491758975543939e-04
3.396968924520385791e+00 1.465164402418002269e-04
3.731710121638871946e+00 1.081167345953921717e-04
4.099437098591694806e+00 7.767380894064819085e-05
4.503400311793083866e+00 5.397454142105281578e-05
4.947170521344300909e+00 3.684393684212006794e-05
5.434670354124753189e+00 2.406386031068539569e-05
5.970208977146132412e+00 1.518795821680663725e-05
6.558520187658483991e+00 9.063008981915633886e-06
7.204804256698806419e+00 5.106501719542225741e-06
7.914773895950728999e+00 2.698221184590998218e-06
8.694704754231029398e+00 1.325656332185993039e-06
9.551490889957609198e+00 6.109999647531731539e-07
