6.593725531317383426e-02 8.137712648704409446e+01
7.385292446715763237e-02 0.000000000000000000e+00
8.271885789674300604e-02 0.000000000000000000e+00
9.264913341088315546e-02 4.648322179883007266e+01
1.037715236893473891e-01 1.399669103842216167e+01
1.162291403315364874e-01 0.000000000000000000e+00
1.301822752709063669e-01 9.273829158464643285e+00
1.458104632484465424e-01 3.713781045937778202e+01
1.633147918830237799e-01 0.000000000000000000e+00
1.829204890622245783e-01 1.059919793165536639e+01
2.048798209456096642e-01 5.327543902628827155e+00
2.294753378689364520e-01 6.743051989595964635e+00
2.570235099143420854e-01 4.720799047810537274e+00
2.878787989253046575e-01 3.875461125107937832e+00
3.224382193609268699e-01 4.923920795274823625e+00
3.611464466739738866e-01 2.638886594227455973e+00
4.045015389420756335e-01 3.409873457463334923e+00
4.530613453722205364e-01 2.524198580759208888e+00
5.074506841366560606e-01 2.157373669364753610e+00
5.683693818972825884e-01 2.257722700703034935e+00
6.366012784629603294e-01 1.608098096371848973e+00
7.130243124424945345e-01 1.453270471281797871e+00
7.986218176652195577e-01 1.447973993633480339e+00
8.944951757200252374e-01 1.304193134848945723e+00
1.001877987412820747e+00 1.114218513633140617e+00
1.122151945486331570e+00 1.037138365058086986e+00
1.256864612836231965e+00 9.283877725148481641e-01
1.407749334975611388e+00 8.522640105872022476e-01
1.576747542961094872e+00 7.478706732804160096e-01
1.766033733751982471e+00 6.463121741924968688e-01
1.978043449424244926e+00 5.468656668131008924e-01
2.215504615247429143e+00 4.638808409666561605e-01
2.481472639850950124e+00 3.771754673496071075e-01
2.779369729112996623e+00 3.017176563233978648e-01
3.113028919623166857e+00 2.337072609206292950e-01
3.486743398296612284e+00 1.731779884285332138e-01
3.905321742734296997e+00 1.228997951822380780e-01
4.374149793106115069e+00 8.433501776277760320e-02
4.899259951661303347e+00 5.420926937457862943e-02
5.487408801541704406e+00 3.308546682406126455e-02
6.146164043617797113e+00 1.881134154404507167e-02
6.884001869962226294e+00 9.972187732036279229e-03
7.710416026863592620e+00 4.909751149042456721e-03
8.636039970692390710e+00 2.236158511138037087e-03
9.672783688396441093e+00 9.398281847181280289e-04
1.083398694309272337e+01 3.693478933762147070e-04
1.213459091656397248e+01 1.382035098727238940e-04
1.359133045718095545e+01 5.113328604348384805e-05
1.522294940690107623e+01 2.030386206022999880e-05
