1.049270570993779128e-01 1.581976381184360214e+01
1.152666891313443437e-01 0.000000000000000000e+00
1.266252003114718971e-01 1.196664229504351162e+01
1.391029921545676451e-01 2.417904413664589214e+01
1.528103598553650910e-01 1.978040922249379108e+01
1.678684672230424946e-01 0.000000000000000000e+00
1.844104176869020839e-01 1.206030788809232135e+01
2.025824308401720231e-01 6.344023673466451463e+00
2.225451349217781316e-01 4.017003044523174360e+00
2.444749866607454081e-01 3.816864290434999862e+00
2.685658310336883070e-01 7.242953923575716324e+00
2.950306147225855158e-01 3.101103238911973037e+00
3.241032684186404556e-01 4.766886937259148027e+00
3.560407746105134219e-01 2.926906419545181048e+00
3.911254391347682158e-01 2.996518644716737789e+00
4.296673865674934811e-01 2.409430709540097748e+00
4.720073015146639683e-01 2.277352996145715291e+00
5.185194400323847042e-01 2.187316768771398134e+00
5.696149377959250915e-01 2.047014798642341482e+00
6.257454442595075106e-01 1.464626436357628902e+00
6.874071149303513373e-01 1.577296575698399650e+00
7.551449970459608307e-01 1.394898541415867887e+00
8.295578474210610898e-01 1.370128836102462389e+00
9.113034250506731881e-01 1.296496373487604270e+00
1.001104305252339843e+00 1.145833530289959157e+00
1.099754266740566422e+00 1.086723088531133197e+00
1.208125308090871375e+00 1.098790774738497733e+00
1.327175355614216734e+00 1.014864477803578247e+00
1.457956730774185417e+00 9.737069228766521700e-01
1.601625451993120341e+00 9.271948328307115794e-01
1.759451453068861415e+00 8.742142831939854197e-01
1.932829808525935888e+00 8.205097855530504303e-01
2.123293065125675394e+00 7.957000510272587146e-01
2.332524788537422733e+00 7.762674784867837907e-01
2.562374444914187865e+00 7.300787545439018089e-01
2.814873748915767138e+00 7.036093842318003055e-01
3.092254622684726506e+00 6.900831715149915446e-01
3.396968924520385791e+00 6.615709974822900907e-01
3.731710121638871946e+00 6.390002286924406638e-01
4.099437098591694806e+00 6.155734653922344535e-01
4.503400311793083866e+00 5.879284704647599336e-01
4.947170521344300909e+00 5.647887652170310302e-01
5.434670354124753189e+00 5.377969029398590450e-01
5.970208977146132412e+00 5.124775429550133543e-01
6.558520187658483991e+00 4.888818416260590216e-01
7.204804256698806419e+00 4.664051364493867480e-01
7.914773895950728999e+00 4.434371028079853727e-01
8.694704754231029398e+00 4.226394298513044268e-01
9.551490889957609198e+00 4.012823327317920352e-01
