1.049270570993779128e-01 1.527828388762605627e+01
1.152666891313443437e-01 0.000000000000000000e+00
1.266252003114718971e-01 1.164532033901326180e+01
1.391029921545676451e-01 2.386936848656989696e+01
1.528103598553650910e-01 1.931405970588531318e+01
1.678684672230424946e-01 0.000000000000000000e+00
1.844104176869020839e-01 1.176888531025774576e+01
2.025824308401720231e-01 6.183162434895889348e+00
2.225451349217781316e-01 3.923884199111344895e+00
2.444749866607454081e-01 3.774241002718087490e+00
2.685658310336883070e-01 7.226229850693380641e+00
2.950306147225855158e-01 3.106812384757406953e+00
3.241032684186404556e-01 4.780546689054046894e+00
3.560407746105134219e-01 2.904854549652548634e+00
3.911254391347682158e-01 2.961051234864906512e+00
4.296673865674934811e-01 2.431501002396480260e+00
4.720073015146639683e-01 2.323374216870075060e+00
5.185194400323847042e-01 2.243233045902703449e+00
5.696149377959250915e-01 2.097707217928963086e+00
6.257454442595075106e-01 1.513211648407169374e+00
6.874071149303513373e-01 1.632819471042518122e+00
7.551449970459608307e-01 1.459838816534440031e+00
8.295578474210610898e-01 1.433094856667555650e+00
9.113034250506731881e-01 1.362730144383720754e+00
1.001104305252339843e+00 1.198455240165813063e+00
1.099754266740566422e+00 1.128578544499190262e+00
1.208125308090871375e+00 1.142226066033150467e+00
1.327175355614216734e+00 1.060924588033838267e+00
1.457956730774185417e+00 1.023090450277901686e+00
1.601625451993120341e+00 9.634109899595414417e-01
1.759451453068861415e+00 9.072827591830073812e-01
1.932829808525935888e+00 8.702037406422011845e-01
2.123293065125675394e+00 8.483181752649344709e-01
2.332524788537422733e+00 8.049732172227863636e-01
2.562374444914187865e+00 7.707612559372419847e-01
2.814873748915767138e+00 7.524237211687732074e-01
3.092254622684726506e+00 7.208752460439216136e-01
3.396968924520385791e+00 6.840245385226517705e-01
3.731710121638871946e+00 6.468884054670333006e-01
4.099437098591694806e+00 6.153055608134236909e-01
4.503400311793083866e+00 5.723723772623027228e-01
4.947170521344300909e+00 5.368141825165344549e-01
5.434670354124753189e+00 4.963284231736953545e-01
5.970208977146132412e+00 4.629412189344896400e-01
6.558520187658483991e+00 4.239509826851410312e-01
7.204804256698806419e+00 3.849077415783976885e-01
7.914773895950728999e+00 3.484950643472168874e-01
8.694704754231029398e+00 3.131593455762708422e-01
9.551490889957609198e+00 2.826519816351483749e-01
