1.075697699663223650e-02 0.000000000000000000e+00
1.238553382458278118e-02 0.000000000000000000e+00
1.426064666382671070e-02 0.000000000000000000e+00
1.641964296015012773e-02 2.393668708542338486e+00
1.890550136289975008e-02 0.000000000000000000e+00
2.176770729120264605e-02 2.482829257867582573e+00
2.506323802897549025e-02 0.000000000000000000e+00
2.885769695878603880e-02 4.665714655096306895e-01
3.322661951350305148e-02 2.356528226156748840e+00
3.825697684301776480e-02 1.384890648251388079e+00
4.404890712918910212e-02 7.976636180205604054e-01
5.071770901390626474e-02 4.768171511172656918e-01
5.839613682298916419e-02 5.812286773502414183e-01
6.723704327642746059e-02 5.572638025630783920e-01
7.741642229279181719e-02 6.324088349342511517e-01
8.913691246023390524e-02 4.178235608978693727e-01
1.026318309168776088e-01 3.007337817765572408e-01
1.181698179421427075e-01 2.850855227979089968e-01
1.360601847178269652e-01 2.300406591761366415e-01
1.566590707156125806e-01 1.595465254154127821e-01
1.803765332847128977e-01 1.275296487714170646e-01
2.076847105704722196e-01 9.008581986353535187e-02
2.391272202612865216e-01 6.950180179937423541e-02
2.753299812625672471e-01 5.378549283369207096e-02
3.170136737223568923e-01 3.886789437225778715e-02
3.650080854474972436e-01 2.723980402222742070e-02
4.202686303012032054e-01 1.943433065313215219e-02
4.838953674100328062e-01 1.318112604015904063e-02
5.571548997912926238e-01 8.710035788889063102e-03
6.415055883318823149e-01 5.524401279444715596e-03
7.386265830475349237e-01 3.263665876803204056e-03
8.504512495411458151e-01 1.806439922272269584e-03
9.792056560731035031e-01 8.962797361100590179e-04
1.127452887397006887e+00 3.737339396178765145e-04
1.298144067506233235e+00 1.218211158088051841e-04
1.494677106989597437e+00 2.643460452645596782e-05
1.720964344466386908e+00 3.972685177973714355e-06
1.981510428623453279e+00 2.647266354526606494e-06
2.281501991234420323e+00 1.890919476828432421e-06
2.626910896261440254e+00 4.202393632582475095e-07
3.024613120395937216e+00 1.331367846230533422e-07
3.482525631566290691e+00 1.537900673259973926e-07
4.009763990221857810e+00 2.993615365971678911e-08
4.616823810726305766e+00 2.080616709453570095e-08
5.315789695171062590e+00 9.045273673119385092e-09
6.120575798806901169e+00 2.310796949153119856e-09
7.047202815975062151e+00 1.389709431512635920e-09
8.114116900434067858e+00 4.480997981804290122e-10
9.342556868756759059e+00 9.598186504255448593e-11
