1.049270570993779128e-01 1.939207057555122349e-01
1.152666891313443437e-01 0.000000000000000000e+00
1.266252003114718971e-01 2.043645750364503633e-01
1.391029921545676451e-01 4.217133587937408890e-01
1.528103598553650910e-01 3.403461951165392407e-01
1.678684672230424946e-01 0.000000000000000000e+00
1.844104176869020839e-01 1.537277430761341823e-01
2.025824308401720231e-01 9.483535815402273361e-02
2.225451349217781316e-01 5.535690386297708460e-02
2.444749866607454081e-01 4.689547068812906228e-02
2.685658310336883070e-01 7.914889172878777912e-02
2.950306147225855158e-01 4.431888391602872151e-02
3.241032684186404556e-01 4.673940138719313159e-02
3.560407746105134219e-01 3.521201308628357091e-02
3.911254391347682158e-01 2.923012297305945667e-02
4.296673865674934811e-01 1.919114780463257106e-02
4.720073015146639683e-01 1.738552517396819638e-02
5.185194400323847042e-01 1.552287619992329983e-02
5.696149377959250915e-01 1.184448592392615789e-02
6.257454442595075106e-01 7.264682591106509831e-03
6.874071149303513373e-01 6.880418604775937787e-03
7.551449970459608307e-01 4.939947735648509211e-03
8.295578474210610898e-01 3.548465541331167605e-03
9.113034250506731881e-01 2.814007659737666721e-03
1.001104305252339843e+00 1.946505088494954704e-03
1.099754266740566422e+00 1.413230284411978689e-03
1.208125308090871375e+00 1.013076034917092996e-03
1.327175355614216734e+00 6.332312202701969889e-04
1.457956730774185417e+00 3.981149158117321444e-04
1.601625451993120341e+00 2.279277872620256182e-04
1.759451453068861415e+00 1.251938992430977966e-04
1.932829808525935888e+00 5.945658611924654272e-05
2.123293065125675394e+00 2.415659584033201006e-05
2.332524788537422733e+00 8.198553438676645097e-06
2.562374444914187865e+00 2.599912342840260883e-06
2.814873748915767138e+00 1.443443991497769326e-06
3.092254622684726506e+00 1.316393214444851284e-06
3.396968924520385791e+00 9.412123174869382603e-07
3.731710121638871946e+00 4.160280325433207690e-07
4.099437098591694806e+00 1.112969731285992836e-07
4.503400311793083866e+00 9.145444754908732111e-08
4.947170521344300909e+00 1.212669007759414764e-07
5.434670354124753189e+00 6.689272027833787752e-08
5.970208977146132412e+00 2.087791204639423633e-08
6.558520187658483991e+00 2.868874057352490298e-08
7.204804256698806419e+00 2.296442620869454164e-08
7.914773895950728999e+00 8.149283500443471468e-09
8.694704754231029398e+00 9.890622615608060551e-09
9.551490889957609198e+00 5.250933138358659125e-09
