6.544794635508624503e-02 9.472178767397586796e+01
7.227521403122769139e-02 0.000000000000000000e+00
7.981467493141311542e-02 0.000000000000000000e+00
8.814062220078265619e-02 6.149928010473776396e+01
9.733509894786904204e-02 0.000000000000000000e+00
1.074887066897439181e-01 1.434045965170010106e+01
1.187014981309242045e-01 0.000000000000000000e+00
1.310839630733989514e-01 1.035418164895302517e+01
1.447581171728420657e-01 2.086775326695858013e+01
1.598587042695132077e-01 1.660497082262864055e+01
1.765345241415035293e-01 6.008511219180291185e+00
1.949498987638828562e-01 9.283446438263885270e+00
2.152862915221297468e-01 2.874398858464791928e+00
2.377440953354219566e-01 6.513667872010257653e+00
2.625446073097885136e-01 6.555614726418573568e+00
2.899322093791706356e-01 3.154592726140518000e+00
3.201767764222258617e-01 3.934493968498055771e+00
3.535763355842338473e-01 3.401051032704931476e+00
3.904600030088142271e-01 3.534711407379826476e+00
4.311912269177368140e-01 2.348604271970339497e+00
4.761713689958305684e-01 2.689594051666699848e+00
5.258436593716249163e-01 2.183074580929013742e+00
5.806975641657334819e-01 1.833817648363333275e+00
6.412736086443955319e-01 1.518508951653110062e+00
7.081687035050797663e-01 1.420512155868811632e+00
7.820420267788740221e-01 1.291747994426156732e+00
8.636215193093772502e-01 1.222922297557509808e+00
9.537110578139396111e-01 1.071884497387281643e+00
1.053198376209924181e+00 9.444407813892803372e-01
1.163063813262004587e+00 8.350787206507348515e-01
1.284389972749000020e+00 7.367028871486044350e-01
1.418372391340625871e+00 6.524282089596159517e-01
1.566331319304433034e+00 5.417707281806527497e-01
1.729724730128913146e+00 4.574897073265598024e-01
1.910162687258393888e+00 3.679286773976346847e-01
2.109423209508183739e+00 2.884765263982856931e-01
2.329469791496292075e+00 2.244647010611787452e-01
2.572470751736423367e+00 1.655703299559590502e-01
2.840820599046558925e+00 1.175920820675376011e-01
3.137163627815712896e+00 8.007737891034040489e-02
3.464419974634429522e+00 5.133773846425081916e-02
3.825814393048633910e+00 3.138297861240885861e-02
4.224908029980570134e+00 1.827925799482176331e-02
4.665633516938728853e+00 9.917930666342862980e-03
5.152333721802261124e+00 5.062251793310003876e-03
5.689804543036371065e+00 2.437435601948242936e-03
6.283342168028879016e+00 1.114054085478087238e-03
6.938795261227216571e+00 4.910681973597680631e-04
7.662622596332873570e+00 2.180780039386701584e-04
