1.075697699663223650e-02 0.000000000000000000e+00
1.238553382458278118e-02 0.000000000000000000e+00
1.426064666382671070e-02 0.000000000000000000e+00
1.641964296015012773e-02 0.000000000000000000e+00
1.890550136289975008e-02 0.000000000000000000e+00
2.176770729120264605e-02 0.000000000000000000e+00
2.506323802897549025e-02 0.000000000000000000e+00
2.885769695878603880e-02 0.000000000000000000e+00
3.322661951350305148e-02 1.223689655671625047e+02
3.825697684301776480e-02 0.000000000000000000e+00
4.404890712918910212e-02 9.431686351081661712e+01
5.071770901390626474e-02 0.000000000000000000e+00
5.839613682298916419e-02 1.827240381455721518e+01
6.723704327642746059e-02 8.061165504996429831e+01
7.741642229279181719e-02 4.586510150430202515e+01
8.913691246023390524e-02 2.693683863435903447e+01
1.026318309168776088e-01 1.241049739681739617e+01
1.181698179421427075e-01 1.546167420633547884e+01
1.360601847178269652e-01 1.936539530208690607e+01
1.566590707156125806e-01 1.180411614814865828e+01
1.803765332847128977e-01 9.229659112389995812e+00
2.076847105704722196e-01 8.977790200498484197e+00
2.391272202612865216e-01 7.929229883777435539e+00
2.753299812625672471e-01 5.374143735720985582e+00
3.170136737223568923e-01 4.767128196606253532e+00
3.650080854474972436e-01 4.171235862146327911e+00
4.202686303012032054e-01 3.510222823580627871e+00
4.838953674100328062e-01 3.016014016371092232e+00
5.571548997912926238e-01 2.572842424902194836e+00
6.415055883318823149e-01 2.384207560769907808e+00
7.386265830475349237e-01 2.073406578868209671e+00
8.504512495411458151e-01 1.830795327560489349e+00
9.792056560731035031e-01 1.671531898683050743e+00
1.127452887397006887e+00 1.484406497252985790e+00
1.298144067506233235e+00 1.318809701764481979e+00
1.494677106989597437e+00 1.134162990701303109e+00
1.720964344466386908e+00 9.856364361783593875e-01
1.981510428623453279e+00 8.179257403079863709e-01
2.281501991234420323e+00 6.451517444664846002e-01
2.626910896261440254e+00 4.766687541778034665e-01
3.024613120395937216e+00 3.240229524811437112e-01
3.482525631566290691e+00 1.911810009540550470e-01
4.009763990221857810e+00 9.346016227807413257e-02
4.616823810726305766e+00 3.450216416469988751e-02
5.315789695171062590e+00 8.678749973465908069e-03
6.120575798806901169e+00 2.036671488081195133e-03
7.047202815975062151e+00 1.167022907777761579e-03
8.114116900434067858e+00 5.487322102474088015e-04
9.342556868756759059e+00 1.754451970479516977e-04
