1.049270570993779128e-01 1.948604415605399431e-01
1.152666891313443437e-01 0.000000000000000000e+00
1.266252003114718971e-01 2.058623470349997264e-01
1.391029921545676451e-01 4.260338976543938672e-01
1.528103598553650910e-01 3.445854123890036425e-01
1.678684672230424946e-01 0.000000000000000000e+00
1.844104176869020839e-01 1.565804921078219614e-01
2.025824308401720231e-01 9.704924822316819688e-02
2.225451349217781316e-01 5.702976371171813302e-02
2.444749866607454081e-01 4.843878769268029905e-02
2.685658310336883070e-01 8.257026588481795881e-02
2.950306147225855158e-01 4.667495928084089418e-02
3.241032684186404556e-01 4.980390292331449142e-02
3.560407746105134219e-01 3.808787871236055111e-02
3.911254391347682158e-01 3.213159533328115158e-02
4.296673865674934811e-01 2.151557958230640791e-02
4.720073015146639683e-01 1.992502960257536496e-02
5.185194400323847042e-01 1.829608162074103025e-02
5.696149377959250915e-01 1.449415587710851418e-02
6.257454442595075106e-01 9.269701144677211166e-03
6.874071149303513373e-01 9.231584237890217218e-03
7.551449970459608307e-01 7.056259552214894093e-03
8.295578474210610898e-01 5.452798921596373888e-03
9.113034250506731881e-01 4.757784847893423152e-03
1.001104305252339843e+00 3.677076806214970260e-03
1.099754266740566422e+00 3.052357466695061403e-03
1.208125308090871375e+00 2.580687012220515743e-03
1.327175355614216734e+00 1.991076296007011481e-03
1.457956730774185417e+00 1.620810290271069206e-03
1.601625451993120341e+00 1.283658199018431747e-03
1.759451453068861415e+00 1.054198303947579242e-03
1.932829808525935888e+00 8.412203451570630323e-04
2.123293065125675394e+00 6.726695085987087009e-04
2.332524788537422733e+00 5.388257031235437009e-04
2.562374444914187865e+00 4.278591054799468774e-04
2.814873748915767138e+00 3.395113964982929885e-04
3.092254622684726506e+00 2.735370385470272986e-04
3.396968924520385791e+00 2.144946800701945724e-04
3.731710121638871946e+00 1.709512008409084084e-04
4.099437098591694806e+00 1.349296470544661549e-04
4.503400311793083866e+00 1.048255934188616978e-04
4.947170521344300909e+00 8.193968665620791599e-05
5.434670354124753189e+00 6.295517483339798563e-05
5.970208977146132412e+00 4.831181557063877975e-05
6.558520187658483991e+00 3.644206536980473094e-05
7.204804256698806419e+00 2.707857180717882997e-05
7.914773895950728999e+00 1.982145933153964029e-05
8.694704754231029398e+00 1.414258621424322730e-05
9.551490889957609198e+00 9.831422597013478971e-06
