1.049270570993779128e-01 1.525567882316017965e+01
1.152666891313443437e-01 0.000000000000000000e+00
1.266252003114718971e-01 1.163098195616844421e+01
1.391029921545676451e-01 2.383831253152362706e+01
1.528103598553650910e-01 1.935406925587071214e+01
1.678684672230424946e-01 0.000000000000000000e+00
1.844104176869020839e-01 1.181019128886349812e+01
2.025824308401720231e-01 6.140488702622022288e+00
2.225451349217781316e-01 3.938689279267928445e+00
2.444749866607454081e-01 3.808276265053165854e+00
2.685658310336883070e-01 7.193831323290670987e+00
2.950306147225855158e-01 3.108280450354552027e+00
3.241032684186404556e-01 4.762571487825897343e+00
3.560407746105134219e-01 2.911155562101897853e+00
3.911254391347682158e-01 2.981512479444763386e+00
4.296673865674934811e-01 2.437664884783263375e+00
4.720073015146639683e-01 2.310062292713161547e+00
5.185194400323847042e-01 2.231926129381333279e+00
5.696149377959250915e-01 2.093747659503411906e+00
6.257454442595075106e-01 1.506979516454796331e+00
6.874071149303513373e-01 1.646025763906409090e+00
7.551449970459608307e-01 1.460495043730050124e+00
8.295578474210610898e-01 1.425877283931921369e+00
9.113034250506731881e-01 1.344134432507915200e+00
1.001104305252339843e+00 1.179092142892046002e+00
1.099754266740566422e+00 1.107667313510629414e+00
1.208125308090871375e+00 1.108247980775062924e+00
1.327175355614216734e+00 1.050521077049634044e+00
1.457956730774185417e+00 1.026519192933668112e+00
1.601625451993120341e+00 9.679563567504384514e-01
1.759451453068861415e+00 9.138385297860186496e-01
1.932829808525935888e+00 8.674323919396474958e-01
2.123293065125675394e+00 8.437381388432834139e-01
2.332524788537422733e+00 8.220916901613142258e-01
2.562374444914187865e+00 7.826025270540336587e-01
2.814873748915767138e+00 7.669248638806552831e-01
3.092254622684726506e+00 7.426952648398387202e-01
3.396968924520385791e+00 7.187836068238921960e-01
3.731710121638871946e+00 7.009713285838815588e-01
4.099437098591694806e+00 6.694277021141669115e-01
4.503400311793083866e+00 6.401353524710152731e-01
4.947170521344300909e+00 6.163294905578180494e-01
5.434670354124753189e+00 5.838371088146662169e-01
5.970208977146132412e+00 5.646589298596196294e-01
6.558520187658483991e+00 5.377625422758938178e-01
7.204804256698806419e+00 5.115287071909564443e-01
7.914773895950728999e+00 4.857905846770133040e-01
8.694704754231029398e+00 4.600663095151277804e-01
9.551490889957609198e+00 4.398166861938700989e-01
