1.075697699663223650e-02 0.000000000000000000e+00
1.238553382458278118e-02 0.000000000000000000e+00
1.426064666382671070e-02 0.000000000000000000e+00
1.641964296015012773e-02 0.000000000000000000e+00
1.890550136289975008e-02 0.000000000000000000e+00
2.176770729120264605e-02 0.000000000000000000e+00
2.506323802897549025e-02 0.000000000000000000e+00
2.885769695878603880e-02 0.000000000000000000e+00
3.322661951350305148e-02 1.224034459229721676e+02
3.825697684301776480e-02 0.000000000000000000e+00
4.404890712918910212e-02 9.401328429348922100e+01
5.071770901390626474e-02 0.000000000000000000e+00
5.839613682298916419e-02 1.819292200272821702e+01
6.723704327642746059e-02 7.959754592520037875e+01
7.741642229279181719e-02 4.518882149066491394e+01
8.913691246023390524e-02 2.639761567622581850e+01
1.026318309168776088e-01 1.212860131683716247e+01
1.181698179421427075e-01 1.492709308877448748e+01
1.360601847178269652e-01 1.849515731482829040e+01
1.566590707156125806e-01 1.108637277862741932e+01
1.803765332847128977e-01 8.537872183167896978e+00
2.076847105704722196e-01 8.197970840165568873e+00
2.391272202612865216e-01 6.971739872754171508e+00
2.753299812625672471e-01 4.658054964521253005e+00
3.170136737223568923e-01 4.014271099285350530e+00
3.650080854474972436e-01 3.398107376606086305e+00
4.202686303012032054e-01 2.800783335360592652e+00
4.838953674100328062e-01 2.295843952396518617e+00
5.571548997912926238e-01 1.909423572283272197e+00
6.415055883318823149e-01 1.717159324344887050e+00
7.386265830475349237e-01 1.496432165095743505e+00
8.504512495411458151e-01 1.310794094117246233e+00
9.792056560731035031e-01 1.211331429547909622e+00
1.127452887397006887e+00 1.101478580988993983e+00
1.298144067506233235e+00 1.015624459674085545e+00
1.494677106989597437e+00 9.283637145420141623e-01
1.720964344466386908e+00 8.812114538598677660e-01
1.981510428623453279e+00 8.276714035844350281e-01
2.281501991234420323e+00 7.716720026664756205e-01
2.626910896261440254e+00 7.144778260355805211e-01
3.024613120395937216e+00 6.537348122823513075e-01
3.482525631566290691e+00 5.832953753525668139e-01
4.009763990221857810e+00 5.095520549840178992e-01
4.616823810726305766e+00 4.282483854207599916e-01
5.315789695171062590e+00 3.413993569303964692e-01
6.120575798806901169e+00 2.550112276057484029e-01
7.047202815975062151e+00 1.746885426252006712e-01
8.114116900434067858e+00 1.058545979074961563e-01
9.342556868756759059e+00 5.421031328072508509e-02
