1.075697699663223650e-02 0.000000000000000000e+00
1.238553382458278118e-02 0.000000000000000000e+00
1.426064666382671070e-02 0.000000000000000000e+00
1.641964296015012773e-02 0.000000000000000000e+00
1.890550136289975008e-02 0.000000000000000000e+00
2.176770729120264605e-02 0.000000000000000000e+00
2.506323802897549025e-02 0.000000000000000000e+00
2.885769695878603880e-02 0.000000000000000000e+00
3.322661951350305148e-02 1.715983871410993844e+00
3.825697684301776480e-02 0.000000000000000000e+00
4.404890712918910212e-02 1.349264426119938021e+00
5.071770901390626474e-02 0.000000000000000000e+00
5.839613682298916419e-02 2.377742049550788106e-01
6.723704327642746059e-02 1.202768660167394588e+00
7.741642229279181719e-02 6.997984299514163897e-01
8.913691246023390524e-02 3.571361141442369602e-01
1.026318309168776088e-01 1.943300045698375111e-01
1.181698179421427075e-01 2.163773155064699083e-01
1.360601847178269652e-01 2.596900673908122403e-01
1.566590707156125806e-01 1.421833391030321025e-01
1.803765332847128977e-01 1.280349635777527639e-01
2.076847105704722196e-01 1.090485813911391128e-01
2.391272202612865216e-01 8.069839054323561800e-02
2.753299812625672471e-01 4.907005273041038784e-02
3.170136737223568923e-01 3.975571150675192428e-02
3.650080854474972436e-01 2.784415861735357184e-02
4.202686303012032054e-01 1.852605852666897729e-02
4.838953674100328062e-01 1.324483535724235196e-02
5.571548997912926238e-01 8.913882084535012379e-03
6.415055883318823149e-01 5.619771566232055135e-03
7.386265830475349237e-01 3.356670226187842294e-03
8.504512495411458151e-01 1.832738454281745023e-03
9.792056560731035031e-01 9.323243388156881792e-04
1.127452887397006887e+00 3.902334272012982375e-04
1.298144067506233235e+00 1.270233414062070499e-04
1.494677106989597437e+00 2.737917404429783354e-05
1.720964344466386908e+00 4.285491069040569055e-06
1.981510428623453279e+00 3.185745453629207280e-06
2.281501991234420323e+00 2.259112903210701146e-06
2.626910896261440254e+00 4.694110655647253541e-07
3.024613120395937216e+00 2.384990203669671943e-07
3.482525631566290691e+00 2.473502201141582355e-07
4.009763990221857810e+00 4.967737560522691726e-08
4.616823810726305766e+00 7.056487591018487178e-08
5.315789695171062590e+00 1.865576529938189563e-08
6.120575798806901169e+00 1.791140900598202334e-08
7.047202815975062151e+00 5.987373501084648905e-09
8.114116900434067858e+00 2.805043138925127176e-09
9.342556868756759059e+00 1.268418454194863847e-09
