1.075697699663223650e-02 0.000000000000000000e+00
1.238553382458278118e-02 0.000000000000000000e+00
1.426064666382671070e-02 0.000000000000000000e+00
1.641964296015012773e-02 1.665962815363600953e+02
1.890550136289975008e-02 0.000000000000000000e+00
2.176770729120264605e-02 1.712559454098725666e+02
2.506323802897549025e-02 0.000000000000000000e+00
2.885769695878603880e-02 3.324151933229427414e+01
3.322661951350305148e-02 1.609968393882558928e+02
3.825697684301776480e-02 9.313246525263612341e+01
4.404890712918910212e-02 5.654334221405179051e+01
5.071770901390626474e-02 3.054468465177334480e+01
5.839613682298916419e-02 3.917891727086968245e+01
6.723704327642746059e-02 4.025922288225410739e+01
7.741642229279181719e-02 4.314361617938032367e+01
8.913691246023390524e-02 2.640198743258103065e+01
1.026318309168776088e-01 2.084173189072827270e+01
1.181698179421427075e-01 2.094915921226587230e+01
1.360601847178269652e-01 1.679469232964445524e+01
1.566590707156125806e-01 1.304636742901046986e+01
1.803765332847128977e-01 1.098069798889345527e+01
2.076847105704722196e-01 8.724072871855474531e+00
2.391272202612865216e-01 7.099594730509465990e+00
2.753299812625672471e-01 6.237506668567313284e+00
3.170136737223568923e-01 5.256422898200499461e+00
3.650080854474972436e-01 4.258870410634662207e+00
4.202686303012032054e-01 3.728500202064954916e+00
4.838953674100328062e-01 3.239567708534436541e+00
5.571548997912926238e-01 2.836732697048759633e+00
6.415055883318823149e-01 2.489924755421328406e+00
7.386265830475349237e-01 2.238936569988100977e+00
8.504512495411458151e-01 2.009457864491235757e+00
9.792056560731035031e-01 1.808951926315243597e+00
1.127452887397006887e+00 1.622807065138901494e+00
1.298144067506233235e+00 1.463796317874622943e+00
1.494677106989597437e+00 1.308269682065197559e+00
1.720964344466386908e+00 1.154988540048740520e+00
1.981510428623453279e+00 1.001716267156645745e+00
2.281501991234420323e+00 8.457387405531325841e-01
2.626910896261440254e+00 6.799724204204268263e-01
3.024613120395937216e+00 5.142050498664638702e-01
3.482525631566290691e+00 3.577987838423507538e-01
4.009763990221857810e+00 2.230900688867644421e-01
4.616823810726305766e+00 1.185865678827789926e-01
5.315789695171062590e+00 5.014309783908574986e-02
6.120575798806901169e+00 1.501359689831132868e-02
7.047202815975062151e+00 2.797060180279595590e-03
8.114116900434067858e+00 7.060119444977400963e-04
9.342556868756759059e+00 3.645583558507910151e-04
