1.049270570993779128e-01 1.943417867464322379e-01
1.152666891313443437e-01 0.000000000000000000e+00
1.266252003114718971e-01 2.059157669586805794e-01
1.391029921545676451e-01 4.259104821387599826e-01
1.528103598553650910e-01 3.441634567311327442e-01
1.678684672230424946e-01 0.000000000000000000e+00
1.844104176869020839e-01 1.557658883587982046e-01
2.025824308401720231e-01 9.692784042324728566e-02
2.225451349217781316e-01 5.681547397690216855e-02
2.444749866607454081e-01 4.800295599251371004e-02
2.685658310336883070e-01 8.156292129561795723e-02
2.950306147225855158e-01 4.613758525903541297e-02
3.241032684186404556e-01 4.913723944159725104e-02
3.560407746105134219e-01 3.758308954018618059e-02
3.911254391347682158e-01 3.157807352483456287e-02
4.296673865674934811e-01 2.103279956129712469e-02
4.720073015146639683e-01 1.931655458604153094e-02
5.185194400323847042e-01 1.754371567211637784e-02
5.696149377959250915e-01 1.386473711183484891e-02
6.257454442595075106e-01 8.770494399188460272e-03
6.874071149303513373e-01 8.648147054858336749e-03
7.551449970459608307e-01 6.504436580273977898e-03
8.295578474210610898e-01 4.961636483692541920e-03
9.113034250506731881e-01 4.244157589305500369e-03
1.001104305252339843e+00 3.210394720559764728e-03
1.099754266740566422e+00 2.589716427506619234e-03
1.208125308090871375e+00 2.120363545098765713e-03
1.327175355614216734e+00 1.571516575368486811e-03
1.457956730774185417e+00 1.220202841883674411e-03
1.601625451993120341e+00 9.126399999324708370e-04
1.759451453068861415e+00 6.996292146077239590e-04
1.932829808525935888e+00 5.121626172784075675e-04
2.123293065125675394e+00 3.705257423688585188e-04
2.332524788537422733e+00 2.618723148858931467e-04
2.562374444914187865e+00 1.789687256769893092e-04
2.814873748915767138e+00 1.178331043217760389e-04
3.092254622684726506e+00 7.536303137552998507e-05
3.396968924520385791e+00 4.431745503439701937e-05
3.731710121638871946e+00 2.472849931391053163e-05
4.099437098591694806e+00 1.237185396886595055e-05
4.503400311793083866e+00 5.437505393504578805e-06
4.947170521344300909e+00 2.126790263535805569e-06
5.434670354124753189e+00 8.413802111869478000e-07
5.970208977146132412e+00 5.171296066010771573e-07
6.558520187658483991e+00 4.587102318565360219e-07
7.204804256698806419e+00 3.680836309028096270e-07
7.914773895950728999e+00 2.162006834156630552e-07
8.694704754231029398e+00 8.364922558174230003e-08
9.551490889957609198e+00 2.760589759499259892e-08
