6.544794635508624503e-02 9.404850320461821411e+01
7.227521403122769139e-02 0.000000000000000000e+00
7.981467493141311542e-02 0.000000000000000000e+00
8.814062220078265619e-02 6.107295155919163676e+01
9.733509894786904204e-02 0.000000000000000000e+00
1.074887066897439181e-01 1.422497102726813978e+01
1.187014981309242045e-01 0.000000000000000000e+00
1.310839630733989514e-01 1.027956992242875955e+01
1.447581171728420657e-01 2.072293019377093515e+01
1.598587042695132077e-01 1.649261916551100171e+01
1.765345241415035293e-01 5.964861798773070767e+00
1.949498987638828562e-01 9.206786128575313199e+00
2.152862915221297468e-01 2.847030289712975115e+00
2.377440953354219566e-01 6.462104767601835498e+00
2.625446073097885136e-01 6.500698461223432645e+00
2.899322093791706356e-01 3.131216429251158395e+00
3.201767764222258617e-01 3.902246337583862079e+00
3.535763355842338473e-01 3.369379672211878063e+00
3.904600030088142271e-01 3.500443121899139864e+00
4.311912269177368140e-01 2.325660533597672774e+00
4.761713689958305684e-01 2.663412538333771451e+00
5.258436593716249163e-01 2.160033949766588801e+00
5.806975641657334819e-01 1.814705278949915623e+00
6.412736086443955319e-01 1.501855543732882214e+00
7.081687035050797663e-01 1.405262016761522847e+00
7.820420267788740221e-01 1.277329694933783344e+00
8.636215193093772502e-01 1.209050302759752782e+00
9.537110578139396111e-01 1.058930622365152230e+00
1.053198376209924181e+00 9.331685161734468714e-01
1.163063813262004587e+00 8.248729211406200523e-01
1.284389972749000020e+00 7.276668313532387300e-01
1.418372391340625871e+00 6.439717725761907596e-01
1.566331319304433034e+00 5.347913137302990894e-01
1.729724730128913146e+00 4.514134809149378258e-01
1.910162687258393888e+00 3.630584751294992363e-01
2.109423209508183739e+00 2.847209347025031478e-01
2.329469791496292075e+00 2.215915035293728186e-01
2.572470751736423367e+00 1.634070092611048797e-01
2.840820599046558925e+00 1.161116488065510460e-01
3.137163627815712896e+00 7.909558207747410807e-02
3.464419974634429522e+00 5.071947656381607661e-02
3.825814393048633910e+00 3.102721424903720146e-02
4.224908029980570134e+00 1.807798793586499683e-02
4.665633516938728853e+00 9.812459106518664487e-03
5.152333721802261124e+00 5.010615954157356805e-03
5.689804543036371065e+00 2.413313078981042890e-03
6.283342168028879016e+00 1.103560078336623604e-03
6.938795261227216571e+00 4.866608958996878568e-04
7.662622596332873570e+00 2.162573611401690118e-04
