1.075697699663223650e-02 0.000000000000000000e+00
1.238553382458278118e-02 0.000000000000000000e+00
1.426064666382671070e-02 0.000000000000000000e+00
1.641964296015012773e-02 1.703122647605177349e+02
1.890550136289975008e-02 0.000000000000000000e+00
2.176770729120264605e-02 1.742117374561952943e+02
2.506323802897549025e-02 0.000000000000000000e+00
2.885769695878603880e-02 3.372002934024485654e+01
3.322661951350305148e-02 1.616071482247714926e+02
3.825697684301776480e-02 9.308291528780185331e+01
4.404890712918910212e-02 5.588258476836377042e+01
5.071770901390626474e-02 3.001124115775999002e+01
5.839613682298916419e-02 3.775369835244603678e+01
6.723704327642746059e-02 3.806373548390578776e+01
7.741642229279181719e-02 3.963998227031950705e+01
8.913691246023390524e-02 2.338786512672452034e+01
1.026318309168776088e-01 1.791230234179279179e+01
1.181698179421427075e-01 1.683280424180280832e+01
1.360601847178269652e-01 1.262421780696031881e+01
1.566590707156125806e-01 8.937695875615190744e+00
1.803765332847128977e-01 6.663397403957659115e+00
2.076847105704722196e-01 4.682952593939269548e+00
2.391272202612865216e-01 3.214680138634643303e+00
2.753299812625672471e-01 2.296144368820350667e+00
3.170136737223568923e-01 1.599184772439233626e+00
3.650080854474972436e-01 1.035961879565580501e+00
4.202686303012032054e-01 7.363923610399619735e-01
4.838953674100328062e-01 5.259044693388561509e-01
5.571548997912926238e-01 3.840764280225315019e-01
6.415055883318823149e-01 2.935611253199598703e-01
7.386265830475349237e-01 2.319272942906988044e-01
8.504512495411458151e-01 1.895166728754876795e-01
9.792056560731035031e-01 1.604505972510169576e-01
1.127452887397006887e+00 1.387607128732086526e-01
1.298144067506233235e+00 1.231381947259222315e-01
1.494677106989597437e+00 1.118714215942566148e-01
1.720964344466386908e+00 1.028963249953237652e-01
1.981510428623453279e+00 9.588389686949957968e-02
2.281501991234420323e+00 9.008470248269498382e-02
2.626910896261440254e+00 8.472442134168789440e-02
3.024613120395937216e+00 7.958397372597920960e-02
3.482525631566290691e+00 7.439803014158909156e-02
4.009763990221857810e+00 6.958437728968393243e-02
4.616823810726305766e+00 6.507341216966909536e-02
5.315789695171062590e+00 6.049711645872744153e-02
6.120575798806901169e+00 5.614281882512965616e-02
7.047202815975062151e+00 5.237905743012608722e-02
8.114116900434067858e+00 4.563886062841723823e-02
9.342556868756759059e+00 2.616052280560986210e-02
