1.049270570993779128e-01 1.590693251279134881e-04
1.152666891313443437e-01 0.000000000000000000e+00
1.266252003114718971e-01 1.663220717406467054e-04
1.391029921545676451e-01 7.653211294544285271e-05
1.528103598553650910e-01 2.848756792639792375e-04
1.678684672230424946e-01 0.000000000000000000e+00
1.844104176869020839e-01 7.585259673772317790e-05
2.025824308401720231e-01 8.160076700354322978e-05
2.225451349217781316e-01 2.381951700284533043e-05
2.444749866607454081e-01 6.585938613437572253e-06
2.685658310336883070e-01 1.572367915887532968e-05
2.950306147225855158e-01 1.280060311149857784e-05
3.241032684186404556e-01 1.947842763201539229e-05
3.560407746105134219e-01 1.113396945261671471e-05
3.911254391347682158e-01 1.420842145008422290e-05
4.296673865674934811e-01 1.037791883943995276e-05
4.720073015146639683e-01 6.247480038580813578e-06
5.185194400323847042e-01 5.610897992139792893e-06
5.696149377959250915e-01 4.614040661397005406e-06
6.257454442595075106e-01 2.757451899788150570e-06
6.874071149303513373e-01 2.368469477892853182e-06
7.551449970459608307e-01 1.605116146636498473e-06
8.295578474210610898e-01 1.198651357881362454e-06
9.113034250506731881e-01 8.760003002566307457e-07
1.001104305252339843e+00 5.459287980930942144e-07
1.099754266740566422e+00 3.978945315012820886e-07
1.208125308090871375e+00 2.433133086342273098e-07
1.327175355614216734e+00 1.477061183146092030e-07
1.457956730774185417e+00 7.673544641624404243e-08
1.601625451993120341e+00 4.115203166452245714e-08
1.759451453068861415e+00 1.868959974975376941e-08
1.932829808525935888e+00 6.931707650997282776e-09
2.123293065125675394e+00 2.514866591215736639e-09
2.332524788537422733e+00 6.679291338532865081e-10
2.562374444914187865e+00 1.533719037793677145e-10
2.814873748915767138e+00 2.793062038291556048e-11
3.092254622684726506e+00 3.779502559740710932e-12
3.396968924520385791e+00 4.123338969783425444e-13
3.731710121638871946e+00 4.821146713508760041e-14
4.099437098591694806e+00 8.488062951897002591e-15
4.503400311793083866e+00 3.135402169952998121e-15
4.947170521344300909e+00 1.957943555763545345e-15
5.434670354124753189e+00 1.343276016101720513e-15
5.970208977146132412e+00 8.629417498477898373e-16
6.558520187658483991e+00 6.029080939561477126e-16
7.204804256698806419e+00 4.819469245580267085e-16
7.914773895950728999e+00 3.635383516105706569e-16
8.694704754231029398e+00 1.268059030467455718e-16
9.551490889957609198e+00 3.972872141353550902e-17
