1.049270570993779128e-01 1.590709981158005203e-04
1.152666891313443437e-01 0.000000000000000000e+00
1.266252003114718971e-01 1.663191952594514345e-04
1.391029921545676451e-01 7.652018357572042682e-05
1.528103598553650910e-01 2.848737516312305575e-04
1.678684672230424946e-01 0.000000000000000000e+00
1.844104176869020839e-01 7.585318596845765429e-05
2.025824308401720231e-01 8.160060257003518740e-05
2.225451349217781316e-01 2.382221031623727521e-05
2.444749866607454081e-01 6.584101810114257747e-06
2.685658310336883070e-01 1.572617346511968414e-05
2.950306147225855158e-01 1.280195340773879110e-05
3.241032684186404556e-01 1.947837219018573045e-05
3.560407746105134219e-01 1.113378010174707009e-05
3.911254391347682158e-01 1.420853456416127763e-05
4.296673865674934811e-01 1.037806453327885149e-05
4.720073015146639683e-01 6.247154371979104713e-06
5.185194400323847042e-01 5.610735133184904527e-06
5.696149377959250915e-01 4.614016161736545827e-06
6.257454442595075106e-01 2.757519542953665731e-06
6.874071149303513373e-01 2.368401468220922164e-06
7.551449970459608307e-01 1.605101056914107487e-06
8.295578474210610898e-01 1.198752458380765007e-06
9.113034250506731881e-01 8.759866696978710653e-07
1.001104305252339843e+00 5.459199179708278423e-07
1.099754266740566422e+00 3.979061236048847689e-07
1.208125308090871375e+00 2.433131703510600950e-07
1.327175355614216734e+00 1.477018587226593367e-07
1.457956730774185417e+00 7.673640188369783228e-08
1.601625451993120341e+00 4.115393884008122134e-08
1.759451453068861415e+00 1.868872779859240202e-08
1.932829808525935888e+00 6.932115073563784010e-09
2.123293065125675394e+00 2.514953269244965433e-09
2.332524788537422733e+00 6.679270285735824471e-10
2.562374444914187865e+00 1.533736931176859732e-10
2.814873748915767138e+00 2.792982742278165394e-11
3.092254622684726506e+00 3.779426201525874802e-12
3.396968924520385791e+00 4.123050980192259399e-13
3.731710121638871946e+00 4.822594940217534108e-14
4.099437098591694806e+00 8.466214656010522849e-15
4.503400311793083866e+00 3.143642385905568443e-15
4.947170521344300909e+00 1.961051402677455769e-15
5.434670354124753189e+00 1.345620302342735556e-15
5.970208977146132412e+00 8.576367800741354289e-16
6.558520187658483991e+00 6.055758288851572476e-16
7.204804256698806419e+00 4.789284678280181798e-16
7.914773895950728999e+00 3.658152097626201385e-16
8.694704754231029398e+00 1.273783901936834763e-16
9.551490889957609198e+00 4.059238927035149821e-17
