1.049270570993779128e-01 1.645911314285212157e+01
1.152666891313443437e-01 0.000000000000000000e+00
1.266252003114718971e-01 1.211528522512926820e+01
1.391029921545676451e-01 2.452882082898427640e+01
1.528103598553650910e-01 1.982245731883657314e+01
1.678684672230424946e-01 0.000000000000000000e+00
1.844104176869020839e-01 1.228786435960197743e+01
2.025824308401720231e-01 6.557182627658148633e+00
2.225451349217781316e-01 4.068118395777269747e+00
2.444749866607454081e-01 3.834108452641781462e+00
2.685658310336883070e-01 7.278534590771264412e+00
2.950306147225855158e-01 3.007639605268759730e+00
3.241032684186404556e-01 4.807393791322544629e+00
3.560407746105134219e-01 2.884505639660916998e+00
3.911254391347682158e-01 2.959843039952340327e+00
4.296673865674934811e-01 2.355864197844318664e+00
4.720073015146639683e-01 2.259967374553546016e+00
5.185194400323847042e-01 2.168484405322969710e+00
5.696149377959250915e-01 1.990834244766528371e+00
6.257454442595075106e-01 1.443037557848261487e+00
6.874071149303513373e-01 1.472226949221354664e+00
7.551449970459608307e-01 1.313158101824322577e+00
8.295578474210610898e-01 1.259502900498712608e+00
9.113034250506731881e-01 1.224857849230593043e+00
1.001104305252339843e+00 1.078612333298123893e+00
1.099754266740566422e+00 1.015919052054799376e+00
1.208125308090871375e+00 1.030950860551557380e+00
1.327175355614216734e+00 9.804094398182814363e-01
1.457956730774185417e+00 9.401806121406356409e-01
1.601625451993120341e+00 8.902905764620371309e-01
1.759451453068861415e+00 8.577341480088743753e-01
1.932829808525935888e+00 8.079156967741362161e-01
2.123293065125675394e+00 7.924756600225550951e-01
2.332524788537422733e+00 7.755958879355941971e-01
2.562374444914187865e+00 7.609808689754355981e-01
2.814873748915767138e+00 7.368428907752728740e-01
3.092254622684726506e+00 7.104208246395509185e-01
3.396968924520385791e+00 6.766904892547237482e-01
3.731710121638871946e+00 6.562411140857649094e-01
4.099437098591694806e+00 6.305915055852012729e-01
4.503400311793083866e+00 5.933534239178895886e-01
4.947170521344300909e+00 5.599559603727627399e-01
5.434670354124753189e+00 5.246042991395452049e-01
5.970208977146132412e+00 4.816812297690548084e-01
6.558520187658483991e+00 4.412598017092667080e-01
7.204804256698806419e+00 3.917209133253385933e-01
7.914773895950728999e+00 3.455795626723303648e-01
8.694704754231029398e+00 2.964995641463574194e-01
9.551490889957609198e+00 2.484534081715638332e-01
