1.049270570993779128e-01 1.938715403788624225e-01
1.152666891313443437e-01 0.000000000000000000e+00
1.266252003114718971e-01 2.055010788898068985e-01
1.391029921545676451e-01 4.254352036729737718e-01
1.528103598553650910e-01 3.438952375372091863e-01
1.678684672230424946e-01 0.000000000000000000e+00
1.844104176869020839e-01 1.558095810332432440e-01
2.025824308401720231e-01 9.706496676159288850e-02
2.225451349217781316e-01 5.694853471276623003e-02
2.444749866607454081e-01 4.813742570707495866e-02
2.685658310336883070e-01 8.193728389370016907e-02
2.950306147225855158e-01 4.644518662612136944e-02
3.241032684186404556e-01 4.955360911180542449e-02
3.560407746105134219e-01 3.800598085702430740e-02
3.911254391347682158e-01 3.203541870935651403e-02
4.296673865674934811e-01 2.140644771582265321e-02
4.720073015146639683e-01 1.973711090743562185e-02
5.185194400323847042e-01 1.802112828270507547e-02
5.696149377959250915e-01 1.433439912588988126e-02
6.257454442595075106e-01 9.135364195862683695e-03
6.874071149303513373e-01 9.089570724412146530e-03
7.551449970459608307e-01 6.911853839404848501e-03
8.295578474210610898e-01 5.340115131611726171e-03
9.113034250506731881e-01 4.643854265690362283e-03
1.001104305252339843e+00 3.580057502659507104e-03
1.099754266740566422e+00 2.953415226256602896e-03
1.208125308090871375e+00 2.485483629080680480e-03
1.327175355614216734e+00 1.906855808905173148e-03
1.457956730774185417e+00 1.542397156541159414e-03
1.601625451993120341e+00 1.212952553534391281e-03
1.759451453068861415e+00 9.862936302990627912e-04
1.932829808525935888e+00 7.764157525743856482e-04
2.123293065125675394e+00 6.137633428274592634e-04
2.332524788537422733e+00 4.831505835763937593e-04
2.562374444914187865e+00 3.769709217942917938e-04
2.814873748915767138e+00 2.918896935560242809e-04
3.092254622684726506e+00 2.289457987006475145e-04
3.396968924520385791e+00 1.734340748624587140e-04
3.731710121638871946e+00 1.326810745839506953e-04
4.099437098591694806e+00 9.955013746606437722e-05
4.503400311793083866e+00 7.264894012165806596e-05
4.947170521344300909e+00 5.265245007923493914e-05
5.434670354124753189e+00 3.693183819924907295e-05
5.970208977146132412e+00 2.541200046447837028e-05
6.558520187658483991e+00 1.680662807462528918e-05
7.204804256698806419e+00 1.070322510724189057e-05
7.914773895950728999e+00 6.563512955677193961e-06
8.694704754231029398e+00 3.828532635479889661e-06
9.551490889957609198e+00 2.133136402618982534e-06
