1.049270570993779128e-01 1.631718617915518266e+01
1.152666891313443437e-01 0.000000000000000000e+00
1.266252003114718971e-01 1.213945676604635615e+01
1.391029921545676451e-01 2.482727846880484179e+01
1.528103598553650910e-01 2.007241057981103438e+01
1.678684672230424946e-01 0.000000000000000000e+00
1.844104176869020839e-01 1.245945567765821060e+01
2.025824308401720231e-01 6.655021356717108816e+00
2.225451349217781316e-01 4.207815063795063537e+00
2.444749866607454081e-01 3.975218630326480262e+00
2.685658310336883070e-01 7.599370431136407866e+00
2.950306147225855158e-01 3.179507757887027886e+00
3.241032684186404556e-01 5.146425786894684329e+00
3.560407746105134219e-01 3.109054809887900728e+00
3.911254391347682158e-01 3.230470736097502016e+00
4.296673865674934811e-01 2.629288394912591365e+00
4.720073015146639683e-01 2.536068571359885837e+00
5.185194400323847042e-01 2.469274448743795869e+00
5.696149377959250915e-01 2.280349808151794999e+00
6.257454442595075106e-01 1.680489466799339748e+00
6.874071149303513373e-01 1.748519837810526223e+00
7.551449970459608307e-01 1.587606799599023288e+00
8.295578474210610898e-01 1.536511578805004108e+00
9.113034250506731881e-01 1.515662338523942720e+00
1.001104305252339843e+00 1.321912411978695578e+00
1.099754266740566422e+00 1.250337804228970118e+00
1.208125308090871375e+00 1.286077664940323384e+00
1.327175355614216734e+00 1.226278837689382506e+00
1.457956730774185417e+00 1.192294430914928371e+00
1.601625451993120341e+00 1.136924694714358086e+00
1.759451453068861415e+00 1.104134096524240993e+00
1.932829808525935888e+00 1.051245996571271490e+00
2.123293065125675394e+00 1.019866736819633690e+00
2.332524788537422733e+00 9.958502351407230169e-01
2.562374444914187865e+00 9.720017028444356555e-01
2.814873748915767138e+00 9.316384191763723566e-01
3.092254622684726506e+00 9.012270457839146598e-01
3.396968924520385791e+00 8.484404044908889775e-01
3.731710121638871946e+00 8.165649340541183410e-01
4.099437098591694806e+00 7.851945632778236650e-01
4.503400311793083866e+00 7.388285228082626110e-01
4.947170521344300909e+00 6.947544945827349716e-01
5.434670354124753189e+00 6.473863098108970648e-01
5.970208977146132412e+00 5.931260249805153650e-01
6.558520187658483991e+00 5.416386706173030863e-01
7.204804256698806419e+00 4.815380777245920618e-01
7.914773895950728999e+00 4.242300963435796102e-01
8.694704754231029398e+00 3.638714251701291591e-01
9.551490889957609198e+00 3.036092069773250191e-01
