1.049270570993779128e-01 1.943379703017734939e-01
1.152666891313443437e-01 0.000000000000000000e+00
1.266252003114718971e-01 2.060088922860087435e-01
1.391029921545676451e-01 4.263639199718956552e-01
1.528103598553650910e-01 3.446622871111962305e-01
1.678684672230424946e-01 0.000000000000000000e+00
1.844104176869020839e-01 1.561639273420894758e-01
2.025824308401720231e-01 9.726980937913115577e-02
2.225451349217781316e-01 5.708297029872313327e-02
2.444749866607454081e-01 4.825110558312830505e-02
2.685658310336883070e-01 8.213800584366051649e-02
2.950306147225855158e-01 4.654586760040510529e-02
3.241032684186404556e-01 4.967932167706887170e-02
3.560407746105134219e-01 3.810380866155547303e-02
3.911254391347682158e-01 3.211390056254115333e-02
4.296673865674934811e-01 2.146637205801738696e-02
4.720073015146639683e-01 1.979455801589881034e-02
5.185194400323847042e-01 1.807265996273721073e-02
5.696149377959250915e-01 1.438050955938754288e-02
6.257454442595075106e-01 9.166880547550528002e-03
6.874071149303513373e-01 9.122654127179196867e-03
7.551449970459608307e-01 6.939447464492191735e-03
8.295578474210610898e-01 5.363672895926442294e-03
9.113034250506731881e-01 4.667329333410081237e-03
1.001104305252339843e+00 3.600537510991600604e-03
1.099754266740566422e+00 2.972937535575687247e-03
1.208125308090871375e+00 2.504398957895870824e-03
1.327175355614216734e+00 1.923449890756324422e-03
1.457956730774185417e+00 1.558369620635910707e-03
1.601625451993120341e+00 1.227700163000172359e-03
1.759451453068861415e+00 1.001032022797468564e-03
1.932829808525935888e+00 7.904682785308613608e-04
2.123293065125675394e+00 6.274314213974760673e-04
2.332524788537422733e+00 4.963809440161671450e-04
2.562374444914187865e+00 3.898982570861238869e-04
2.814873748915767138e+00 3.044177606255680873e-04
3.092254622684726506e+00 2.411865163542716007e-04
3.396968924520385791e+00 1.852163005682688789e-04
3.731710121638871946e+00 1.441696197947653780e-04
4.099437098591694806e+00 1.106288135112958151e-04
4.503400311793083866e+00 8.304845635481306455e-05
4.947170521344300909e+00 6.236883149314340492e-05
5.434670354124753189e+00 4.574111507364476720e-05
5.970208977146132412e+00 3.320945558481973401e-05
6.558520187658483991e+00 2.344265354801000820e-05
7.204804256698806419e+00 1.610686208300428143e-05
7.914773895950728999e+00 1.074483847353123295e-05
8.694704754231029398e+00 6.861001687110879067e-06
9.551490889957609198e+00 4.182725436429553424e-06
