1.049270570993779128e-01 7.128637200391133355e+00
1.152666891313443437e-01 2.321750280287924184e+01
1.266252003114718971e-01 1.180618925165908806e+01
1.391029921545676451e-01 1.848951662441518806e+01
1.528103598553650910e-01 9.388237454832978557e+00
1.678684672230424946e-01 1.241916898752072385e+01
1.844104176869020839e-01 8.586638501308245353e+00
2.025824308401720231e-01 9.936746205349727745e+00
2.225451349217781316e-01 7.450811798581083778e+00
2.444749866607454081e-01 7.593758383542368762e+00
2.685658310336883070e-01 4.887835401754193398e+00
2.950306147225855158e-01 5.029319983124695526e+00
3.241032684186404556e-01 4.643678352943569010e+00
3.560407746105134219e-01 3.954599024141425279e+00
3.911254391347682158e-01 3.555966442491802049e+00
4.296673865674934811e-01 3.358490372426801152e+00
4.720073015146639683e-01 2.822628304971334767e+00
5.185194400323847042e-01 2.711441157026543092e+00
5.696149377959250915e-01 2.223736685266627155e+00
6.257454442595075106e-01 2.192757986464193731e+00
6.874071149303513373e-01 1.957939547492052013e+00
7.551449970459608307e-01 1.725277538034013514e+00
8.295578474210610898e-01 1.563667039664593972e+00
9.113034250506731881e-01 1.410077999517915570e+00
1.001104305252339843e+00 1.252350304225820166e+00
1.099754266740566422e+00 1.109658301378348977e+00
1.208125308090871375e+00 9.724629363149069894e-01
1.327175355614216734e+00 8.467618639275918957e-01
1.457956730774185417e+00 7.130309149309159711e-01
1.601625451993120341e+00 5.976487232234075631e-01
1.759451453068861415e+00 4.955205061915400333e-01
1.932829808525935888e+00 3.967834236174598295e-01
2.123293065125675394e+00 3.090611739834052685e-01
2.332524788537422733e+00 2.338961532270671939e-01
2.562374444914187865e+00 1.698884354744920888e-01
2.814873748915767138e+00 1.201650299857302678e-01
3.092254622684726506e+00 8.102595229721756831e-02
3.396968924520385791e+00 5.222118861917241645e-02
3.731710121638871946e+00 3.214565276402365362e-02
4.099437098591694806e+00 1.878989857651471723e-02
4.503400311793083866e+00 1.045484894535115422e-02
4.947170521344300909e+00 5.508334571974872126e-03
5.434670354124753189e+00 2.762243771835772976e-03
5.970208977146132412e+00 1.318217319783734865e-03
6.558520187658483991e+00 6.047833928786190824e-04
7.204804256698806419e+00 2.729737074458846733e-04
7.914773895950728999e+00 1.275167443488643823e-04
8.694704754231029398e+00 5.059512553031471208e-05
9.551490889957609198e+00 1.745638772458211598e-05
