1.075697699663223650e-02 0.000000000000000000e+00
1.238553382458278118e-02 0.000000000000000000e+00
1.426064666382671070e-02 0.000000000000000000e+00
1.641964296015012773e-02 2.386176689292276887e+00
1.890550136289975008e-02 0.000000000000000000e+00
2.176770729120264605e-02 2.475838628090548887e+00
2.506323802897549025e-02 0.000000000000000000e+00
2.885769695878603880e-02 4.653608098792842984e-01
3.322661951350305148e-02 2.352422088864031480e+00
3.825697684301776480e-02 1.382913339810845965e+00
4.404890712918910212e-02 7.971906953639318338e-01
5.071770901390626474e-02 4.769380331750630586e-01
5.839613682298916419e-02 5.819049561132819681e-01
6.723704327642746059e-02 5.588174373166963083e-01
7.741642229279181719e-02 6.354624744366537126e-01
8.913691246023390524e-02 4.210065221828133697e-01
1.026318309168776088e-01 3.040052106258192000e-01
1.181698179421427075e-01 2.895544606063926163e-01
1.360601847178269652e-01 2.351373829704313800e-01
1.566590707156125806e-01 1.644383053648140192e-01
1.803765332847128977e-01 1.329647840526056446e-01
2.076847105704722196e-01 9.528178144911789160e-02
2.391272202612865216e-01 7.495467687174582616e-02
2.753299812625672471e-01 5.950378506939378587e-02
3.170136737223568923e-01 4.450105828668308311e-02
3.650080854474972436e-01 3.265118893937909994e-02
4.202686303012032054e-01 2.475351849103884713e-02
4.838953674100328062e-01 1.820783725235628620e-02
5.571548997912926238e-01 1.340861390148693176e-02
6.415055883318823149e-01 9.846229819968950123e-03
7.386265830475349237e-01 7.093778856265385221e-03
8.504512495411458151e-01 5.142497225422664256e-03
9.792056560731035031e-01 3.705011099970565921e-03
1.127452887397006887e+00 2.612591038379290676e-03
1.298144067506233235e+00 1.829820692302755285e-03
1.494677106989597437e+00 1.264011078726440945e-03
1.720964344466386908e+00 8.535596184679868298e-04
1.981510428623453279e+00 5.614317042633967716e-04
2.281501991234420323e+00 3.563484965016623044e-04
2.626910896261440254e+00 2.161479384155356835e-04
3.024613120395937216e+00 1.231757897067245185e-04
3.482525631566290691e+00 6.488147106370534061e-05
4.009763990221857810e+00 3.103200771379018843e-05
4.616823810726305766e+00 1.328119178895727795e-05
5.315789695171062590e+00 5.036439748150491866e-06
6.120575798806901169e+00 1.700910470798068897e-06
7.047202815975062151e+00 5.295702332685342148e-07
8.114116900434067858e+00 1.603504923968384707e-07
9.342556868756759059e+00 3.203103346315200862e-08
