1.049270570993779128e-01 1.645110470508513245e+01
1.152666891313443437e-01 0.000000000000000000e+00
1.266252003114718971e-01 1.222235648399637853e+01
1.391029921545676451e-01 2.506002829568176082e+01
1.528103598553650910e-01 2.023158724350195214e+01
1.678684672230424946e-01 0.000000000000000000e+00
1.844104176869020839e-01 1.256370427698123571e+01
2.025824308401720231e-01 6.705144498781947959e+00
2.225451349217781316e-01 4.241030499691982314e+00
2.444749866607454081e-01 3.985597529238344983e+00
2.685658310336883070e-01 7.637333728003103062e+00
2.950306147225855158e-01 3.188832519559985368e+00
3.241032684186404556e-01 5.161637222541364700e+00
3.560407746105134219e-01 3.109518759702214474e+00
3.911254391347682158e-01 3.222075974576101842e+00
4.296673865674934811e-01 2.620350323311398277e+00
4.720073015146639683e-01 2.512566235915477009e+00
5.185194400323847042e-01 2.447705080583593595e+00
5.696149377959250915e-01 2.226352113692268819e+00
6.257454442595075106e-01 1.629203126775191190e+00
6.874071149303513373e-01 1.673179895724430155e+00
7.551449970459608307e-01 1.501547450232488812e+00
8.295578474210610898e-01 1.428131217352700988e+00
9.113034250506731881e-01 1.384245611844730828e+00
1.001104305252339843e+00 1.177680737364060315e+00
1.099754266740566422e+00 1.085954016592945548e+00
1.208125308090871375e+00 1.085379756793829475e+00
1.327175355614216734e+00 9.992809884410541743e-01
1.457956730774185417e+00 9.341296615066697617e-01
1.601625451993120341e+00 8.484339694839773127e-01
1.759451453068861415e+00 7.861162171370937868e-01
1.932829808525935888e+00 7.045130176754111906e-01
2.123293065125675394e+00 6.387938029019571973e-01
2.332524788537422733e+00 5.774138391123122549e-01
2.562374444914187865e+00 5.132163584080325913e-01
2.814873748915767138e+00 4.502560936322747009e-01
3.092254622684726506e+00 3.950198519242381079e-01
3.396968924520385791e+00 3.319962086616269348e-01
3.731710121638871946e+00 2.794538706428313368e-01
4.099437098591694806e+00 2.327101684728494768e-01
4.503400311793083866e+00 1.879038353317419030e-01
4.947170521344300909e+00 1.481083551528134257e-01
5.434670354124753189e+00 1.156097162288610841e-01
5.970208977146132412e+00 8.686886214699518494e-02
6.558520187658483991e+00 6.405495235251769393e-02
7.204804256698806419e+00 4.539015371340760635e-02
7.914773895950728999e+00 3.125555254546295153e-02
8.694704754231029398e+00 2.062675300480530313e-02
9.551490889957609198e+00 1.311184010568224555e-02
