6.544794635508624503e-02 9.229115566304808738e+01
7.227521403122769139e-02 0.000000000000000000e+00
7.981467493141311542e-02 0.000000000000000000e+00
8.814062220078265619e-02 6.001593601396319855e+01
9.733509894786904204e-02 0.000000000000000000e+00
1.074887066897439181e-01 1.399208390625877740e+01
1.187014981309242045e-01 0.000000000000000000e+00
1.310839630733989514e-01 1.015254727519565492e+01
1.447581171728420657e-01 2.048622905359621882e+01
1.598587042695132077e-01 1.628775763097315021e+01
1.765345241415035293e-01 5.884109440923266376e+00
1.949498987638828562e-01 9.071231074985789178e+00
2.152862915221297468e-01 2.788004533825985565e+00
2.377440953354219566e-01 6.380242743479226597e+00
2.625446073097885136e-01 6.423785450395668839e+00
2.899322093791706356e-01 3.107649573285978128e+00
3.201767764222258617e-01 3.874350706488522533e+00
3.535763355842338473e-01 3.328606704665252991e+00
3.904600030088142271e-01 3.449713209695544069e+00
4.311912269177368140e-01 2.298323303105701765e+00
4.761713689958305684e-01 2.634438781683879682e+00
5.258436593716249163e-01 2.126678020734748653e+00
5.806975641657334819e-01 1.795060228983494266e+00
6.412736086443955319e-01 1.484865433623643760e+00
7.081687035050797663e-01 1.391089901839492216e+00
7.820420267788740221e-01 1.263507969409646048e+00
8.636215193093772502e-01 1.191367927362737777e+00
9.537110578139396111e-01 1.034354958919065481e+00
1.053198376209924181e+00 9.107168611961244942e-01
1.163063813262004587e+00 8.004536635699207592e-01
1.284389972749000020e+00 7.025953249267676837e-01
1.418372391340625871e+00 6.233651789435947776e-01
1.566331319304433034e+00 5.152289863850457730e-01
1.729724730128913146e+00 4.339898549104869718e-01
1.910162687258393888e+00 3.470826396261064151e-01
2.109423209508183739e+00 2.718007394947547506e-01
2.329469791496292075e+00 2.108016951299358233e-01
2.572470751736423367e+00 1.556578230006555874e-01
2.840820599046558925e+00 1.113640804792091071e-01
3.137163627815712896e+00 7.694166907984276160e-02
3.464419974634429522e+00 5.007299069003780939e-02
3.825814393048633910e+00 3.154890449496861732e-02
4.224908029980570134e+00 1.905244437847715758e-02
4.665633516938728853e+00 1.090087932233442178e-02
5.152333721802261124e+00 5.967832607662620914e-03
5.689804543036371065e+00 3.175436773205517205e-03
6.283342168028879016e+00 1.661294665149945764e-03
6.938795261227216571e+00 8.844241921246301982e-04
7.662622596332873570e+00 5.067047999446214679e-04
