1.075697699663223650e-02 0.000000000000000000e+00
1.238553382458278118e-02 0.000000000000000000e+00
1.426064666382671070e-02 0.000000000000000000e+00
1.641964296015012773e-02 0.000000000000000000e+00
1.890550136289975008e-02 0.000000000000000000e+00
2.176770729120264605e-02 0.000000000000000000e+00
2.506323802897549025e-02 0.000000000000000000e+00
2.885769695878603880e-02 0.000000000000000000e+00
3.322661951350305148e-02 1.211391175944571472e+02
3.825697684301776480e-02 0.000000000000000000e+00
4.404890712918910212e-02 9.332177588860319872e+01
5.071770901390626474e-02 0.000000000000000000e+00
5.839613682298916419e-02 1.807921502277288894e+01
6.723704327642746059e-02 7.973189823174143953e+01
7.741642229279181719e-02 4.533611349741063634e+01
8.913691246023390524e-02 2.666752378500930831e+01
1.026318309168776088e-01 1.228652558745661239e+01
1.181698179421427075e-01 1.531076081901930408e+01
1.360601847178269652e-01 1.918015680625170560e+01
1.566590707156125806e-01 1.170919360368370832e+01
1.803765332847128977e-01 9.147691249348962828e+00
2.076847105704722196e-01 8.902434623713922690e+00
2.391272202612865216e-01 7.874209700513807419e+00
2.753299812625672471e-01 5.329148745211316651e+00
3.170136737223568923e-01 4.724021275974119582e+00
3.650080854474972436e-01 4.133717583885725411e+00
4.202686303012032054e-01 3.469596266386430372e+00
4.838953674100328062e-01 2.965251213534746189e+00
5.571548997912926238e-01 2.525368606022536433e+00
6.415055883318823149e-01 2.317460455623839621e+00
7.386265830475349237e-01 1.990811664566156436e+00
8.504512495411458151e-01 1.734137014228375406e+00
9.792056560731035031e-01 1.552274075859813696e+00
1.127452887397006887e+00 1.349214254481113873e+00
1.298144067506233235e+00 1.169825276127298030e+00
1.494677106989597437e+00 9.780509811002908727e-01
1.720964344466386908e+00 8.263842330601536279e-01
1.981510428623453279e+00 6.686046140463731691e-01
2.281501991234420323e+00 5.222716778995960540e-01
2.626910896261440254e+00 3.891103486422594071e-01
3.024613120395937216e+00 2.789142598440696452e-01
3.482525631566290691e+00 1.870436157063726512e-01
4.009763990221857810e+00 1.172555983955235331e-01
4.616823810726305766e+00 6.798949442834016643e-02
5.315789695171062590e+00 3.606827561602182070e-02
6.120575798806901169e+00 1.738105342722630342e-02
7.047202815975062151e+00 7.488585266504274238e-03
8.114116900434067858e+00 2.860751394168311625e-03
9.342556868756759059e+00 9.681823794152860218e-04
