1.075697699663223650e-02 0.000000000000000000e+00
1.238553382458278118e-02 0.000000000000000000e+00
1.426064666382671070e-02 0.000000000000000000e+00
1.641964296015012773e-02 1.660046800366629327e+02
1.890550136289975008e-02 0.000000000000000000e+00
2.176770729120264605e-02 1.706480377090906586e+02
2.506323802897549025e-02 0.000000000000000000e+00
2.885769695878603880e-02 3.312017183000958909e+01
3.322661951350305148e-02 1.604614063481573680e+02
3.825697684301776480e-02 9.281470688729788776e+01
4.404890712918910212e-02 5.635335427301272659e+01
5.071770901390626474e-02 3.045088096474865935e+01
5.839613682298916419e-02 3.905348616892901958e+01
6.723704327642746059e-02 4.013334649124958986e+01
7.741642229279181719e-02 4.301920978266778661e+01
8.913691246023390524e-02 2.632880835628703409e+01
1.026318309168776088e-01 2.078541205538981629e+01
1.181698179421427075e-01 2.089454646109949465e+01
1.360601847178269652e-01 1.675673319262032379e+01
1.566590707156125806e-01 1.301893166020403214e+01
1.803765332847128977e-01 1.096093336975994781e+01
2.076847105704722196e-01 8.709223255556773680e+00
2.391272202612865216e-01 7.089068925160230350e+00
2.753299812625672471e-01 6.231917330685944556e+00
3.170136737223568923e-01 5.252578832907440542e+00
3.650080854474972436e-01 4.258454498755056328e+00
4.202686303012032054e-01 3.730581206330485955e+00
4.838953674100328062e-01 3.243495091459945190e+00
5.571548997912926238e-01 2.841978754579025157e+00
6.415055883318823149e-01 2.496318785026133025e+00
7.386265830475349237e-01 2.245980345784520438e+00
8.504512495411458151e-01 2.017186538347339742e+00
9.792056560731035031e-01 1.816783207278103829e+00
1.127452887397006887e+00 1.631100878629564876e+00
1.298144067506233235e+00 1.471982112033832113e+00
1.494677106989597437e+00 1.316171653317548484e+00
1.720964344466386908e+00 1.162348866869222119e+00
1.981510428623453279e+00 1.008263531372673771e+00
2.281501991234420323e+00 8.509074400369531777e-01
2.626910896261440254e+00 6.838590948826411831e-01
3.024613120395937216e+00 5.169439652572133115e-01
3.482525631566290691e+00 3.595696122824851848e-01
4.009763990221857810e+00 2.241197128411697992e-01
4.616823810726305766e+00 1.190746989349621837e-01
5.315789695171062590e+00 5.032584871733593312e-02
6.120575798806901169e+00 1.507623008230997777e-02
7.047202815975062151e+00 2.820252860749248441e-03
8.114116900434067858e+00 7.142471643153446362e-04
9.342556868756759059e+00 3.650862822902958284e-04
