1.075697699663223650e-02 0.000000000000000000e+00
1.238553382458278118e-02 0.000000000000000000e+00
1.426064666382671070e-02 0.000000000000000000e+00
1.641964296015012773e-02 0.000000000000000000e+00
1.890550136289975008e-02 0.000000000000000000e+00
2.176770729120264605e-02 0.000000000000000000e+00
2.506323802897549025e-02 0.000000000000000000e+00
2.885769695878603880e-02 0.000000000000000000e+00
3.322661951350305148e-02 1.159171643117551724e+02
3.825697684301776480e-02 0.000000000000000000e+00
4.404890712918910212e-02 8.968763285056265033e+01
5.071770901390626474e-02 0.000000000000000000e+00
5.839613682298916419e-02 1.725061840338764796e+01
6.723704327642746059e-02 7.694318523490382233e+01
7.741642229279181719e-02 4.389521967961103854e+01
8.913691246023390524e-02 2.565772892848679021e+01
1.026318309168776088e-01 1.179916375883511570e+01
1.181698179421427075e-01 1.470999201298132242e+01
1.360601847178269652e-01 1.851596161727250944e+01
1.566590707156125806e-01 1.122548553094119406e+01
1.803765332847128977e-01 8.767031209408841619e+00
2.076847105704722196e-01 8.463103427129775369e+00
2.391272202612865216e-01 7.483492589052640476e+00
2.753299812625672471e-01 5.078666113139069793e+00
3.170136737223568923e-01 4.501965182897539108e+00
3.650080854474972436e-01 3.888224813864324947e+00
4.202686303012032054e-01 3.264966565606617799e+00
4.838953674100328062e-01 2.850072379195443428e+00
5.571548997912926238e-01 2.417903698141377955e+00
6.415055883318823149e-01 2.283095932041051324e+00
7.386265830475349237e-01 1.972412006325257261e+00
8.504512495411458151e-01 1.753415186531503522e+00
9.792056560731035031e-01 1.636401843122986977e+00
1.127452887397006887e+00 1.480126873374987939e+00
1.298144067506233235e+00 1.365892641648439376e+00
1.494677106989597437e+00 1.252893921568655644e+00
1.720964344466386908e+00 1.175367912169775098e+00
1.981510428623453279e+00 1.083953200887652013e+00
2.281501991234420323e+00 9.905431845192588236e-01
2.626910896261440254e+00 9.067190274861514077e-01
3.024613120395937216e+00 8.159143389037787353e-01
3.482525631566290691e+00 7.280093340991671269e-01
4.009763990221857810e+00 6.384492890521086261e-01
4.616823810726305766e+00 5.526955128526708227e-01
5.315789695171062590e+00 4.723168546072675777e-01
6.120575798806901169e+00 4.030524659875285853e-01
7.047202815975062151e+00 3.483186616504520550e-01
8.114116900434067858e+00 2.868014161413982577e-01
9.342556868756759059e+00 1.567383689937994484e-01
