1.049270570993779128e-01 1.590693251279134881e-04
1.152666891313443437e-01 0.000000000000000000e+00
1.266252003114718971e-01 1.663220708139453085e-04
1.391029921545676451e-01 7.653210805228882838e-05
1.528103598553650910e-01 2.848756797912599305e-04
1.678684672230424946e-01 0.000000000000000000e+00
1.844104176869020839e-01 7.585259655771379593e-05
2.025824308401720231e-01 8.160076759193728223e-05
2.225451349217781316e-01 2.381951754910096420e-05
2.444749866607454081e-01 6.585938536178725587e-06
2.685658310336883070e-01 1.572367869265712658e-05
2.950306147225855158e-01 1.280060305288624586e-05
3.241032684186404556e-01 1.947842725621351786e-05
3.560407746105134219e-01 1.113396932755559670e-05
3.911254391347682158e-01 1.420842114192288784e-05
4.296673865674934811e-01 1.037791899124390160e-05
4.720073015146639683e-01 6.247480231812288371e-06
5.185194400323847042e-01 5.610898065018203590e-06
5.696149377959250915e-01 4.614040502585943469e-06
6.257454442595075106e-01 2.757451849106458061e-06
6.874071149303513373e-01 2.368469371312779436e-06
7.551449970459608307e-01 1.605116074106560942e-06
8.295578474210610898e-01 1.198651317672659320e-06
9.113034250506731881e-01 8.760002962789379791e-07
1.001104305252339843e+00 5.459287635882477373e-07
1.099754266740566422e+00 3.978945156585047393e-07
1.208125308090871375e+00 2.433132747036353955e-07
1.327175355614216734e+00 1.477061458405038146e-07
1.457956730774185417e+00 7.673544653766575220e-08
1.601625451993120341e+00 4.115203120657318100e-08
1.759451453068861415e+00 1.868960389499342489e-08
1.932829808525935888e+00 6.931706765069470976e-09
2.123293065125675394e+00 2.514867534650068585e-09
2.332524788537422733e+00 6.679299048007837641e-10
2.562374444914187865e+00 1.533713222444142772e-10
2.814873748915767138e+00 2.793080596932987876e-11
3.092254622684726506e+00 3.779502559740710932e-12
3.396968924520385791e+00 4.122762990601093353e-13
3.731710121638871946e+00 4.824767280280694894e-14
4.099437098591694806e+00 8.488062951897002591e-15
4.503400311793083866e+00 3.123041846024142637e-15
4.947170521344300909e+00 1.954835708849634920e-15
5.434670354124753189e+00 1.343276016101720513e-15
5.970208977146132412e+00 8.629417498477898373e-16
6.558520187658483991e+00 5.962387566336239737e-16
7.204804256698806419e+00 4.889899902613798764e-16
7.914773895950728999e+00 3.612614934585211261e-16
8.694704754231029398e+00 1.262334158998076673e-16
9.551490889957609198e+00 4.059238927035149821e-17
