1.049270570993779128e-01 1.607856154503494395e+01
1.152666891313443437e-01 0.000000000000000000e+00
1.266252003114718971e-01 1.204960208472799188e+01
1.391029921545676451e-01 2.470733632222354359e+01
1.528103598553650910e-01 1.996876684081708930e+01
1.678684672230424946e-01 0.000000000000000000e+00
1.844104176869020839e-01 1.233314938734457122e+01
2.025824308401720231e-01 6.570048290747860342e+00
2.225451349217781316e-01 4.150368870687411338e+00
2.444749866607454081e-01 3.944894924761947141e+00
2.685658310336883070e-01 7.539335136925580549e+00
2.950306147225855158e-01 3.173809950275782388e+00
3.241032684186404556e-01 5.093014193130397160e+00
3.560407746105134219e-01 3.070372568212236253e+00
3.911254391347682158e-01 3.180743908089613381e+00
4.296673865674934811e-01 2.595397871221436503e+00
4.720073015146639683e-01 2.505744785790922524e+00
5.185194400323847042e-01 2.433388563969954177e+00
5.696149377959250915e-01 2.249684971818195045e+00
6.257454442595075106e-01 1.655402638874929222e+00
6.874071149303513373e-01 1.730055220383524217e+00
7.551449970459608307e-01 1.569111694153425107e+00
8.295578474210610898e-01 1.524643492584255355e+00
9.113034250506731881e-01 1.495480284957701134e+00
1.001104305252339843e+00 1.302180195166407151e+00
1.099754266740566422e+00 1.234974496633977514e+00
1.208125308090871375e+00 1.269122773249797387e+00
1.327175355614216734e+00 1.209723828751737784e+00
1.457956730774185417e+00 1.171937365823563892e+00
1.601625451993120341e+00 1.119508648137590434e+00
1.759451453068861415e+00 1.082778127017132164e+00
1.932829808525935888e+00 1.026996618746205181e+00
2.123293065125675394e+00 9.997119021635982872e-01
2.332524788537422733e+00 9.745155954987110292e-01
2.562374444914187865e+00 9.454407585802188096e-01
2.814873748915767138e+00 9.001806163191753418e-01
3.092254622684726506e+00 8.768992069931109690e-01
3.396968924520385791e+00 8.302146848113513000e-01
3.731710121638871946e+00 8.037018447798498499e-01
4.099437098591694806e+00 7.760512680555263776e-01
4.503400311793083866e+00 7.351783449677562476e-01
4.947170521344300909e+00 6.971651406503319715e-01
5.434670354124753189e+00 6.478900645034020300e-01
5.970208977146132412e+00 5.982465170989504921e-01
6.558520187658483991e+00 5.425214329480896325e-01
7.204804256698806419e+00 4.836807262857766854e-01
7.914773895950728999e+00 4.260314489668529103e-01
8.694704754231029398e+00 3.670896671544566225e-01
9.551490889957609198e+00 3.088841256321615547e-01
