1.049270570993779128e-01 1.503787640347971610e+01
1.152666891313443437e-01 0.000000000000000000e+00
1.266252003114718971e-01 1.076867693507263013e+01
1.391029921545676451e-01 2.047610660625747769e+01
1.528103598553650910e-01 1.643041266068401640e+01
1.678684672230424946e-01 0.000000000000000000e+00
1.844104176869020839e-01 9.518026985554801200e+00
2.025824308401720231e-01 4.775225316303782996e+00
2.225451349217781316e-01 2.703000172513893240e+00
2.444749866607454081e-01 2.533036869497014454e+00
2.685658310336883070e-01 4.385010328054477213e+00
2.950306147225855158e-01 1.630188644527640562e+00
3.241032684186404556e-01 2.272365259037935736e+00
3.560407746105134219e-01 1.193015937717819774e+00
3.911254391347682158e-01 1.147289108083967557e+00
4.296673865674934811e-01 7.653956453870769394e-01
4.720073015146639683e-01 6.601980212821519922e-01
5.185194400323847042e-01 5.359091940710285495e-01
5.696149377959250915e-01 4.210515552641783121e-01
6.257454442595075106e-01 2.721170698121102571e-01
6.874071149303513373e-01 2.377487201070997147e-01
7.551449970459608307e-01 1.788191156042984731e-01
8.295578474210610898e-01 1.393166783466581460e-01
9.113034250506731881e-01 1.144707637370321746e-01
1.001104305252339843e+00 8.800626203952167936e-02
1.099754266740566422e+00 6.973996309228069901e-02
1.208125308090871375e+00 6.000324755858255088e-02
1.327175355614216734e+00 4.824111970239713248e-02
1.457956730774185417e+00 4.118280485189075579e-02
1.601625451993120341e+00 3.460687249068927773e-02
1.759451453068861415e+00 3.045148187993050246e-02
1.932829808525935888e+00 2.631661622630233205e-02
2.123293065125675394e+00 2.311279123617435843e-02
2.332524788537422733e+00 2.038803946242330814e-02
2.562374444914187865e+00 1.803972717211048404e-02
2.814873748915767138e+00 1.586108398321048329e-02
3.092254622684726506e+00 1.398934560089482373e-02
3.396968924520385791e+00 1.208182655140271206e-02
3.731710121638871946e+00 1.044763212401752552e-02
4.099437098591694806e+00 8.901148652195177424e-03
4.503400311793083866e+00 7.424317791429272534e-03
4.947170521344300909e+00 6.143589162399412142e-03
5.434670354124753189e+00 4.964102460620661156e-03
5.970208977146132412e+00 3.964973961519715519e-03
6.558520187658483991e+00 3.110547255464361435e-03
7.204804256698806419e+00 2.426163101145611262e-03
7.914773895950728999e+00 1.881326342578044930e-03
8.694704754231029398e+00 1.089053582222161524e-03
9.551490889957609198e+00 5.096056420273993408e-04
