6.544794635508624503e-02 9.398342210738250913e+01
7.227521403122769139e-02 0.000000000000000000e+00
7.981467493141311542e-02 0.000000000000000000e+00
8.814062220078265619e-02 6.117132105623913674e+01
9.733509894786904204e-02 0.000000000000000000e+00
1.074887066897439181e-01 1.418888753687013704e+01
1.187014981309242045e-01 0.000000000000000000e+00
1.310839630733989514e-01 1.034079929832718037e+01
1.447581171728420657e-01 2.088059499011458797e+01
1.598587042695132077e-01 1.662798404014367293e+01
1.765345241415035293e-01 5.990558214173558049e+00
1.949498987638828562e-01 9.204026757063211051e+00
2.152862915221297468e-01 2.793625804799677148e+00
2.377440953354219566e-01 6.464326923636943611e+00
2.625446073097885136e-01 6.497001223079386101e+00
2.899322093791706356e-01 3.162487964800277940e+00
3.201767764222258617e-01 3.910928917750077893e+00
3.535763355842338473e-01 3.335523843710728187e+00
3.904600030088142271e-01 3.461710151845884820e+00
4.311912269177368140e-01 2.302889988082090778e+00
4.761713689958305684e-01 2.646216405616454104e+00
5.258436593716249163e-01 2.122661109022182746e+00
5.806975641657334819e-01 1.798825460879733162e+00
6.412736086443955319e-01 1.478793469954802209e+00
7.081687035050797663e-01 1.393831248837019254e+00
7.820420267788740221e-01 1.265189882459447412e+00
8.636215193093772502e-01 1.199748063821354904e+00
9.537110578139396111e-01 1.038666810666767137e+00
1.053198376209924181e+00 9.231676217186108868e-01
1.163063813262004587e+00 8.147143181298999171e-01
1.284389972749000020e+00 7.184621544169863538e-01
1.418372391340625871e+00 6.315237894559964094e-01
1.566331319304433034e+00 5.252437010734090084e-01
1.729724730128913146e+00 4.409323317277287768e-01
1.910162687258393888e+00 3.548986202766397091e-01
2.109423209508183739e+00 2.800543591118413445e-01
2.329469791496292075e+00 2.184027838368675367e-01
2.572470751736423367e+00 1.609901927681915701e-01
2.840820599046558925e+00 1.147073415199982571e-01
3.137163627815712896e+00 7.819609579469971594e-02
3.464419974634429522e+00 5.019972518571793468e-02
3.825814393048633910e+00 3.089010976861130547e-02
4.224908029980570134e+00 1.792629985599455272e-02
4.665633516938728853e+00 9.734001665792354346e-03
5.152333721802261124e+00 4.955841625886497903e-03
5.689804543036371065e+00 2.381610144357193017e-03
6.283342168028879016e+00 1.086273152961384674e-03
6.938795261227216571e+00 4.789059736461286835e-04
7.662622596332873570e+00 2.125916244248683500e-04
