1.049270570993779128e-01 6.720685178866072640e+00
1.152666891313443437e-01 2.233197216654801665e+01
1.266252003114718971e-01 1.146779512159855940e+01
1.391029921545676451e-01 1.789946195110113436e+01
1.528103598553650910e-01 9.103469624223533785e+00
1.678684672230424946e-01 1.194289301241535917e+01
1.844104176869020839e-01 8.281213529051225208e+00
2.025824308401720231e-01 9.572234761599375474e+00
2.225451349217781316e-01 7.208825315739568751e+00
2.444749866607454081e-01 7.310949722482772195e+00
2.685658310336883070e-01 4.794385260080764155e+00
2.950306147225855158e-01 4.824485047327912390e+00
3.241032684186404556e-01 4.559899839224699214e+00
3.560407746105134219e-01 3.838759137678761313e+00
3.911254391347682158e-01 3.494520765973746279e+00
4.296673865674934811e-01 3.310418416883084802e+00
4.720073015146639683e-01 2.858137904085953362e+00
5.185194400323847042e-01 2.737436142738229883e+00
5.696149377959250915e-01 2.322897985558454170e+00
6.257454442595075106e-01 2.343433387506101084e+00
6.874071149303513373e-01 2.157014590432841938e+00
7.551449970459608307e-01 1.960292584518127823e+00
8.295578474210610898e-01 1.835786919518203941e+00
9.113034250506731881e-01 1.737355666563152878e+00
1.001104305252339843e+00 1.637499012212516369e+00
1.099754266740566422e+00 1.548489797139302793e+00
1.208125308090871375e+00 1.468609195499212206e+00
1.327175355614216734e+00 1.402513977314731708e+00
1.457956730774185417e+00 1.333462834680103404e+00
1.601625451993120341e+00 1.279246873516613148e+00
1.759451453068861415e+00 1.250106103088369558e+00
1.932829808525935888e+00 1.198969920979992887e+00
2.123293065125675394e+00 1.150001472593195073e+00
2.332524788537422733e+00 1.103141691351377629e+00
2.562374444914187865e+00 1.063833832261146473e+00
2.814873748915767138e+00 1.015645076734622787e+00
3.092254622684726506e+00 9.708030210800835391e-01
3.396968924520385791e+00 9.334661107954020931e-01
3.731710121638871946e+00 8.904704659714878234e-01
4.099437098591694806e+00 8.495234476693395154e-01
4.503400311793083866e+00 8.056117036697061362e-01
4.947170521344300909e+00 7.596527310462353189e-01
5.434670354124753189e+00 7.157348245452987978e-01
5.970208977146132412e+00 6.703053550093575064e-01
6.558520187658483991e+00 6.280714036042027715e-01
7.204804256698806419e+00 5.868338435517767016e-01
7.914773895950728999e+00 5.474414347227458677e-01
8.694704754231029398e+00 5.118258102638604257e-01
9.551490889957609198e+00 4.781310058894523429e-01
