1.075697699663223650e-02 0.000000000000000000e+00
1.238553382458278118e-02 0.000000000000000000e+00
1.426064666382671070e-02 0.000000000000000000e+00
1.641964296015012773e-02 0.000000000000000000e+00
1.890550136289975008e-02 0.000000000000000000e+00
2.176770729120264605e-02 0.000000000000000000e+00
2.506323802897549025e-02 0.000000000000000000e+00
2.885769695878603880e-02 0.000000000000000000e+00
3.322661951350305148e-02 1.221432841121100665e+02
3.825697684301776480e-02 0.000000000000000000e+00
4.404890712918910212e-02 9.318103704049002545e+01
5.071770901390626474e-02 0.000000000000000000e+00
5.839613682298916419e-02 1.797068549312509589e+01
6.723704327642746059e-02 7.753704379574082850e+01
7.741642229279181719e-02 4.378568084854477149e+01
8.913691246023390524e-02 2.523333131186263145e+01
1.026318309168776088e-01 1.152009720148108585e+01
1.181698179421427075e-01 1.383786563288566462e+01
1.360601847178269652e-01 1.670502152657938666e+01
1.566590707156125806e-01 9.655963164510387386e+00
1.803765332847128977e-01 7.192998840753999090e+00
2.076847105704722196e-01 6.607492194833087140e+00
2.391272202612865216e-01 5.210443256976100557e+00
2.753299812625672471e-01 3.300007405510328784e+00
3.170136737223568923e-01 2.661553563502725428e+00
3.650080854474972436e-01 2.079887159558309051e+00
4.202686303012032054e-01 1.585886488095122671e+00
4.838953674100328062e-01 1.188561554435191958e+00
5.571548997912926238e-01 9.242500022912663038e-01
6.415055883318823149e-01 7.670789602762690951e-01
7.386265830475349237e-01 6.439565487943591515e-01
8.504512495411458151e-01 5.401544897889745123e-01
9.792056560731035031e-01 4.802769504197630379e-01
1.127452887397006887e+00 4.257988815788308345e-01
1.298144067506233235e+00 3.879066149911687411e-01
1.494677106989597437e+00 3.521601904946411454e-01
1.720964344466386908e+00 3.292386460065893083e-01
1.981510428623453279e+00 3.062380814925148020e-01
2.281501991234420323e+00 2.854857230574058824e-01
2.626910896261440254e+00 2.654077060029342294e-01
3.024613120395937216e+00 2.437323158039360615e-01
3.482525631566290691e+00 2.194122528711122677e-01
4.009763990221857810e+00 1.931369201270495550e-01
4.616823810726305766e+00 1.644322584450501890e-01
5.315789695171062590e+00 1.343158071348585225e-01
6.120575798806901169e+00 1.026931270627882559e-01
7.047202815975062151e+00 7.213909037516332001e-02
8.114116900434067858e+00 4.516355825531167406e-02
9.342556868756759059e+00 2.382734453725710369e-02
