1.049270570993779128e-01 1.564117056923943763e-04
1.152666891313443437e-01 0.000000000000000000e+00
1.266252003114718971e-01 1.620328599989431762e-04
1.391029921545676451e-01 6.886738951343012610e-05
1.528103598553650910e-01 2.754268399234367391e-04
1.678684672230424946e-01 0.000000000000000000e+00
1.844104176869020839e-01 7.380413044901191707e-05
2.025824308401720231e-01 7.903612912546492545e-05
2.225451349217781316e-01 2.517393365268578431e-05
2.444749866607454081e-01 4.697162942150428961e-06
2.685658310336883070e-01 1.852220258181090808e-05
2.950306147225855158e-01 1.384302744965177005e-05
3.241032684186404556e-01 1.858628567317687429e-05
3.560407746105134219e-01 1.021472187203645497e-05
3.911254391347682158e-01 1.371640217901231929e-05
4.296673865674934811e-01 1.019558114994956074e-05
4.720073015146639683e-01 4.881042697071674790e-06
5.185194400323847042e-01 5.066804469102467627e-06
5.696149377959250915e-01 4.339143659672850542e-06
6.257454442595075106e-01 2.854551814003695251e-06
6.874071149303513373e-01 2.334581555634421921e-06
7.551449970459608307e-01 1.673816200519141062e-06
8.295578474210610898e-01 1.364342439993217182e-06
9.113034250506731881e-01 1.181649793974424730e-06
1.001104305252339843e+00 8.620107146281113232e-07
1.099754266740566422e+00 5.982692962764382652e-07
1.208125308090871375e+00 5.080560561286090338e-07
1.327175355614216734e+00 3.602455887455775077e-07
1.457956730774185417e+00 2.715057324490848547e-07
1.601625451993120341e+00 1.781683747714619294e-07
1.759451453068861415e+00 1.199420297703088110e-07
1.932829808525935888e+00 7.269419056847205746e-08
2.123293065125675394e+00 4.290302988613604765e-08
2.332524788537422733e+00 2.255912781176246339e-08
2.562374444914187865e+00 1.145127640080430232e-08
2.814873748915767138e+00 5.105873988629022642e-09
3.092254622684726506e+00 1.951833798298498829e-09
3.396968924520385791e+00 6.589313633836160835e-10
3.731710121638871946e+00 1.790651876405420954e-10
4.099437098591694806e+00 3.920670142339849206e-11
4.503400311793083866e+00 7.046251922176611730e-12
4.947170521344300909e+00 1.061522407609060453e-12
5.434670354124753189e+00 1.561658000883493203e-13
5.970208977146132412e+00 2.462655385093288036e-14
6.558520187658483991e+00 3.940244490147036067e-15
7.204804256698806419e+00 7.722218467605124354e-16
7.914773895950728999e+00 3.096527086787324008e-16
8.694704754231029398e+00 2.029466935894867029e-16
9.551490889957609198e+00 1.224249187036664788e-16
