1.049270570993779128e-01 1.590710205916891836e-04
1.152666891313443437e-01 0.000000000000000000e+00
1.266252003114718971e-01 1.663191574500336471e-04
1.391029921545676451e-01 7.652002643557384229e-05
1.528103598553650910e-01 2.848737263217573988e-04
1.678684672230424946e-01 0.000000000000000000e+00
1.844104176869020839e-01 7.585319358885514495e-05
2.025824308401720231e-01 8.160060044276436155e-05
2.225451349217781316e-01 2.382224582285333143e-05
2.444749866607454081e-01 6.584077628095293686e-06
2.685658310336883070e-01 1.572620629465156956e-05
2.950306147225855158e-01 1.280197118192832266e-05
3.241032684186404556e-01 1.947837143858198160e-05
3.560407746105134219e-01 1.113377760052471667e-05
3.911254391347682158e-01 1.420853604836689221e-05
4.296673865674934811e-01 1.037806643082819768e-05
4.720073015146639683e-01 6.247150095838141649e-06
5.185194400323847042e-01 5.610732979222990538e-06
5.696149377959250915e-01 4.614015844114421106e-06
6.257454442595075106e-01 2.757520427579570382e-06
6.874071149303513373e-01 2.368400577350522067e-06
7.551449970459608307e-01 1.605100862918371382e-06
8.295578474210610898e-01 1.198753785267967161e-06
9.113034250506731881e-01 8.759864877184260948e-07
1.001104305252339843e+00 5.459197998292342104e-07
1.099754266740566422e+00 3.979062786377773675e-07
1.208125308090871375e+00 2.433131680036606947e-07
1.327175355614216734e+00 1.477018012563179410e-07
1.457956730774185417e+00 7.673641439013420306e-08
1.601625451993120341e+00 4.115396375252188838e-08
1.759451453068861415e+00 1.868871550104809385e-08
1.932829808525935888e+00 6.932120128563649881e-09
2.123293065125675394e+00 2.514954448537879745e-09
2.332524788537422733e+00 6.679269396181019866e-10
2.562374444914187865e+00 1.533736483842280006e-10
2.814873748915767138e+00 2.792984429427386617e-11
3.092254622684726506e+00 3.779464380633292867e-12
3.396968924520385791e+00 4.123242973253036763e-13
3.731710121638871946e+00 4.818974373445599255e-14
4.099437098591694806e+00 8.509911247783480755e-15
4.503400311793083866e+00 3.123041846024142637e-15
4.947170521344300909e+00 1.957943555763545345e-15
5.434670354124753189e+00 1.338587443619690030e-15
5.970208977146132412e+00 8.682467196214442456e-16
6.558520187658483991e+00 6.055758288851572476e-16
7.204804256698806419e+00 4.799346200713542903e-16
7.914773895950728999e+00 3.605025407411713317e-16
8.694704754231029398e+00 1.302408259283729990e-16
9.551490889957609198e+00 4.059238927035149821e-17
