1.049270570993779128e-01 1.505833135876732598e+01
1.152666891313443437e-01 0.000000000000000000e+00
1.266252003114718971e-01 1.074459722081611091e+01
1.391029921545676451e-01 2.038821667104638635e+01
1.528103598553650910e-01 1.636184372951223764e+01
1.678684672230424946e-01 0.000000000000000000e+00
1.844104176869020839e-01 9.518044619008618312e+00
2.025824308401720231e-01 4.802059085914301306e+00
2.225451349217781316e-01 2.720111896914265248e+00
2.444749866607454081e-01 2.546606303328944332e+00
2.685658310336883070e-01 4.419264047398749007e+00
2.950306147225855158e-01 1.639332553569239792e+00
3.241032684186404556e-01 2.313398087634086941e+00
3.560407746105134219e-01 1.218659186636076086e+00
3.911254391347682158e-01 1.183284776242436998e+00
4.296673865674934811e-01 7.923435899495997470e-01
4.720073015146639683e-01 6.913976720204827453e-01
5.185194400323847042e-01 5.686859857473546276e-01
5.696149377959250915e-01 4.532891094229599682e-01
6.257454442595075106e-01 2.985534057551065823e-01
6.874071149303513373e-01 2.653924711320425067e-01
7.551449970459608307e-01 2.040258756744159074e-01
8.295578474210610898e-01 1.633248116787769377e-01
9.113034250506731881e-01 1.380326303392982179e-01
1.001104305252339843e+00 1.100119432857236262e-01
1.099754266740566422e+00 9.070049445037990654e-02
1.208125308090871375e+00 8.130292081444993879e-02
1.327175355614216734e+00 6.839872987056586084e-02
1.457956730774185417e+00 6.146252859041179822e-02
1.601625451993120341e+00 5.449440830278855924e-02
1.759451453068861415e+00 5.078415159840301424e-02
1.932829808525935888e+00 4.664968765258659805e-02
2.123293065125675394e+00 4.381540131608047117e-02
2.332524788537422733e+00 4.145918562227859927e-02
2.562374444914187865e+00 3.967824353173003693e-02
2.814873748915767138e+00 3.802673059172152065e-02
3.092254622684726506e+00 3.689867984366402426e-02
3.396968924520385791e+00 3.538877058466286668e-02
3.731710121638871946e+00 3.438183269542503112e-02
4.099437098591694806e+00 3.330429427797147734e-02
4.503400311793083866e+00 3.202649726179306738e-02
4.947170521344300909e+00 3.094947501259763881e-02
5.434670354124753189e+00 2.959165326963057382e-02
5.970208977146132412e+00 2.830356626414526691e-02
6.558520187658483991e+00 2.678509845355781654e-02
7.204804256698806419e+00 2.511947194891324397e-02
7.914773895950728999e+00 2.334553769654865163e-02
8.694704754231029398e+00 2.134211351240943369e-02
9.551490889957609198e+00 1.921295065748752223e-02
