1.049270570993779128e-01 1.941950382769193628e-01
1.152666891313443437e-01 0.000000000000000000e+00
1.266252003114718971e-01 2.057438562444643126e-01
1.391029921545676451e-01 4.255610903111515797e-01
1.528103598553650910e-01 3.438788186167602290e-01
1.678684672230424946e-01 0.000000000000000000e+00
1.844104176869020839e-01 1.556278252190169964e-01
2.025824308401720231e-01 9.683158350780103618e-02
2.225451349217781316e-01 5.675124532441725572e-02
2.444749866607454081e-01 4.794709496861874337e-02
2.685658310336883070e-01 8.145211458535256410e-02
2.950306147225855158e-01 4.607899041902165788e-02
3.241032684186404556e-01 4.905647978723359781e-02
3.560407746105134219e-01 3.751403593365845723e-02
3.911254391347682158e-01 3.151094584851055896e-02
4.296673865674934811e-01 2.098111960634280182e-02
4.720073015146639683e-01 1.926276007176451477e-02
5.185194400323847042e-01 1.748676660539608130e-02
5.696149377959250915e-01 1.381193275418891517e-02
6.257454442595075106e-01 8.731255496903435331e-03
6.874071149303513373e-01 8.602280210344009914e-03
7.551449970459608307e-01 6.463834486234053787e-03
8.295578474210610898e-01 4.925209658981340687e-03
9.113034250506731881e-01 4.206289545228648029e-03
1.001104305252339843e+00 3.176223415642347950e-03
1.099754266740566422e+00 2.556798350911923968e-03
1.208125308090871375e+00 2.088094338540699788e-03
1.327175355614216734e+00 1.542918544822832576e-03
1.457956730774185417e+00 1.193379445550818083e-03
1.601625451993120341e+00 8.886125396803167074e-04
1.759451453068861415e+00 6.773099314561607538e-04
1.932829808525935888e+00 4.925266365607746527e-04
2.123293065125675394e+00 3.533567390695229035e-04
2.332524788537422733e+00 2.472912610827528710e-04
2.562374444914187865e+00 1.669504111300231116e-04
2.814873748915767138e+00 1.083329006547104447e-04
3.092254622684726506e+00 6.812844294798453418e-05
3.396968924520385791e+00 3.924784225553021148e-05
3.731710121638871946e+00 2.139664224821189481e-05
4.099437098591694806e+00 1.042880459830369091e-05
4.503400311793083866e+00 4.462522167353159897e-06
4.947170521344300909e+00 1.689749882805414826e-06
5.434670354124753189e+00 6.214822231807431669e-07
5.970208977146132412e+00 3.205620493484155426e-07
6.558520187658483991e+00 2.408569925616598659e-07
7.204804256698806419e+00 1.745320134136892618e-07
7.914773895950728999e+00 9.757759473230692534e-08
8.694704754231029398e+00 3.842156319555429920e-08
9.551490889957609198e+00 1.098158635430184211e-08
