6.544794635508624503e-02 9.047138517270876434e+01
7.227521403122769139e-02 0.000000000000000000e+00
7.981467493141311542e-02 0.000000000000000000e+00
8.814062220078265619e-02 5.888765027720159395e+01
9.733509894786904204e-02 0.000000000000000000e+00
1.074887066897439181e-01 1.370318338189722773e+01
1.187014981309242045e-01 0.000000000000000000e+00
1.310839630733989514e-01 9.995506133747680266e+00
1.447581171728420657e-01 2.016409362194058374e+01
1.598587042695132077e-01 1.603686754211543075e+01
1.765345241415035293e-01 5.779900297734224424e+00
1.949498987638828562e-01 8.890812172304972449e+00
2.152862915221297468e-01 2.703009367485934344e+00
2.377440953354219566e-01 6.258382355098103922e+00
2.625446073097885136e-01 6.295936556530194572e+00
2.899322093791706356e-01 3.062906034540924249e+00
3.201767764222258617e-01 3.802909217157345978e+00
3.535763355842338473e-01 3.245566533813171617e+00
3.904600030088142271e-01 3.361177362461560847e+00
4.311912269177368140e-01 2.243213260990050362e+00
4.761713689958305684e-01 2.576512495979056183e+00
5.258436593716249163e-01 2.069042568186818531e+00
5.806975641657334819e-01 1.756927453935335226e+00
6.412736086443955319e-01 1.448074336068850387e+00
7.081687035050797663e-01 1.363549950974697333e+00
7.820420267788740221e-01 1.239826627274086990e+00
8.636215193093772502e-01 1.171658900569471307e+00
9.537110578139396111e-01 1.011373186776009181e+00
1.053198376209924181e+00 8.972258492863671719e-01
1.163063813262004587e+00 7.892891929984017230e-01
1.284389972749000020e+00 6.946936206119310731e-01
1.418372391340625871e+00 6.158374851167637276e-01
1.566331319304433034e+00 5.108723831225456813e-01
1.729724730128913146e+00 4.301338694508466953e-01
1.910162687258393888e+00 3.453630861343959801e-01
2.109423209508183739e+00 2.725913874131530301e-01
2.329469791496292075e+00 2.122655815181120342e-01
2.572470751736423367e+00 1.576061496369251524e-01
2.840820599046558925e+00 1.134019422614655215e-01
3.137163627815712896e+00 7.865126870606474474e-02
3.464419974634429522e+00 5.135866301956639596e-02
3.825814393048633910e+00 3.254305040423691175e-02
4.224908029980570134e+00 1.959816935296602655e-02
4.665633516938728853e+00 1.118313032599048927e-02
5.152333721802261124e+00 6.088002010576056000e-03
5.689804543036371065e+00 3.202323104750667750e-03
6.283342168028879016e+00 1.647714526879221885e-03
6.938795261227216571e+00 8.557495468115826082e-04
7.662622596332873570e+00 4.759914852698640501e-04
