1.075697699663223650e-02 0.000000000000000000e+00
1.238553382458278118e-02 0.000000000000000000e+00
1.426064666382671070e-02 0.000000000000000000e+00
1.641964296015012773e-02 0.000000000000000000e+00
1.890550136289975008e-02 0.000000000000000000e+00
2.176770729120264605e-02 0.000000000000000000e+00
2.506323802897549025e-02 0.000000000000000000e+00
2.885769695878603880e-02 0.000000000000000000e+00
3.322661951350305148e-02 1.711037004594133215e+00
3.825697684301776480e-02 0.000000000000000000e+00
4.404890712918910212e-02 1.347402370614832590e+00
5.071770901390626474e-02 0.000000000000000000e+00
5.839613682298916419e-02 2.375273293287147314e-01
6.723704327642746059e-02 1.206426761719752827e+00
7.741642229279181719e-02 7.031406142251973579e-01
8.913691246023390524e-02 3.595324870687422458e-01
1.026318309168776088e-01 1.968377214419639032e-01
1.181698179421427075e-01 2.195721159015249224e-01
1.360601847178269652e-01 2.655302165205825071e-01
1.566590707156125806e-01 1.464050003379546439e-01
1.803765332847128977e-01 1.336216796785665295e-01
2.076847105704722196e-01 1.155215404742048063e-01
2.391272202612865216e-01 8.701451706251156493e-02
2.753299812625672471e-01 5.429684157965376096e-02
3.170136737223568923e-01 4.549076668169761001e-02
3.650080854474972436e-01 3.338206890353041800e-02
4.202686303012032054e-01 2.361705497766509315e-02
4.838953674100328062e-01 1.834414939049342635e-02
5.571548997912926238e-01 1.375867559741870451e-02
6.415055883318823149e-01 1.005657331413720157e-02
7.386265830475349237e-01 7.354665364688944655e-03
8.504512495411458151e-01 5.288055504606524806e-03
9.792056560731035031e-01 3.924328640643836956e-03
1.127452887397006887e+00 2.815962282838873829e-03
1.298144067506233235e+00 2.016603272638604026e-03
1.494677106989597437e+00 1.435418574840967732e-03
1.720964344466386908e+00 1.030561178873266827e-03
1.981510428623453279e+00 7.275795661829799563e-04
2.281501991234420323e+00 5.067915368010863630e-04
2.626910896261440254e+00 3.501311260604549882e-04
3.024613120395937216e+00 2.384338384893033250e-04
3.482525631566290691e+00 1.586479727597699390e-04
4.009763990221857810e+00 1.025037796247687052e-04
4.616823810726305766e+00 6.364023683033119170e-05
5.315789695171062590e+00 3.757498334211609788e-05
6.120575798806901169e+00 2.068710184982460853e-05
7.047202815975062151e+00 1.049466616080188666e-05
8.114116900434067858e+00 4.819772510761953165e-06
9.342556868756759059e+00 1.991547411195565555e-06
