1.049270570993779128e-01 1.658833337848052025e+01
1.152666891313443437e-01 0.000000000000000000e+00
1.266252003114718971e-01 1.227577399040623085e+01
1.391029921545676451e-01 2.503975937911324934e+01
1.528103598553650910e-01 2.023055772135695918e+01
1.678684672230424946e-01 0.000000000000000000e+00
1.844104176869020839e-01 1.254997078996018445e+01
2.025824308401720231e-01 6.686263645989900972e+00
2.225451349217781316e-01 4.193628876582036646e+00
2.444749866607454081e-01 3.952864686462287835e+00
2.685658310336883070e-01 7.541619009618478309e+00
2.950306147225855158e-01 3.134852969685252955e+00
3.241032684186404556e-01 5.038876129368445866e+00
3.560407746105134219e-01 3.033198824642029834e+00
3.911254391347682158e-01 3.126317286641453919e+00
4.296673865674934811e-01 2.515047644526677839e+00
4.720073015146639683e-01 2.410660803940643415e+00
5.185194400323847042e-01 2.329781450676974064e+00
5.696149377959250915e-01 2.121165467251423298e+00
6.257454442595075106e-01 1.539567723336193072e+00
6.874071149303513373e-01 1.568697014353030328e+00
7.551449970459608307e-01 1.397248010945387309e+00
8.295578474210610898e-01 1.324943737010475076e+00
9.113034250506731881e-01 1.275904835139300530e+00
1.001104305252339843e+00 1.091200379666377396e+00
1.099754266740566422e+00 9.995650764294276014e-01
1.208125308090871375e+00 9.903231887690068236e-01
1.327175355614216734e+00 9.022239736880982575e-01
1.457956730774185417e+00 8.213700435779375253e-01
1.601625451993120341e+00 7.323524301697096339e-01
1.759451453068861415e+00 6.594876609095590148e-01
1.932829808525935888e+00 5.684753374384583502e-01
2.123293065125675394e+00 4.959985817951447218e-01
2.332524788537422733e+00 4.223026785609497735e-01
2.562374444914187865e+00 3.483517772004144364e-01
2.814873748915767138e+00 2.741472330704942673e-01
3.092254622684726506e+00 2.077621707197554457e-01
3.396968924520385791e+00 1.458968085321937225e-01
3.731710121638871946e+00 9.607752114920303788e-02
4.099437098591694806e+00 5.755893454908594942e-02
4.503400311793083866e+00 3.009676629929749700e-02
4.947170521344300909e+00 1.343877079901538256e-02
5.434670354124753189e+00 5.032664077227038193e-03
5.970208977146132412e+00 1.792849276233485526e-03
6.558520187658483991e+00 9.596016318914359078e-04
7.204804256698806419e+00 7.147083521267902795e-04
7.914773895950728999e+00 4.478857935278099476e-04
8.694704754231029398e+00 2.146433718674970121e-04
9.551490889957609198e+00 1.077445548485622136e-04
