6.544794635508624503e-02 9.411821102239744619e+01
7.227521403122769139e-02 0.000000000000000000e+00
7.981467493141311542e-02 0.000000000000000000e+00
8.814062220078265619e-02 6.104269549365208292e+01
9.733509894786904204e-02 0.000000000000000000e+00
1.074887066897439181e-01 1.424901213686643864e+01
1.187014981309242045e-01 0.000000000000000000e+00
1.310839630733989514e-01 1.024980697202964386e+01
1.447581171728420657e-01 2.064477459055261832e+01
1.598587042695132077e-01 1.642598801140163900e+01
1.765345241415035293e-01 5.952497305935077421e+00
1.949498987638828562e-01 9.210739916106213343e+00
2.152862915221297468e-01 2.876492784352000509e+00
2.377440953354219566e-01 6.462196843372234767e+00
2.625446073097885136e-01 6.503705825372549931e+00
2.899322093791706356e-01 3.115621138888426955e+00
3.201767764222258617e-01 3.897424981302096914e+00
3.535763355842338473e-01 3.387891040143668597e+00
3.904600030088142271e-01 3.521549226709191238e+00
4.311912269177368140e-01 2.337899516207571970e+00
4.761713689958305684e-01 2.673161502078408969e+00
5.258436593716249163e-01 2.180424034659666166e+00
5.806975641657334819e-01 1.823794919217805122e+00
6.412736086443955319e-01 1.514476662085038949e+00
7.081687035050797663e-01 1.411473449291037019e+00
7.820420267788740221e-01 1.283833518937398166e+00
8.636215193093772502e-01 1.213305693681323350e+00
9.537110578139396111e-01 1.069107723832057877e+00
1.053198376209924181e+00 9.382600405033982849e-01
1.163063813262004587e+00 8.297160344868126369e-01
1.284389972749000020e+00 7.319163720944273921e-01
1.418372391340625871e+00 6.502307248379182170e-01
1.566331319304433034e+00 5.396188939987009991e-01
1.729724730128913146e+00 4.564636036835831301e-01
1.910162687258393888e+00 3.673596324939050750e-01
2.109423209508183739e+00 2.877367708002577240e-01
2.329469791496292075e+00 2.235989285716547814e-01
2.572470751736423367e+00 1.649132414498902799e-01
2.840820599046558925e+00 1.172045060557139196e-01
3.137163627815712896e+00 7.972441064512179876e-02
3.464419974634429522e+00 5.109574344551546382e-02
3.825814393048633910e+00 3.113618730425726788e-02
4.224908029980570134e+00 1.812284548191447908e-02
4.665633516938728853e+00 9.834995782775603906e-03
5.152333721802261124e+00 5.017762709961391156e-03
5.689804543036371065e+00 2.423123739452596060e-03
6.283342168028879016e+00 1.110012632669308934e-03
6.938795261227216571e+00 4.914595028201063781e-04
7.662622596332873570e+00 2.191786444529900992e-04
