1.075697699663223650e-02 0.000000000000000000e+00
1.238553382458278118e-02 0.000000000000000000e+00
1.426064666382671070e-02 0.000000000000000000e+00
1.641964296015012773e-02 0.000000000000000000e+00
1.890550136289975008e-02 0.000000000000000000e+00
2.176770729120264605e-02 0.000000000000000000e+00
2.506323802897549025e-02 0.000000000000000000e+00
2.885769695878603880e-02 0.000000000000000000e+00
3.322661951350305148e-02 1.200925463480146931e+02
3.825697684301776480e-02 0.000000000000000000e+00
4.404890712918910212e-02 9.261839785932147606e+01
5.071770901390626474e-02 0.000000000000000000e+00
5.839613682298916419e-02 1.792062628995418549e+01
6.723704327642746059e-02 7.921779551482487136e+01
7.741642229279181719e-02 4.508811390737738378e+01
8.913691246023390524e-02 2.646777901648444598e+01
1.026318309168776088e-01 1.220302104128024467e+01
1.181698179421427075e-01 1.521548220759500580e+01
1.360601847178269652e-01 1.907424630131510668e+01
1.566590707156125806e-01 1.162584933670060927e+01
1.803765332847128977e-01 9.097212346974124841e+00
2.076847105704722196e-01 8.850545102873841330e+00
2.391272202612865216e-01 7.840681024930200138e+00
2.753299812625672471e-01 5.330722727419455076e+00
3.170136737223568923e-01 4.742287361898699594e+00
3.650080854474972436e-01 4.163662255188854466e+00
4.202686303012032054e-01 3.521104764994612779e+00
4.838953674100328062e-01 3.051539443950460395e+00
5.571548997912926238e-01 2.628740191073290600e+00
6.415055883318823149e-01 2.475096248293536139e+00
7.386265830475349237e-01 2.188661734653136293e+00
8.504512495411458151e-01 1.975116460329616963e+00
9.792056560731035031e-01 1.861009815891778274e+00
1.127452887397006887e+00 1.721455180283971265e+00
1.298144067506233235e+00 1.611047408868484077e+00
1.494677106989597437e+00 1.486314879012059276e+00
1.720964344466386908e+00 1.422507067029988193e+00
1.981510428623453279e+00 1.332900826610815992e+00
2.281501991234420323e+00 1.237587107824694943e+00
2.626910896261440254e+00 1.141930643986206251e+00
3.024613120395937216e+00 1.043329007559702371e+00
3.482525631566290691e+00 9.304050060074351425e-01
4.009763990221857810e+00 8.009499590192165064e-01
4.616823810726305766e+00 6.664755712006742439e-01
5.315789695171062590e+00 5.273251099727688240e-01
6.120575798806901169e+00 3.883007360598189628e-01
7.047202815975062151e+00 2.611132237741508044e-01
8.114116900434067858e+00 1.553853127777575227e-01
9.342556868756759059e+00 7.827523532248203963e-02
