1.075697699663223650e-02 0.000000000000000000e+00
1.238553382458278118e-02 0.000000000000000000e+00
1.426064666382671070e-02 0.000000000000000000e+00
1.641964296015012773e-02 1.706329334231627115e+02
1.890550136289975008e-02 0.000000000000000000e+00
2.176770729120264605e-02 1.748803801566361926e+02
2.506323802897549025e-02 0.000000000000000000e+00
2.885769695878603880e-02 3.393687014076144948e+01
3.322661951350305148e-02 1.632826742013954515e+02
3.825697684301776480e-02 9.426854643315148508e+01
4.404890712918910212e-02 5.692655714123312549e+01
5.071770901390626474e-02 3.061906428081155340e+01
5.839613682298916419e-02 3.894265694084566576e+01
6.723704327642746059e-02 3.969816892324603685e+01
7.741642229279181719e-02 4.189097967484262597e+01
8.913691246023390524e-02 2.515441759361350904e+01
1.026318309168776088e-01 1.964298559076320672e+01
1.181698179421427075e-01 1.909666192120730699e+01
1.360601847178269652e-01 1.486198113481758654e+01
1.566590707156125806e-01 1.108080855693851241e+01
1.803765332847128977e-01 8.823195244042238983e+00
2.076847105704722196e-01 6.660617754517853761e+00
2.391272202612865216e-01 5.031342017101199993e+00
2.753299812625672471e-01 4.022427932207979673e+00
3.170136737223568923e-01 3.129621402207608760e+00
3.650080854474972436e-01 2.280402866469595224e+00
4.202686303012032054e-01 1.804893797498184460e+00
4.838953674100328062e-01 1.428997214398245896e+00
5.571548997912926238e-01 1.144742490496623466e+00
6.415055883318823149e-01 9.327767103011923577e-01
7.386265830475349237e-01 7.856225782177956862e-01
8.504512495411458151e-01 6.707716288878402544e-01
9.792056560731035031e-01 5.845155713864379488e-01
1.127452887397006887e+00 5.100146056918053450e-01
1.298144067506233235e+00 4.495691872611060069e-01
1.494677106989597437e+00 3.987136729664949586e-01
1.720964344466386908e+00 3.506039055957078654e-01
1.981510428623453279e+00 3.047752997433988975e-01
2.281501991234420323e+00 2.584854351875580103e-01
2.626910896261440254e+00 2.096967353901799391e-01
3.024613120395937216e+00 1.601319002604941755e-01
3.482525631566290691e+00 1.136389397812590102e-01
4.009763990221857810e+00 7.255243840745700945e-02
4.616823810726305766e+00 3.976459643165460717e-02
5.315789695171062590e+00 1.720552011217815411e-02
6.120575798806901169e+00 5.190338923759156911e-03
7.047202815975062151e+00 8.838385810420955856e-04
8.114116900434067858e+00 2.020217146939428982e-04
9.342556868756759059e+00 1.468479132836149651e-04
