1.075697699663223650e-02 0.000000000000000000e+00
1.238553382458278118e-02 0.000000000000000000e+00
1.426064666382671070e-02 0.000000000000000000e+00
1.641964296015012773e-02 1.704699323256201069e+02
1.890550136289975008e-02 0.000000000000000000e+00
2.176770729120264605e-02 1.751704448571401826e+02
2.506323802897549025e-02 0.000000000000000000e+00
2.885769695878603880e-02 3.403225224225644752e+01
3.322661951350305148e-02 1.644619746579285788e+02
3.825697684301776480e-02 9.515663125268396527e+01
4.404890712918910212e-02 5.772919877577456305e+01
5.071770901390626474e-02 3.115339735446389469e+01
5.839613682298916419e-02 3.994289133625707677e+01
6.723704327642746059e-02 4.100446193822289587e+01
7.741642229279181719e-02 4.386751530957663903e+01
8.913691246023390524e-02 2.680398790368974105e+01
1.026318309168776088e-01 2.114212836223360981e+01
1.181698179421427075e-01 2.116197121046546670e+01
1.360601847178269652e-01 1.691163982581740299e+01
1.566590707156125806e-01 1.307746200862301933e+01
1.803765332847128977e-01 1.092847318657733879e+01
2.076847105704722196e-01 8.624052680900318180e+00
2.391272202612865216e-01 6.956236772333295626e+00
2.753299812625672471e-01 6.020441800133022880e+00
3.170136737223568923e-01 4.997565757202478309e+00
3.650080854474972436e-01 3.958989356642304891e+00
4.202686303012032054e-01 3.369983617310937873e+00
4.838953674100328062e-01 2.827320222867438115e+00
5.571548997912926238e-01 2.370467707912659261e+00
6.415055883318823149e-01 1.967235133113139467e+00
7.386265830475349237e-01 1.644851429321544378e+00
8.504512495411458151e-01 1.345743580129437733e+00
9.792056560731035031e-01 1.080800264451455162e+00
1.127452887397006887e+00 8.332372898534218253e-01
1.298144067506233235e+00 6.150636039868045968e-01
1.494677106989597437e+00 4.237714623468070707e-01
1.720964344466386908e+00 2.641101424372643280e-01
1.981510428623453279e+00 1.436365571210767855e-01
2.281501991234420323e+00 6.481093150022954053e-02
2.626910896261440254e+00 2.302862573474697902e-02
3.024613120395937216e+00 6.792672751089912954e-03
3.482525631566290691e+00 2.338278087108653681e-03
4.009763990221857810e+00 1.010192439514334250e-03
4.616823810726305766e+00 3.875921550345499478e-04
5.315789695171062590e+00 1.600078214155395244e-04
6.120575798806901169e+00 6.478166126401903476e-05
7.047202815975062151e+00 2.650185286428465687e-05
8.114116900434067858e+00 1.121873218434152592e-05
9.342556868756759059e+00 3.628488126646824415e-06
