1.075697699663223650e-02 0.000000000000000000e+00
1.238553382458278118e-02 0.000000000000000000e+00
1.426064666382671070e-02 0.000000000000000000e+00
1.641964296015012773e-02 1.701822293315762238e+02
1.890550136289975008e-02 0.000000000000000000e+00
2.176770729120264605e-02 1.747364989589966342e+02
2.506323802897549025e-02 0.000000000000000000e+00
2.885769695878603880e-02 3.392686231828957233e+01
3.322661951350305148e-02 1.638027672041837945e+02
3.825697684301776480e-02 9.470962518027508281e+01
4.404890712918910212e-02 5.739849248427321271e+01
5.071770901390626474e-02 3.093008199191832475e+01
5.839613682298916419e-02 3.958373164969207636e+01
6.723704327642746059e-02 4.059180946558900160e+01
7.741642229279181719e-02 4.323141319525152682e+01
8.913691246023390524e-02 2.628279501672733787e+01
1.026318309168776088e-01 2.069652589460266157e+01
1.181698179421427075e-01 2.057060231221522528e+01
1.360601847178269652e-01 1.634023618712224390e+01
1.566590707156125806e-01 1.253793455455776495e+01
1.803765332847128977e-01 1.036646856044722576e+01
2.076847105704722196e-01 8.121709919444970893e+00
2.391272202612865216e-01 6.461940710426087087e+00
2.753299812625672471e-01 5.509611697204246816e+00
3.170136737223568923e-01 4.534222002256901973e+00
3.650080854474972436e-01 3.544211988085767207e+00
4.202686303012032054e-01 2.993640177705536587e+00
4.838953674100328062e-01 2.518818342455823700e+00
5.571548997912926238e-01 2.129670885358850185e+00
6.415055883318823149e-01 1.814914884458326938e+00
7.386265830475349237e-01 1.590888544980277874e+00
8.504512495411458151e-01 1.397281948496867932e+00
9.792056560731035031e-01 1.240127173536509808e+00
1.127452887397006887e+00 1.097358629579398892e+00
1.298144067506233235e+00 9.802773141460527917e-01
1.494677106989597437e+00 8.724172358529352911e-01
1.720964344466386908e+00 7.687883472523252548e-01
1.981510428623453279e+00 6.669970895523700261e-01
2.281501991234420323e+00 5.657869937897059831e-01
2.626910896261440254e+00 4.573597858648106862e-01
3.024613120395937216e+00 3.492755352228368859e-01
3.482525631566290691e+00 2.459762484303339991e-01
4.009763990221857810e+00 1.554793481797022980e-01
4.616823810726305766e+00 8.396700708017273973e-02
5.315789695171062590e+00 3.593446535066729258e-02
6.120575798806901169e+00 1.081450068660028824e-02
7.047202815975062151e+00 1.930064861687954929e-03
8.114116900434067858e+00 4.672869745492907382e-04
9.342556868756759059e+00 2.876981252371352466e-04
