1.049270570993779128e-01 2.844732696718910159e-01
1.152666891313443437e-01 0.000000000000000000e+00
1.266252003114718971e-01 2.989811246920457966e-01
1.391029921545676451e-01 6.190078121863588079e-01
1.528103598553650910e-01 5.007064439060716632e-01
1.678684672230424946e-01 0.000000000000000000e+00
1.844104176869020839e-01 2.283841455689511746e-01
2.025824308401720231e-01 1.407033271132931973e-01
2.225451349217781316e-01 8.260582681079914336e-02
2.444749866607454081e-01 7.067310179384141133e-02
2.685658310336883070e-01 1.205621484934681076e-01
2.950306147225855158e-01 6.789894189662139257e-02
3.241032684186404556e-01 7.243105018585009602e-02
3.560407746105134219e-01 5.519479937490532478e-02
3.911254391347682158e-01 4.662546811560813048e-02
4.296673865674934811e-01 3.125838082243195121e-02
4.720073015146639683e-01 2.902567793603812174e-02
5.185194400323847042e-01 2.677149820364579241e-02
5.696149377959250915e-01 2.110885171844923552e-02
6.257454442595075106e-01 1.352695769069310779e-02
6.874071149303513373e-01 1.345184241423215930e-02
7.551449970459608307e-01 1.030675831530527241e-02
8.295578474210610898e-01 7.944975552352469272e-03
9.113034250506731881e-01 6.922783825261015836e-03
1.001104305252339843e+00 5.338128172769955604e-03
1.099754266740566422e+00 4.433070891042979744e-03
1.208125308090871375e+00 3.739954246885557332e-03
1.327175355614216734e+00 2.877314577790658374e-03
1.457956730774185417e+00 2.331401831394190344e-03
1.601625451993120341e+00 1.836552908628520057e-03
1.759451453068861415e+00 1.498450738183718708e-03
1.932829808525935888e+00 1.189032212245707144e-03
2.123293065125675394e+00 9.389389766420429013e-04
2.332524788537422733e+00 7.432347207000395296e-04
2.562374444914187865e+00 5.792520304172343133e-04
2.814873748915767138e+00 4.503854464424060793e-04
3.092254622684726506e+00 3.531925807214629986e-04
3.396968924520385791e+00 2.677833966766821235e-04
3.731710121638871946e+00 2.045906936458323326e-04
4.099437098591694806e+00 1.530503986422428935e-04
4.503400311793083866e+00 1.114796718751509682e-04
4.947170521344300909e+00 8.038916461056264031e-05
5.434670354124753189e+00 5.591060867412118117e-05
5.970208977146132412e+00 3.811262089272420803e-05
6.558520187658483991e+00 2.491288068937609924e-05
7.204804256698806419e+00 1.565953788070869292e-05
7.914773895950728999e+00 9.453337635083954539e-06
8.694704754231029398e+00 5.422950031925768158e-06
9.551490889957609198e+00 2.968335182778577818e-06
