1.075697699663223650e-02 0.000000000000000000e+00
1.238553382458278118e-02 0.000000000000000000e+00
1.426064666382671070e-02 0.000000000000000000e+00
1.641964296015012773e-02 2.390002353772752830e+00
1.890550136289975008e-02 0.000000000000000000e+00
2.176770729120264605e-02 2.479760375035823472e+00
2.506323802897549025e-02 0.000000000000000000e+00
2.885769695878603880e-02 4.661143567849884151e-01
3.322661951350305148e-02 2.355755738606542860e+00
3.825697684301776480e-02 1.384899985648081921e+00
4.404890712918910212e-02 7.982752967268185174e-01
5.071770901390626474e-02 4.775040400976681698e-01
5.839613682298916419e-02 5.825919365080894918e-01
6.723704327642746059e-02 5.593821121489758186e-01
7.741642229279181719e-02 6.359726400742129471e-01
8.913691246023390524e-02 4.212460067632503025e-01
1.026318309168776088e-01 3.040663807219208259e-01
1.181698179421427075e-01 2.894943256153480471e-01
1.360601847178269652e-01 2.349444065685886152e-01
1.566590707156125806e-01 1.641796407803166324e-01
1.803765332847128977e-01 1.326087976111402500e-01
2.076847105704722196e-01 9.490294470725417486e-02
2.391272202612865216e-01 7.452353586169981059e-02
2.753299812625672471e-01 5.902101899598689860e-02
3.170136737223568923e-01 4.400043331517285855e-02
3.650080854474972436e-01 3.214769087876131332e-02
4.202686303012032054e-01 2.423771231468761431e-02
4.838953674100328062e-01 1.769836293813775371e-02
5.571548997912926238e-01 1.290785553448169261e-02
6.415055883318823149e-01 9.357307969395324901e-03
7.386265830475349237e-01 6.627587399206443831e-03
8.504512495411458151e-01 4.697730546178764330e-03
9.792056560731035031e-01 3.285318190431199634e-03
1.127452887397006887e+00 2.227160023416207939e-03
1.298144067506233235e+00 1.480327955929593977e-03
1.494677106989597437e+00 9.539400922190144523e-04
1.720964344466386908e+00 5.874881042548304056e-04
1.981510428623453279e+00 3.418013312488934704e-04
2.281501991234420323e+00 1.842019708986318842e-04
2.626910896261440254e+00 8.985206116232704048e-05
3.024613120395937216e+00 3.827828319810178473e-05
3.482525631566290691e+00 1.368713809149560660e-05
4.009763990221857810e+00 3.926983509933462548e-06
4.616823810726305766e+00 8.758556023299798331e-07
5.315789695171062590e+00 1.636769296366422958e-07
6.120575798806901169e+00 3.931397271178116959e-08
7.047202815975062151e+00 1.639493165365120942e-08
8.114116900434067858e+00 7.364909681231201863e-09
9.342556868756759059e+00 1.408780996359781070e-09
