1.049270570993779128e-01 1.939890232808770820e-01
1.152666891313443437e-01 0.000000000000000000e+00
1.266252003114718971e-01 2.056179911200063104e-01
1.391029921545676451e-01 4.256166503415256264e-01
1.528103598553650910e-01 3.440396873315797466e-01
1.678684672230424946e-01 0.000000000000000000e+00
1.844104176869020839e-01 1.558638211400759921e-01
2.025824308401720231e-01 9.708235140355087056e-02
2.225451349217781316e-01 5.695726796895891897e-02
2.444749866607454081e-01 4.814280582703078099e-02
2.685658310336883070e-01 8.193298995828265929e-02
2.950306147225855158e-01 4.643434894402829333e-02
3.241032684186404556e-01 4.953559170106832527e-02
3.560407746105134219e-01 3.798317938786464898e-02
3.911254391347682158e-01 3.200451561812134305e-02
4.296673865674934811e-01 2.138130141267214138e-02
4.720073015146639683e-01 1.970747423140438784e-02
5.185194400323847042e-01 1.798426267525543229e-02
5.696149377959250915e-01 1.429806553671398792e-02
6.257454442595075106e-01 9.106271039345747997e-03
6.874071149303513373e-01 9.053048636114171058e-03
7.551449970459608307e-01 6.877751756964970396e-03
8.295578474210610898e-01 5.308055970799146692e-03
9.113034250506731881e-01 4.609342406093527508e-03
1.001104305252339843e+00 3.547630716519758858e-03
1.099754266740566422e+00 2.921105629062794706e-03
1.208125308090871375e+00 2.452457749596770840e-03
1.327175355614216734e+00 1.875986402303334803e-03
1.457956730774185417e+00 1.512166152033510465e-03
1.601625451993120341e+00 1.184177848735198674e-03
1.759451453068861415e+00 9.581507302052380244e-04
1.932829808525935888e+00 7.497673005693878800e-04
2.123293065125675394e+00 5.884050630359837289e-04
2.332524788537422733e+00 4.591926322639412663e-04
2.562374444914187865e+00 3.545480746661118835e-04
2.814873748915767138e+00 2.711146522952587483e-04
3.092254622684726506e+00 2.094428484917324460e-04
3.396968924520385791e+00 1.557905875517710684e-04
3.731710121638871946e+00 1.166327047676811489e-04
4.099437098591694806e+00 8.523640916527305573e-05
4.503400311793083866e+00 6.029951270171971574e-05
4.947170521344300909e+00 4.208852501900473968e-05
5.434670354124753189e+00 2.823365359634270297e-05
5.970208977146132412e+00 1.842061650526726719e-05
6.558520187658483991e+00 1.143707706227957271e-05
7.204804256698806419e+00 6.763540760127453223e-06
7.914773895950728999e+00 3.800778772443630293e-06
8.694704754231029398e+00 2.002908207397628328e-06
9.551490889957609198e+00 9.919851347306203999e-07
