1.049270570993779128e-01 6.907123239331295572e+00
1.152666891313443437e-01 2.254967878160230299e+01
1.266252003114718971e-01 1.142121315021471872e+01
1.391029921545676451e-01 1.782254685752137036e+01
1.528103598553650910e-01 8.932003172279255665e+00
1.678684672230424946e-01 1.163559454859000297e+01
1.844104176869020839e-01 8.020108842261230109e+00
2.025824308401720231e-01 9.188246144815231276e+00
2.225451349217781316e-01 6.772814814380374138e+00
2.444749866607454081e-01 6.667198930780106281e+00
2.685658310336883070e-01 4.353692184812152810e+00
2.950306147225855158e-01 4.326037088719687063e+00
3.241032684186404556e-01 3.974749707391664444e+00
3.560407746105134219e-01 3.277414257735749459e+00
3.911254391347682158e-01 2.924422064753101846e+00
4.296673865674934811e-01 2.723560773990505890e+00
4.720073015146639683e-01 2.228153991146999857e+00
5.185194400323847042e-01 2.091128616266232587e+00
5.696149377959250915e-01 1.731596511202005306e+00
6.257454442595075106e-01 1.707246343582814241e+00
6.874071149303513373e-01 1.528223293613795386e+00
7.551449970459608307e-01 1.385484707557953277e+00
8.295578474210610898e-01 1.264156915345883370e+00
9.113034250506731881e-01 1.190032575235267620e+00
1.001104305252339843e+00 1.107003066940263736e+00
1.099754266740566422e+00 1.030624010081764297e+00
1.208125308090871375e+00 9.739203195491256126e-01
1.327175355614216734e+00 9.208199583790382947e-01
1.457956730774185417e+00 8.707523795953970858e-01
1.601625451993120341e+00 8.338241667401213864e-01
1.759451453068861415e+00 8.139316184401242937e-01
1.932829808525935888e+00 7.802435969749896838e-01
2.123293065125675394e+00 7.408213978556801305e-01
2.332524788537422733e+00 7.147484870351579200e-01
2.562374444914187865e+00 6.872302254712026048e-01
2.814873748915767138e+00 6.580878289301737016e-01
3.092254622684726506e+00 6.301444499995023651e-01
3.396968924520385791e+00 6.067825850011069333e-01
3.731710121638871946e+00 5.834788305744289527e-01
4.099437098591694806e+00 5.573173358135248279e-01
4.503400311793083866e+00 5.322581300040989394e-01
4.947170521344300909e+00 5.063438136301074977e-01
5.434670354124753189e+00 4.828887829499391438e-01
5.970208977146132412e+00 4.601049419031736920e-01
6.558520187658483991e+00 4.374440555895661165e-01
7.204804256698806419e+00 4.158268157456488368e-01
7.914773895950728999e+00 3.936831451934934556e-01
8.694704754231029398e+00 3.733143142609959830e-01
9.551490889957609198e+00 3.540470089618745209e-01
