1.075697699663223650e-02 0.000000000000000000e+00
1.238553382458278118e-02 0.000000000000000000e+00
1.426064666382671070e-02 0.000000000000000000e+00
1.641964296015012773e-02 0.000000000000000000e+00
1.890550136289975008e-02 0.000000000000000000e+00
2.176770729120264605e-02 0.000000000000000000e+00
2.506323802897549025e-02 0.000000000000000000e+00
2.885769695878603880e-02 0.000000000000000000e+00
3.322661951350305148e-02 1.711404832075596572e+00
3.825697684301776480e-02 0.000000000000000000e+00
4.404890712918910212e-02 1.347685876492351165e+00
5.071770901390626474e-02 0.000000000000000000e+00
5.839613682298916419e-02 2.375790361201756962e-01
6.723704327642746059e-02 1.206651968123246599e+00
7.741642229279181719e-02 7.032730431540537008e-01
8.913691246023390524e-02 3.595986059758973230e-01
1.026318309168776088e-01 1.968662989318539225e-01
1.181698179421427075e-01 2.196076829215489190e-01
1.360601847178269652e-01 2.655647303858753583e-01
1.566590707156125806e-01 1.464207115975511841e-01
1.803765332847128977e-01 1.336329786046621948e-01
2.076847105704722196e-01 1.155239913359096260e-01
2.391272202612865216e-01 8.701143732684236964e-02
2.753299812625672471e-01 5.429118817645344625e-02
3.170136737223568923e-01 4.548145260973587151e-02
3.650080854474972436e-01 3.337068457173838348e-02
4.202686303012032054e-01 2.360497140727084442e-02
4.838953674100328062e-01 1.833066984967952548e-02
5.571548997912926238e-01 1.374436981010441518e-02
6.415055883318823149e-01 1.004208649638395519e-02
7.386265830475349237e-01 7.340096374632883690e-03
8.504512495411458151e-01 5.273903382810108190e-03
9.792056560731035031e-01 3.910231272270273291e-03
1.127452887397006887e+00 2.802416782935429878e-03
1.298144067506233235e+00 2.003668627981538847e-03
1.494677106989597437e+00 1.423194402083854948e-03
1.720964344466386908e+00 1.018933114312864157e-03
1.981510428623453279e+00 7.167331083638504418e-04
2.281501991234420323e+00 4.968435032627649709e-04
2.626910896261440254e+00 3.410816991778438997e-04
3.024613120395937216e+00 2.303447021715089279e-04
3.482525631566290691e+00 1.516027400877888263e-04
4.009763990221857810e+00 9.656145626943470918e-05
4.616823810726305766e+00 5.884298524305434021e-05
5.315789695171062590e+00 3.391475740793894648e-05
6.120575798806901169e+00 1.810244818448500850e-05
7.047202815975062151e+00 8.829198489412223004e-06
8.114116900434067858e+00 3.859471124230136235e-06
9.342556868756759059e+00 1.499904809693645873e-06
