1.075697699663223650e-02 0.000000000000000000e+00
1.238553382458278118e-02 0.000000000000000000e+00
1.426064666382671070e-02 0.000000000000000000e+00
1.641964296015012773e-02 0.000000000000000000e+00
1.890550136289975008e-02 0.000000000000000000e+00
2.176770729120264605e-02 0.000000000000000000e+00
2.506323802897549025e-02 0.000000000000000000e+00
2.885769695878603880e-02 0.000000000000000000e+00
3.322661951350305148e-02 1.716783791673130333e+00
3.825697684301776480e-02 0.000000000000000000e+00
4.404890712918910212e-02 1.351586273554580497e+00
5.071770901390626474e-02 0.000000000000000000e+00
5.839613682298916419e-02 2.384657486649019165e-01
6.723704327642746059e-02 1.208982374303826157e+00
7.741642229279181719e-02 7.044687620919500848e-01
8.913691246023390524e-02 3.606146090018323425e-01
1.026318309168776088e-01 1.966982114692796269e-01
1.181698179421427075e-01 2.199105010968115392e-01
1.360601847178269652e-01 2.656939539414380769e-01
1.566590707156125806e-01 1.465547585147948806e-01
1.803765332847128977e-01 1.332432877386952597e-01
2.076847105704722196e-01 1.149888261881557155e-01
2.391272202612865216e-01 8.675513459427031115e-02
2.753299812625672471e-01 5.396695654429183725e-02
3.170136737223568923e-01 4.508663341640994221e-02
3.650080854474972436e-01 3.295692059084261161e-02
4.202686303012032054e-01 2.317368284875228820e-02
4.838953674100328062e-01 1.785444718156049132e-02
5.571548997912926238e-01 1.327683708390510649e-02
6.415055883318823149e-01 9.565112864845994045e-03
7.386265830475349237e-01 6.873271200390150028e-03
8.504512495411458151e-01 4.818416967976565067e-03
9.792056560731035031e-01 3.467291629326985439e-03
1.127452887397006887e+00 2.382784367772844934e-03
1.298144067506233235e+00 1.608556207725933811e-03
1.494677106989597437e+00 1.060319861256622549e-03
1.720964344466386908e+00 6.863654163544204287e-04
1.981510428623453279e+00 4.216975338398309134e-04
2.281501991234420323e+00 2.441974866255908769e-04
2.626910896261440254e+00 1.310730897462602249e-04
3.024613120395937216e+00 6.353154310527240982e-05
3.482525631566290691e+00 2.660863747540585347e-05
4.009763990221857810e+00 9.147295919543396820e-06
4.616823810726305766e+00 2.459998241956766519e-06
5.315789695171062590e+00 5.645855144484381231e-07
6.120575798806901169e+00 1.669018714680557720e-07
7.047202815975062151e+00 5.854882632941155771e-08
8.114116900434067858e+00 1.328206779316987491e-08
9.342556868756759059e+00 3.078532520008509801e-09
