1.075697699663223650e-02 0.000000000000000000e+00
1.238553382458278118e-02 0.000000000000000000e+00
1.426064666382671070e-02 0.000000000000000000e+00
1.641964296015012773e-02 0.000000000000000000e+00
1.890550136289975008e-02 0.000000000000000000e+00
2.176770729120264605e-02 0.000000000000000000e+00
2.506323802897549025e-02 0.000000000000000000e+00
2.885769695878603880e-02 0.000000000000000000e+00
3.322661951350305148e-02 1.715128539938235441e+00
3.825697684301776480e-02 0.000000000000000000e+00
4.404890712918910212e-02 1.350429529206390589e+00
5.071770901390626474e-02 0.000000000000000000e+00
5.839613682298916419e-02 2.382798986082368953e-01
6.723704327642746059e-02 1.208372736098309197e+00
7.741642229279181719e-02 7.041971544618390588e-01
8.913691246023390524e-02 3.605681050772910345e-01
1.026318309168776088e-01 1.967362639837993143e-01
1.181698179421427075e-01 2.200105066557022371e-01
1.360601847178269652e-01 2.659812872708434695e-01
1.566590707156125806e-01 1.468101634956196777e-01
1.803765332847128977e-01 1.335872649032711634e-01
2.076847105704722196e-01 1.154271430025273215e-01
2.391272202612865216e-01 8.723265305175872952e-02
2.753299812625672471e-01 5.437218267068647665e-02
3.170136737223568923e-01 4.554814051727022056e-02
3.650080854474972436e-01 3.341950065070814491e-02
4.202686303012032054e-01 2.361154979005624863e-02
4.838953674100328062e-01 1.830873471491422516e-02
5.571548997912926238e-01 1.373005780650600818e-02
6.415055883318823149e-01 1.000221371822042522e-02
7.386265830475349237e-01 7.296190071515228776e-03
8.504512495411458151e-01 5.216220339208161270e-03
9.792056560731035031e-01 3.852225377768656121e-03
1.127452887397006887e+00 2.740627741716050812e-03
1.298144067506233235e+00 1.937283654673735726e-03
1.494677106989597437e+00 1.357625221373566504e-03
1.720964344466386908e+00 9.535042866153390848e-04
1.981510428623453279e+00 6.534120183474791599e-04
2.281501991234420323e+00 4.378074152261122467e-04
2.626910896261440254e+00 2.864181292301069565e-04
3.024613120395937216e+00 1.816402667500146033e-04
3.482525631566290691e+00 1.098541617350863922e-04
4.009763990221857810e+00 6.251441245180697952e-05
4.616823810726305766e+00 3.279207828186855704e-05
5.315789695171062590e+00 1.554023490319650399e-05
6.120575798806901169e+00 6.440023846139344186e-06
7.047202815975062151e+00 2.278602941353079818e-06
8.114116900434067858e+00 6.716975708592510128e-07
9.342556868756759059e+00 1.651924550855748889e-07
