1.049270570993779128e-01 1.942262207478146485e-01
1.152666891313443437e-01 0.000000000000000000e+00
1.266252003114718971e-01 2.057619108641943750e-01
1.391029921545676451e-01 4.255578906981423715e-01
1.528103598553650910e-01 3.438555827253352848e-01
1.678684672230424946e-01 0.000000000000000000e+00
1.844104176869020839e-01 1.555901167028177490e-01
2.025824308401720231e-01 9.679308261346243614e-02
2.225451349217781316e-01 5.671988189448960022e-02
2.444749866607454081e-01 4.791485249657110451e-02
2.685658310336883070e-01 8.137356548047149085e-02
2.950306147225855158e-01 4.602351466070725428e-02
3.241032684186404556e-01 4.898032214557312969e-02
3.560407746105134219e-01 3.743961439041307987e-02
3.911254391347682158e-01 3.143150010679000156e-02
4.296673865674934811e-01 2.091636240446986816e-02
4.720073015146639683e-01 1.919062515693709808e-02
5.185194400323847042e-01 1.740687207585820198e-02
5.696149377959250915e-01 1.373269762820385903e-02
6.257454442595075106e-01 8.670258425133834518e-03
6.874071149303513373e-01 8.529222085334596526e-03
7.551449970459608307e-01 6.396362287595038117e-03
8.295578474210610898e-01 4.863049194718672107e-03
9.113034250506731881e-01 4.141800321779453946e-03
1.001104305252339843e+00 3.117265154093475533e-03
1.099754266740566422e+00 2.498968304212757265e-03
1.208125308090871375e+00 2.030582712851912008e-03
1.327175355614216734e+00 1.491405097133231914e-03
1.457956730774185417e+00 1.144740797231780802e-03
1.601625451993120341e+00 8.446659279226448411e-04
1.759451453068861415e+00 6.363497312701139365e-04
1.932829808525935888e+00 4.561643129257808332e-04
2.123293065125675394e+00 3.214966711021700918e-04
2.332524788537422733e+00 2.200266238069107597e-04
2.562374444914187865e+00 1.443741358077058035e-04
2.814873748915767138e+00 9.027757054380481749e-05
3.092254622684726506e+00 5.411641286939056005e-05
3.396968924520385791e+00 2.923361155927990462e-05
3.731710121638871946e+00 1.458941372474241998e-05
4.099437098591694806e+00 6.287451914656166987e-06
4.503400311793083866e+00 2.271284499240129561e-06
4.947170521344300909e+00 7.255764535802127121e-07
5.434670354124753189e+00 3.065042902780092324e-07
5.970208977146132412e+00 2.473846716596125998e-07
6.558520187658483991e+00 2.035401888194217926e-07
7.204804256698806419e+00 1.197499907435005208e-07
7.914773895950728999e+00 4.498314554374512733e-08
8.694704754231029398e+00 1.089778778114597591e-08
9.551490889957609198e+00 7.155459916587088440e-09
