1.049270570993779128e-01 1.646465100173001517e+01
1.152666891313443437e-01 0.000000000000000000e+00
1.266252003114718971e-01 1.222976128386031291e+01
1.391029921545676451e-01 2.492097035347652323e+01
1.528103598553650910e-01 2.015402348185481785e+01
1.678684672230424946e-01 0.000000000000000000e+00
1.844104176869020839e-01 1.246634498893947374e+01
2.025824308401720231e-01 6.646339776739148775e+00
2.225451349217781316e-01 4.164490150848970451e+00
2.444749866607454081e-01 3.952316231372079880e+00
2.685658310336883070e-01 7.529773921160071382e+00
2.950306147225855158e-01 3.147218174861131867e+00
3.241032684186404556e-01 5.044518310690362384e+00
3.560407746105134219e-01 3.039643744155621885e+00
3.911254391347682158e-01 3.142542103179983837e+00
4.296673865674934811e-01 2.538796015537076567e+00
4.720073015146639683e-01 2.442167951529490733e+00
5.185194400323847042e-01 2.360585197015159231e+00
5.696149377959250915e-01 2.183853260658620954e+00
6.257454442595075106e-01 1.593055326411248362e+00
6.874071149303513373e-01 1.651132378244939636e+00
7.551449970459608307e-01 1.485887058284625528e+00
8.295578474210610898e-01 1.439934154604503469e+00
9.113034250506731881e-01 1.409249135306769096e+00
1.001104305252339843e+00 1.233384592267565916e+00
1.099754266740566422e+00 1.167392183515958193e+00
1.208125308090871375e+00 1.197640880311081624e+00
1.327175355614216734e+00 1.139123824722849676e+00
1.457956730774185417e+00 1.093466934468742879e+00
1.601625451993120341e+00 1.040151137310300955e+00
1.759451453068861415e+00 1.002479584104788435e+00
1.932829808525935888e+00 9.488745918859864403e-01
2.123293065125675394e+00 9.245147636310505623e-01
2.332524788537422733e+00 9.064204741518756547e-01
2.562374444914187865e+00 8.829608728455462519e-01
2.814873748915767138e+00 8.410312258325792767e-01
3.092254622684726506e+00 8.115838156619993304e-01
3.396968924520385791e+00 7.700634570722824090e-01
3.731710121638871946e+00 7.435045863810020306e-01
4.099437098591694806e+00 7.110878042891387585e-01
4.503400311793083866e+00 6.674828245651366343e-01
4.947170521344300909e+00 6.330284314479828200e-01
5.434670354124753189e+00 5.885929568914792798e-01
5.970208977146132412e+00 5.439180786914816768e-01
6.558520187658483991e+00 4.960494112379745246e-01
7.204804256698806419e+00 4.396037433919934845e-01
7.914773895950728999e+00 3.863008796458042848e-01
8.694704754231029398e+00 3.311056250808578350e-01
9.551490889957609198e+00 2.777892116432897351e-01
