1.049270570993779128e-01 1.636589327806411021e+01
1.152666891313443437e-01 0.000000000000000000e+00
1.266252003114718971e-01 1.217391038367173550e+01
1.391029921545676451e-01 2.496667046897740860e+01
1.528103598553650910e-01 2.016968225796848557e+01
1.678684672230424946e-01 0.000000000000000000e+00
1.844104176869020839e-01 1.251263605513606336e+01
2.025824308401720231e-01 6.675827526630898845e+00
2.225451349217781316e-01 4.221603458974819922e+00
2.444749866607454081e-01 3.975516768820912539e+00
2.685658310336883070e-01 7.608051304331118203e+00
2.950306147225855158e-01 3.182128981733538531e+00
3.241032684186404556e-01 5.145899264122865802e+00
3.560407746105134219e-01 3.100422162117888458e+00
3.911254391347682158e-01 3.209116516242807027e+00
4.296673865674934811e-01 2.609986395320941455e+00
4.720073015146639683e-01 2.509282933797097659e+00
5.185194400323847042e-01 2.442508078784282777e+00
5.696149377959250915e-01 2.223640521422298288e+00
6.257454442595075106e-01 1.631637937122679016e+00
6.874071149303513373e-01 1.680392964045390070e+00
7.551449970459608307e-01 1.513611823132613221e+00
8.295578474210610898e-01 1.441140714418444935e+00
9.113034250506731881e-01 1.402650336546238385e+00
1.001104305252339843e+00 1.194829439597409504e+00
1.099754266740566422e+00 1.106516562454508579e+00
1.208125308090871375e+00 1.111151697904016356e+00
1.327175355614216734e+00 1.028597808295995675e+00
1.457956730774185417e+00 9.725757539044810329e-01
1.601625451993120341e+00 8.936467699944646847e-01
1.759451453068861415e+00 8.392946527143678725e-01
1.932829808525935888e+00 7.650264048512588344e-01
2.123293065125675394e+00 7.047125065620940543e-01
2.332524788537422733e+00 6.469474672682659078e-01
2.562374444914187865e+00 5.934419868774873930e-01
2.814873748915767138e+00 5.348438448456492855e-01
3.092254622684726506e+00 4.865482564590201675e-01
3.396968924520385791e+00 4.253163930818656402e-01
3.731710121638871946e+00 3.765501741609282860e-01
4.099437098591694806e+00 3.321134685963317845e-01
4.503400311793083866e+00 2.851549362062432702e-01
4.947170521344300909e+00 2.422365635622414359e-01
5.434670354124753189e+00 2.036668461464198332e-01
5.970208977146132412e+00 1.663766301230602818e-01
6.558520187658483991e+00 1.339222827832217411e-01
7.204804256698806419e+00 1.045917045332390993e-01
7.914773895950728999e+00 7.984171759055430639e-02
8.694704754231029398e+00 5.922614632202743978e-02
9.551490889957609198e+00 4.281471661799571976e-02
