6.544794635508624503e-02 9.369889391685906332e+01
7.227521403122769139e-02 0.000000000000000000e+00
7.981467493141311542e-02 0.000000000000000000e+00
8.814062220078265619e-02 6.084620561195212929e+01
9.733509894786904204e-02 0.000000000000000000e+00
1.074887066897439181e-01 1.416459236269807676e+01
1.187014981309242045e-01 0.000000000000000000e+00
1.310839630733989514e-01 1.023782264136277931e+01
1.447581171728420657e-01 2.064326111044293199e+01
1.598587042695132077e-01 1.643023135986341998e+01
1.765345241415035293e-01 5.941604132872496891e+00
1.949498987638828562e-01 9.166496968277906277e+00
2.152862915221297468e-01 2.833823981419199889e+00
2.377440953354219566e-01 6.434832107367856047e+00
2.625446073097885136e-01 6.471866579147426357e+00
2.899322093791706356e-01 3.118152872487047755e+00
3.201767764222258617e-01 3.884979435124151337e+00
3.535763355842338473e-01 3.353481327716715921e+00
3.904600030088142271e-01 3.483487776299704297e+00
4.311912269177368140e-01 2.313984151534258515e+00
4.761713689958305684e-01 2.650011836166608514e+00
5.258436593716249163e-01 2.148831720000876633e+00
5.806975641657334819e-01 1.805031838229222974e+00
6.412736086443955319e-01 1.493684422107786292e+00
7.081687035050797663e-01 1.397586056514340314e+00
7.820420267788740221e-01 1.270180308743820596e+00
8.636215193093772502e-01 1.202154997432067773e+00
9.537110578139396111e-01 1.053045005699930092e+00
1.053198376209924181e+00 9.278470678325281273e-01
1.163063813262004587e+00 8.202437323442293149e-01
1.284389972749000020e+00 7.236883686625011913e-01
1.418372391340625871e+00 6.404278756956757190e-01
1.566331319304433034e+00 5.319522284231249509e-01
1.729724730128913146e+00 4.491033297329906637e-01
1.910162687258393888e+00 3.611969530688726726e-01
2.109423209508183739e+00 2.832999115490774100e-01
2.329469791496292075e+00 2.204808742581524095e-01
2.572470751736423367e+00 1.625481880024154668e-01
2.840820599046558925e+00 1.154978718540739246e-01
3.137163627815712896e+00 7.864901483197826726e-02
3.464419974634429522e+00 5.041369682909519617e-02
3.825814393048633910e+00 3.082421758234383038e-02
4.224908029980570134e+00 1.794975709226128910e-02
4.665633516938728853e+00 9.738832701226532787e-03
5.152333721802261124e+00 4.971951379948267788e-03
5.689804543036371065e+00 2.395024573628402528e-03
6.283342168028879016e+00 1.095824682858483534e-03
6.938795261227216571e+00 4.838076436774810512e-04
7.662622596332873570e+00 2.153704808970775776e-04
