1.075697699663223650e-02 0.000000000000000000e+00
1.238553382458278118e-02 0.000000000000000000e+00
1.426064666382671070e-02 0.000000000000000000e+00
1.641964296015012773e-02 0.000000000000000000e+00
1.890550136289975008e-02 0.000000000000000000e+00
2.176770729120264605e-02 0.000000000000000000e+00
2.506323802897549025e-02 0.000000000000000000e+00
2.885769695878603880e-02 0.000000000000000000e+00
3.322661951350305148e-02 1.715207239262203531e+00
3.825697684301776480e-02 0.000000000000000000e+00
4.404890712918910212e-02 1.350009218168568781e+00
5.071770901390626474e-02 0.000000000000000000e+00
5.839613682298916419e-02 2.378935730870047338e-01
6.723704327642746059e-02 1.206919328092862065e+00
7.741642229279181719e-02 7.030361318007869453e-01
8.913691246023390524e-02 3.590493459692879474e-01
1.026318309168776088e-01 1.963203581159299882e-01
1.181698179421427075e-01 2.186970303049667330e-01
1.360601847178269652e-01 2.637290093694693582e-01
1.566590707156125806e-01 1.449754874922224435e-01
1.803765332847128977e-01 1.318100088768070222e-01
2.076847105704722196e-01 1.133269020454724385e-01
2.391272202612865216e-01 8.470094960971004394e-02
2.753299812625672471e-01 5.237107547499373489e-02
3.170136737223568923e-01 4.333696410669293092e-02
3.650080854474972436e-01 3.125871952856996983e-02
4.202686303012032054e-01 2.163134909883191251e-02
4.838953674100328062e-01 1.631036888091190809e-02
5.571548997912926238e-01 1.176210485391053322e-02
6.415055883318823149e-01 8.161358567356636132e-03
7.386265830475349237e-01 5.560256284057445500e-03
8.504512495411458151e-01 3.640766281356091344e-03
9.792056560731035031e-01 2.382477138088174174e-03
1.127452887397006887e+00 1.440717404032754081e-03
1.298144067506233235e+00 8.166548549487510000e-04
1.494677106989597437e+00 4.208164233620074156e-04
1.720964344466386908e+00 1.916209868729575516e-04
1.981510428623453279e+00 6.977740591602894511e-05
2.281501991234420323e+00 1.801985991513074505e-05
2.626910896261440254e+00 3.273661318802161129e-06
3.024613120395937216e+00 2.211732061252265554e-06
3.482525631566290691e+00 2.392095246293626353e-06
4.009763990221857810e+00 1.125577658604082007e-06
4.616823810726305766e+00 1.834693835635828473e-07
5.315789695171062590e+00 1.987278727759605468e-07
6.120575798806901169e+00 1.858952997783873431e-07
7.047202815975062151e+00 3.370509415984747844e-08
8.114116900434067858e+00 2.445381944160816135e-08
9.342556868756759059e+00 1.230799440002573190e-08
