1.049270570993779128e-01 1.661133070427141689e+01
1.152666891313443437e-01 0.000000000000000000e+00
1.266252003114718971e-01 1.228891287533932442e+01
1.391029921545676451e-01 2.508666470978409180e+01
1.528103598553650910e-01 2.026774672170608227e+01
1.678684672230424946e-01 0.000000000000000000e+00
1.844104176869020839e-01 1.258823141602078444e+01
2.025824308401720231e-01 6.721296131529769013e+00
2.225451349217781316e-01 4.218565539648406748e+00
2.444749866607454081e-01 3.976596164447668169e+00
2.685658310336883070e-01 7.592728178670425265e+00
2.950306147225855158e-01 3.156899539171148295e+00
3.241032684186404556e-01 5.099902884049433816e+00
3.560407746105134219e-01 3.075908946947384148e+00
3.911254391347682158e-01 3.178733096350745413e+00
4.296673865674934811e-01 2.566270264695607484e+00
4.720073015146639683e-01 2.469347942207864133e+00
5.185194400323847042e-01 2.396413363237416050e+00
5.696149377959250915e-01 2.198974078662154330e+00
6.257454442595075106e-01 1.608551752417410441e+00
6.874071149303513373e-01 1.653520211217178515e+00
7.551449970459608307e-01 1.488457701804310584e+00
8.295578474210610898e-01 1.431856142439739132e+00
9.113034250506731881e-01 1.400400612751069751e+00
1.001104305252339843e+00 1.219196494045473145e+00
1.099754266740566422e+00 1.146626787970840722e+00
1.208125308090871375e+00 1.169117184568831069e+00
1.327175355614216734e+00 1.104008633925711358e+00
1.457956730774185417e+00 1.056810939652915060e+00
1.601625451993120341e+00 9.921347398831571462e-01
1.759451453068861415e+00 9.501492004243794476e-01
1.932829808525935888e+00 8.850269749918510120e-01
2.123293065125675394e+00 8.420867316986266893e-01
2.332524788537422733e+00 7.996371226146422595e-01
2.562374444914187865e+00 7.575117908835596880e-01
2.814873748915767138e+00 7.045086525031057922e-01
3.092254622684726506e+00 6.506507729752925018e-01
3.396968924520385791e+00 5.842737104488398003e-01
3.731710121638871946e+00 5.255401578547465036e-01
4.099437098591694806e+00 4.661450693732028250e-01
4.503400311793083866e+00 3.958582200994158473e-01
4.947170521344300909e+00 3.264208319356866617e-01
5.434670354124753189e+00 2.614456072014542110e-01
5.970208977146132412e+00 1.977496424489343652e-01
6.558520187658483991e+00 1.426227799770994620e-01
7.204804256698806419e+00 9.313929974774839970e-02
7.914773895950728999e+00 5.530188639974954745e-02
8.694704754231029398e+00 2.840880865828447968e-02
9.551490889957609198e+00 1.195724421500397351e-02
