1.075697699663223650e-02 0.000000000000000000e+00
1.238553382458278118e-02 0.000000000000000000e+00
1.426064666382671070e-02 0.000000000000000000e+00
1.641964296015012773e-02 0.000000000000000000e+00
1.890550136289975008e-02 0.000000000000000000e+00
2.176770729120264605e-02 0.000000000000000000e+00
2.506323802897549025e-02 0.000000000000000000e+00
2.885769695878603880e-02 0.000000000000000000e+00
3.322661951350305148e-02 1.214038850120199982e+02
3.825697684301776480e-02 0.000000000000000000e+00
4.404890712918910212e-02 9.355485634867734746e+01
5.071770901390626474e-02 0.000000000000000000e+00
5.839613682298916419e-02 1.811015269400711603e+01
6.723704327642746059e-02 7.986091985601871102e+01
7.741642229279181719e-02 4.544408171111913219e+01
8.913691246023390524e-02 2.666777078466563822e+01
1.026318309168776088e-01 1.228530464660689958e+01
1.181698179421427075e-01 1.529458363373266572e+01
1.360601847178269652e-01 1.914171588029389781e+01
1.566590707156125806e-01 1.164466642237666072e+01
1.803765332847128977e-01 9.101976680402511732e+00
2.076847105704722196e-01 8.846601788219174978e+00
2.391272202612865216e-01 7.792117530903066580e+00
2.753299812625672471e-01 5.293933729405458699e+00
3.170136737223568923e-01 4.690058132834558968e+00
3.650080854474972436e-01 4.101685771059066177e+00
4.202686303012032054e-01 3.463904354867608948e+00
4.838953674100328062e-01 2.979460592542710451e+00
5.571548997912926238e-01 2.555132373820212077e+00
6.415055883318823149e-01 2.393069029948302617e+00
7.386265830475349237e-01 2.111200362392941177e+00
8.504512495411458151e-01 1.895613160827790855e+00
9.792056560731035031e-01 1.782330033061626962e+00
1.127452887397006887e+00 1.641395759408931898e+00
1.298144067506233235e+00 1.532197104426349599e+00
1.494677106989597437e+00 1.410514997584934482e+00
1.720964344466386908e+00 1.347240010903880236e+00
1.981510428623453279e+00 1.262332807306444149e+00
2.281501991234420323e+00 1.173464473396925278e+00
2.626910896261440254e+00 1.081751910736455269e+00
3.024613120395937216e+00 9.887811982472776151e-01
3.482525631566290691e+00 8.826756618978207625e-01
4.009763990221857810e+00 7.621441016594234785e-01
4.616823810726305766e+00 6.332674406255495159e-01
5.315789695171062590e+00 5.015815922496553725e-01
6.120575798806901169e+00 3.709130948466099476e-01
7.047202815975062151e+00 2.507316495763942110e-01
8.114116900434067858e+00 1.495940109518880123e-01
9.342556868756759059e+00 7.553206122793884592e-02
