1.049270570993779128e-01 1.564100361247513040e-04
1.152666891313443437e-01 0.000000000000000000e+00
1.266252003114718971e-01 1.620362787858071346e-04
1.391029921545676451e-01 6.887893498026774193e-05
1.528103598553650910e-01 2.754288452246312041e-04
1.678684672230424946e-01 0.000000000000000000e+00
1.844104176869020839e-01 7.380336840926366500e-05
2.025824308401720231e-01 7.903603620446518691e-05
2.225451349217781316e-01 2.517130809206265504e-05
2.444749866607454081e-01 4.698688727110559700e-06
2.685658310336883070e-01 1.851942219242096025e-05
2.950306147225855158e-01 1.384168938140921717e-05
3.241032684186404556e-01 1.858638442064620934e-05
3.560407746105134219e-01 1.021466664504686785e-05
3.911254391347682158e-01 1.371659051904471160e-05
4.296673865674934811e-01 1.019575428709589572e-05
4.720073015146639683e-01 4.881299963309778728e-06
5.185194400323847042e-01 5.066954909036350160e-06
5.696149377959250915e-01 4.339253031630015150e-06
6.257454442595075106e-01 2.854619091646701250e-06
6.874071149303513373e-01 2.334601931543438946e-06
7.551449970459608307e-01 1.673837860317846233e-06
8.295578474210610898e-01 1.364620353979953232e-06
9.113034250506731881e-01 1.181619410865278824e-06
1.001104305252339843e+00 8.620193601549272959e-07
1.099754266740566422e+00 5.982663677673364904e-07
1.208125308090871375e+00 5.080652347805321180e-07
1.327175355614216734e+00 3.602476361248387472e-07
1.457956730774185417e+00 2.715039113055334813e-07
1.601625451993120341e+00 1.781699484683572430e-07
1.759451453068861415e+00 1.199435626799331242e-07
1.932829808525935888e+00 7.269546896230409312e-08
2.123293065125675394e+00 4.290376619732220442e-08
2.332524788537422733e+00 2.255959276723287528e-08
2.562374444914187865e+00 1.145154363848213352e-08
2.814873748915767138e+00 5.106014722181298194e-09
3.092254622684726506e+00 1.951926388997172286e-09
3.396968924520385791e+00 6.589750322052899011e-10
3.731710121638871946e+00 1.790732289193425536e-10
4.099437098591694806e+00 3.920921397742543792e-11
4.503400311793083866e+00 7.046521789249058835e-12
4.947170521344300909e+00 1.061559701772027466e-12
5.434670354124753189e+00 1.561681443745903216e-13
5.970208977146132412e+00 2.461771223464345638e-14
6.558520187658483991e+00 3.938243688950279359e-15
7.204804256698806419e+00 7.757433796121890194e-16
7.914773895950728999e+00 3.142064249828314132e-16
8.694704754231029398e+00 2.015154757221419539e-16
9.551490889957609198e+00 1.224249187036664788e-16
