1.049270570993779128e-01 1.659372043694611776e+01
1.152666891313443437e-01 0.000000000000000000e+00
1.266252003114718971e-01 1.231075024968652087e+01
1.391029921545676451e-01 2.516084576633669556e+01
1.528103598553650910e-01 2.033543952733156246e+01
1.678684672230424946e-01 0.000000000000000000e+00
1.844104176869020839e-01 1.263201201026501685e+01
2.025824308401720231e-01 6.730689315674257323e+00
2.225451349217781316e-01 4.246747605152740412e+00
2.444749866607454081e-01 3.998763517582689886e+00
2.685658310336883070e-01 7.652599017384421387e+00
2.950306147225855158e-01 3.190504401582463512e+00
3.241032684186404556e-01 5.150061378232343223e+00
3.560407746105134219e-01 3.102577550252315408e+00
3.911254391347682158e-01 3.209617899018967435e+00
4.296673865674934811e-01 2.599224868880984474e+00
4.720073015146639683e-01 2.492464906174126416e+00
5.185194400323847042e-01 2.424976358222283856e+00
5.696149377959250915e-01 2.204165335703795137e+00
6.257454442595075106e-01 1.604223246071722953e+00
6.874071149303513373e-01 1.644171677287624034e+00
7.551449970459608307e-01 1.474608992212894432e+00
8.295578474210610898e-01 1.393887091285902047e+00
9.113034250506731881e-01 1.350176289336410429e+00
1.001104305252339843e+00 1.150518547605979824e+00
1.099754266740566422e+00 1.051413033252329488e+00
1.208125308090871375e+00 1.044098627674183488e+00
1.327175355614216734e+00 9.551143455033140883e-01
1.457956730774185417e+00 8.699297228469355936e-01
1.601625451993120341e+00 7.754399273824809091e-01
1.759451453068861415e+00 6.981768966971385604e-01
1.932829808525935888e+00 6.025681592153212529e-01
2.123293065125675394e+00 5.251377126322890332e-01
2.332524788537422733e+00 4.473939947663211347e-01
2.562374444914187865e+00 3.682733896538797347e-01
2.814873748915767138e+00 2.892362944130797420e-01
3.092254622684726506e+00 2.193452273195390656e-01
3.396968924520385791e+00 1.539157299761304276e-01
3.731710121638871946e+00 1.015166461851379487e-01
4.099437098591694806e+00 6.107975297819280558e-02
4.503400311793083866e+00 3.216337994565926506e-02
4.947170521344300909e+00 1.460696919692620541e-02
5.434670354124753189e+00 5.675894924937470269e-03
5.970208977146132412e+00 2.148150891864569322e-03
6.558520187658483991e+00 1.156578357354225324e-03
7.204804256698806419e+00 8.243654269263626152e-04
7.914773895950728999e+00 5.092234340765411501e-04
8.694704754231029398e+00 2.483627668749379736e-04
9.551490889957609198e+00 1.261246565353467864e-04
