1.049270570993779128e-01 1.942129148901246827e-01
1.152666891313443437e-01 0.000000000000000000e+00
1.266252003114718971e-01 2.058844443098681309e-01
1.391029921545676451e-01 4.261634148157382729e-01
1.528103598553650910e-01 3.445012642322630159e-01
1.678684672230424946e-01 0.000000000000000000e+00
1.844104176869020839e-01 1.561007986416845794e-01
2.025824308401720231e-01 9.724593183352546466e-02
2.225451349217781316e-01 5.707010151498893846e-02
2.444749866607454081e-01 4.824168458053688241e-02
2.685658310336883070e-01 8.213456325802917513e-02
2.950306147225855158e-01 4.655138819401969524e-02
3.241032684186404556e-01 4.969170169328576692e-02
3.560407746105134219e-01 3.812128854670852190e-02
3.911254391347682158e-01 3.213921323659100354e-02
4.296673865674934811e-01 2.148750122312939256e-02
4.720073015146639683e-01 1.981979325468718675e-02
5.185194400323847042e-01 1.810465090767148302e-02
5.696149377959250915e-01 1.441234801409559639e-02
6.257454442595075106e-01 9.192599879583573594e-03
6.874071149303513373e-01 9.155229809659694296e-03
7.551449970459608307e-01 6.970037519005596420e-03
8.295578474210610898e-01 5.392534609943521948e-03
9.113034250506731881e-01 4.698597239815300100e-03
1.001104305252339843e+00 3.630040615371304437e-03
1.099754266740566422e+00 3.002476781793053922e-03
1.208125308090871375e+00 2.534719130976605811e-03
1.327175355614216734e+00 1.951931830448733066e-03
1.457956730774185417e+00 1.586441557053493460e-03
1.601625451993120341e+00 1.254596417945850638e-03
1.759451453068861415e+00 1.027533019306798743e-03
1.932829808525935888e+00 8.158058073036321065e-04
2.123293065125675394e+00 6.518178849972090447e-04
2.332524788537422733e+00 5.197333308619326653e-04
2.562374444914187865e+00 4.121290419920052074e-04
2.814873748915767138e+00 3.254367598992405027e-04
3.092254622684726506e+00 2.614174813098458280e-04
3.396968924520385791e+00 2.041008900346688777e-04
3.731710121638871946e+00 1.620196860420443081e-04
4.099437098591694806e+00 1.273409509237771503e-04
4.503400311793083866e+00 9.834873300159997008e-05
4.947170521344300909e+00 7.645529548106595134e-05
5.434670354124753189e+00 5.843990705786446130e-05
5.970208977146132412e+00 4.459725960378622869e-05
6.558520187658483991e+00 3.342917001082014759e-05
7.204804256698806419e+00 2.467585175625895179e-05
7.914773895950728999e+00 1.794626175777680767e-05
8.694704754231029398e+00 1.270362562704885486e-05
9.551490889957609198e+00 8.761463819617710671e-06
