1.075697699663223650e-02 0.000000000000000000e+00
1.238553382458278118e-02 0.000000000000000000e+00
1.426064666382671070e-02 0.000000000000000000e+00
1.641964296015012773e-02 1.627340087380799503e+02
1.890550136289975008e-02 0.000000000000000000e+00
2.176770729120264605e-02 1.676272556363613546e+02
2.506323802897549025e-02 0.000000000000000000e+00
2.885769695878603880e-02 3.240161128208948327e+01
3.322661951350305148e-02 1.577814219420455402e+02
3.825697684301776480e-02 9.121441096743684795e+01
4.404890712918910212e-02 5.540917269992441874e+01
5.071770901390626474e-02 3.001497331735444973e+01
5.839613682298916419e-02 3.842185482288655862e+01
6.723704327642746059e-02 3.939973471366974422e+01
7.741642229279181719e-02 4.234153810706362719e+01
8.913691246023390524e-02 2.596401122257089966e+01
1.026318309168776088e-01 2.038039968141925939e+01
1.181698179421427075e-01 2.051869450579547305e+01
1.360601847178269652e-01 1.646236804954086708e+01
1.566590707156125806e-01 1.272161846063543678e+01
1.803765332847128977e-01 1.070358461100645009e+01
2.076847105704722196e-01 8.469235975425084106e+00
2.391272202612865216e-01 6.857307197494985296e+00
2.753299812625672471e-01 6.034920300503188173e+00
3.170136737223568923e-01 5.034914482895617382e+00
3.650080854474972436e-01 4.071482819429059319e+00
4.202686303012032054e-01 3.563646955584298670e+00
4.838953674100328062e-01 3.086254193393951351e+00
5.571548997912926238e-01 2.681902288447363336e+00
6.415055883318823149e-01 2.363495803613007151e+00
7.386265830475349237e-01 2.123650307022333372e+00
8.504512495411458151e-01 1.917815062110975299e+00
9.792056560731035031e-01 1.739277342488175560e+00
1.127452887397006887e+00 1.600790847368232184e+00
1.298144067506233235e+00 1.485765023553962116e+00
1.494677106989597437e+00 1.370322744328943632e+00
1.720964344466386908e+00 1.266998040876778697e+00
1.981510428623453279e+00 1.166286086879420703e+00
2.281501991234420323e+00 1.063123187437890138e+00
2.626910896261440254e+00 9.615548747211857261e-01
3.024613120395937216e+00 8.600552828011532869e-01
3.482525631566290691e+00 7.586339048409908026e-01
4.009763990221857810e+00 6.558449209151547832e-01
4.616823810726305766e+00 5.597066639754119111e-01
5.315789695171062590e+00 4.714418590812083365e-01
6.120575798806901169e+00 3.956373050695933813e-01
7.047202815975062151e+00 3.361014430770456474e-01
8.114116900434067858e+00 2.725296349130678641e-01
9.342556868756759059e+00 1.459699742628727259e-01
