1.075697699663223650e-02 0.000000000000000000e+00
1.238553382458278118e-02 0.000000000000000000e+00
1.426064666382671070e-02 0.000000000000000000e+00
1.641964296015012773e-02 1.674704288543586586e+02
1.890550136289975008e-02 0.000000000000000000e+00
2.176770729120264605e-02 1.720888013195669544e+02
2.506323802897549025e-02 0.000000000000000000e+00
2.885769695878603880e-02 3.342158723498721429e+01
3.322661951350305148e-02 1.617239862047244969e+02
3.825697684301776480e-02 9.352704045448533066e+01
4.404890712918910212e-02 5.679149541011070568e+01
5.071770901390626474e-02 3.065639762115457501e+01
5.839613682298916419e-02 3.933649415053287157e+01
6.723704327642746059e-02 4.043631034480484487e+01
7.741642229279181719e-02 4.330548573832228243e+01
8.913691246023390524e-02 2.647159585985300012e+01
1.026318309168776088e-01 2.092273817058421415e+01
1.181698179421427075e-01 2.101078419056932844e+01
1.360601847178269652e-01 1.682532779384870025e+01
1.566590707156125806e-01 1.307172851129129398e+01
1.803765332847128977e-01 1.098491477515061554e+01
2.076847105704722196e-01 8.712210922307729533e+00
2.391272202612865216e-01 7.078178617534481631e+00
2.753299812625672471e-01 6.184869162591098757e+00
3.170136737223568923e-01 5.189160637275017862e+00
3.650080854474972436e-01 4.170835742799558155e+00
4.202686303012032054e-01 3.605422014198600422e+00
4.838953674100328062e-01 3.080195876855301940e+00
5.571548997912926238e-01 2.642224693493543608e+00
6.415055883318823149e-01 2.250033394729263225e+00
7.386265830475349237e-01 1.942497528087778980e+00
8.504512495411458151e-01 1.651476046679197118e+00
9.792056560731035031e-01 1.390553196743098852e+00
1.127452887397006887e+00 1.143966794283451716e+00
1.298144067506233235e+00 9.217158760618090474e-01
1.494677106989597437e+00 7.164405790005529129e-01
1.720964344466386908e+00 5.334115938248521482e-01
1.981510428623453279e+00 3.764464256128606801e-01
2.281501991234420323e+00 2.494928531338543587e-01
2.626910896261440254e+00 1.529005370197451807e-01
3.024613120395937216e+00 8.546869667863496445e-02
3.482525631566290691e+00 4.301984352826487140e-02
4.009763990221857810e+00 1.931358388710152987e-02
4.616823810726305766e+00 7.684934298136032391e-03
5.315789695171062590e+00 2.708430727096586017e-03
6.120575798806901169e+00 8.576015576231803142e-04
7.047202815975062151e+00 2.582753843056023995e-04
8.114116900434067858e+00 8.133155106433112742e-05
9.342556868756759059e+00 1.813915326669415662e-05
