1.049270570993779128e-01 1.658134154972238505e+01
1.152666891313443437e-01 0.000000000000000000e+00
1.266252003114718971e-01 1.231169503760190231e+01
1.391029921545676451e-01 2.521534797398439665e+01
1.528103598553650910e-01 2.037304880323503653e+01
1.678684672230424946e-01 0.000000000000000000e+00
1.844104176869020839e-01 1.267033232545278310e+01
2.025824308401720231e-01 6.766814212989748611e+00
2.225451349217781316e-01 4.279724361017020584e+00
2.444749866607454081e-01 4.032178235292033897e+00
2.685658310336883070e-01 7.726083365406735126e+00
2.950306147225855158e-01 3.224183655939938831e+00
3.241032684186404556e-01 5.236765421965218437e+00
3.560407746105134219e-01 3.161681820816883537e+00
3.911254391347682158e-01 3.287216269791191081e+00
4.296673865674934811e-01 2.677116316943913610e+00
4.720073015146639683e-01 2.579282530650578220e+00
5.185194400323847042e-01 2.521039806915602366e+00
5.696149377959250915e-01 2.312379833536765350e+00
6.257454442595075106e-01 1.703390128905873935e+00
6.874071149303513373e-01 1.763200033691814106e+00
7.551449970459608307e-01 1.601308652701720403e+00
8.295578474210610898e-01 1.541696992988213832e+00
9.113034250506731881e-01 1.517404939888381543e+00
1.001104305252339843e+00 1.316022892521911070e+00
1.099754266740566422e+00 1.236072452524357157e+00
1.208125308090871375e+00 1.266686904268398361e+00
1.327175355614216734e+00 1.199851016933590087e+00
1.457956730774185417e+00 1.154896319231634383e+00
1.601625451993120341e+00 1.086252146532495910e+00
1.759451453068861415e+00 1.043273344721114659e+00
1.932829808525935888e+00 9.748146309533366471e-01
2.123293065125675394e+00 9.261440257479498506e-01
2.332524788537422733e+00 8.785959857488594427e-01
2.562374444914187865e+00 8.294097120091031838e-01
2.814873748915767138e+00 7.695934743333309180e-01
3.092254622684726506e+00 7.139951603500811483e-01
3.396968924520385791e+00 6.381784681531158521e-01
3.731710121638871946e+00 5.715758461614791619e-01
4.099437098591694806e+00 5.061034794325108832e-01
4.503400311793083866e+00 4.298559702942718608e-01
4.947170521344300909e+00 3.540208273024907926e-01
5.434670354124753189e+00 2.839833573564544134e-01
5.970208977146132412e+00 2.142059152594597837e-01
6.558520187658483991e+00 1.538207534742872529e-01
7.204804256698806419e+00 1.005883294695810726e-01
7.914773895950728999e+00 5.995530444791836999e-02
8.694704754231029398e+00 3.090183897512343777e-02
9.551490889957609198e+00 1.321836644321616738e-02
