1.049270570993779128e-01 1.617796279985012475e+01
1.152666891313443437e-01 0.000000000000000000e+00
1.266252003114718971e-01 1.211291180253826560e+01
1.391029921545676451e-01 2.481467996050596625e+01
1.528103598553650910e-01 2.006189195200801834e+01
1.678684672230424946e-01 0.000000000000000000e+00
1.844104176869020839e-01 1.239314130632927835e+01
2.025824308401720231e-01 6.602280793995563002e+00
2.225451349217781316e-01 4.170903172209614596e+00
2.444749866607454081e-01 3.962829829220519962e+00
2.685658310336883070e-01 7.572874043049542259e+00
2.950306147225855158e-01 3.184596818057388035e+00
3.241032684186404556e-01 5.114475430166526948e+00
3.560407746105134219e-01 3.085287099100205488e+00
3.911254391347682158e-01 3.197363779054322119e+00
4.296673865674934811e-01 2.607512201554479603e+00
4.720073015146639683e-01 2.516948976888177647e+00
5.185194400323847042e-01 2.444776730785770624e+00
5.696149377959250915e-01 2.260823100836474087e+00
6.257454442595075106e-01 1.663096361013916225e+00
6.874071149303513373e-01 1.737175369013230775e+00
7.551449970459608307e-01 1.575645305866780976e+00
8.295578474210610898e-01 1.530111093707289038e+00
9.113034250506731881e-01 1.501719847757236437e+00
1.001104305252339843e+00 1.308645378356114719e+00
1.099754266740566422e+00 1.240201444501096262e+00
1.208125308090871375e+00 1.274395349234717090e+00
1.327175355614216734e+00 1.214829808349595197e+00
1.457956730774185417e+00 1.176617623846345273e+00
1.601625451993120341e+00 1.123504224089993064e+00
1.759451453068861415e+00 1.087191107673327162e+00
1.932829808525935888e+00 1.031500625226793089e+00
2.123293065125675394e+00 1.004033413097741967e+00
2.332524788537422733e+00 9.793868261947568099e-01
2.562374444914187865e+00 9.516755975398770717e-01
2.814873748915767138e+00 9.060968524946872993e-01
3.092254622684726506e+00 8.811380931893693091e-01
3.396968924520385791e+00 8.337268186111342905e-01
3.731710121638871946e+00 8.072194469954477869e-01
4.099437098591694806e+00 7.791771633495858662e-01
4.503400311793083866e+00 7.370485588965728363e-01
4.947170521344300909e+00 6.987209904215889722e-01
5.434670354124753189e+00 6.497129378382340281e-01
5.970208977146132412e+00 6.003807103335160322e-01
6.558520187658483991e+00 5.444038828146012809e-01
7.204804256698806419e+00 4.845883543873604204e-01
7.914773895950728999e+00 4.265287770061104711e-01
8.694704754231029398e+00 3.673452926128102924e-01
9.551490889957609198e+00 3.088531570446490515e-01
