1.075697699663223650e-02 0.000000000000000000e+00
1.238553382458278118e-02 0.000000000000000000e+00
1.426064666382671070e-02 0.000000000000000000e+00
1.641964296015012773e-02 1.687721897453517670e+02
1.890550136289975008e-02 0.000000000000000000e+00
2.176770729120264605e-02 1.735725329902502381e+02
2.506323802897549025e-02 0.000000000000000000e+00
2.885769695878603880e-02 3.359924355728809786e+01
3.322661951350305148e-02 1.627455044230901535e+02
3.825697684301776480e-02 9.409555472995405978e+01
4.404890712918910212e-02 5.702922420166741801e+01
5.071770901390626474e-02 3.079343081626057810e+01
5.839613682298916419e-02 3.933524036309442096e+01
6.723704327642746059e-02 4.031931780844027458e+01
7.741642229279181719e-02 4.299290671026621169e+01
8.913691246023390524e-02 2.616950029742354999e+01
1.026318309168776088e-01 2.051494960314418137e+01
1.181698179421427075e-01 2.041236004584793662e+01
1.360601847178269652e-01 1.620906082138076343e+01
1.566590707156125806e-01 1.239351778610244992e+01
1.803765332847128977e-01 1.024400874390677174e+01
2.076847105704722196e-01 8.006816282110564842e+00
2.391272202612865216e-01 6.333563017575554177e+00
2.753299812625672471e-01 5.411002672101554722e+00
3.170136737223568923e-01 4.411449566149292956e+00
3.650080854474972436e-01 3.436909077652629652e+00
4.202686303012032054e-01 2.900227601783762932e+00
4.838953674100328062e-01 2.427228455129074369e+00
5.571548997912926238e-01 2.027706351835611986e+00
6.415055883318823149e-01 1.731612539079321111e+00
7.386265830475349237e-01 1.512052169090711606e+00
8.504512495411458151e-01 1.328174994582950852e+00
9.792056560731035031e-01 1.183672570295069670e+00
1.127452887397006887e+00 1.070404277494344525e+00
1.298144067506233235e+00 9.828093941221891505e-01
1.494677106989597437e+00 9.020193702547620873e-01
1.720964344466386908e+00 8.324737461789080140e-01
1.981510428623453279e+00 7.692063163702523854e-01
2.281501991234420323e+00 7.100854500520464851e-01
2.626910896261440254e+00 6.505182528436489475e-01
3.024613120395937216e+00 5.903892343419531175e-01
3.482525631566290691e+00 5.324831341325790834e-01
4.009763990221857810e+00 4.738078809696915084e-01
4.616823810726305766e+00 4.167007254677738137e-01
5.315789695171062590e+00 3.630734669287543626e-01
6.120575798806901169e+00 3.157575612313530122e-01
7.047202815975062151e+00 2.776341534924219312e-01
8.114116900434067858e+00 2.316617357777333019e-01
9.342556868756759059e+00 1.280706120970475648e-01
