1.075697699663223650e-02 0.000000000000000000e+00
1.238553382458278118e-02 0.000000000000000000e+00
1.426064666382671070e-02 0.000000000000000000e+00
1.641964296015012773e-02 1.673407044459323174e+02
1.890550136289975008e-02 0.000000000000000000e+00
2.176770729120264605e-02 1.719893797057690961e+02
2.506323802897549025e-02 0.000000000000000000e+00
2.885769695878603880e-02 3.339528244299863502e+01
3.322661951350305148e-02 1.616952005016805174e+02
3.825697684301776480e-02 9.353364619983078398e+01
4.404890712918910212e-02 5.676193880980489581e+01
5.071770901390626474e-02 3.068287677649610856e+01
5.839613682298916419e-02 3.933983067331342909e+01
6.723704327642746059e-02 4.040872684351842281e+01
7.741642229279181719e-02 4.331415815050861085e+01
8.913691246023390524e-02 2.651024924133520955e+01
1.026318309168776088e-01 2.092222357179315750e+01
1.181698179421427075e-01 2.099689796840875289e+01
1.360601847178269652e-01 1.682688229724225693e+01
1.566590707156125806e-01 1.305224356823388376e+01
1.803765332847128977e-01 1.096249350616298379e+01
2.076847105704722196e-01 8.681146181193685862e+00
2.391272202612865216e-01 7.041117568294255946e+00
2.753299812625672471e-01 6.154654604348751334e+00
3.170136737223568923e-01 5.146416612538527779e+00
3.650080854474972436e-01 4.132525878200778102e+00
4.202686303012032054e-01 3.569474125745652149e+00
4.838953674100328062e-01 3.044697842037479507e+00
5.571548997912926238e-01 2.606342355333414851e+00
6.415055883318823149e-01 2.216696596742314451e+00
7.386265830475349237e-01 1.909916142404037398e+00
8.504512495411458151e-01 1.621822490307371689e+00
9.792056560731035031e-01 1.362980227573643566e+00
1.127452887397006887e+00 1.120945186857738030e+00
1.298144067506233235e+00 9.033210110304188412e-01
1.494677106989597437e+00 7.029880932180833097e-01
1.720964344466386908e+00 5.246326282680799924e-01
1.981510428623453279e+00 3.713315062864317451e-01
2.281501991234420323e+00 2.465034099283458791e-01
2.626910896261440254e+00 1.511490651157826048e-01
3.024613120395937216e+00 8.456299564924563139e-02
3.482525631566290691e+00 4.261794000011589340e-02
4.009763990221857810e+00 1.918417208499155133e-02
4.616823810726305766e+00 7.636690254536632021e-03
5.315789695171062590e+00 2.689126635031482276e-03
6.120575798806901169e+00 8.520155841501206567e-04
7.047202815975062151e+00 2.572450583069899000e-04
8.114116900434067858e+00 8.122502117510804938e-05
9.342556868756759059e+00 1.809965151329972799e-05
