1.049270570993779128e-01 1.564116542258666949e-04
1.152666891313443437e-01 0.000000000000000000e+00
1.266252003114718971e-01 1.620329597120155564e-04
1.391029921545676451e-01 6.886775321457900862e-05
1.528103598553650910e-01 2.754269195428210668e-04
1.678684672230424946e-01 0.000000000000000000e+00
1.844104176869020839e-01 7.380411310810740721e-05
2.025824308401720231e-01 7.903615189178877219e-05
2.225451349217781316e-01 2.517385301169815969e-05
2.444749866607454081e-01 4.697212143159194128e-06
2.685658310336883070e-01 1.852211590407643304e-05
2.950306147225855158e-01 1.384298493373180146e-05
3.241032684186404556e-01 1.858628976278552073e-05
3.560407746105134219e-01 1.021472191789219801e-05
3.911254391347682158e-01 1.371641149617595570e-05
4.296673865674934811e-01 1.019558778900034042e-05
4.720073015146639683e-01 4.881051972182449629e-06
5.185194400323847042e-01 5.066809172459152156e-06
5.696149377959250915e-01 4.339146942786163378e-06
6.257454442595075106e-01 2.854553650831093858e-06
6.874071149303513373e-01 2.334582312121250920e-06
7.551449970459608307e-01 1.673816811343553243e-06
8.295578474210610898e-01 1.364351272065558093e-06
9.113034250506731881e-01 1.181648899987970838e-06
1.001104305252339843e+00 8.620111234355307607e-07
1.099754266740566422e+00 5.982692350271293543e-07
1.208125308090871375e+00 5.080563419778412771e-07
1.327175355614216734e+00 3.602455928503162166e-07
1.457956730774185417e+00 2.715055837074873319e-07
1.601625451993120341e+00 1.781683843426018259e-07
1.759451453068861415e+00 1.199420517400789731e-07
1.932829808525935888e+00 7.269419726504404943e-08
2.123293065125675394e+00 4.290303155680100925e-08
2.332524788537422733e+00 2.255912775245880817e-08
2.562374444914187865e+00 1.145127836907645218e-08
2.814873748915767138e+00 5.105872630473899837e-09
3.092254622684726506e+00 1.951833766482576069e-09
3.396968924520385791e+00 6.589320449589819010e-10
3.731710121638871946e+00 1.790652093639427211e-10
4.099437098591694806e+00 3.920674785102724957e-11
4.503400311793083866e+00 7.046251922176611730e-12
4.947170521344300909e+00 1.061517745838689626e-12
5.434670354124753189e+00 1.561751772333133758e-13
5.970208977146132412e+00 2.462478552767499494e-14
6.558520187658483991e+00 3.932908219092259895e-15
7.204804256698806419e+00 7.787618363421975481e-16
7.914773895950728999e+00 3.119295668307819317e-16
8.694704754231029398e+00 1.997980142813282402e-16
9.551490889957609198e+00 1.224249187036664788e-16
