1.075697699663223650e-02 0.000000000000000000e+00
1.238553382458278118e-02 0.000000000000000000e+00
1.426064666382671070e-02 0.000000000000000000e+00
1.641964296015012773e-02 0.000000000000000000e+00
1.890550136289975008e-02 0.000000000000000000e+00
2.176770729120264605e-02 0.000000000000000000e+00
2.506323802897549025e-02 0.000000000000000000e+00
2.885769695878603880e-02 0.000000000000000000e+00
3.322661951350305148e-02 1.148721584425319833e+02
3.825697684301776480e-02 0.000000000000000000e+00
4.404890712918910212e-02 8.873965292757625889e+01
5.071770901390626474e-02 0.000000000000000000e+00
5.839613682298916419e-02 1.712004385187990962e+01
6.723704327642746059e-02 7.629305929196898717e+01
7.741642229279181719e-02 4.346713657734290592e+01
8.913691246023390524e-02 2.544218605902599961e+01
1.026318309168776088e-01 1.166006090500692238e+01
1.181698179421427075e-01 1.459992854060880418e+01
1.360601847178269652e-01 1.838224654040626405e+01
1.566590707156125806e-01 1.113335872887214073e+01
1.803765332847128977e-01 8.691668829478645719e+00
2.076847105704722196e-01 8.403525716417009406e+00
2.391272202612865216e-01 7.442911496015869766e+00
2.753299812625672471e-01 5.043293016432564002e+00
3.170136737223568923e-01 4.472206183615313080e+00
3.650080854474972436e-01 3.869042691359790620e+00
4.202686303012032054e-01 3.249873988284021742e+00
4.838953674100328062e-01 2.845037279749905057e+00
5.571548997912926238e-01 2.415051699829938947e+00
6.415055883318823149e-01 2.295402421993318232e+00
7.386265830475349237e-01 1.997075524982370398e+00
8.504512495411458151e-01 1.783639455347194591e+00
9.792056560731035031e-01 1.671136111451691608e+00
1.127452887397006887e+00 1.522441500478308507e+00
1.298144067506233235e+00 1.413488935815256253e+00
1.494677106989597437e+00 1.312406760060507382e+00
1.720964344466386908e+00 1.255133861653730643e+00
1.981510428623453279e+00 1.184543832928924179e+00
2.281501991234420323e+00 1.109272410688189048e+00
2.626910896261440254e+00 1.045220192752783328e+00
3.024613120395937216e+00 9.749108884228794292e-01
3.482525631566290691e+00 9.152154537788197430e-01
4.009763990221857810e+00 8.510961670398639045e-01
4.616823810726305766e+00 7.841944261811453210e-01
5.315789695171062590e+00 7.173398962554263791e-01
6.120575798806901169e+00 6.510210596840177999e-01
7.047202815975062151e+00 5.881944557065998946e-01
8.114116900434067858e+00 5.300298016787998723e-01
9.342556868756759059e+00 4.785195179265614995e-01
