1.049270570993779128e-01 0.000000000000000000e+00
1.152666891313443437e-01 0.000000000000000000e+00
1.266252003114718971e-01 4.045124379912733303e+01
1.391029921545676451e-01 0.000000000000000000e+00
1.528103598553650910e-01 0.000000000000000000e+00
1.678684672230424946e-01 0.000000000000000000e+00
1.844104176869020839e-01 1.689551664091282390e+01
2.025824308401720231e-01 0.000000000000000000e+00
2.225451349217781316e-01 4.803214439404164260e+00
2.444749866607454081e-01 3.332062504384791346e+00
2.685658310336883070e-01 5.754964848713869152e+00
2.950306147225855158e-01 4.980439234196794906e+00
3.241032684186404556e-01 0.000000000000000000e+00
3.560407746105134219e-01 1.428985170907363322e+00
3.911254391347682158e-01 2.878629407776101878e+00
4.296673865674934811e-01 1.226443550746873612e+00
4.720073015146639683e-01 1.898432587968308383e+00
5.185194400323847042e-01 1.360681512946057437e+00
5.696149377959250915e-01 1.315510019282533971e+00
6.257454442595075106e-01 1.002564390889245427e+00
6.874071149303513373e-01 6.830991048350687489e-01
7.551449970459608307e-01 1.038544549196121602e+00
8.295578474210610898e-01 8.072659730290366875e-01
9.113034250506731881e-01 7.608133198199991121e-01
1.001104305252339843e+00 7.510000960966024541e-01
1.099754266740566422e+00 5.953756052686279832e-01
1.208125308090871375e+00 5.718762958808439878e-01
1.327175355614216734e+00 4.562764420959867784e-01
1.457956730774185417e+00 3.992580794834210134e-01
1.601625451993120341e+00 3.580889791737452144e-01
1.759451453068861415e+00 3.035624292353504838e-01
1.932829808525935888e+00 2.592705977403633733e-01
2.123293065125675394e+00 2.130816854472316058e-01
2.332524788537422733e+00 1.787205667683649524e-01
2.562374444914187865e+00 1.337413447001820077e-01
2.814873748915767138e+00 1.023784971644883524e-01
3.092254622684726506e+00 7.336748125254821673e-02
3.396968924520385791e+00 5.143260045199790631e-02
3.731710121638871946e+00 3.555561972726500181e-02
4.099437098591694806e+00 2.233988214468573749e-02
4.503400311793083866e+00 1.316579543612982767e-02
4.947170521344300909e+00 7.554802351093700338e-03
5.434670354124753189e+00 4.034123418405022136e-03
5.970208977146132412e+00 2.041311358176937409e-03
6.558520187658483991e+00 9.777180234413868857e-04
7.204804256698806419e+00 4.628967550336994291e-04
7.914773895950728999e+00 2.238460047677471893e-04
8.694704754231029398e+00 9.066696420838845445e-05
9.551490889957609198e+00 3.085742510429503340e-05
