1.075697699663223650e-02 0.000000000000000000e+00
1.238553382458278118e-02 0.000000000000000000e+00
1.426064666382671070e-02 0.000000000000000000e+00
1.641964296015012773e-02 0.000000000000000000e+00
1.890550136289975008e-02 0.000000000000000000e+00
2.176770729120264605e-02 0.000000000000000000e+00
2.506323802897549025e-02 0.000000000000000000e+00
2.885769695878603880e-02 0.000000000000000000e+00
3.322661951350305148e-02 1.151731807521032778e+02
3.825697684301776480e-02 0.000000000000000000e+00
4.404890712918910212e-02 8.894668131632454333e+01
5.071770901390626474e-02 0.000000000000000000e+00
5.839613682298916419e-02 1.716973755585863515e+01
6.723704327642746059e-02 7.643247751790929101e+01
7.741642229279181719e-02 4.355656304949951618e+01
8.913691246023390524e-02 2.548705227803845830e+01
1.026318309168776088e-01 1.167865252497525930e+01
1.181698179421427075e-01 1.462134836592298726e+01
1.360601847178269652e-01 1.841313074248602533e+01
1.566590707156125806e-01 1.115863011785784664e+01
1.803765332847128977e-01 8.711779581640511694e+00
2.076847105704722196e-01 8.419163899018707653e+00
2.391272202612865216e-01 7.458517503571830076e+00
2.753299812625672471e-01 5.053643393108540494e+00
3.170136737223568923e-01 4.480787212648086104e+00
3.650080854474972436e-01 3.877883614827289716e+00
4.202686303012032054e-01 3.257050084452632888e+00
4.838953674100328062e-01 2.850129667380324250e+00
5.571548997912926238e-01 2.421135159864212572e+00
6.415055883318823149e-01 2.299885048109193697e+00
7.386265830475349237e-01 2.002042695132477235e+00
8.504512495411458151e-01 1.787464472160785300e+00
9.792056560731035031e-01 1.675891207177943043e+00
1.127452887397006887e+00 1.526598770997445786e+00
1.298144067506233235e+00 1.418122254112671010e+00
1.494677106989597437e+00 1.315050371187312273e+00
1.720964344466386908e+00 1.258945839558716973e+00
1.981510428623453279e+00 1.187892879364712773e+00
2.281501991234420323e+00 1.113373176382695950e+00
2.626910896261440254e+00 1.051217061105861550e+00
3.024613120395937216e+00 9.814552354587159355e-01
3.482525631566290691e+00 9.228251590999010379e-01
4.009763990221857810e+00 8.588692240991785409e-01
4.616823810726305766e+00 7.931573272478787962e-01
5.315789695171062590e+00 7.261839026682929132e-01
6.120575798806901169e+00 6.590117870504842434e-01
7.047202815975062151e+00 5.964831108477987032e-01
8.114116900434067858e+00 5.380241745989433610e-01
9.342556868756759059e+00 4.858613234651587565e-01
