1.049270570993779128e-01 1.942089338203307758e-01
1.152666891313443437e-01 0.000000000000000000e+00
1.266252003114718971e-01 2.057312841788951074e-01
1.391029921545676451e-01 4.254655007308232317e-01
1.528103598553650910e-01 3.437669745275944710e-01
1.678684672230424946e-01 0.000000000000000000e+00
1.844104176869020839e-01 1.555266635136474118e-01
2.025824308401720231e-01 9.674244911581990347e-02
2.225451349217781316e-01 5.668615252121412401e-02
2.444749866607454081e-01 4.787834179204840390e-02
2.685658310336883070e-01 8.129280442813666130e-02
2.950306147225855158e-01 4.597095863353004019e-02
3.241032684186404556e-01 4.891068845828590306e-02
3.560407746105134219e-01 3.737359089854852545e-02
3.911254391347682158e-01 3.136099065223164201e-02
4.296673865674934811e-01 2.085955039309881839e-02
4.720073015146639683e-01 1.912846046186631246e-02
5.185194400323847042e-01 1.733854465368033643e-02
5.696149377959250915e-01 1.366515598880609431e-02
6.257454442595075106e-01 8.618394827122018154e-03
6.874071149303513373e-01 8.467629586866115554e-03
7.551449970459608307e-01 6.339162902940053204e-03
8.295578474210610898e-01 4.810538178730582037e-03
9.113034250506731881e-01 4.087983822844639542e-03
1.001104305252339843e+00 3.067983251744871732e-03
1.099754266740566422e+00 2.450292023198500594e-03
1.208125308090871375e+00 1.981950920618090559e-03
1.327175355614216734e+00 1.447938865057638112e-03
1.457956730774185417e+00 1.103544968317610696e-03
1.601625451993120341e+00 8.075120874500252245e-04
1.759451453068861415e+00 6.014786913445911839e-04
1.932829808525935888e+00 4.250610851106867969e-04
2.123293065125675394e+00 2.942198629265572194e-04
2.332524788537422733e+00 1.966382206284135795e-04
2.562374444914187865e+00 1.250217204883304902e-04
2.814873748915767138e+00 7.479479430239798681e-05
3.092254622684726506e+00 4.216145407262194211e-05
3.396968924520385791e+00 2.078059635230293544e-05
3.731710121638871946e+00 8.967857912063496916e-06
4.099437098591694806e+00 3.028952443962819065e-06
4.503400311793083866e+00 7.444682077657609858e-07
4.947170521344300909e+00 2.814085521570426265e-07
5.434670354124753189e+00 4.059055283722141136e-07
5.970208977146132412e+00 5.038211324519746080e-07
6.558520187658483991e+00 4.109139406243328085e-07
7.204804256698806419e+00 2.250755132017679631e-07
7.914773895950728999e+00 7.843824758295349851e-08
8.694704754231029398e+00 1.644638794104308740e-08
9.551490889957609198e+00 9.155796551924500110e-09
