1.049270570993779128e-01 1.490978160720042744e+01
1.152666891313443437e-01 0.000000000000000000e+00
1.266252003114718971e-01 1.132407918601239416e+01
1.391029921545676451e-01 2.322031967370077155e+01
1.528103598553650910e-01 1.877133415888565793e+01
1.678684672230424946e-01 0.000000000000000000e+00
1.844104176869020839e-01 1.142523105472131562e+01
2.025824308401720231e-01 6.027427722116179609e+00
2.225451349217781316e-01 3.788669186669418210e+00
2.444749866607454081e-01 3.642942783906076620e+00
2.685658310336883070e-01 6.927371924488286759e+00
2.950306147225855158e-01 2.949702023307902987e+00
3.241032684186404556e-01 4.593975267211597213e+00
3.560407746105134219e-01 2.750465211710359181e+00
3.911254391347682158e-01 2.801776559461508942e+00
4.296673865674934811e-01 2.277753177211558455e+00
4.720073015146639683e-01 2.172741320816778288e+00
5.185194400323847042e-01 2.076846289824223035e+00
5.696149377959250915e-01 1.882363885498229417e+00
6.257454442595075106e-01 1.346089774942268669e+00
6.874071149303513373e-01 1.389771582715993548e+00
7.551449970459608307e-01 1.214764196573755894e+00
8.295578474210610898e-01 1.140996611795717763e+00
9.113034250506731881e-01 1.058787643261453582e+00
1.001104305252339843e+00 8.761218545386390000e-01
1.099754266740566422e+00 7.801470749593663045e-01
1.208125308090871375e+00 7.411179266626826134e-01
1.327175355614216734e+00 6.432712493624576089e-01
1.457956730774185417e+00 5.542300063348977179e-01
1.601625451993120341e+00 4.702998736438698812e-01
1.759451453068861415e+00 3.940915009963198434e-01
1.932829808525935888e+00 3.171907801975561436e-01
2.123293065125675394e+00 2.578808094330844458e-01
2.332524788537422733e+00 2.028557160344366117e-01
2.562374444914187865e+00 1.544231312938676159e-01
2.814873748915767138e+00 1.132864247387263823e-01
3.092254622684726506e+00 8.114910257977600572e-02
3.396968924520385791e+00 5.449520137115107521e-02
3.731710121638871946e+00 3.595094197159873911e-02
4.099437098591694806e+00 2.259873311711025137e-02
4.503400311793083866e+00 1.338382937388951643e-02
4.947170521344300909e+00 7.737109263811156774e-03
5.434670354124753189e+00 4.283265773035755709e-03
5.970208977146132412e+00 2.317454997955004266e-03
6.558520187658483991e+00 1.239441549609029492e-03
7.204804256698806419e+00 6.825198505664899912e-04
7.914773895950728999e+00 4.021011687740282049e-04
8.694704754231029398e+00 1.816004516612983915e-04
9.551490889957609198e+00 6.913537103193752244e-05
