1.049270570993779128e-01 2.276364741785426027e+00
1.152666891313443437e-01 0.000000000000000000e+00
1.266252003114718971e-01 7.249862584202092508e-01
1.391029921545676451e-01 3.841460796602927941e-01
1.528103598553650910e-01 1.350603275241693269e-01
1.678684672230424946e-01 0.000000000000000000e+00
1.844104176869020839e-01 2.279904811596792161e-02
2.025824308401720231e-01 1.398935327303727980e-02
2.225451349217781316e-01 6.246669940218197402e-03
2.444749866607454081e-01 3.866340251099992156e-03
2.685658310336883070e-01 1.202531713834867474e-03
2.950306147225855158e-01 7.345790660921657726e-04
3.241032684186404556e-01 6.758156061102755423e-04
3.560407746105134219e-01 1.310388814916702536e-04
3.911254391347682158e-01 1.481906579453192688e-04
4.296673865674934811e-01 7.150063254634802677e-05
4.720073015146639683e-01 3.099796339790161028e-05
5.185194400323847042e-01 3.677866690138931584e-05
5.696149377959250915e-01 1.484882375629094843e-05
6.257454442595075106e-01 1.041933024654854208e-05
6.874071149303513373e-01 7.360709001150954435e-06
7.551449970459608307e-01 4.594257220616546422e-06
8.295578474210610898e-01 3.674439641491360465e-06
9.113034250506731881e-01 2.675716166326251306e-06
1.001104305252339843e+00 1.872029709530292724e-06
1.099754266740566422e+00 1.355908826243671102e-06
1.208125308090871375e+00 1.063211191701292970e-06
1.327175355614216734e+00 7.618422989304827086e-07
1.457956730774185417e+00 5.721713921480631472e-07
1.601625451993120341e+00 4.069450490073884710e-07
1.759451453068861415e+00 2.948982553118188178e-07
1.932829808525935888e+00 2.044443771540651471e-07
2.123293065125675394e+00 1.405670246736620567e-07
2.332524788537422733e+00 9.054128135176173532e-08
2.562374444914187865e+00 5.838918937989720006e-08
2.814873748915767138e+00 3.512058255572135591e-08
3.092254622684726506e+00 1.914207517992694813e-08
3.396968924520385791e+00 9.731766478276305555e-09
3.731710121638871946e+00 4.565526212801629636e-09
4.099437098591694806e+00 1.832566285984462497e-09
4.503400311793083866e+00 6.674308309394794961e-10
4.947170521344300909e+00 2.021087017887635858e-10
5.434670354124753189e+00 5.618815972615034187e-11
5.970208977146132412e+00 1.331399050865929358e-11
6.558520187658483991e+00 3.184799314552518562e-12
7.204804256698806419e+00 9.074376405902173883e-13
7.914773895950728999e+00 3.947172676683778908e-13
8.694704754231029398e+00 1.062627742660258581e-13
9.551490889957609198e+00 2.683761498270005252e-14
