1.049270570993779128e-01 7.019172525783372585e+00
1.152666891313443437e-01 2.289343449440826816e+01
1.266252003114718971e-01 1.160078613010183624e+01
1.391029921545676451e-01 1.817445066312762592e+01
1.528103598553650910e-01 9.236121526289320371e+00
1.678684672230424946e-01 1.214545915418921496e+01
1.844104176869020839e-01 8.378853990114381034e+00
2.025824308401720231e-01 9.659280357876067313e+00
2.225451349217781316e-01 7.201250489266276311e+00
2.444749866607454081e-01 7.316322082860433618e+00
2.685658310336883070e-01 4.689527232471847107e+00
2.950306147225855158e-01 4.767420118041321153e+00
3.241032684186404556e-01 4.389707181497748856e+00
3.560407746105134219e-01 3.680403336424666882e+00
3.911254391347682158e-01 3.275658578174975410e+00
4.296673865674934811e-01 3.033795750135927616e+00
4.720073015146639683e-01 2.516413221846744541e+00
5.185194400323847042e-01 2.373623291473101915e+00
5.696149377959250915e-01 1.898936345793500236e+00
6.257454442595075106e-01 1.825510267073318094e+00
6.874071149303513373e-01 1.571451081941649175e+00
7.551449970459608307e-01 1.331358149565800231e+00
8.295578474210610898e-01 1.150737025151725490e+00
9.113034250506731881e-01 9.821390494221540202e-01
1.001104305252339843e+00 8.182021119184500479e-01
1.099754266740566422e+00 6.713564754898047049e-01
1.208125308090871375e+00 5.410060693235209106e-01
1.327175355614216734e+00 4.289393369294476344e-01
1.457956730774185417e+00 3.233756973949719615e-01
1.601625451993120341e+00 2.388247864544855714e-01
1.759451453068861415e+00 1.703389173585813654e-01
1.932829808525935888e+00 1.157186940598695785e-01
2.123293065125675394e+00 7.490384448070047663e-02
2.332524788537422733e+00 4.633945265359235705e-02
2.562374444914187865e+00 2.694409050852571846e-02
2.814873748915767138e+00 1.487859136450549701e-02
3.092254622684726506e+00 7.778014200784528522e-03
3.396968924520385791e+00 3.845457829432618983e-03
3.731710121638871946e+00 1.846681477877232767e-03
4.099437098591694806e+00 8.649700589160314035e-04
4.503400311793083866e+00 3.241444252026402469e-04
4.947170521344300909e+00 1.070832658975114652e-04
5.434670354124753189e+00 2.971061841384588052e-05
5.970208977146132412e+00 4.623050702326897907e-06
6.558520187658483991e+00 4.363810082477016541e-07
7.204804256698806419e+00 7.842008055978268060e-10
7.914773895950728999e+00 0.000000000000000000e+00
8.694704754231029398e+00 0.000000000000000000e+00
9.551490889957609198e+00 0.000000000000000000e+00
