1.049270570993779128e-01 1.659459688355993023e+01
1.152666891313443437e-01 0.000000000000000000e+00
1.266252003114718971e-01 1.231135743606789923e+01
1.391029921545676451e-01 2.516157595916944345e+01
1.528103598553650910e-01 2.033615658848329488e+01
1.678684672230424946e-01 0.000000000000000000e+00
1.844104176869020839e-01 1.263236662411566869e+01
2.025824308401720231e-01 6.730863804038903275e+00
2.225451349217781316e-01 4.246997535564613457e+00
2.444749866607454081e-01 3.998844574027147658e+00
2.685658310336883070e-01 7.652561916210236959e+00
2.950306147225855158e-01 3.190507347908902336e+00
3.241032684186404556e-01 5.150045471453757351e+00
3.560407746105134219e-01 3.102491520366490008e+00
3.911254391347682158e-01 3.209474624784278252e+00
4.296673865674934811e-01 2.599010262062376952e+00
4.720073015146639683e-01 2.492288118597277613e+00
5.185194400323847042e-01 2.424793127428077177e+00
5.696149377959250915e-01 2.203934873226169877e+00
6.257454442595075106e-01 1.603982413644150506e+00
6.874071149303513373e-01 1.643901249401951814e+00
7.551449970459608307e-01 1.474315115780980845e+00
8.295578474210610898e-01 1.393599228716956073e+00
9.113034250506731881e-01 1.349863550404646118e+00
1.001104305252339843e+00 1.150262781119802291e+00
1.099754266740566422e+00 1.051190063234797689e+00
1.208125308090871375e+00 1.043864570370278022e+00
1.327175355614216734e+00 9.548430516646920774e-01
1.457956730774185417e+00 8.696478657644015620e-01
1.601625451993120341e+00 7.752106672704652812e-01
1.759451453068861415e+00 6.979690014747093052e-01
1.932829808525935888e+00 6.023775477758781527e-01
2.123293065125675394e+00 5.249693072036917263e-01
2.332524788537422733e+00 4.472408798946158615e-01
2.562374444914187865e+00 3.681473631815336822e-01
2.814873748915767138e+00 2.891375548474008350e-01
3.092254622684726506e+00 2.192636821227151034e-01
3.396968924520385791e+00 1.538542742206374381e-01
3.731710121638871946e+00 1.014700280547765066e-01
4.099437098591694806e+00 6.104568753324663560e-02
4.503400311793083866e+00 3.213944075611059603e-02
4.947170521344300909e+00 1.459059545618891091e-02
5.434670354124753189e+00 5.664770770832046158e-03
5.970208977146132412e+00 2.140593657981751212e-03
6.558520187658483991e+00 1.151736338935071624e-03
7.204804256698806419e+00 8.214415715535875644e-04
7.914773895950728999e+00 5.075816107484640684e-04
8.694704754231029398e+00 2.474882742640174479e-04
9.551490889957609198e+00 1.256638284204066069e-04
