1.049270570993779128e-01 1.946225289666889124e-01
1.152666891313443437e-01 0.000000000000000000e+00
1.266252003114718971e-01 2.053598920726098231e-01
1.391029921545676451e-01 4.243449168973026930e-01
1.528103598553650910e-01 3.428650600381029090e-01
1.678684672230424946e-01 0.000000000000000000e+00
1.844104176869020839e-01 1.553461813281640791e-01
2.025824308401720231e-01 9.605216243544910382e-02
2.225451349217781316e-01 5.626388202280632744e-02
2.444749866607454081e-01 4.772935347402115780e-02
2.685658310336883070e-01 8.096643624676003181e-02
2.950306147225855158e-01 4.555475727172722533e-02
3.241032684186404556e-01 4.833430145326697569e-02
3.560407746105134219e-01 3.669419104795443309e-02
3.911254391347682158e-01 3.071117156484593977e-02
4.296673865674934811e-01 2.037110615341377468e-02
4.720073015146639683e-01 1.866523860346674946e-02
5.185194400323847042e-01 1.690640289368983140e-02
5.696149377959250915e-01 1.315384314607562742e-02
6.257454442595075106e-01 8.244696081535407908e-03
6.874071149303513373e-01 8.014461902280334282e-03
7.551449970459608307e-01 5.945560194526006322e-03
8.295578474210610898e-01 4.437972017929129633e-03
9.113034250506731881e-01 3.700950558063411180e-03
1.001104305252339843e+00 2.715444645568908244e-03
1.099754266740566422e+00 2.118282455857539194e-03
1.208125308090871375e+00 1.660300710520487685e-03
1.327175355614216734e+00 1.164531984417847485e-03
1.457956730774185417e+00 8.452977957640314460e-04
1.601625451993120341e+00 5.816806578824769034e-04
1.759451453068861415e+00 4.035091672196850139e-04
1.932829808525935888e+00 2.612249205788402676e-04
2.123293065125675394e+00 1.610706154774288435e-04
2.332524788537422733e+00 9.360391914500625912e-05
2.562374444914187865e+00 4.962324862641868365e-05
2.814873748915767138e+00 2.375274837826101953e-05
3.092254622684726506e+00 1.000842657346174594e-05
3.396968924520385791e+00 3.606275828086929380e-06
3.731710121638871946e+00 1.338751617134616971e-06
4.099437098591694806e+00 7.296064859870107412e-07
4.503400311793083866e+00 5.410360947165879130e-07
4.947170521344300909e+00 3.403971071201095284e-07
5.434670354124753189e+00 1.402536511551025962e-07
5.970208977146132412e+00 4.574337370535638793e-08
6.558520187658483991e+00 3.861233363892524264e-08
7.204804256698806419e+00 3.852818224844588512e-08
7.914773895950728999e+00 1.882457594021908008e-08
8.694704754231029398e+00 7.368780966067117503e-09
9.551490889957609198e+00 8.135500770415341651e-09
