1.075697699663223650e-02 0.000000000000000000e+00
1.238553382458278118e-02 0.000000000000000000e+00
1.426064666382671070e-02 0.000000000000000000e+00
1.641964296015012773e-02 2.393057524891736954e+00
1.890550136289975008e-02 0.000000000000000000e+00
2.176770729120264605e-02 2.482674820284027639e+00
2.506323802897549025e-02 0.000000000000000000e+00
2.885769695878603880e-02 4.666268030580222326e-01
3.322661951350305148e-02 2.357665999649344979e+00
3.825697684301776480e-02 1.385876900354539032e+00
4.404890712918910212e-02 7.986146109850862373e-01
5.071770901390626474e-02 4.775679344818807293e-01
5.839613682298916419e-02 5.824966473855641702e-01
6.723704327642746059e-02 5.589880305130561222e-01
7.741642229279181719e-02 6.350899036921391350e-01
8.913691246023390524e-02 4.202706630648515573e-01
1.026318309168776088e-01 3.030347090752781858e-01
1.181698179421427075e-01 2.880561898418219080e-01
1.360601847178269652e-01 2.332810112130617730e-01
1.566590707156125806e-01 1.625673137563879156e-01
1.803765332847128977e-01 1.308012665207913539e-01
2.076847105704722196e-01 9.316277877828066378e-02
2.391272202612865216e-01 7.268430460492739109e-02
2.753299812625672471e-01 5.707818739996829011e-02
3.170136737223568923e-01 4.207018683922313790e-02
3.650080854474972436e-01 3.027428254769917032e-02
4.202686303012032054e-01 2.237250119189349365e-02
4.838953674100328062e-01 1.590711518230848720e-02
5.571548997912926238e-01 1.119869434515896253e-02
6.415055883318823149e-01 7.743002073040344303e-03
7.386265830475349237e-01 5.147785442669098634e-03
8.504512495411458151e-01 3.353133340287759237e-03
9.792056560731035031e-01 2.092789214183636386e-03
1.127452887397006887e+00 1.216236196728168358e-03
1.298144067506233235e+00 6.547350028483459473e-04
1.494677106989597437e+00 3.149753108748721761e-04
1.720964344466386908e+00 1.285463540411984024e-04
1.981510428623453279e+00 4.123597068849082337e-05
2.281501991234420323e+00 9.291362617227755212e-06
2.626910896261440254e+00 1.636445588748589192e-06
3.024613120395937216e+00 7.371435926243313115e-07
3.482525631566290691e+00 4.042080053758718832e-07
4.009763990221857810e+00 9.052013243310003764e-08
4.616823810726305766e+00 1.912287575570065532e-08
5.315789695171062590e+00 1.614408442295784793e-08
6.120575798806901169e+00 4.900887021512797928e-09
7.047202815975062151e+00 1.166775888486092875e-09
8.114116900434067858e+00 6.836257201947831530e-10
9.342556868756759059e+00 1.392551377701370708e-10
