1.075697699663223650e-02 0.000000000000000000e+00
1.238553382458278118e-02 0.000000000000000000e+00
1.426064666382671070e-02 0.000000000000000000e+00
1.641964296015012773e-02 2.818103667280715680e-02
1.890550136289975008e-02 0.000000000000000000e+00
2.176770729120264605e-02 2.926056066428172481e-02
2.506323802897549025e-02 0.000000000000000000e+00
2.885769695878603880e-02 5.476273556219261873e-03
3.322661951350305148e-02 2.780679094808299195e-02
3.825697684301776480e-02 1.637361289379628618e-02
4.404890712918910212e-02 9.381629602566957105e-03
5.071770901390626474e-02 5.682353598185442382e-03
5.839613682298916419e-02 6.890866075661036295e-03
6.723704327642746059e-02 6.569531910860053163e-03
7.741642229279181719e-02 7.515949954241405578e-03
8.913691246023390524e-02 5.016755165534150969e-03
1.026318309168776088e-01 3.609250346113896269e-03
1.181698179421427075e-01 3.415298127915349525e-03
1.360601847178269652e-01 2.783512992487062725e-03
1.566590707156125806e-01 1.936304789517178434e-03
1.803765332847128977e-01 1.562671954930318048e-03
2.076847105704722196e-01 1.120025567478610080e-03
2.391272202612865216e-01 8.888049112827127929e-04
2.753299812625672471e-01 6.982873469903829507e-04
3.170136737223568923e-01 5.255710555332224025e-04
3.650080854474972436e-01 3.843345034689229210e-04
4.202686303012032054e-01 2.926879058345607603e-04
4.838953674100328062e-01 2.134917030312398110e-04
5.571548997912926238e-01 1.581163984311205635e-04
6.415055883318823149e-01 1.169109040750091822e-04
7.386265830475349237e-01 8.439976448767394686e-05
8.504512495411458151e-01 6.152308504550685136e-05
9.792056560731035031e-01 4.492917635282457200e-05
1.127452887397006887e+00 3.221999572886699879e-05
1.298144067506233235e+00 2.313050707099109917e-05
1.494677106989597437e+00 1.661669118734677273e-05
1.720964344466386908e+00 1.184210058790940866e-05
1.981510428623453279e+00 8.409426655747346624e-06
2.281501991234420323e+00 5.979914124781881827e-06
2.626910896261440254e+00 4.226509930849801392e-06
3.024613120395937216e+00 2.984256307574804989e-06
3.482525631566290691e+00 2.098810557931643274e-06
4.009763990221857810e+00 1.472840712892816548e-06
4.616823810726305766e+00 1.031317134712825532e-06
5.315789695171062590e+00 7.207722579657945861e-07
6.120575798806901169e+00 5.026691803872881108e-07
7.047202815975062151e+00 3.497537881669097960e-07
8.114116900434067858e+00 2.277650305730658361e-07
9.342556868756759059e+00 9.924824422971946599e-08
