1.075697699663223650e-02 0.000000000000000000e+00
1.238553382458278118e-02 0.000000000000000000e+00
1.426064666382671070e-02 0.000000000000000000e+00
1.641964296015012773e-02 2.387166281123842104e+00
1.890550136289975008e-02 0.000000000000000000e+00
2.176770729120264605e-02 2.476859262983746479e+00
2.506323802897549025e-02 0.000000000000000000e+00
2.885769695878603880e-02 4.655591881337695637e-01
3.322661951350305148e-02 2.353305882831573381e+00
3.825697684301776480e-02 1.383446800607772476e+00
4.404890712918910212e-02 7.974883929977517605e-01
5.071770901390626474e-02 4.770966594716039011e-01
5.839613682298916419e-02 5.821034372407827284e-01
6.723704327642746059e-02 5.589905929541525431e-01
7.741642229279181719e-02 6.356358285827917731e-01
8.913691246023390524e-02 4.211062784024219852e-01
1.026318309168776088e-01 3.040557199844482472e-01
1.181698179421427075e-01 2.895837853923835525e-01
1.360601847178269652e-01 2.351361976214320082e-01
1.566590707156125806e-01 1.644168750801033585e-01
1.803765332847128977e-01 1.329220910751841012e-01
2.076847105704722196e-01 9.523066877025063159e-02
2.391272202612865216e-01 7.489214349626659162e-02
2.753299812625672471e-01 5.943009262971141182e-02
3.170136737223568923e-01 4.442219544741694837e-02
3.650080854474972436e-01 3.256999806032580963e-02
4.202686303012032054e-01 2.466908284357054865e-02
4.838953674100328062e-01 1.812337551508943004e-02
5.571548997912926238e-01 1.332466878785884372e-02
6.415055883318823149e-01 9.763437591360737966e-03
7.386265830475349237e-01 7.014049293894532473e-03
8.504512495411458151e-01 5.065585079455458759e-03
9.792056560731035031e-01 3.631503332237327828e-03
1.127452887397006887e+00 2.544024023083202215e-03
1.298144067506233235e+00 1.766407658798419900e-03
1.494677106989597437e+00 1.206321527563352161e-03
1.720964344466386908e+00 8.024353212481729171e-04
1.981510428623453279e+00 5.174398024197746863e-04
2.281501991234420323e+00 3.199698828808962385e-04
2.626910896261440254e+00 1.875737160487598784e-04
3.024613120395937216e+00 1.022428478659721888e-04
3.482525631566290691e+00 5.084558900531961401e-05
4.009763990221857810e+00 2.259356957142706621e-05
4.616823810726305766e+00 8.811181643356352718e-06
5.315789695171062590e+00 2.978617188503108603e-06
6.120575798806901169e+00 8.788874690092639276e-07
7.047202815975062151e+00 2.395507215660931018e-07
8.114116900434067858e+00 6.761828891102304673e-08
9.342556868756759059e+00 1.294166200909233039e-08
