1.075697699663223650e-02 0.000000000000000000e+00
1.238553382458278118e-02 0.000000000000000000e+00
1.426064666382671070e-02 0.000000000000000000e+00
1.641964296015012773e-02 0.000000000000000000e+00
1.890550136289975008e-02 0.000000000000000000e+00
2.176770729120264605e-02 0.000000000000000000e+00
2.506323802897549025e-02 0.000000000000000000e+00
2.885769695878603880e-02 0.000000000000000000e+00
3.322661951350305148e-02 1.211621681346998969e+02
3.825697684301776480e-02 0.000000000000000000e+00
4.404890712918910212e-02 9.326882593872998939e+01
5.071770901390626474e-02 0.000000000000000000e+00
5.839613682298916419e-02 1.801711846427505392e+01
6.723704327642746059e-02 7.902961568465067899e+01
7.741642229279181719e-02 4.497793140819387503e+01
8.913691246023390524e-02 2.613501228996576486e+01
1.026318309168776088e-01 1.195153097538854503e+01
1.181698179421427075e-01 1.476027178993583178e+01
1.360601847178269652e-01 1.833054616302063167e+01
1.566590707156125806e-01 1.095453304242528425e+01
1.803765332847128977e-01 8.424454017571296305e+00
2.076847105704722196e-01 8.044011943453119429e+00
2.391272202612865216e-01 6.854952244341766310e+00
2.753299812625672471e-01 4.570122523396295655e+00
3.170136737223568923e-01 3.933413943654279876e+00
3.650080854474972436e-01 3.286522891349462405e+00
4.202686303012032054e-01 2.691618861533889628e+00
4.838953674100328062e-01 2.209350016424145746e+00
5.571548997912926238e-01 1.816072571579368855e+00
6.415055883318823149e-01 1.653855926372090668e+00
7.386265830475349237e-01 1.419084721864742882e+00
8.504512495411458151e-01 1.233168976505027770e+00
9.792056560731035031e-01 1.134443940285312813e+00
1.127452887397006887e+00 1.016346968591408828e+00
1.298144067506233235e+00 9.327426380164337560e-01
1.494677106989597437e+00 8.582773922668854860e-01
1.720964344466386908e+00 8.198649616926803052e-01
1.981510428623453279e+00 7.703500367605077281e-01
2.281501991234420323e+00 7.200012051473743124e-01
2.626910896261440254e+00 6.804691550517438792e-01
3.024613120395937216e+00 6.363202799938828536e-01
3.482525631566290691e+00 6.015983563411505530e-01
4.009763990221857810e+00 5.632920473448960186e-01
4.616823810726305766e+00 5.257418694769134815e-01
5.315789695171062590e+00 4.881916268503645462e-01
6.120575798806901169e+00 4.540588739461980938e-01
7.047202815975062151e+00 4.210013680215350385e-01
8.114116900434067858e+00 3.882799314338319929e-01
9.342556868756759059e+00 3.586006463307663261e-01
