1.049270570993779128e-01 1.950134371746434503e-01
1.152666891313443437e-01 0.000000000000000000e+00
1.266252003114718971e-01 2.060123318393247416e-01
1.391029921545676451e-01 4.262740524158328270e-01
1.528103598553650910e-01 3.447768841970704212e-01
1.678684672230424946e-01 0.000000000000000000e+00
1.844104176869020839e-01 1.566542693174767797e-01
2.025824308401720231e-01 9.707554816734507985e-02
2.225451349217781316e-01 5.704289508229273137e-02
2.444749866607454081e-01 4.844822663280578395e-02
2.685658310336883070e-01 8.256998422556834083e-02
2.950306147225855158e-01 4.666476729132864459e-02
3.241032684186404556e-01 4.978432324556054944e-02
3.560407746105134219e-01 3.806223379875982304e-02
3.911254391347682158e-01 3.209667523772299219e-02
4.296673865674934811e-01 2.148642188949645773e-02
4.720073015146639683e-01 1.989034653079346446e-02
5.185194400323847042e-01 1.825267624676002801e-02
5.696149377959250915e-01 1.445110051918115437e-02
6.257454442595075106e-01 9.235041300402108827e-03
6.874071149303513373e-01 9.187915143430121570e-03
7.551449970459608307e-01 7.015165063757531662e-03
8.295578474210610898e-01 5.414187672198440132e-03
9.113034250506731881e-01 4.715940923540827209e-03
1.001104305252339843e+00 3.637690308960066579e-03
1.099754266740566422e+00 3.012821431951753174e-03
1.208125308090871375e+00 2.540160398377083999e-03
1.327175355614216734e+00 1.952988561895873916e-03
1.457956730774185417e+00 1.583283488653223570e-03
1.601625451993120341e+00 1.247717068970945675e-03
1.759451453068861415e+00 1.018757950932104670e-03
1.932829808525935888e+00 8.072588271185722432e-04
2.123293065125675394e+00 6.400372805361153727e-04
2.332524788537422733e+00 5.075225714411585494e-04
2.562374444914187865e+00 3.981137224263366493e-04
2.814873748915767138e+00 3.113500962997570740e-04
3.092254622684726506e+00 2.464519677966734378e-04
3.396968924520385791e+00 1.892167757056446278e-04
3.731710121638871946e+00 1.470850121856853005e-04
4.099437098591694806e+00 1.126162272022194344e-04
4.503400311793083866e+00 8.441613493570076891e-05
4.947170521344300909e+00 6.319192423679351482e-05
5.434670354124753189e+00 4.611569824730790890e-05
5.970208977146132412e+00 3.327785815691292846e-05
6.558520187658483991e+00 2.332477369005571944e-05
7.204804256698806419e+00 1.589403134064195565e-05
7.914773895950728999e+00 1.049865878370877435e-05
8.694704754231029398e+00 6.641299545769507187e-06
9.551490889957609198e+00 4.011645541062832670e-06
