1.049270570993779128e-01 1.648315108403747686e+01
1.152666891313443437e-01 0.000000000000000000e+00
1.266252003114718971e-01 1.219069357834754364e+01
1.391029921545676451e-01 2.497190355925453176e+01
1.528103598553650910e-01 2.015499157135717212e+01
1.678684672230424946e-01 0.000000000000000000e+00
1.844104176869020839e-01 1.257034517458896516e+01
2.025824308401720231e-01 6.726909943215329868e+00
2.225451349217781316e-01 4.260072594890661257e+00
2.444749866607454081e-01 3.983519223739593329e+00
2.685658310336883070e-01 7.639437490063372138e+00
2.950306147225855158e-01 3.176157200331542363e+00
3.241032684186404556e-01 5.178419589908220821e+00
3.560407746105134219e-01 3.123513439989114016e+00
3.911254391347682158e-01 3.244355161151316835e+00
4.296673865674934811e-01 2.636725954065227917e+00
4.720073015146639683e-01 2.526781841019440922e+00
5.185194400323847042e-01 2.469125523970157499e+00
5.696149377959250915e-01 2.241547742425585188e+00
6.257454442595075106e-01 1.644668736464019787e+00
6.874071149303513373e-01 1.684591214298113204e+00
7.551449970459608307e-01 1.513736074282054478e+00
8.295578474210610898e-01 1.435759740333202528e+00
9.113034250506731881e-01 1.397371122730525661e+00
1.001104305252339843e+00 1.189334123060361126e+00
1.099754266740566422e+00 1.094632827363663186e+00
1.208125308090871375e+00 1.094625041816757127e+00
1.327175355614216734e+00 1.008863745567810222e+00
1.457956730774185417e+00 9.476577351107660085e-01
1.601625451993120341e+00 8.600350818166438982e-01
1.759451453068861415e+00 7.990023873583405045e-01
1.932829808525935888e+00 7.190588711098758745e-01
2.123293065125675394e+00 6.521218541702038518e-01
2.332524788537422733e+00 5.890619962214034278e-01
2.562374444914187865e+00 5.248580294694327186e-01
2.814873748915767138e+00 4.636334323510657440e-01
3.092254622684726506e+00 4.056244207201646357e-01
3.396968924520385791e+00 3.420712161450055744e-01
3.731710121638871946e+00 2.875224509167293441e-01
4.099437098591694806e+00 2.397611000432621764e-01
4.503400311793083866e+00 1.944550526242005140e-01
4.947170521344300909e+00 1.528576018202588427e-01
5.434670354124753189e+00 1.188326900765982741e-01
5.970208977146132412e+00 8.953228449072193895e-02
6.558520187658483991e+00 6.575115875170535473e-02
7.204804256698806419e+00 4.669294653903566933e-02
7.914773895950728999e+00 3.222099755565587670e-02
8.694704754231029398e+00 2.122800372369496383e-02
9.551490889957609198e+00 1.356725086692436334e-02
