1.049270570993779128e-01 0.000000000000000000e+00
1.152666891313443437e-01 0.000000000000000000e+00
1.266252003114718971e-01 4.184913064744937117e+01
1.391029921545676451e-01 0.000000000000000000e+00
1.528103598553650910e-01 0.000000000000000000e+00
1.678684672230424946e-01 0.000000000000000000e+00
1.844104176869020839e-01 1.744897440107899556e+01
2.025824308401720231e-01 0.000000000000000000e+00
2.225451349217781316e-01 4.991368520156028055e+00
2.444749866607454081e-01 3.441183423966218680e+00
2.685658310336883070e-01 5.966602036914594009e+00
2.950306147225855158e-01 5.141045140019035564e+00
3.241032684186404556e-01 0.000000000000000000e+00
3.560407746105134219e-01 1.488985652842679697e+00
3.911254391347682158e-01 3.049757846730756672e+00
4.296673865674934811e-01 1.343414557257200492e+00
4.720073015146639683e-01 2.033208114599069916e+00
5.185194400323847042e-01 1.475802648796514127e+00
5.696149377959250915e-01 1.432877238416470744e+00
6.257454442595075106e-01 1.104621756211603634e+00
6.874071149303513373e-01 7.761831565938384081e-01
7.551449970459608307e-01 1.188017561890949869e+00
8.295578474210610898e-01 9.445575132940731145e-01
9.113034250506731881e-01 9.212186513518999531e-01
1.001104305252339843e+00 9.359700293645019098e-01
1.099754266740566422e+00 7.662610702372697480e-01
1.208125308090871375e+00 7.679244332175003684e-01
1.327175355614216734e+00 6.611640942503294038e-01
1.457956730774185417e+00 6.122116609848989865e-01
1.601625451993120341e+00 5.960560740114139167e-01
1.759451453068861415e+00 5.481790746865362607e-01
1.932829808525935888e+00 5.137440311596105369e-01
2.123293065125675394e+00 4.773011726716567815e-01
2.332524788537422733e+00 4.608517014755249552e-01
2.562374444914187865e+00 4.084971387677864829e-01
2.814873748915767138e+00 3.807959673345056584e-01
3.092254622684726506e+00 3.384281838584446978e-01
3.396968924520385791e+00 3.000412915763545074e-01
3.731710121638871946e+00 2.814468910900967402e-01
4.099437098591694806e+00 2.492836548015294196e-01
4.503400311793083866e+00 2.153196448708498967e-01
4.947170521344300909e+00 1.907673685384640716e-01
5.434670354124753189e+00 1.625084820436152044e-01
5.970208977146132412e+00 1.359572956068155203e-01
6.558520187658483991e+00 1.111350627070801095e-01
7.204804256698806419e+00 9.045502123864135324e-02
7.914773895950728999e+00 7.219893232100015046e-02
8.694704754231029398e+00 5.602022462269277969e-02
9.551490889957609198e+00 4.273893114224193435e-02
