1.049270570993779128e-01 8.773933311452658187e-03
1.152666891313443437e-01 0.000000000000000000e+00
1.266252003114718971e-01 9.611518391404172412e-03
1.391029921545676451e-01 1.987535823304932212e-02
1.528103598553650910e-01 1.603206719613126108e-02
1.678684672230424946e-01 0.000000000000000000e+00
1.844104176869020839e-01 7.091588888553140152e-03
2.025824308401720231e-01 4.615350522165256181e-03
2.225451349217781316e-01 2.711543854027234635e-03
2.444749866607454081e-01 2.179770640031500600e-03
2.685658310336883070e-01 3.703408652452806239e-03
2.950306147225855158e-01 2.145187102352472206e-03
3.241032684186404556e-01 2.306363618995884140e-03
3.560407746105134219e-01 1.794665902568544184e-03
3.911254391347682158e-01 1.503839378800133275e-03
4.296673865674934811e-01 1.011696771228570452e-03
4.720073015146639683e-01 9.013772165817568417e-04
5.185194400323847042e-01 7.951676378638336366e-04
5.696149377959250915e-01 6.606684883663640562e-04
6.257454442595075106e-01 4.169147273442626723e-04
6.874071149303513373e-01 4.135741826354302113e-04
7.551449970459608307e-01 3.042503377562724904e-04
8.295578474210610898e-01 2.416842870930896838e-04
9.113034250506731881e-01 2.103841366287238074e-04
1.001104305252339843e+00 1.636427722213156769e-04
1.099754266740566422e+00 1.316414022014662192e-04
1.208125308090871375e+00 1.110455463741989002e-04
1.327175355614216734e+00 8.578952095837828491e-05
1.457956730774185417e+00 6.895711410610017619e-05
1.601625451993120341e+00 5.510786970118438023e-05
1.759451453068861415e+00 4.428876911361001904e-05
1.932829808525935888e+00 3.479285743750371767e-05
2.123293065125675394e+00 2.788726127201351772e-05
2.332524788537422733e+00 2.214580049350469928e-05
2.562374444914187865e+00 1.774020546928874870e-05
2.814873748915767138e+00 1.383410274601370313e-05
3.092254622684726506e+00 1.115842944852803765e-05
3.396968924520385791e+00 8.679562669019379989e-06
3.731710121638871946e+00 6.981373992612410195e-06
4.099437098591694806e+00 5.497019532789310373e-06
4.503400311793083866e+00 4.305393204640363489e-06
4.947170521344300909e+00 3.397959183540645217e-06
5.434670354124753189e+00 2.662746033534359576e-06
5.970208977146132412e+00 2.105305186049722479e-06
6.558520187658483991e+00 1.654897007667991012e-06
7.204804256698806419e+00 1.292618571532764290e-06
7.914773895950728999e+00 9.998832840961163013e-07
8.694704754231029398e+00 6.175795072389095738e-07
9.551490889957609198e+00 3.293224058951254952e-07
