1.049270570993779128e-01 1.938728025234656982e-01
1.152666891313443437e-01 0.000000000000000000e+00
1.266252003114718971e-01 2.055023536997522549e-01
1.391029921545676451e-01 4.254372223525467178e-01
1.528103598553650910e-01 3.438968727901258182e-01
1.678684672230424946e-01 0.000000000000000000e+00
1.844104176869020839e-01 1.558102334868454453e-01
2.025824308401720231e-01 9.706521094659702198e-02
2.225451349217781316e-01 5.694867421820951070e-02
2.444749866607454081e-01 4.813752672203818611e-02
2.685658310336883070e-01 8.193733563800570385e-02
2.950306147225855158e-01 4.644513990093483702e-02
3.241032684186404556e-01 4.955351001064020600e-02
3.560407746105134219e-01 3.800582604992380070e-02
3.911254391347682158e-01 3.203517740707562123e-02
4.296673865674934811e-01 2.140625218758927459e-02
4.720073015146639683e-01 1.973687529141193372e-02
5.185194400323847042e-01 1.802082269849946544e-02
5.696149377959250915e-01 1.433409817267669757e-02
6.257454442595075106e-01 9.135120284114492395e-03
6.874071149303513373e-01 9.089260277744705754e-03
7.551449970459608307e-01 6.911563012620883413e-03
8.295578474210610898e-01 5.339840932211107130e-03
9.113034250506731881e-01 4.643557503138728143e-03
1.001104305252339843e+00 3.579777594941917478e-03
1.099754266740566422e+00 2.953135714521357841e-03
1.208125308090871375e+00 2.485196820168629039e-03
1.327175355614216734e+00 1.906586895736225038e-03
1.457956730774185417e+00 1.542133037038994486e-03
1.601625451993120341e+00 1.212700494904797198e-03
1.759451453068861415e+00 9.860464061882221343e-04
1.932829808525935888e+00 7.761809641983711140e-04
2.123293065125675394e+00 6.135390835166159001e-04
2.332524788537422733e+00 4.829378492836529130e-04
2.562374444914187865e+00 3.767708781424245661e-04
2.814873748915767138e+00 2.917033474350558047e-04
3.092254622684726506e+00 2.287697415210038113e-04
3.396968924520385791e+00 1.732735779581193712e-04
3.731710121638871946e+00 1.325337641008440934e-04
4.099437098591694806e+00 9.941731781524632916e-05
4.503400311793083866e+00 7.253288302941094724e-05
4.947170521344300909e+00 5.255163620930186695e-05
5.434670354124753189e+00 3.684732072372686129e-05
5.970208977146132412e+00 2.534259864484718033e-05
6.558520187658483991e+00 1.675196883294785051e-05
7.204804256698806419e+00 1.066192549177398882e-05
7.914773895950728999e+00 6.533542614676042404e-06
8.694704754231029398e+00 3.807932771538078923e-06
9.551490889957609198e+00 2.119665845758665272e-06
