1.075697699663223650e-02 0.000000000000000000e+00
1.238553382458278118e-02 0.000000000000000000e+00
1.426064666382671070e-02 0.000000000000000000e+00
1.641964296015012773e-02 1.682412503052470356e+02
1.890550136289975008e-02 0.000000000000000000e+00
2.176770729120264605e-02 1.729260047962014823e+02
2.506323802897549025e-02 0.000000000000000000e+00
2.885769695878603880e-02 3.357210948786167393e+01
3.322661951350305148e-02 1.624488693291037862e+02
3.825697684301776480e-02 9.398323087954450727e+01
4.404890712918910212e-02 5.704610822260289638e+01
5.071770901390626474e-02 3.078886719792667037e+01
5.839613682298916419e-02 3.949585178484789338e+01
6.723704327642746059e-02 4.057433192928289145e+01
7.741642229279181719e-02 4.342947593636451131e+01
8.913691246023390524e-02 2.655365383787424349e+01
1.026318309168776088e-01 2.095735639748830792e+01
1.181698179421427075e-01 2.104078325494873170e+01
1.360601847178269652e-01 1.684355620385593255e+01
1.566590707156125806e-01 1.306727432863599070e+01
1.803765332847128977e-01 1.097407329874898707e+01
2.076847105704722196e-01 8.708372217362152057e+00
2.391272202612865216e-01 7.069974555856903820e+00
2.753299812625672471e-01 6.188465453804107952e+00
3.170136737223568923e-01 5.203233495034798928e+00
3.650080854474972436e-01 4.197275418599526020e+00
4.202686303012032054e-01 3.657862479797686639e+00
4.838953674100328062e-01 3.164539007076566879e+00
5.571548997912926238e-01 2.758068855083851023e+00
6.415055883318823149e-01 2.409775950617358387e+00
7.386265830475349237e-01 2.158495532648965654e+00
8.504512495411458151e-01 1.929397244261791933e+00
9.792056560731035031e-01 1.731967216591754788e+00
1.127452887397006887e+00 1.548235233788620491e+00
1.298144067506233235e+00 1.393912410790517642e+00
1.494677106989597437e+00 1.243870409845814873e+00
1.720964344466386908e+00 1.097169718654419812e+00
1.981510428623453279e+00 9.514094448444249119e-01
2.281501991234420323e+00 8.049162341887201588e-01
2.626910896261440254e+00 6.486385847768403323e-01
3.024613120395937216e+00 4.918677161746168869e-01
3.482525631566290691e+00 3.430772440406688606e-01
4.009763990221857810e+00 2.143938630951226221e-01
4.616823810726305766e+00 1.142787095777672707e-01
5.315789695171062590e+00 4.846277098623763546e-02
6.120575798806901169e+00 1.452014863636071594e-02
7.047202815975062151e+00 2.674669045908167203e-03
8.114116900434067858e+00 6.683307435272986151e-04
9.342556868756759059e+00 3.591786128193582292e-04
