1.075697699663223650e-02 0.000000000000000000e+00
1.238553382458278118e-02 0.000000000000000000e+00
1.426064666382671070e-02 0.000000000000000000e+00
1.641964296015012773e-02 2.385598782430621512e+00
1.890550136289975008e-02 0.000000000000000000e+00
2.176770729120264605e-02 2.475241458268962802e+00
2.506323802897549025e-02 0.000000000000000000e+00
2.885769695878603880e-02 4.652443070253340363e-01
3.322661951350305148e-02 2.351902617918910199e+00
3.825697684301776480e-02 1.382598453773429492e+00
4.404890712918910212e-02 7.970137672170239940e-01
5.071770901390626474e-02 4.768432954290229286e-01
5.839613682298916419e-02 5.817854498608046043e-01
6.723704327642746059e-02 5.587116376098036907e-01
7.741642229279181719e-02 6.353541298847500407e-01
8.913691246023390524e-02 4.209417649562938180e-01
1.026318309168776088e-01 3.039697683069715328e-01
1.181698179421427075e-01 2.895296163840112569e-01
1.360601847178269652e-01 2.351296921261410988e-01
1.566590707156125806e-01 1.644429863304210093e-01
1.803765332847128977e-01 1.329812120588863278e-01
2.076847105704722196e-01 9.530353938848529216e-02
2.391272202612865216e-01 7.498271530994485290e-02
2.753299812625672471e-01 5.953795664164359541e-02
3.170136737223568923e-01 4.453833348925654440e-02
3.650080854474972436e-01 3.269007957883008492e-02
4.202686303012032054e-01 2.479428704678273560e-02
4.838953674100328062e-01 1.824888115706164993e-02
5.571548997912926238e-01 1.344962494799626165e-02
6.415055883318823149e-01 9.886854829881629170e-03
7.386265830475349237e-01 7.133053040414016194e-03
8.504512495411458151e-01 5.180538136594085158e-03
9.792056560731035031e-01 3.741526375947535482e-03
1.127452887397006887e+00 2.646825238641733764e-03
1.298144067506233235e+00 1.861681122226921089e-03
1.494677106989597437e+00 1.293224493514110807e-03
1.720964344466386908e+00 8.797104768451937751e-04
1.981510428623453279e+00 5.842298302123817176e-04
2.281501991234420323e+00 3.755246965996512443e-04
2.626910896261440254e+00 2.315465688250469424e-04
3.024613120395937216e+00 1.347842840562714134e-04
3.482525631566290691e+00 7.295730948943426983e-05
4.009763990221857810e+00 3.612040155996634944e-05
4.616823810726305766e+00 1.614024690074867415e-05
5.315789695171062590e+00 6.452016933717763575e-06
6.120575798806901169e+00 2.318152429530897182e-06
7.047202815975062151e+00 7.702493746392738813e-07
8.114116900434067858e+00 2.455405761517545142e-07
9.342556868756759059e+00 5.171693709717269396e-08
