1.049270570993779128e-01 1.938750436812967937e-01
1.152666891313443437e-01 0.000000000000000000e+00
1.266252003114718971e-01 2.055041899283976126e-01
1.391029921545676451e-01 4.254404988951643873e-01
1.528103598553650910e-01 3.438992432242347075e-01
1.678684672230424946e-01 0.000000000000000000e+00
1.844104176869020839e-01 1.558113269901829634e-01
2.025824308401720231e-01 9.706550124834310844e-02
2.225451349217781316e-01 5.694885704728936543e-02
2.444749866607454081e-01 4.813763803518072981e-02
2.685658310336883070e-01 8.193738722827467735e-02
2.950306147225855158e-01 4.644506127268992896e-02
3.241032684186404556e-01 4.955324916152364229e-02
3.560407746105134219e-01 3.800548626662490076e-02
3.911254391347682158e-01 3.203469806855544638e-02
4.296673865674934811e-01 2.140583592117373604e-02
4.720073015146639683e-01 1.973638494623287942e-02
5.185194400323847042e-01 1.802026331122602923e-02
5.696149377959250915e-01 1.433344794800592466e-02
6.257454442595075106e-01 9.134618681602086135e-03
6.874071149303513373e-01 9.088612846792786318e-03
7.551449970459608307e-01 6.910935539968164794e-03
8.295578474210610898e-01 5.339238117952248286e-03
9.113034250506731881e-01 4.642924846202839233e-03
1.001104305252339843e+00 3.579173120239013788e-03
1.099754266740566422e+00 2.952523236299217473e-03
1.208125308090871375e+00 2.484552099081462767e-03
1.327175355614216734e+00 1.905990293337438092e-03
1.457956730774185417e+00 1.541527851266264945e-03
1.601625451993120341e+00 1.212126695038130350e-03
1.759451453068861415e+00 9.854648917645247690e-04
1.932829808525935888e+00 7.756146504677459549e-04
2.123293065125675394e+00 6.129917532981098843e-04
2.332524788537422733e+00 4.824056507555914901e-04
2.562374444914187865e+00 3.762691419217619794e-04
2.814873748915767138e+00 2.912206794070359680e-04
3.092254622684726506e+00 2.283118248163163789e-04
3.396968924520385791e+00 1.728494871170157350e-04
3.731710121638871946e+00 1.321350964839590545e-04
4.099437098591694806e+00 9.905414815637339054e-05
4.503400311793083866e+00 7.220843227005027741e-05
4.947170521344300909e+00 5.226571464031888142e-05
5.434670354124753189e+00 3.660274024230099517e-05
5.970208977146132412e+00 2.513803234023763056e-05
6.558520187658483991e+00 1.658796354291813070e-05
7.204804256698806419e+00 1.053569782089618872e-05
7.914773895950728999e+00 6.440640467097506357e-06
8.694704754231029398e+00 3.743389063514732870e-06
9.551490889957609198e+00 2.077499693144626283e-06
