1.049270570993779128e-01 0.000000000000000000e+00
1.152666891313443437e-01 0.000000000000000000e+00
1.266252003114718971e-01 4.203364711494659645e+01
1.391029921545676451e-01 0.000000000000000000e+00
1.528103598553650910e-01 0.000000000000000000e+00
1.678684672230424946e-01 0.000000000000000000e+00
1.844104176869020839e-01 1.753202672317477706e+01
2.025824308401720231e-01 0.000000000000000000e+00
2.225451349217781316e-01 5.023233689702680138e+00
2.444749866607454081e-01 3.463795973702036957e+00
2.685658310336883070e-01 6.006072564536016678e+00
2.950306147225855158e-01 5.176779682280773009e+00
3.241032684186404556e-01 0.000000000000000000e+00
3.560407746105134219e-01 1.500470973526011331e+00
3.911254391347682158e-01 3.092322013582334606e+00
4.296673865674934811e-01 1.362085654995463857e+00
4.720073015146639683e-01 2.068391153940059901e+00
5.185194400323847042e-01 1.507187566747218321e+00
5.696149377959250915e-01 1.466489494861837217e+00
6.257454442595075106e-01 1.139833079210253342e+00
6.874071149303513373e-01 8.012670437592448458e-01
7.551449970459608307e-01 1.231695283553645881e+00
8.295578474210610898e-01 9.859320644610589657e-01
9.113034250506731881e-01 9.739601598037718189e-01
1.001104305252339843e+00 1.000150894856480788e+00
1.099754266740566422e+00 8.271406847375654126e-01
1.208125308090871375e+00 8.414307485923908647e-01
1.327175355614216734e+00 7.430217195627972782e-01
1.457956730774185417e+00 7.007165133906408938e-01
1.601625451993120341e+00 7.020733422727608586e-01
1.759451453068861415e+00 6.624261138308150665e-01
1.932829808525935888e+00 6.409573361074732967e-01
2.123293065125675394e+00 6.176561690098515411e-01
2.332524788537422733e+00 6.201237214583437130e-01
2.562374444914187865e+00 5.777944013193234696e-01
2.814873748915767138e+00 5.668155523954235830e-01
3.092254622684726506e+00 5.335294279802071937e-01
3.396968924520385791e+00 5.036641633595354550e-01
3.731710121638871946e+00 5.042501369410113954e-01
4.099437098591694806e+00 4.811824579649690015e-01
4.503400311793083866e+00 4.527242433103313424e-01
4.947170521344300909e+00 4.355171277767959093e-01
5.434670354124753189e+00 4.078631652444332789e-01
5.970208977146132412e+00 3.748769281484100047e-01
6.558520187658483991e+00 3.405524652145139886e-01
7.204804256698806419e+00 3.081330423013576847e-01
7.914773895950728999e+00 2.715825217363827537e-01
8.694704754231029398e+00 2.313313039997950127e-01
9.551490889957609198e+00 1.928167995194270401e-01
