1.049270570993779128e-01 1.944900845154336755e-01
1.152666891313443437e-01 0.000000000000000000e+00
1.266252003114718971e-01 2.061456124361125963e-01
1.391029921545676451e-01 4.265563188621292467e-01
1.528103598553650910e-01 3.447950688980854772e-01
1.678684672230424946e-01 0.000000000000000000e+00
1.844104176869020839e-01 1.561867699714889202e-01
2.025824308401720231e-01 9.725418795596008081e-02
2.225451349217781316e-01 5.706352114450664176e-02
2.444749866607454081e-01 4.822794595379968630e-02
2.685658310336883070e-01 8.206261222724058058e-02
2.950306147225855158e-01 4.648435190171409243e-02
3.241032684186404556e-01 4.958911030986374452e-02
3.560407746105134219e-01 3.801041375955474533e-02
3.911254391347682158e-01 3.200902834370468464e-02
4.296673865674934811e-01 2.137963127865567803e-02
4.720073015146639683e-01 1.969612405722248605e-02
5.185194400323847042e-01 1.796008139234963469e-02
5.696149377959250915e-01 1.426793984064114208e-02
6.257454442595075106e-01 9.078747630576288960e-03
6.874071149303513373e-01 9.014997489932020588e-03
7.551449970459608307e-01 6.838955836964755175e-03
8.295578474210610898e-01 5.269649547521437424e-03
9.113034250506731881e-01 4.567406654540806521e-03
1.001104305252339843e+00 3.507237144555558350e-03
1.099754266740566422e+00 2.879678909872865518e-03
1.208125308090871375e+00 2.409340628470583133e-03
1.327175355614216734e+00 1.835144808709749048e-03
1.457956730774185417e+00 1.471809686817565415e-03
1.601625451993120341e+00 1.145572293604643936e-03
1.759451453068861415e+00 9.203781100776181525e-04
1.932829808525935888e+00 7.139283368705514861e-04
2.123293065125675394e+00 5.545129393064327167e-04
2.332524788537422733e+00 4.273496173864857841e-04
2.562374444914187865e+00 3.251048832129806664e-04
2.814873748915767138e+00 2.440916629975185305e-04
3.092254622684726506e+00 1.843648512822743937e-04
3.396968924520385791e+00 1.335314707387456380e-04
3.731710121638871946e+00 9.672995452556864095e-05
4.099437098591694806e+00 6.792413245862410204e-05
4.503400311793083866e+00 4.568808911233340487e-05
4.947170521344300909e+00 2.990157875490514613e-05
5.434670354124753189e+00 1.844443729427338490e-05
5.970208977146132412e+00 1.073527379101370992e-05
6.558520187658483991e+00 5.696740386903961807e-06
7.204804256698806419e+00 2.688937003433763319e-06
7.914773895950728999e+00 1.079608644539656571e-06
8.694704754231029398e+00 3.472097081090947166e-07
9.551490889957609198e+00 9.875670718878226768e-08
