1.049270570993779128e-01 1.948837462997215497e-01
1.152666891313443437e-01 0.000000000000000000e+00
1.266252003114718971e-01 2.058860713724588731e-01
1.391029921545676451e-01 4.260730318902543612e-01
1.528103598553650910e-01 3.446177094642181582e-01
1.678684672230424946e-01 0.000000000000000000e+00
1.844104176869020839e-01 1.565940940136320847e-01
2.025824308401720231e-01 9.705521521726688527e-02
2.225451349217781316e-01 5.703336140325379611e-02
2.444749866607454081e-01 4.844170273550551381e-02
2.685658310336883070e-01 8.257351803268705992e-02
2.950306147225855158e-01 4.667576994905301563e-02
3.241032684186404556e-01 4.980417778612721003e-02
3.560407746105134219e-01 3.808709880816497917e-02
3.911254391347682158e-01 3.212936572056468432e-02
4.296673865674934811e-01 2.151370595428672358e-02
4.720073015146639683e-01 1.992261697749836413e-02
5.185194400323847042e-01 1.829256021375741392e-02
5.696149377959250915e-01 1.449070796213163675e-02
6.257454442595075106e-01 9.266798924617423994e-03
6.874071149303513373e-01 9.227786607061758475e-03
7.551449970459608307e-01 7.052660866245428345e-03
8.295578474210610898e-01 5.449395189985693083e-03
9.113034250506731881e-01 4.754031594447990540e-03
1.001104305252339843e+00 3.673510444521869023e-03
1.099754266740566422e+00 3.048765804572335994e-03
1.208125308090871375e+00 2.576979521069215628e-03
1.327175355614216734e+00 1.987566453757792697e-03
1.457956730774185417e+00 1.617342066990272399e-03
1.601625451993120341e+00 1.280319557683602238e-03
1.759451453068861415e+00 1.050901285039086003e-03
1.932829808525935888e+00 8.380564271547997048e-04
2.123293065125675394e+00 6.696184730546491347e-04
2.332524788537422733e+00 5.358918156991255774e-04
2.562374444914187865e+00 4.250576234912783612e-04
2.814873748915767138e+00 3.368527479114529909e-04
3.092254622684726506e+00 2.709640654341392298e-04
3.396968924520385791e+00 2.120786463006787308e-04
3.731710121638871946e+00 1.686551492180528755e-04
4.099437098591694806e+00 1.327615107787090811e-04
4.503400311793083866e+00 1.028220418775303326e-04
4.947170521344300909e+00 8.007370337718259265e-05
5.434670354124753189e+00 6.125222570980473071e-05
5.970208977146132412e+00 4.676133963583252809e-05
6.558520187658483991e+00 3.505692341780128075e-05
7.204804256698806419e+00 2.586399740339308516e-05
7.914773895950728999e+00 1.877499761445582046e-05
8.694704754231029398e+00 1.326766098985220311e-05
9.551490889957609198e+00 9.121610873165575455e-06
