1.049270570993779128e-01 0.000000000000000000e+00
1.152666891313443437e-01 0.000000000000000000e+00
1.266252003114718971e-01 4.157810405464062598e+01
1.391029921545676451e-01 0.000000000000000000e+00
1.528103598553650910e-01 0.000000000000000000e+00
1.678684672230424946e-01 0.000000000000000000e+00
1.844104176869020839e-01 1.734225429768731175e+01
2.025824308401720231e-01 0.000000000000000000e+00
2.225451349217781316e-01 4.953390321836607768e+00
2.444749866607454081e-01 3.423538694537342941e+00
2.685658310336883070e-01 5.937823132556281358e+00
2.950306147225855158e-01 5.116780343751884175e+00
3.241032684186404556e-01 0.000000000000000000e+00
3.560407746105134219e-01 1.481335539340945084e+00
3.911254391347682158e-01 3.023846558511456006e+00
4.296673865674934811e-01 1.326772092681657522e+00
4.720073015146639683e-01 2.014638990689282760e+00
5.185194400323847042e-01 1.460402950798233235e+00
5.696149377959250915e-01 1.417348398546208310e+00
6.257454442595075106e-01 1.092476300206085771e+00
6.874071149303513373e-01 7.642810540850194512e-01
7.551449970459608307e-01 1.169981276598508035e+00
8.295578474210610898e-01 9.268240929621753832e-01
9.113034250506731881e-01 9.017938010180212016e-01
1.001104305252339843e+00 9.125813731330683076e-01
1.099754266740566422e+00 7.446910516292976068e-01
1.208125308090871375e+00 7.425133785870913217e-01
1.327175355614216734e+00 6.343166825553577803e-01
1.457956730774185417e+00 5.830778114192911588e-01
1.601625451993120341e+00 5.627906688689486847e-01
1.759451453068861415e+00 5.121870625447983993e-01
1.932829808525935888e+00 4.759718421477860395e-01
2.123293065125675394e+00 4.351738817934489023e-01
2.332524788537422733e+00 4.126176296690540757e-01
2.562374444914187865e+00 3.584824815467609893e-01
2.814873748915767138e+00 3.261873576429298316e-01
3.092254622684726506e+00 2.816158710195191262e-01
3.396968924520385791e+00 2.416016825159681691e-01
3.731710121638871946e+00 2.184887599247090362e-01
4.099437098591694806e+00 1.850883289911081919e-01
4.503400311793083866e+00 1.510540825751585936e-01
4.947170521344300909e+00 1.258566044049598820e-01
5.434670354124753189e+00 1.006601772801478806e-01
5.970208977146132412e+00 7.832923598558977352e-02
6.558520187658483991e+00 5.898131408721405539e-02
7.204804256698806419e+00 4.369517251581139100e-02
7.914773895950728999e+00 3.147239125597666581e-02
8.694704754231029398e+00 2.169241516039956130e-02
9.551490889957609198e+00 1.450017845974354777e-02
