1.075697699663223650e-02 0.000000000000000000e+00
1.238553382458278118e-02 0.000000000000000000e+00
1.426064666382671070e-02 0.000000000000000000e+00
1.641964296015012773e-02 0.000000000000000000e+00
1.890550136289975008e-02 0.000000000000000000e+00
2.176770729120264605e-02 0.000000000000000000e+00
2.506323802897549025e-02 0.000000000000000000e+00
2.885769695878603880e-02 0.000000000000000000e+00
3.322661951350305148e-02 1.713305976092620586e+00
3.825697684301776480e-02 0.000000000000000000e+00
4.404890712918910212e-02 1.349041086575106352e+00
5.071770901390626474e-02 0.000000000000000000e+00
5.839613682298916419e-02 2.380304513213284401e-01
6.723704327642746059e-02 1.207310099404309112e+00
7.741642229279181719e-02 7.035877618583534776e-01
8.913691246023390524e-02 3.602771621451316131e-01
1.026318309168776088e-01 1.966175859889837396e-01
1.181698179421427075e-01 2.198721174121713862e-01
1.360601847178269652e-01 2.658733702383791475e-01
1.566590707156125806e-01 1.467792148551484988e-01
1.803765332847128977e-01 1.335886428950995297e-01
2.076847105704722196e-01 1.154791251974569832e-01
2.391272202612865216e-01 8.731407422190010092e-02
2.753299812625672471e-01 5.445469143981790383e-02
3.170136737223568923e-01 4.565466455045399247e-02
3.650080854474972436e-01 3.353548170289388786e-02
4.202686303012032054e-01 2.372709591208967822e-02
4.838953674100328062e-01 1.843303528746101372e-02
5.571548997912926238e-01 1.385808381863640193e-02
6.415055883318823149e-01 1.012899393807830881e-02
7.386265830475349237e-01 7.421791425333601304e-03
8.504512495411458151e-01 5.336830656320718999e-03
9.792056560731035031e-01 3.971487545017905046e-03
1.127452887397006887e+00 2.854311932822106886e-03
1.298144067506233235e+00 2.044867551102091171e-03
1.494677106989597437e+00 1.458552853984142845e-03
1.720964344466386908e+00 1.048527559118826811e-03
1.981510428623453279e+00 7.409448859960689367e-04
2.281501991234420323e+00 5.168604288131740509e-04
2.626910896261440254e+00 3.566824081909268987e-04
3.024613120395937216e+00 2.426571965447815802e-04
3.482525631566290691e+00 1.609565802351645440e-04
4.009763990221857810e+00 1.034317643793791752e-04
4.616823810726305766e+00 6.362237965823606446e-05
5.315789695171062590e+00 3.708551696013567074e-05
6.120575798806901169e+00 2.006203755382725441e-05
7.047202815975062151e+00 9.947064442900234658e-06
8.114116900434067858e+00 4.441221766386373557e-06
9.342556868756759059e+00 1.770596893843765827e-06
