1.049270570993779128e-01 2.849908953497476416e-01
1.152666891313443437e-01 0.000000000000000000e+00
1.266252003114718971e-01 2.993335965115936914e-01
1.391029921545676451e-01 6.190585391019817196e-01
1.528103598553650910e-01 5.005267753353721538e-01
1.678684672230424946e-01 0.000000000000000000e+00
1.844104176869020839e-01 2.279747575744015542e-01
2.025824308401720231e-01 1.402364658451183688e-01
2.225451349217781316e-01 8.221311851952832483e-02
2.444749866607454081e-01 7.029634905455267591e-02
2.685658310336883070e-01 1.196207633427120998e-01
2.950306147225855158e-01 6.719639071551294918e-02
3.241032684186404556e-01 7.148412936305588439e-02
3.560407746105134219e-01 5.426683271542801640e-02
3.911254391347682158e-01 4.564514912582887107e-02
4.296673865674934811e-01 3.046242667884108829e-02
4.720073015146639683e-01 2.813260968925676911e-02
5.185194400323847042e-01 2.576168187367420398e-02
5.696149377959250915e-01 2.013032809767085346e-02
6.257454442595075106e-01 1.276875166710796788e-02
6.874071149303513373e-01 1.254035324363755172e-02
7.551449970459608307e-01 9.464385061651982636e-03
8.295578474210610898e-01 7.170120520288984951e-03
9.113034250506731881e-01 6.106067801829608531e-03
1.001104305252339843e+00 4.587500983538949501e-03
1.099754266740566422e+00 3.693381476333956141e-03
1.208125308090871375e+00 3.001169032720999233e-03
1.327175355614216734e+00 2.202497639872625246e-03
1.457956730774185417e+00 1.687108662574932517e-03
1.601625451993120341e+00 1.241381471250481297e-03
1.759451453068861415e+00 9.341466849155596625e-04
1.932829808525935888e+00 6.716172126406862045e-04
2.123293065125675394e+00 4.700985863381400526e-04
2.332524788537422733e+00 3.216239142428119831e-04
2.562374444914187865e+00 2.097410473454619116e-04
2.814873748915767138e+00 1.312789453134192302e-04
3.092254622684726506e+00 7.861532290800394359e-05
3.396968924520385791e+00 4.290308736123287083e-05
3.731710121638871946e+00 2.202081933178875122e-05
4.099437098591694806e+00 1.014368864492834627e-05
4.503400311793083866e+00 4.299314076210936924e-06
4.947170521344300909e+00 1.819896756564622867e-06
5.434670354124753189e+00 8.768343864447978844e-07
5.970208977146132412e+00 5.058590484321006156e-07
6.558520187658483991e+00 2.892443373748221615e-07
7.204804256698806419e+00 1.351601744314598393e-07
7.914773895950728999e+00 4.866455151623311543e-08
8.694704754231029398e+00 1.679463530286839805e-08
9.551490889957609198e+00 1.002625967899223955e-08
