1.075697699663223650e-02 0.000000000000000000e+00
1.238553382458278118e-02 0.000000000000000000e+00
1.426064666382671070e-02 0.000000000000000000e+00
1.641964296015012773e-02 0.000000000000000000e+00
1.890550136289975008e-02 0.000000000000000000e+00
2.176770729120264605e-02 0.000000000000000000e+00
2.506323802897549025e-02 0.000000000000000000e+00
2.885769695878603880e-02 0.000000000000000000e+00
3.322661951350305148e-02 1.717035902805699621e+00
3.825697684301776480e-02 0.000000000000000000e+00
4.404890712918910212e-02 1.351152918183596174e+00
5.071770901390626474e-02 0.000000000000000000e+00
5.839613682298916419e-02 2.382852916389003595e-01
6.723704327642746059e-02 1.207035673186162894e+00
7.741642229279181719e-02 7.029437357585128776e-01
8.913691246023390524e-02 3.594265330089251309e-01
1.026318309168776088e-01 1.958687469552627680e-01
1.181698179421427075e-01 2.186549020384096487e-01
1.360601847178269652e-01 2.635207156093348768e-01
1.566590707156125806e-01 1.449550336526018168e-01
1.803765332847128977e-01 1.313190247242273234e-01
2.076847105704722196e-01 1.127741947873208833e-01
2.391272202612865216e-01 8.447650473295367779e-02
2.753299812625672471e-01 5.210884040210692764e-02
3.170136737223568923e-01 4.304260926290624095e-02
3.650080854474972436e-01 3.097095764944869656e-02
4.202686303012032054e-01 2.134047730212302804e-02
4.838953674100328062e-01 1.599944638926141180e-02
5.571548997912926238e-01 1.147583664461647446e-02
6.415055883318823149e-01 7.882006843734338034e-03
7.386265830475349237e-01 5.306296955602977233e-03
8.504512495411458151e-01 3.412470524823740803e-03
9.792056560731035031e-01 2.186300886526753445e-03
1.127452887397006887e+00 1.282114995463195161e-03
1.298144067506233235e+00 6.962989407379863507e-04
1.494677106989597437e+00 3.392732132537282772e-04
1.720964344466386908e+00 1.431018466338303144e-04
1.981510428623453279e+00 4.706734073421446591e-05
2.281501991234420323e+00 1.089587823135848770e-05
2.626910896261440254e+00 2.072100421820675159e-06
3.024613120395937216e+00 1.184876918638230428e-06
3.482525631566290691e+00 6.958897163355171042e-07
4.009763990221857810e+00 1.493861757988057612e-07
4.616823810726305766e+00 7.193662630942384625e-08
5.315789695171062590e+00 5.823116437552616080e-08
6.120575798806901169e+00 1.226237199974666139e-08
7.047202815975062151e+00 1.141525394416993578e-08
8.114116900434067858e+00 2.861744684056383965e-09
9.342556868756759059e+00 1.709147249316090574e-09
