1.049270570993779128e-01 1.627560500556099043e+01
1.152666891313443437e-01 0.000000000000000000e+00
1.266252003114718971e-01 1.211972930152129813e+01
1.391029921545676451e-01 2.479340056108650714e+01
1.528103598553650910e-01 2.004222196578825077e+01
1.678684672230424946e-01 0.000000000000000000e+00
1.844104176869020839e-01 1.243760153259359313e+01
2.025824308401720231e-01 6.643136993359876286e+00
2.225451349217781316e-01 4.201718444510368577e+00
2.444749866607454081e-01 3.970768309179000255e+00
2.685658310336883070e-01 7.591893772331877344e+00
2.950306147225855158e-01 3.177892255458175885e+00
3.241032684186404556e-01 5.143305208922187788e+00
3.560407746105134219e-01 3.106703004324349315e+00
3.911254391347682158e-01 3.227690117783938106e+00
4.296673865674934811e-01 2.628993450542774113e+00
4.720073015146639683e-01 2.536029997318482110e+00
5.185194400323847042e-01 2.469609530088944460e+00
5.696149377959250915e-01 2.280060184259119271e+00
6.257454442595075106e-01 1.680969580663369989e+00
6.874071149303513373e-01 1.750008627082225265e+00
7.551449970459608307e-01 1.589442006528822837e+00
8.295578474210610898e-01 1.538981528994786130e+00
9.113034250506731881e-01 1.517947619437086004e+00
1.001104305252339843e+00 1.323378223513652863e+00
1.099754266740566422e+00 1.251949735572970068e+00
1.208125308090871375e+00 1.287905410854255361e+00
1.327175355614216734e+00 1.228494668642300836e+00
1.457956730774185417e+00 1.195092848779619077e+00
1.601625451993120341e+00 1.140439731422558944e+00
1.759451453068861415e+00 1.107354481712485184e+00
1.932829808525935888e+00 1.054312405490785975e+00
2.123293065125675394e+00 1.023413131328029912e+00
2.332524788537422733e+00 9.993968807942812393e-01
2.562374444914187865e+00 9.751258624804021169e-01
2.814873748915767138e+00 9.340436524753892300e-01
3.092254622684726506e+00 9.037930078963500868e-01
3.396968924520385791e+00 8.511272653907001606e-01
3.731710121638871946e+00 8.198698598436376939e-01
4.099437098591694806e+00 7.892341591392340039e-01
4.503400311793083866e+00 7.432136317887505506e-01
4.947170521344300909e+00 6.993720194384829281e-01
5.434670354124753189e+00 6.522996457878950105e-01
5.970208977146132412e+00 5.984733157400393688e-01
6.558520187658483991e+00 5.469317961508320947e-01
7.204804256698806419e+00 4.865894280809245909e-01
7.914773895950728999e+00 4.291922967339314443e-01
8.694704754231029398e+00 3.682464843364431917e-01
9.551490889957609198e+00 3.076616562383318598e-01
