1.075697699663223650e-02 0.000000000000000000e+00
1.238553382458278118e-02 0.000000000000000000e+00
1.426064666382671070e-02 0.000000000000000000e+00
1.641964296015012773e-02 0.000000000000000000e+00
1.890550136289975008e-02 0.000000000000000000e+00
2.176770729120264605e-02 0.000000000000000000e+00
2.506323802897549025e-02 0.000000000000000000e+00
2.885769695878603880e-02 0.000000000000000000e+00
3.322661951350305148e-02 1.168608568905524550e+02
3.825697684301776480e-02 0.000000000000000000e+00
4.404890712918910212e-02 9.020757140743030789e+01
5.071770901390626474e-02 0.000000000000000000e+00
5.839613682298916419e-02 1.741423865159433859e+01
6.723704327642746059e-02 7.742605333797649791e+01
7.741642229279181719e-02 4.417689991900456903e+01
8.913691246023390524e-02 2.584162917390915126e+01
1.026318309168776088e-01 1.184542016109037377e+01
1.181698179421427075e-01 1.479660684682785465e+01
1.360601847178269652e-01 1.864471971671293460e+01
1.566590707156125806e-01 1.129258759459041883e+01
1.803765332847128977e-01 8.810168231119879678e+00
2.076847105704722196e-01 8.519498380927373660e+00
2.391272202612865216e-01 7.524325887572806515e+00
2.753299812625672471e-01 5.098412808748561176e+00
3.170136737223568923e-01 4.514345899795326744e+00
3.650080854474972436e-01 3.910810722937753781e+00
4.202686303012032054e-01 3.289524958503532659e+00
4.838953674100328062e-01 2.867997672097613915e+00
5.571548997912926238e-01 2.439327067477647937e+00
6.415055883318823149e-01 2.313347436137925150e+00
7.386265830475349237e-01 2.014828069241706210e+00
8.504512495411458151e-01 1.795329404570904286e+00
9.792056560731035031e-01 1.683055825645259240e+00
1.127452887397006887e+00 1.532554687218672163e+00
1.298144067506233235e+00 1.423619266373951975e+00
1.494677106989597437e+00 1.311080635378013559e+00
1.720964344466386908e+00 1.249808380707616573e+00
1.981510428623453279e+00 1.176700099185612913e+00
2.281501991234420323e+00 1.097210192052255007e+00
2.626910896261440254e+00 1.031661115561176345e+00
3.024613120395937216e+00 9.599826527270465260e-01
3.482525631566290691e+00 8.933690357144677963e-01
4.009763990221857810e+00 8.244376061662017641e-01
4.616823810726305766e+00 7.534305693777985091e-01
5.315789695171062590e+00 6.799499306839269508e-01
6.120575798806901169e+00 6.096694253217624926e-01
7.047202815975062151e+00 5.431444851637701188e-01
8.114116900434067858e+00 4.800877541734466236e-01
9.342556868756759059e+00 4.248965877348555575e-01
