1.049270570993779128e-01 2.846855476445073752e-01
1.152666891313443437e-01 0.000000000000000000e+00
1.266252003114718971e-01 2.991891558296181919e-01
1.391029921545676451e-01 6.193305422914217040e-01
1.528103598553650910e-01 5.009633161505100407e-01
1.678684672230424946e-01 0.000000000000000000e+00
1.844104176869020839e-01 2.284809128659968935e-01
2.025824308401720231e-01 1.407335745251628856e-01
2.225451349217781316e-01 8.262024081764371419e-02
2.444749866607454081e-01 7.068228765792303192e-02
2.685658310336883070e-01 1.205537415678721719e-01
2.950306147225855158e-01 6.787836895189434949e-02
3.241032684186404556e-01 7.239757154624154589e-02
3.560407746105134219e-01 5.515273645553669946e-02
3.911254391347682158e-01 4.656963387835057200e-02
4.296673865674934811e-01 3.121268920785962367e-02
4.720073015146639683e-01 2.897148208452597282e-02
5.185194400323847042e-01 2.670384067779241546e-02
5.696149377959250915e-01 2.104245752153171417e-02
6.257454442595075106e-01 1.347364936993992839e-02
6.874071149303513373e-01 1.338503491913622945e-02
7.551449970459608307e-01 1.024391230706577990e-02
8.295578474210610898e-01 7.886214176075141344e-03
9.113034250506731881e-01 6.859344606327072609e-03
1.001104305252339843e+00 5.278664186985649806e-03
1.099754266740566422e+00 4.373454938392328829e-03
1.208125308090871375e+00 3.679029440851138474e-03
1.327175355614216734e+00 2.820276316807815691e-03
1.457956730774185417e+00 2.275527497630739845e-03
1.601625451993120341e+00 1.783390302163232301e-03
1.759451453068861415e+00 1.446383381831965655e-03
1.932829808525935888e+00 1.139479978881253498e-03
2.123293065125675394e+00 8.919697835186692677e-04
2.332524788537422733e+00 6.987477963082768017e-04
2.562374444914187865e+00 5.378182584525031257e-04
2.814873748915767138e+00 4.119735978842845015e-04
3.092254622684726506e+00 3.172871447868840064e-04
3.396968924520385791e+00 2.354254141757445803e-04
3.731710121638871946e+00 1.753548899416414999e-04
4.099437098591694806e+00 1.271990687903643957e-04
4.503400311793083866e+00 8.937901581786035358e-05
4.947170521344300909e+00 6.173154778769157267e-05
5.434670354124753189e+00 4.081624405077972445e-05
5.970208977146132412e+00 2.621585139331320671e-05
6.558520187658483991e+00 1.598400785666158810e-05
7.204804256698806419e+00 9.274445896121734018e-06
7.914773895950728999e+00 5.104500794118834616e-06
8.694704754231029398e+00 2.635240169426211424e-06
9.551490889957609198e+00 1.280653042002667300e-06
