1.049270570993779128e-01 1.613082410846057613e+01
1.152666891313443437e-01 0.000000000000000000e+00
1.266252003114718971e-01 1.202836446420879035e+01
1.391029921545676451e-01 2.463461818394132052e+01
1.528103598553650910e-01 1.991665156114047619e+01
1.678684672230424946e-01 0.000000000000000000e+00
1.844104176869020839e-01 1.231432974260391333e+01
2.025824308401720231e-01 6.530951393403793936e+00
2.225451349217781316e-01 4.123325836987054238e+00
2.444749866607454081e-01 3.892662581644824815e+00
2.685658310336883070e-01 7.428227557821225346e+00
2.950306147225855158e-01 3.115761730593531897e+00
3.241032684186404556e-01 4.961317979603363071e+00
3.560407746105134219e-01 2.983897196629242909e+00
3.911254391347682158e-01 3.064556571786750006e+00
4.296673865674934811e-01 2.479120315095456828e+00
4.720073015146639683e-01 2.360032996741810773e+00
5.185194400323847042e-01 2.275074535751741234e+00
5.696149377959250915e-01 2.048266251673951821e+00
6.257454442595075106e-01 1.470899407272221016e+00
6.874071149303513373e-01 1.498434557437763992e+00
7.551449970459608307e-01 1.319834459507706947e+00
8.295578474210610898e-01 1.230003632845344752e+00
9.113034250506731881e-01 1.159989949063739090e+00
1.001104305252339843e+00 9.599185710744845279e-01
1.099754266740566422e+00 8.513933682206275000e-01
1.208125308090871375e+00 8.122879790784299781e-01
1.327175355614216734e+00 7.085535547213761554e-01
1.457956730774185417e+00 6.111887915409695005e-01
1.601625451993120341e+00 5.159506999515661718e-01
1.759451453068861415e+00 4.356921776391425860e-01
1.932829808525935888e+00 3.497963652845493265e-01
2.123293065125675394e+00 2.806996420872095999e-01
2.332524788537422733e+00 2.201920885647680737e-01
2.562374444914187865e+00 1.656482601874491034e-01
2.814873748915767138e+00 1.197208346073959651e-01
3.092254622684726506e+00 8.415999926538374198e-02
3.396968924520385791e+00 5.542611124036073839e-02
3.731710121638871946e+00 3.525034814560244756e-02
4.099437098591694806e+00 2.148840918220435575e-02
4.503400311793083866e+00 1.216825419610726919e-02
4.947170521344300909e+00 6.630891510609162459e-03
5.434670354124753189e+00 3.399395336321422035e-03
5.970208977146132412e+00 1.657334835041184744e-03
6.558520187658483991e+00 7.730888690606638278e-04
7.204804256698806419e+00 3.545553208446546056e-04
7.914773895950728999e+00 1.666593155403816836e-04
8.694704754231029398e+00 6.715518901240554318e-05
9.551490889957609198e+00 2.300007715982987976e-05
