1.075697699663223650e-02 0.000000000000000000e+00
1.238553382458278118e-02 0.000000000000000000e+00
1.426064666382671070e-02 0.000000000000000000e+00
1.641964296015012773e-02 2.385559791359652682e+00
1.890550136289975008e-02 0.000000000000000000e+00
2.176770729120264605e-02 2.475200936346199310e+00
2.506323802897549025e-02 0.000000000000000000e+00
2.885769695878603880e-02 4.652364005074679509e-01
3.322661951350305148e-02 2.351867770751273845e+00
3.825697684301776480e-02 1.382576839308027106e+00
4.404890712918910212e-02 7.970017128739167456e-01
5.071770901390626474e-02 4.768367753091051209e-01
5.839613682298916419e-02 5.817771899214719822e-01
6.723704327642746059e-02 5.587044549271545923e-01
7.741642229279181719e-02 6.353465304531189517e-01
8.913691246023390524e-02 4.209370720508853747e-01
1.026318309168776088e-01 3.039672325561442734e-01
1.181698179421427075e-01 2.895277171311407272e-01
1.360601847178269652e-01 2.351289303547704768e-01
1.566590707156125806e-01 1.644430515954985184e-01
1.803765332847128977e-01 1.329820545628171979e-01
2.076847105704722196e-01 9.530470292046927527e-02
2.391272202612865216e-01 7.498430357124724610e-02
2.753299812625672471e-01 5.953993722534544480e-02
3.170136737223568923e-01 4.454050833710498924e-02
3.650080854474972436e-01 3.269235988147130983e-02
4.202686303012032054e-01 2.479666952633077792e-02
4.838953674100328062e-01 1.825126132777607144e-02
5.571548997912926238e-01 1.345198292134827493e-02
6.415055883318823149e-01 9.889169465340812495e-03
7.386265830475349237e-01 7.135265427867385629e-03
8.504512495411458151e-01 5.182657129934114919e-03
9.792056560731035031e-01 3.743529170423447270e-03
1.127452887397006887e+00 2.648668349951342500e-03
1.298144067506233235e+00 1.863362865611297402e-03
1.494677106989597437e+00 1.294738844825141623e-03
1.720964344466386908e+00 8.810402002088956125e-04
1.981510428623453279e+00 5.853698261927381104e-04
2.281501991234420323e+00 3.764674445775182581e-04
2.626910896261440254e+00 2.322901120393065571e-04
3.024613120395937216e+00 1.353342688052158814e-04
3.482525631566290691e+00 7.333238183987376123e-05
4.009763990221857810e+00 3.635211326669974418e-05
4.616823810726305766e+00 1.626934085025482645e-05
5.315789695171062590e+00 6.517034471584191666e-06
6.120575798806901169e+00 2.348655815429601110e-06
7.047202815975062151e+00 7.840345322874533780e-07
8.114116900434067858e+00 2.513190349906147657e-07
9.342556868756759059e+00 5.309154000825065891e-08
