1.049270570993779128e-01 1.658041934968582964e+01
1.152666891313443437e-01 0.000000000000000000e+00
1.266252003114718971e-01 1.231096946756816379e+01
1.391029921545676451e-01 2.521491656862812292e+01
1.528103598553650910e-01 2.037267546283943886e+01
1.678684672230424946e-01 0.000000000000000000e+00
1.844104176869020839e-01 1.267099870668508821e+01
2.025824308401720231e-01 6.767054790133342657e+00
2.225451349217781316e-01 4.280496389513252176e+00
2.444749866607454081e-01 4.032530323115093296e+00
2.685658310336883070e-01 7.727203401148759809e+00
2.950306147225855158e-01 3.225049117892351269e+00
3.241032684186404556e-01 5.238256097169635694e+00
3.560407746105134219e-01 3.162331581593502694e+00
3.911254391347682158e-01 3.288060902138858044e+00
4.296673865674934811e-01 2.678251006722600636e+00
4.720073015146639683e-01 2.580356568488715752e+00
5.185194400323847042e-01 2.522318219658744365e+00
5.696149377959250915e-01 2.313216781252459331e+00
6.257454442595075106e-01 1.703939537143881244e+00
6.874071149303513373e-01 1.764002111325296385e+00
7.551449970459608307e-01 1.602151952338374929e+00
8.295578474210610898e-01 1.542203470809903276e+00
9.113034250506731881e-01 1.518194277217976396e+00
1.001104305252339843e+00 1.316388757922117403e+00
1.099754266740566422e+00 1.236490540770007751e+00
1.208125308090871375e+00 1.267063520826815282e+00
1.327175355614216734e+00 1.200324338025881454e+00
1.457956730774185417e+00 1.155242929875814006e+00
1.601625451993120341e+00 1.086579562679935274e+00
1.759451453068861415e+00 1.043549832833762014e+00
1.932829808525935888e+00 9.749445857539636995e-01
2.123293065125675394e+00 9.263522816670624049e-01
2.332524788537422733e+00 8.788157758817218834e-01
2.562374444914187865e+00 8.295449660849856244e-01
2.814873748915767138e+00 7.696644565528591997e-01
3.092254622684726506e+00 7.140254296837132975e-01
3.396968924520385791e+00 6.381990351940134421e-01
3.731710121638871946e+00 5.716784967913327575e-01
4.099437098591694806e+00 5.061494287167808137e-01
4.503400311793083866e+00 4.298479079752247634e-01
4.947170521344300909e+00 3.540102669770153754e-01
5.434670354124753189e+00 2.840008155328106465e-01
5.970208977146132412e+00 2.142025540463310951e-01
6.558520187658483991e+00 1.538329874832008726e-01
7.204804256698806419e+00 1.005943139327341862e-01
7.914773895950728999e+00 5.996562325577495939e-02
8.694704754231029398e+00 3.091066789811694124e-02
9.551490889957609198e+00 1.322665588391499364e-02
