1.075697699663223650e-02 0.000000000000000000e+00
1.238553382458278118e-02 0.000000000000000000e+00
1.426064666382671070e-02 0.000000000000000000e+00
1.641964296015012773e-02 0.000000000000000000e+00
1.890550136289975008e-02 0.000000000000000000e+00
2.176770729120264605e-02 0.000000000000000000e+00
2.506323802897549025e-02 0.000000000000000000e+00
2.885769695878603880e-02 0.000000000000000000e+00
3.322661951350305148e-02 1.213862979971363387e+02
3.825697684301776480e-02 0.000000000000000000e+00
4.404890712918910212e-02 9.344117218037108330e+01
5.071770901390626474e-02 0.000000000000000000e+00
5.839613682298916419e-02 1.803664313175620748e+01
6.723704327642746059e-02 7.909539460060301508e+01
7.741642229279181719e-02 4.497331993203046352e+01
8.913691246023390524e-02 2.616024422824020945e+01
1.026318309168776088e-01 1.197218925644686394e+01
1.181698179421427075e-01 1.477278115050951612e+01
1.360601847178269652e-01 1.832330407078140766e+01
1.566590707156125806e-01 1.094512112901752765e+01
1.803765332847128977e-01 8.417744611560957324e+00
2.076847105704722196e-01 8.047743069788387160e+00
2.391272202612865216e-01 6.815337560490553948e+00
2.753299812625672471e-01 4.542214638206713673e+00
3.170136737223568923e-01 3.894560639736518670e+00
3.650080854474972436e-01 3.244363228795918541e+00
4.202686303012032054e-01 2.652476583949030520e+00
4.838953674100328062e-01 2.172467002305769057e+00
5.571548997912926238e-01 1.779564157059073670e+00
6.415055883318823149e-01 1.597844013721965828e+00
7.386265830475349237e-01 1.359875207273608666e+00
8.504512495411458151e-01 1.170771912254715330e+00
9.792056560731035031e-01 1.067242514920504259e+00
1.127452887397006887e+00 9.474831501869315220e-01
1.298144067506233235e+00 8.629472354558255232e-01
1.494677106989597437e+00 7.871791141468996722e-01
1.720964344466386908e+00 7.376505052306396859e-01
1.981510428623453279e+00 6.872755023295639143e-01
2.281501991234420323e+00 6.356939334006308506e-01
2.626910896261440254e+00 5.863756463005739272e-01
3.024613120395937216e+00 5.396079587302363700e-01
3.482525631566290691e+00 4.921875131088686572e-01
4.009763990221857810e+00 4.446123579216351707e-01
4.616823810726305766e+00 3.996390997341902063e-01
5.315789695171062590e+00 3.548836549996483569e-01
6.120575798806901169e+00 3.146522646254574784e-01
7.047202815975062151e+00 2.807135374244212889e-01
8.114116900434067858e+00 2.362143981594579389e-01
9.342556868756759059e+00 1.307188268802813302e-01
