1.049270570993779128e-01 1.941914349966832598e-01
1.152666891313443437e-01 0.000000000000000000e+00
1.266252003114718971e-01 2.058622834053637496e-01
1.391029921545676451e-01 4.261268292927457568e-01
1.528103598553650910e-01 3.444709214457870039e-01
1.678684672230424946e-01 0.000000000000000000e+00
1.844104176869020839e-01 1.560879015274466430e-01
2.025824308401720231e-01 9.724013874184721240e-02
2.225451349217781316e-01 5.706650036253121949e-02
2.444749866607454081e-01 4.823878367775452647e-02
2.685658310336883070e-01 8.213111189422779568e-02
2.950306147225855158e-01 4.655029589799456607e-02
3.241032684186404556e-01 4.969096571641534038e-02
3.560407746105134219e-01 3.812155583393671970e-02
3.911254391347682158e-01 3.214087774912608581e-02
4.296673865674934811e-01 2.148888027680938284e-02
4.720073015146639683e-01 1.982163053159432739e-02
5.185194400323847042e-01 1.810747833456934769e-02
5.696149377959250915e-01 1.441510632414264373e-02
6.257454442595075106e-01 9.194949579790143851e-03
6.874071149303513373e-01 9.158348315505715487e-03
7.551449970459608307e-01 6.972988796005788470e-03
8.295578474210610898e-01 5.395341636930987665e-03
9.113034250506731881e-01 4.701694764206836886e-03
1.001104305252339843e+00 3.632997110608698205e-03
1.099754266740566422e+00 3.005447882843583461e-03
1.208125308090871375e+00 2.537796341261861367e-03
1.327175355614216734e+00 1.954844160672092671e-03
1.457956730774185417e+00 1.589322546895828971e-03
1.601625451993120341e+00 1.257371495933227177e-03
1.759451453068861415e+00 1.030271725387502590e-03
1.932829808525935888e+00 8.184295170528924383e-04
2.123293065125675394e+00 6.543530644793028525e-04
2.332524788537422733e+00 5.221676228452181399e-04
2.562374444914187865e+00 4.144577528146128594e-04
2.814873748915767138e+00 3.276439901528221672e-04
3.092254622684726506e+00 2.635551053226905171e-04
3.396968924520385791e+00 2.061082915567117289e-04
3.731710121638871946e+00 1.639296004775811467e-04
4.099437098591694806e+00 1.291464420493223446e-04
4.503400311793083866e+00 1.000180277756448926e-04
4.947170521344300909e+00 7.801336366750875894e-05
5.434670354124753189e+00 5.986664389141836614e-05
5.970208977146132412e+00 4.590186096908235050e-05
6.558520187658483991e+00 3.460082410500585603e-05
7.204804256698806419e+00 2.571012826704188479e-05
7.914773895950728999e+00 1.884591502156767091e-05
8.694704754231029398e+00 1.346370773111064594e-05
9.551490889957609198e+00 9.386911492681191139e-06
