1.049270570993779128e-01 1.519547308715291223e+01
1.152666891313443437e-01 0.000000000000000000e+00
1.266252003114718971e-01 1.155918043473498358e+01
1.391029921545676451e-01 2.370593670075447079e+01
1.528103598553650910e-01 1.926177646575878200e+01
1.678684672230424946e-01 0.000000000000000000e+00
1.844104176869020839e-01 1.170343654841310510e+01
2.025824308401720231e-01 6.127785662298931513e+00
2.225451349217781316e-01 3.934353032325709432e+00
2.444749866607454081e-01 3.802914910977130081e+00
2.685658310336883070e-01 7.157280354651296861e+00
2.950306147225855158e-01 3.065854640165589728e+00
3.241032684186404556e-01 4.728268263669989757e+00
3.560407746105134219e-01 2.910861917371418528e+00
3.911254391347682158e-01 2.962649171271066528e+00
4.296673865674934811e-01 2.388905537904086884e+00
4.720073015146639683e-01 2.307180486278955556e+00
5.185194400323847042e-01 2.218196824440159975e+00
5.696149377959250915e-01 2.103159617812278892e+00
6.257454442595075106e-01 1.523261997476268004e+00
6.874071149303513373e-01 1.641833659525474776e+00
7.551449970459608307e-01 1.470634876178120054e+00
8.295578474210610898e-01 1.428654644204041979e+00
9.113034250506731881e-01 1.346841941035143320e+00
1.001104305252339843e+00 1.181942899410958203e+00
1.099754266740566422e+00 1.115487970732499834e+00
1.208125308090871375e+00 1.128650304085853762e+00
1.327175355614216734e+00 1.062934188862634466e+00
1.457956730774185417e+00 1.040724761875683857e+00
1.601625451993120341e+00 9.824264291722164533e-01
1.759451453068861415e+00 9.340503474134713713e-01
1.932829808525935888e+00 8.895988934206838783e-01
2.123293065125675394e+00 8.674627811541741895e-01
2.332524788537422733e+00 8.398625943799630233e-01
2.562374444914187865e+00 8.129748977453769010e-01
2.814873748915767138e+00 7.870601064058196927e-01
3.092254622684726506e+00 7.708614314047195215e-01
3.396968924520385791e+00 7.393669062634214972e-01
3.731710121638871946e+00 7.235092092530355234e-01
4.099437098591694806e+00 6.837279808071159426e-01
4.503400311793083866e+00 6.558307314839150193e-01
4.947170521344300909e+00 6.291277594465598533e-01
5.434670354124753189e+00 5.954574536424050990e-01
5.970208977146132412e+00 5.780485445485568086e-01
6.558520187658483991e+00 5.521314329120781128e-01
7.204804256698806419e+00 5.258095579527897190e-01
7.914773895950728999e+00 4.988131313846993486e-01
8.694704754231029398e+00 4.739221844182370802e-01
9.551490889957609198e+00 4.532248832169204489e-01
