1.049270570993779128e-01 1.616862504301564840e+01
1.152666891313443437e-01 0.000000000000000000e+00
1.266252003114718971e-01 1.181332103792016497e+01
1.391029921545676451e-01 2.351914101978734095e+01
1.528103598553650910e-01 1.898819430016531129e+01
1.678684672230424946e-01 0.000000000000000000e+00
1.844104176869020839e-01 1.161634508209479044e+01
2.025824308401720231e-01 6.161860023132755160e+00
2.225451349217781316e-01 3.720835222236666517e+00
2.444749866607454081e-01 3.513471439634844096e+00
2.685658310336883070e-01 6.543204350912678713e+00
2.950306147225855158e-01 2.639190007397184790e+00
3.241032684186404556e-01 4.105233471210269158e+00
3.560407746105134219e-01 2.407029257323715310e+00
3.911254391347682158e-01 2.436413044010854456e+00
4.296673865674934811e-01 1.863509736078618584e+00
4.720073015146639683e-01 1.761279952891269485e+00
5.185194400323847042e-01 1.632601149016398523e+00
5.696149377959250915e-01 1.471930037544794123e+00
6.257454442595075106e-01 1.043760938983415709e+00
6.874071149303513373e-01 1.042354419795269438e+00
7.551449970459608307e-01 9.155209723141231049e-01
8.295578474210610898e-01 8.527942611080728819e-01
9.113034250506731881e-01 8.091286938950802421e-01
1.001104305252339843e+00 7.155345543279179044e-01
1.099754266740566422e+00 6.642948841467097854e-01
1.208125308090871375e+00 6.626807611115222985e-01
1.327175355614216734e+00 6.208588860543443610e-01
1.457956730774185417e+00 5.933397110763204418e-01
1.601625451993120341e+00 5.549814008748211736e-01
1.759451453068861415e+00 5.384534052691224426e-01
1.932829808525935888e+00 5.008264817022360926e-01
2.123293065125675394e+00 4.852882432283533998e-01
2.332524788537422733e+00 4.678180808935782364e-01
2.562374444914187865e+00 4.599507650127888092e-01
2.814873748915767138e+00 4.435854346016246952e-01
3.092254622684726506e+00 4.334375791352783613e-01
3.396968924520385791e+00 4.151212301510697200e-01
3.731710121638871946e+00 4.014062811011869791e-01
4.099437098591694806e+00 3.846320347781384541e-01
4.503400311793083866e+00 3.651040764134240169e-01
4.947170521344300909e+00 3.471064789646422510e-01
5.434670354124753189e+00 3.253275746877447028e-01
5.970208977146132412e+00 3.017213001564466590e-01
6.558520187658483991e+00 2.771318502465912048e-01
7.204804256698806419e+00 2.507904441770480997e-01
7.914773895950728999e+00 2.232447855507630752e-01
8.694704754231029398e+00 1.944967443110655336e-01
9.551490889957609198e+00 1.665718618002374751e-01
