1.049270570993779128e-01 0.000000000000000000e+00
1.152666891313443437e-01 0.000000000000000000e+00
1.266252003114718971e-01 4.114535026104114479e+01
1.391029921545676451e-01 0.000000000000000000e+00
1.528103598553650910e-01 0.000000000000000000e+00
1.678684672230424946e-01 0.000000000000000000e+00
1.844104176869020839e-01 1.716942355366101935e+01
2.025824308401720231e-01 0.000000000000000000e+00
2.225451349217781316e-01 4.893554254293746908e+00
2.444749866607454081e-01 3.392244488157101667e+00
2.685658310336883070e-01 5.880317082367114701e+00
2.950306147225855158e-01 5.071270366134926988e+00
3.241032684186404556e-01 0.000000000000000000e+00
3.560407746105134219e-01 1.465429569840428270e+00
3.911254391347682158e-01 2.974865853178112030e+00
4.296673865674934811e-01 1.294647542886153024e+00
4.720073015146639683e-01 1.977842151802565729e+00
5.185194400323847042e-01 1.428155463819484217e+00
5.696149377959250915e-01 1.386058405988868092e+00
6.257454442595075106e-01 1.066129511087243298e+00
6.874071149303513373e-01 7.391189589658618830e-01
7.551449970459608307e-01 1.129564486512836252e+00
8.295578474210610898e-01 8.890084391942273401e-01
9.113034250506731881e-01 8.588379482898326200e-01
1.001104305252339843e+00 8.623968905513377248e-01
1.099754266740566422e+00 6.974385180376275750e-01
1.208125308090871375e+00 6.882829232580692791e-01
1.327175355614216734e+00 5.764988102873448428e-01
1.457956730774185417e+00 5.216870750288981062e-01
1.601625451993120341e+00 4.918755326776281800e-01
1.759451453068861415e+00 4.372836024626637341e-01
1.932829808525935888e+00 3.977737257096524148e-01
2.123293065125675394e+00 3.513252366028845608e-01
2.332524788537422733e+00 3.207158641652050335e-01
2.562374444914187865e+00 2.664636253804910648e-01
2.814873748915767138e+00 2.295173393598822775e-01
3.092254622684726506e+00 1.858362450185636061e-01
3.396968924520385791e+00 1.493040971963472130e-01
3.731710121638871946e+00 1.245908491565356352e-01
4.099437098591694806e+00 9.537016490581973205e-02
4.503400311793083866e+00 6.887531836472242375e-02
4.947170521344300909e+00 5.053364265150690066e-02
5.434670354124753189e+00 3.509410555468728959e-02
5.970208977146132412e+00 2.319446103272818083e-02
6.558520187658483991e+00 1.454843647499318507e-02
7.204804256698806419e+00 8.725020937759408318e-03
7.914773895950728999e+00 5.015121967612405120e-03
8.694704754231029398e+00 2.709535272385226682e-03
9.551490889957609198e+00 1.382167029416541152e-03
