1.049270570993779128e-01 1.942129148897989432e-01
1.152666891313443437e-01 0.000000000000000000e+00
1.266252003114718971e-01 2.058844443092194554e-01
1.391029921545676451e-01 4.261634148154586632e-01
1.528103598553650910e-01 3.445012642316302443e-01
1.678684672230424946e-01 0.000000000000000000e+00
1.844104176869020839e-01 1.561007986418345983e-01
2.025824308401720231e-01 9.724593183273338992e-02
2.225451349217781316e-01 5.707010151517671187e-02
2.444749866607454081e-01 4.824168458060126841e-02
2.685658310336883070e-01 8.213456325901016819e-02
2.950306147225855158e-01 4.655138819399771977e-02
3.241032684186404556e-01 4.969170169303154666e-02
3.560407746105134219e-01 3.812128854671685552e-02
3.911254391347682158e-01 3.213921323668219449e-02
4.296673865674934811e-01 2.148750122342825766e-02
4.720073015146639683e-01 1.981979325482316479e-02
5.185194400323847042e-01 1.810465090779429451e-02
5.696149377959250915e-01 1.441234801387163318e-02
6.257454442595075106e-01 9.192599879737922350e-03
6.874071149303513373e-01 9.155229809832307955e-03
7.551449970459608307e-01 6.970037518978069828e-03
8.295578474210610898e-01 5.392534609942533155e-03
9.113034250506731881e-01 4.698597239955265396e-03
1.001104305252339843e+00 3.630040615391557333e-03
1.099754266740566422e+00 3.002476781965202676e-03
1.208125308090871375e+00 2.534719131018965590e-03
1.327175355614216734e+00 1.951931830464427760e-03
1.457956730774185417e+00 1.586441557183475423e-03
1.601625451993120341e+00 1.254596417938981566e-03
1.759451453068861415e+00 1.027533019426976049e-03
1.932829808525935888e+00 8.158058073952735361e-04
2.123293065125675394e+00 6.518178850748457265e-04
2.332524788537422733e+00 5.197333309800654909e-04
2.562374444914187865e+00 4.121290421168339029e-04
2.814873748915767138e+00 3.254367599425074336e-04
3.092254622684726506e+00 2.614174814282328990e-04
3.396968924520385791e+00 2.041008901289230720e-04
3.731710121638871946e+00 1.620196861141623738e-04
4.099437098591694806e+00 1.273409510598838524e-04
4.503400311793083866e+00 9.834873311973169789e-05
4.947170521344300909e+00 7.645529562085846647e-05
5.434670354124753189e+00 5.843990720374822752e-05
5.970208977146132412e+00 4.459725976197423267e-05
6.558520187658483991e+00 3.342917019698602251e-05
7.204804256698806419e+00 2.467585191423290377e-05
7.914773895950728999e+00 1.794626190959846797e-05
8.694704754231029398e+00 1.270362577899667564e-05
9.551490889957609198e+00 8.761463968774012401e-06
