1.049270570993779128e-01 1.944878669053305420e-01
1.152666891313443437e-01 0.000000000000000000e+00
1.266252003114718971e-01 2.061424533441613416e-01
1.391029921545676451e-01 4.265477714669755893e-01
1.528103598553650910e-01 3.447867331937343738e-01
1.678684672230424946e-01 0.000000000000000000e+00
1.844104176869020839e-01 1.561814109711516241e-01
2.025824308401720231e-01 9.725014525512781782e-02
2.225451349217781316e-01 5.706028325750654717e-02
2.444749866607454081e-01 4.822525903154818022e-02
2.685658310336883070e-01 8.205662639198177399e-02
2.950306147225855158e-01 4.648004100912313946e-02
3.241032684186404556e-01 4.958359317789580445e-02
3.560407746105134219e-01 3.800518074666642265e-02
3.911254391347682158e-01 3.200391555729117238e-02
4.296673865674934811e-01 2.137552618401749108e-02
4.720073015146639683e-01 1.969165160316345420e-02
5.185194400323847042e-01 1.795516177214956724e-02
5.696149377959250915e-01 1.426325308237831775e-02
6.257454442595075106e-01 9.075170405988696246e-03
6.874071149303513373e-01 9.010724822232672043e-03
7.551449970459608307e-01 6.835111787574345635e-03
8.295578474210610898e-01 5.266106374755496165e-03
9.113034250506731881e-01 4.563633802500328442e-03
1.001104305252339843e+00 3.503770971993745275e-03
1.099754266740566422e+00 2.876323486336058739e-03
1.208125308090871375e+00 2.406008889364079188e-03
1.327175355614216734e+00 1.832065304947844663e-03
1.457956730774185417e+00 1.468871772444225402e-03
1.601625451993120341e+00 1.142805536875461398e-03
1.759451453068861415e+00 9.177610914704145868e-04
1.932829808525935888e+00 7.115081846436926072e-04
2.123293065125675394e+00 5.522685190621921727e-04
2.332524788537422733e+00 4.252894002692674110e-04
2.562374444914187865e+00 3.232359087532758139e-04
2.814873748915767138e+00 2.424296119018702980e-04
3.092254622684726506e+00 1.828650407674544266e-04
3.396968924520385791e+00 1.322358381954772701e-04
3.731710121638871946e+00 9.562246898445391971e-05
4.099437098591694806e+00 6.699678146290662616e-05
4.503400311793083866e+00 4.495141480568915686e-05
4.947170521344300909e+00 2.933058536516340386e-05
5.434670354124753189e+00 1.802930423612394381e-05
5.970208977146132412e+00 1.045201923895180219e-05
6.558520187658483991e+00 5.522376394774666241e-06
7.204804256698806419e+00 2.597120357277393684e-06
7.914773895950728999e+00 1.042202849657239770e-06
8.694704754231029398e+00 3.393706441273073655e-07
9.551490889957609198e+00 1.010777516452722108e-07
