1.049270570993779128e-01 7.195968911456184891e+00
1.152666891313443437e-01 2.301895413054454309e+01
1.266252003114718971e-01 1.155675826265615491e+01
1.391029921545676451e-01 1.806384846836665048e+01
1.528103598553650910e-01 9.167922068220313747e+00
1.678684672230424946e-01 1.214017551023825803e+01
1.844104176869020839e-01 8.281632247747477749e+00
2.025824308401720231e-01 9.573103460724485814e+00
2.225451349217781316e-01 7.087454341126847801e+00
2.444749866607454081e-01 7.192675681822563227e+00
2.685658310336883070e-01 4.562980351592829109e+00
2.950306147225855158e-01 4.676653472591450367e+00
3.241032684186404556e-01 4.220178944898893114e+00
3.560407746105134219e-01 3.568422973312093571e+00
3.911254391347682158e-01 3.116272482055858273e+00
4.296673865674934811e-01 2.925884755927573799e+00
4.720073015146639683e-01 2.343204576151185492e+00
5.185194400323847042e-01 2.188702365404659567e+00
5.696149377959250915e-01 1.743256144011589903e+00
6.257454442595075106e-01 1.638847858435564131e+00
6.874071149303513373e-01 1.375560894324179051e+00
7.551449970459608307e-01 1.150302683249354363e+00
8.295578474210610898e-01 9.680793142918993066e-01
9.113034250506731881e-01 8.082885262665183701e-01
1.001104305252339843e+00 6.455818186139810066e-01
1.099754266740566422e+00 5.070378545153135796e-01
1.208125308090871375e+00 3.893827296725358988e-01
1.327175355614216734e+00 2.899553940016331710e-01
1.457956730774185417e+00 2.024740233018939295e-01
1.601625451993120341e+00 1.360290314436233272e-01
1.759451453068861415e+00 8.982093488691789140e-02
1.932829808525935888e+00 5.742986354416788203e-02
2.123293065125675394e+00 3.019356254928938846e-02
2.332524788537422733e+00 1.211116885698246270e-02
2.562374444914187865e+00 4.117792835713828328e-03
2.814873748915767138e+00 9.793357731872238958e-04
3.092254622684726506e+00 1.178385181085033308e-04
3.396968924520385791e+00 5.787754526093721961e-06
3.731710121638871946e+00 0.000000000000000000e+00
4.099437098591694806e+00 0.000000000000000000e+00
4.503400311793083866e+00 0.000000000000000000e+00
4.947170521344300909e+00 0.000000000000000000e+00
5.434670354124753189e+00 0.000000000000000000e+00
5.970208977146132412e+00 0.000000000000000000e+00
6.558520187658483991e+00 0.000000000000000000e+00
7.204804256698806419e+00 0.000000000000000000e+00
7.914773895950728999e+00 0.000000000000000000e+00
8.694704754231029398e+00 0.000000000000000000e+00
9.551490889957609198e+00 0.000000000000000000e+00
