1.049270570993779128e-01 1.648681802241351591e+01
1.152666891313443437e-01 0.000000000000000000e+00
1.266252003114718971e-01 1.202619942992119206e+01
1.391029921545676451e-01 2.449593522631760223e+01
1.528103598553650910e-01 1.984343955691288386e+01
1.678684672230424946e-01 0.000000000000000000e+00
1.844104176869020839e-01 1.239198928103975028e+01
2.025824308401720231e-01 6.637396354208656035e+00
2.225451349217781316e-01 4.225115202988983576e+00
2.444749866607454081e-01 3.872559769548647779e+00
2.685658310336883070e-01 7.431876952457618479e+00
2.950306147225855158e-01 3.052090573797763717e+00
3.241032684186404556e-01 4.987784794579499525e+00
3.560407746105134219e-01 2.989966448640146712e+00
3.911254391347682158e-01 3.088177234425593110e+00
4.296673865674934811e-01 2.477592655747354655e+00
4.720073015146639683e-01 2.344666901405317638e+00
5.185194400323847042e-01 2.295483558056524931e+00
5.696149377959250915e-01 2.032321961824807399e+00
6.257454442595075106e-01 1.470419066450683543e+00
6.874071149303513373e-01 1.465050553630519170e+00
7.551449970459608307e-01 1.285238583991004102e+00
8.295578474210610898e-01 1.159702107361855195e+00
9.113034250506731881e-01 1.098531766827049561e+00
1.001104305252339843e+00 8.944668771075109381e-01
1.099754266740566422e+00 7.776792337659527155e-01
1.208125308090871375e+00 7.269156595037040702e-01
1.327175355614216734e+00 6.199853329973685767e-01
1.457956730774185417e+00 5.315252734634539067e-01
1.601625451993120341e+00 4.298339946229643993e-01
1.759451453068861415e+00 3.522444075161492716e-01
1.932829808525935888e+00 2.702959135771977328e-01
2.123293065125675394e+00 2.065096221985582015e-01
2.332524788537422733e+00 1.523585096646639658e-01
2.562374444914187865e+00 1.060976873777585427e-01
2.814873748915767138e+00 7.119491726480431382e-02
3.092254622684726506e+00 4.544424440179334335e-02
3.396968924520385791e+00 2.791385293063057896e-02
3.731710121638871946e+00 1.712306914118889856e-02
4.099437098591694806e+00 9.859765967390127575e-03
4.503400311793083866e+00 4.076244821189907441e-03
4.947170521344300909e+00 1.479834133329278574e-03
5.434670354124753189e+00 4.324542451083764429e-04
5.970208977146132412e+00 6.614290367594973549e-05
6.558520187658483991e+00 5.337779395944337404e-06
7.204804256698806419e+00 5.386586699961725825e-09
7.914773895950728999e+00 0.000000000000000000e+00
8.694704754231029398e+00 0.000000000000000000e+00
9.551490889957609198e+00 0.000000000000000000e+00
