1.049270570993779128e-01 1.933417041756194110e-01
1.152666891313443437e-01 0.000000000000000000e+00
1.266252003114718971e-01 2.045477986587407315e-01
1.391029921545676451e-01 4.224387871207487266e-01
1.528103598553650910e-01 3.422207632875886585e-01
1.678684672230424946e-01 0.000000000000000000e+00
1.844104176869020839e-01 1.553819246608287019e-01
2.025824308401720231e-01 9.611899500780454741e-02
2.225451349217781316e-01 5.685233261188966242e-02
2.444749866607454081e-01 4.812308899105962462e-02
2.685658310336883070e-01 8.214095033784694910e-02
2.950306147225855158e-01 4.644581674675379857e-02
3.241032684186404556e-01 4.945504455508302477e-02
3.560407746105134219e-01 3.769232828902420451e-02
3.911254391347682158e-01 3.170639155867043674e-02
4.296673865674934811e-01 2.125246232558846912e-02
4.720073015146639683e-01 1.976147559013613150e-02
5.185194400323847042e-01 1.821052700341897410e-02
5.696149377959250915e-01 1.432789604221629959e-02
6.257454442595075106e-01 9.165835509960440844e-03
6.874071149303513373e-01 9.119260867241192614e-03
7.551449970459608307e-01 6.975130106315458565e-03
8.295578474210610898e-01 5.379462340468255804e-03
9.113034250506731881e-01 4.690068987076865051e-03
1.001104305252339843e+00 3.616508910452523751e-03
1.099754266740566422e+00 2.998786105678789317e-03
1.208125308090871375e+00 2.527763886675608081e-03
1.327175355614216734e+00 1.946165550247703222e-03
1.457956730774185417e+00 1.576105782363577523e-03
1.601625451993120341e+00 1.243704421180032030e-03
1.759451453068861415e+00 1.015104648067251519e-03
1.932829808525935888e+00 8.070053046632495600e-04
2.123293065125675394e+00 6.391938985958865336e-04
2.332524788537422733e+00 5.081839510949826607e-04
2.562374444914187865e+00 3.985504486819619837e-04
2.814873748915767138e+00 3.122721227724392363e-04
3.092254622684726506e+00 2.477880964447453987e-04
3.396968924520385791e+00 1.907944370399638871e-04
3.731710121638871946e+00 1.488373025720579287e-04
4.099437098591694806e+00 1.146290226363208401e-04
4.503400311793083866e+00 8.674639755003374483e-05
4.947170521344300909e+00 6.578399484966574514e-05
5.434670354124753189e+00 4.895864098071279683e-05
5.970208977146132412e+00 3.628235191621403396e-05
6.558520187658483991e+00 2.644900564174678149e-05
7.204804256698806419e+00 1.903638562802323616e-05
7.914773895950728999e+00 1.354040197768406197e-05
8.694704754231029398e+00 9.455264281779034250e-06
9.551490889957609198e+00 6.485579503168585895e-06
