1.075697699663223650e-02 0.000000000000000000e+00
1.238553382458278118e-02 0.000000000000000000e+00
1.426064666382671070e-02 0.000000000000000000e+00
1.641964296015012773e-02 2.790147650109436536e-02
1.890550136289975008e-02 0.000000000000000000e+00
2.176770729120264605e-02 2.884910451192864919e-02
2.506323802897549025e-02 0.000000000000000000e+00
2.885769695878603880e-02 5.408309443559175533e-03
3.322661951350305148e-02 2.739579381411952688e-02
3.825697684301776480e-02 1.617000284181449588e-02
4.404890712918910212e-02 9.241530103391713130e-03
5.071770901390626474e-02 5.603502797079858502e-03
5.839613682298916419e-02 6.806999488690997600e-03
6.723704327642746059e-02 6.491229628029021419e-03
7.741642229279181719e-02 7.414405704621428693e-03
8.913691246023390524e-02 4.952705775864190557e-03
1.026318309168776088e-01 3.551957016209344314e-03
1.181698179421427075e-01 3.378643597681949256e-03
1.360601847178269652e-01 2.748768560319770141e-03
1.566590707156125806e-01 1.908239824659971762e-03
1.803765332847128977e-01 1.545144467257431996e-03
2.076847105704722196e-01 1.105998304854586851e-03
2.391272202612865216e-01 8.761147385261331463e-04
2.753299812625672471e-01 6.898364020494838610e-04
3.170136737223568923e-01 5.178390749294697198e-04
3.650080854474972436e-01 3.790349322648610560e-04
4.202686303012032054e-01 2.884368600392668959e-04
4.838953674100328062e-01 2.108258181340853148e-04
5.571548997912926238e-01 1.561269164144803276e-04
6.415055883318823149e-01 1.153824838747267322e-04
7.386265830475349237e-01 8.349268685324889795e-05
8.504512495411458151e-01 6.072380303505568955e-05
9.792056560731035031e-01 4.461042423045665986e-05
1.127452887397006887e+00 3.201538164716411194e-05
1.298144067506233235e+00 2.311367561716353352e-05
1.494677106989597437e+00 1.670782195471205841e-05
1.720964344466386908e+00 1.207339688522984316e-05
1.981510428623453279e+00 8.721652372834824970e-06
2.281501991234420323e+00 6.299689067914785686e-06
2.626910896261440254e+00 4.598062917679172320e-06
3.024613120395937216e+00 3.417546304037485588e-06
3.482525631566290691e+00 2.520306730416436433e-06
4.009763990221857810e+00 1.909524436799129647e-06
4.616823810726305766e+00 1.458086879066639692e-06
5.315789695171062590e+00 1.126671323141407066e-06
6.120575798806901169e+00 8.600846948915352016e-07
7.047202815975062151e+00 6.509162188275512425e-07
8.114116900434067858e+00 2.456542718152944252e-07
9.342556868756759059e+00 1.930050015129916381e-08
