1.049270570993779128e-01 1.933708686949424105e-01
1.152666891313443437e-01 0.000000000000000000e+00
1.266252003114718971e-01 2.045978167103605638e-01
1.391029921545676451e-01 4.225771922405576198e-01
1.528103598553650910e-01 3.423466221214012672e-01
1.678684672230424946e-01 0.000000000000000000e+00
1.844104176869020839e-01 1.554547386146197530e-01
2.025824308401720231e-01 9.618082248182367733e-02
2.225451349217781316e-01 5.689411275262724887e-02
2.444749866607454081e-01 4.816407932221958288e-02
2.685658310336883070e-01 8.223536528714431304e-02
2.950306147225855158e-01 4.650351123001704445e-02
3.241032684186404556e-01 4.953610157097609878e-02
3.560407746105134219e-01 3.776497623625815064e-02
3.911254391347682158e-01 3.178015020228776993e-02
4.296673865674934811e-01 2.131376713123325078e-02
4.720073015146639683e-01 1.982820490853762566e-02
5.185194400323847042e-01 1.828406548723569836e-02
5.696149377959250915e-01 1.439898256819349340e-02
6.257454442595075106e-01 9.219795585282249129e-03
6.874071149303513373e-01 9.184442258369819589e-03
7.551449970459608307e-01 7.034804940372231009e-03
8.295578474210610898e-01 5.434352968906930315e-03
9.113034250506731881e-01 4.749873887824882998e-03
1.001104305252339843e+00 3.671197632037321960e-03
1.099754266740566422e+00 3.053584166888068281e-03
1.208125308090871375e+00 2.582645566285630533e-03
1.327175355614216734e+00 1.997554989752234941e-03
1.457956730774185417e+00 1.626930734854495570e-03
1.601625451993120341e+00 1.291777851220775536e-03
1.759451453068861415e+00 1.062388369785179087e-03
1.932829808525935888e+00 8.523134338024019284e-04
2.123293065125675394e+00 6.826803114958326707e-04
2.332524788537422733e+00 5.497409705187565653e-04
2.562374444914187865e+00 4.380763596664488842e-04
2.814873748915767138e+00 3.498371086385772244e-04
3.092254622684726506e+00 2.837493708703553376e-04
3.396968924520385791e+00 2.244794057146454495e-04
3.731710121638871946e+00 1.806373714109830357e-04
4.099437098591694806e+00 1.443793738909189659e-04
4.503400311793083866e+00 1.140732395311430929e-04
4.947170521344300909e+00 9.094919609977186411e-05
5.434670354124753189e+00 7.160894227166642381e-05
5.970208977146132412e+00 5.666887874316968118e-05
6.558520187658483991e+00 4.444252387609217743e-05
7.204804256698806419e+00 3.469299705864098524e-05
7.914773895950728999e+00 2.699368299759895864e-05
8.694704754231029398e+00 2.079598215212378971e-05
9.551490889957609198e+00 1.591270263663070492e-05
