6.496551036677510049e-02 1.148290439764485598e+02
7.073473780572775427e-02 0.000000000000000000e+00
7.701629840506739322e-02 0.000000000000000000e+00
8.385568963737759229e-02 0.000000000000000000e+00
9.130244935398676431e-02 6.528214920594302839e+01
9.941051458864386126e-02 0.000000000000000000e+00
1.082386122245629911e-01 1.659027829641873453e+01
1.178506843544459975e-01 0.000000000000000000e+00
1.283163514143747241e-01 1.276411627885691225e+01
1.397114164460611374e-01 2.670254260895473308e+01
1.521184141398370937e-01 2.221747660452797746e+01
1.656272086351134321e-01 0.000000000000000000e+00
1.803356444081896937e-01 6.508749109548769951e+00
1.963502549618076909e-01 1.055027878872960834e+01
2.137870344495024777e-01 3.554515773004920387e+00
2.327722778236416268e-01 8.052347446590340851e+00
2.534434955923619004e-01 3.608569632896654777e+00
2.759504098110073245e-01 5.074969091947425959e+00
3.004560385220547136e-01 3.191473853150740059e+00
3.271378764981471843e-01 5.356923783561798658e+00
3.561891808403823134e-01 2.401129867493360770e+00
3.878203707434687564e-01 3.673860086012696424e+00
4.222605515662809506e-01 2.223570372762197600e+00
4.597591742466832221e-01 2.680535390992849099e+00
5.005878420798032247e-01 2.218954029076800172e+00
5.450422779462824607e-01 1.996660501701621460e+00
5.934444662391817893e-01 1.622876024164726205e+00
6.461449850035609899e-01 1.672149198107108825e+00
7.035255451804675042e-01 1.387377482074717117e+00
7.660017553471319962e-01 1.273896907414098001e+00
8.340261319784387783e-01 1.167937918612406367e+00
9.080913770330572010e-01 1.091571212002138358e+00
9.887339466038602698e-01 9.311043538302149480e-01
1.076537936480436608e+00 8.194436287496299487e-01
1.172139312766903085e+00 7.480317079902066846e-01
1.276230518197474462e+00 6.261397957267526015e-01
1.389565487513426678e+00 5.988092127853655855e-01
1.512965108227928290e+00 4.911895911863846109e-01
1.647323166331179145e+00 4.057447094450575276e-01
1.793612820000715313e+00 3.298123072702685565e-01
1.952893648206098787e+00 2.638963194849003324e-01
2.126319325261181170e+00 2.034806091912515214e-01
2.315145976910882197e+00 1.571875836694869855e-01
2.520741278475787439e+00 1.132885386602631023e-01
2.744594360952617329e+00 7.876461312414814731e-02
2.988326596820659375e+00 5.318862337726268374e-02
3.253703343675970139e+00 3.476217940835837905e-02
3.542646730752744944e+00 2.233256116391696411e-02
3.857249580944888123e+00 1.425457244320683416e-02
