1.049270570993779128e-01 0.000000000000000000e+00
1.152666891313443437e-01 0.000000000000000000e+00
1.266252003114718971e-01 4.206739315799160295e+01
1.391029921545676451e-01 0.000000000000000000e+00
1.528103598553650910e-01 0.000000000000000000e+00
1.678684672230424946e-01 0.000000000000000000e+00
1.844104176869020839e-01 1.747698176868562214e+01
2.025824308401720231e-01 0.000000000000000000e+00
2.225451349217781316e-01 4.999888788961413866e+00
2.444749866607454081e-01 3.414622228344240895e+00
2.685658310336883070e-01 5.850261625379714836e+00
2.950306147225855158e-01 5.045529239160995161e+00
3.241032684186404556e-01 0.000000000000000000e+00
3.560407746105134219e-01 1.459934710601951346e+00
3.911254391347682158e-01 3.026692211071590144e+00
4.296673865674934811e-01 1.358783223637322735e+00
4.720073015146639683e-01 2.010342827544470801e+00
5.185194400323847042e-01 1.455067536990402033e+00
5.696149377959250915e-01 1.423314018722678487e+00
6.257454442595075106e-01 1.070359259083495829e+00
6.874071149303513373e-01 7.693401972564800628e-01
7.551449970459608307e-01 1.151819480778373705e+00
8.295578474210610898e-01 9.203191671639421312e-01
9.113034250506731881e-01 8.915167033104171024e-01
1.001104305252339843e+00 8.947089982011753317e-01
1.099754266740566422e+00 7.327177964879605376e-01
1.208125308090871375e+00 7.312138170058479769e-01
1.327175355614216734e+00 6.208146244171794947e-01
1.457956730774185417e+00 5.694568082444966262e-01
1.601625451993120341e+00 5.434648469945181359e-01
1.759451453068861415e+00 4.891631121369289792e-01
1.932829808525935888e+00 4.426113676892251547e-01
2.123293065125675394e+00 4.035861323436727988e-01
2.332524788537422733e+00 3.780297784349709311e-01
2.562374444914187865e+00 3.232801301956576001e-01
2.814873748915767138e+00 2.898789404077725118e-01
3.092254622684726506e+00 2.470895926325027414e-01
3.396968924520385791e+00 2.089046337394350750e-01
3.731710121638871946e+00 1.843094057448742829e-01
4.099437098591694806e+00 1.549789556190460382e-01
4.503400311793083866e+00 1.286787043367144112e-01
4.947170521344300909e+00 1.095933426527224835e-01
5.434670354124753189e+00 9.069630180882569392e-02
5.970208977146132412e+00 7.445856944544386458e-02
6.558520187658483991e+00 5.969056743171116675e-02
7.204804256698806419e+00 4.821316290023910239e-02
7.914773895950728999e+00 3.875317633717029892e-02
8.694704754231029398e+00 3.041026441173017014e-02
9.551490889957609198e+00 2.373512511259977947e-02
