1.049270570993779128e-01 1.656010972223212008e+01
1.152666891313443437e-01 0.000000000000000000e+00
1.266252003114718971e-01 1.218623938515022509e+01
1.391029921545676451e-01 2.483503738771251435e+01
1.528103598553650910e-01 2.007752120352931158e+01
1.678684672230424946e-01 0.000000000000000000e+00
1.844104176869020839e-01 1.253072706149130155e+01
2.025824308401720231e-01 6.710892177639355971e+00
2.225451349217781316e-01 4.270914772805086912e+00
2.444749866607454081e-01 3.948396879755220468e+00
2.685658310336883070e-01 7.577889109796352329e+00
2.950306147225855158e-01 3.120978554110421133e+00
3.241032684186404556e-01 5.118616720331582215e+00
3.560407746105134219e-01 3.083283147805835789e+00
3.911254391347682158e-01 3.199644339646557256e+00
4.296673865674934811e-01 2.583986419210159813e+00
4.720073015146639683e-01 2.463810740067696958e+00
5.185194400323847042e-01 2.412265187043521220e+00
5.696149377959250915e-01 2.162581264284827665e+00
6.257454442595075106e-01 1.579250497211336812e+00
6.874071149303513373e-01 1.596920016927246611e+00
7.551449970459608307e-01 1.419805460628382310e+00
8.295578474210610898e-01 1.315701272802209276e+00
9.113034250506731881e-01 1.268685329705644849e+00
1.001104305252339843e+00 1.058164155490335157e+00
1.099754266740566422e+00 9.500726211744946470e-01
1.208125308090871375e+00 9.215312225792033907e-01
1.327175355614216734e+00 8.166053704282351111e-01
1.457956730774185417e+00 7.427124366452297899e-01
1.601625451993120341e+00 6.432434913842586255e-01
1.759451453068861415e+00 5.676454065247804603e-01
1.932829808525935888e+00 4.785080510226981665e-01
2.123293065125675394e+00 4.031798243203134624e-01
2.332524788537422733e+00 3.360312261895250785e-01
2.562374444914187865e+00 2.714609718102513614e-01
2.814873748915767138e+00 2.162058082874574738e-01
3.092254622684726506e+00 1.680319308365972319e-01
3.396968924520385791e+00 1.269905722013892624e-01
3.731710121638871946e+00 9.439762923162137165e-02
4.099437098591694806e+00 6.843341526316135126e-02
4.503400311793083866e+00 4.839792401266598820e-02
4.947170521344300909e+00 3.324627639998205264e-02
5.434670354124753189e+00 2.206721892293395798e-02
5.970208977146132412e+00 1.422022293244925434e-02
6.558520187658483991e+00 8.810272813429526062e-03
7.204804256698806419e+00 5.335620010689496283e-03
7.914773895950728999e+00 3.228587399826501978e-03
8.694704754231029398e+00 1.490145326990283819e-03
9.551490889957609198e+00 5.512757711741042262e-04
