1.075697699663223650e-02 0.000000000000000000e+00
1.238553382458278118e-02 0.000000000000000000e+00
1.426064666382671070e-02 0.000000000000000000e+00
1.641964296015012773e-02 0.000000000000000000e+00
1.890550136289975008e-02 0.000000000000000000e+00
2.176770729120264605e-02 0.000000000000000000e+00
2.506323802897549025e-02 0.000000000000000000e+00
2.885769695878603880e-02 0.000000000000000000e+00
3.322661951350305148e-02 1.705878708416826539e+00
3.825697684301776480e-02 0.000000000000000000e+00
4.404890712918910212e-02 1.343081365159785268e+00
5.071770901390626474e-02 0.000000000000000000e+00
5.839613682298916419e-02 2.368778527577981297e-01
6.723704327642746059e-02 1.200609734254931560e+00
7.741642229279181719e-02 6.998218643073850220e-01
8.913691246023390524e-02 3.585691418231556349e-01
1.026318309168776088e-01 1.952322330280716889e-01
1.181698179421427075e-01 2.189312668444383936e-01
1.360601847178269652e-01 2.645479687723911733e-01
1.566590707156125806e-01 1.462146368946954378e-01
1.803765332847128977e-01 1.327284878527036360e-01
2.076847105704722196e-01 1.145986974824488858e-01
2.391272202612865216e-01 8.702204317971395930e-02
2.753299812625672471e-01 5.421781947863589524e-02
3.170136737223568923e-01 4.545318056390145606e-02
3.650080854474972436e-01 3.341228136056206138e-02
4.202686303012032054e-01 2.363591945915066023e-02
4.838953674100328062e-01 1.836553844470270938e-02
5.571548997912926238e-01 1.383220472411257444e-02
6.415055883318823149e-01 1.010457524476416659e-02
7.386265830475349237e-01 7.413100837223593996e-03
8.504512495411458151e-01 5.329181526860072605e-03
9.792056560731035031e-01 3.974887659650891067e-03
1.127452887397006887e+00 2.860191510747526946e-03
1.298144067506233235e+00 2.049736412026546047e-03
1.494677106989597437e+00 1.465039100650700676e-03
1.720964344466386908e+00 1.055426808405380982e-03
1.981510428623453279e+00 7.479449739588635987e-04
2.281501991234420323e+00 5.247023934342782579e-04
2.626910896261440254e+00 3.644518889987913139e-04
3.024613120395937216e+00 2.510339883668198180e-04
3.482525631566290691e+00 1.698780683365248227e-04
4.009763990221857810e+00 1.126964323695294411e-04
4.616823810726305766e+00 7.291816988269307273e-05
5.315789695171062590e+00 4.602553800575287735e-05
6.120575798806901169e+00 2.808212586393789707e-05
7.047202815975062151e+00 1.657598002593815850e-05
8.114116900434067858e+00 9.418078801443623504e-06
9.342556868756759059e+00 5.112269851740301038e-06
