1.049270570993779128e-01 0.000000000000000000e+00
1.152666891313443437e-01 0.000000000000000000e+00
1.266252003114718971e-01 4.204790122860033819e+01
1.391029921545676451e-01 0.000000000000000000e+00
1.528103598553650910e-01 0.000000000000000000e+00
1.678684672230424946e-01 0.000000000000000000e+00
1.844104176869020839e-01 1.746615878383624221e+01
2.025824308401720231e-01 0.000000000000000000e+00
2.225451349217781316e-01 4.996166088193288779e+00
2.444749866607454081e-01 3.407925479919895473e+00
2.685658310336883070e-01 5.838727917099710396e+00
2.950306147225855158e-01 5.036462376035391486e+00
3.241032684186404556e-01 0.000000000000000000e+00
3.560407746105134219e-01 1.456385139122482242e+00
3.911254391347682158e-01 3.017751776309787193e+00
4.296673865674934811e-01 1.354063472172365890e+00
4.720073015146639683e-01 2.002264861361487291e+00
5.185194400323847042e-01 1.448330042226338765e+00
5.696149377959250915e-01 1.416386408889931170e+00
6.257454442595075106e-01 1.063107939583751271e+00
6.874071149303513373e-01 7.631116535933548661e-01
7.551449970459608307e-01 1.139313739255936930e+00
8.295578474210610898e-01 9.081992444959122723e-01
9.113034250506731881e-01 8.777052729635409500e-01
1.001104305252339843e+00 8.786088418413419143e-01
1.099754266740566422e+00 7.173313136879913010e-01
1.208125308090871375e+00 7.125413278860446287e-01
1.327175355614216734e+00 6.018429153906694751e-01
1.457956730774185417e+00 5.489131879451276674e-01
1.601625451993120341e+00 5.185254606149278800e-01
1.759451453068861415e+00 4.626108134101628577e-01
1.932829808525935888e+00 4.149232617509737153e-01
2.123293065125675394e+00 3.743772649603131497e-01
2.332524788537422733e+00 3.450858689235250520e-01
2.562374444914187865e+00 2.907213508036447513e-01
2.814873748915767138e+00 2.548257606045286616e-01
3.092254622684726506e+00 2.115645628904464504e-01
3.396968924520385791e+00 1.740698773815994860e-01
3.731710121638871946e+00 1.478838780832542610e-01
4.099437098591694806e+00 1.194854163763740401e-01
4.503400311793083866e+00 9.460823610274175788e-02
4.947170521344300909e+00 7.627084831154032352e-02
5.434670354124753189e+00 5.913932298900149293e-02
5.970208977146132412e+00 4.542384093512774612e-02
6.558520187658483991e+00 3.378739903002556805e-02
7.204804256698806419e+00 2.498502429777204811e-02
7.914773895950728999e+00 1.825494622908073808e-02
8.694704754231029398e+00 1.279796069364478109e-02
9.551490889957609198e+00 8.799623686706106382e-03
