1.049270570993779128e-01 1.938276922943700797e-01
1.152666891313443437e-01 0.000000000000000000e+00
1.266252003114718971e-01 2.045834572093849779e-01
1.391029921545676451e-01 4.228619511551532928e-01
1.528103598553650910e-01 3.424094062627489610e-01
1.678684672230424946e-01 0.000000000000000000e+00
1.844104176869020839e-01 1.557520633619515760e-01
2.025824308401720231e-01 9.619467854585658784e-02
2.225451349217781316e-01 5.676956430581002466e-02
2.444749866607454081e-01 4.824389423616093353e-02
2.685658310336883070e-01 8.236148226724025745e-02
2.950306147225855158e-01 4.649847828858284793e-02
3.241032684186404556e-01 4.957146264782336803e-02
3.560407746105134219e-01 3.778551345595180383e-02
3.911254391347682158e-01 3.184383231678264425e-02
4.296673865674934811e-01 2.136131143423776121e-02
4.720073015146639683e-01 1.986473540344102853e-02
5.185194400323847042e-01 1.832506796586569342e-02
5.696149377959250915e-01 1.444123819249507230e-02
6.257454442595075106e-01 9.255298708921697731e-03
6.874071149303513373e-01 9.216381346694439702e-03
7.551449970459608307e-01 7.064573811849264237e-03
8.295578474210610898e-01 5.456639194030606793e-03
9.113034250506731881e-01 4.767972098703333363e-03
1.001104305252339843e+00 3.686157959952505309e-03
1.099754266740566422e+00 3.067804944294630701e-03
1.208125308090871375e+00 2.596781225583112349e-03
1.327175355614216734e+00 2.007734374933518862e-03
1.457956730774185417e+00 1.635432501471063924e-03
1.601625451993120341e+00 1.298301850552094870e-03
1.759451453068861415e+00 1.068090566159634637e-03
1.932829808525935888e+00 8.569011520670006751e-04
2.123293065125675394e+00 6.861110866194810014e-04
2.332524788537422733e+00 5.523753977888835615e-04
2.562374444914187865e+00 4.398407420468471358e-04
2.814873748915767138e+00 3.509568984929318353e-04
3.092254622684726506e+00 2.842983330430529825e-04
3.396968924520385791e+00 2.245208431708444765e-04
3.731710121638871946e+00 1.803914160195480086e-04
4.099437098591694806e+00 1.437722698220814175e-04
4.503400311793083866e+00 1.132536587592082426e-04
4.947170521344300909e+00 8.994856502890228775e-05
5.434670354124753189e+00 7.048894853810700736e-05
5.970208977146132412e+00 5.545908510901060391e-05
6.558520187658483991e+00 4.320036036598285626e-05
7.204804256698806419e+00 3.344269860175357674e-05
7.914773895950728999e+00 2.577104628213754397e-05
8.694704754231029398e+00 1.963150104758212941e-05
9.551490889957609198e+00 1.482949337798937437e-05
