1.075697699663223650e-02 0.000000000000000000e+00
1.238553382458278118e-02 0.000000000000000000e+00
1.426064666382671070e-02 0.000000000000000000e+00
1.641964296015012773e-02 2.377495375162825386e+00
1.890550136289975008e-02 0.000000000000000000e+00
2.176770729120264605e-02 2.466724880255972696e+00
2.506323802897549025e-02 0.000000000000000000e+00
2.885769695878603880e-02 4.634924317767601387e-01
3.322661951350305148e-02 2.342250477098472228e+00
3.825697684301776480e-02 1.377063003904223759e+00
4.404890712918910212e-02 7.940470375669655967e-01
5.071770901390626474e-02 4.744289052952078700e-01
5.839613682298916419e-02 5.796557937688943118e-01
6.723704327642746059e-02 5.567303332859225851e-01
7.741642229279181719e-02 6.327313922402644231e-01
8.913691246023390524e-02 4.187759527392875269e-01
1.026318309168776088e-01 3.023084434085408501e-01
1.181698179421427075e-01 2.883585367695967183e-01
1.360601847178269652e-01 2.340122717399547858e-01
1.566590707156125806e-01 1.636401506932536054e-01
1.803765332847128977e-01 1.323676738731374147e-01
2.076847105704722196e-01 9.481637267308007377e-02
2.391272202612865216e-01 7.453945329118483176e-02
2.753299812625672471e-01 5.923095607026217929e-02
3.170136737223568923e-01 4.424404180629554206e-02
3.650080854474972436e-01 3.246543052227591347e-02
4.202686303012032054e-01 2.459276360203458550e-02
4.838953674100328062e-01 1.810432617648842848e-02
5.571548997912926238e-01 1.331392152921774888e-02
6.415055883318823149e-01 9.765284432440438436e-03
7.386265830475349237e-01 7.028598137055759587e-03
8.504512495411458151e-01 5.089155727645749798e-03
9.792056560731035031e-01 3.659593726670982549e-03
1.127452887397006887e+00 2.576629859383757718e-03
1.298144067506233235e+00 1.801860150518290070e-03
1.494677106989597437e+00 1.244634878361704222e-03
1.720964344466386908e+00 8.431385416445849818e-04
1.981510428623453279e+00 5.597804556901863878e-04
2.281501991234420323e+00 3.622787813661344498e-04
2.626910896261440254e+00 2.282999482046028114e-04
3.024613120395937216e+00 1.390203137615476480e-04
3.482525631566290691e+00 8.145043555958025254e-05
4.009763990221857810e+00 4.574048817901203191e-05
4.616823810726305766e+00 2.461350211861270993e-05
5.315789695171062590e+00 1.283907098171771823e-05
6.120575798806901169e+00 6.688676136942874569e-06
7.047202815975062151e+00 3.647628017224972281e-06
8.114116900434067858e+00 1.789945125146490227e-06
9.342556868756759059e+00 3.655304176971359043e-07
