1.049270570993779128e-01 2.211916345862052942e-03
1.152666891313443437e-01 0.000000000000000000e+00
1.266252003114718971e-01 2.407309164360420077e-03
1.391029921545676451e-01 4.989610217468423703e-03
1.528103598553650910e-01 4.034404144773962898e-03
1.678684672230424946e-01 0.000000000000000000e+00
1.844104176869020839e-01 1.779022035835689346e-03
2.025824308401720231e-01 1.157310194019867166e-03
2.225451349217781316e-01 6.824971042274150098e-04
2.444749866607454081e-01 5.495111015287061553e-04
2.685658310336883070e-01 9.331800947966446347e-04
2.950306147225855158e-01 5.399418263637730366e-04
3.241032684186404556e-01 5.801178529742377936e-04
3.560407746105134219e-01 4.513294860608371294e-04
3.911254391347682158e-01 3.758057106466047652e-04
4.296673865674934811e-01 2.548563429825888098e-04
4.720073015146639683e-01 2.272549416511342407e-04
5.185194400323847042e-01 2.009705203908714760e-04
5.696149377959250915e-01 1.661905569012033543e-04
6.257454442595075106e-01 1.046191693713223420e-04
6.874071149303513373e-01 1.039721400144619250e-04
7.551449970459608307e-01 7.699107948398076662e-05
8.295578474210610898e-01 6.082832621846640518e-05
9.113034250506731881e-01 5.304093087991533316e-05
1.001104305252339843e+00 4.105521349627757461e-05
1.099754266740566422e+00 3.334163886995249670e-05
1.208125308090871375e+00 2.795245561295734793e-05
1.327175355614216734e+00 2.169445542498732666e-05
1.457956730774185417e+00 1.738928130808875048e-05
1.601625451993120341e+00 1.397987776256637471e-05
1.759451453068861415e+00 1.120915183343170416e-05
1.932829808525935888e+00 8.859838600948805347e-06
2.123293065125675394e+00 7.157538765562811453e-06
2.332524788537422733e+00 5.648359049276219979e-06
2.562374444914187865e+00 4.594959916868821089e-06
2.814873748915767138e+00 3.559312044711967214e-06
3.092254622684726506e+00 2.942917388294873549e-06
3.396968924520385791e+00 2.272622331024548990e-06
3.731710121638871946e+00 1.884682088581239901e-06
4.099437098591694806e+00 1.494190977423333738e-06
4.503400311793083866e+00 1.210434356984154233e-06
4.947170521344300909e+00 9.736456628093945356e-07
5.434670354124753189e+00 7.869669071734828978e-07
5.970208977146132412e+00 6.445858538535247882e-07
6.558520187658483991e+00 5.260500132294693480e-07
7.204804256698806419e+00 4.434465391508322246e-07
7.914773895950728999e+00 3.702028504586612816e-07
8.694704754231029398e+00 3.077425244066486318e-07
9.551490889957609198e+00 2.833769044163405489e-07
