6.544794635508624503e-02 9.651387056061986414e+01
7.227521403122769139e-02 0.000000000000000000e+00
7.981467493141311542e-02 0.000000000000000000e+00
8.814062220078265619e-02 6.240011397410614791e+01
9.733509894786904204e-02 0.000000000000000000e+00
1.074887066897439181e-01 1.452886711613928661e+01
1.187014981309242045e-01 0.000000000000000000e+00
1.310839630733989514e-01 1.041416007755108630e+01
1.447581171728420657e-01 2.083327723866997161e+01
1.598587042695132077e-01 1.659545341322629497e+01
1.765345241415035293e-01 5.996994798810297844e+00
1.949498987638828562e-01 9.306434685675165852e+00
2.152862915221297468e-01 2.972298437504103497e+00
2.377440953354219566e-01 6.550204060457516242e+00
2.625446073097885136e-01 6.588744750742788980e+00
2.899322093791706356e-01 3.119625680418653069e+00
3.201767764222258617e-01 3.930380710576218739e+00
3.535763355842338473e-01 3.473488022507243755e+00
3.904600030088142271e-01 3.605480562685970725e+00
4.311912269177368140e-01 2.392262954655305141e+00
4.761713689958305684e-01 2.733880271261220685e+00
5.258436593716249163e-01 2.265219464196750021e+00
5.806975641657334819e-01 1.888033519303959684e+00
6.412736086443955319e-01 1.586947823806080127e+00
7.081687035050797663e-01 1.470649327741045953e+00
7.820420267788740221e-01 1.348595627754799464e+00
8.636215193093772502e-01 1.279731296485789205e+00
9.537110578139396111e-01 1.147207963886988313e+00
1.053198376209924181e+00 1.013516278332847520e+00
1.163063813262004587e+00 9.157751008770456114e-01
1.284389972749000020e+00 8.174286885263606361e-01
1.418372391340625871e+00 7.572383352636058440e-01
1.566331319304433034e+00 6.494041198455833275e-01
1.729724730128913146e+00 5.727592253238384945e-01
1.910162687258393888e+00 4.856618657942452510e-01
2.109423209508183739e+00 3.997933401131121833e-01
2.329469791496292075e+00 3.320061703888330107e-01
2.572470751736423367e+00 2.643724270062164372e-01
2.840820599046558925e+00 2.067911099507027395e-01
3.137163627815712896e+00 1.574088202121823876e-01
3.464419974634429522e+00 1.177154249689111726e-01
3.825814393048633910e+00 8.511051066211910987e-02
4.224908029980570134e+00 6.025133610748304586e-02
4.665633516938728853e+00 4.157722155736355563e-02
5.152333721802261124e+00 2.727767413715219760e-02
5.689804543036371065e+00 1.762649688049909222e-02
6.283342168028879016e+00 1.082411312705609113e-02
6.938795261227216571e+00 6.467975770737079133e-03
7.662622596332873570e+00 3.824672914441492461e-03
