1.049270570993779128e-01 1.661342230793508179e+01
1.152666891313443437e-01 0.000000000000000000e+00
1.266252003114718971e-01 1.222566004465261003e+01
1.391029921545676451e-01 2.495637672682276076e+01
1.528103598553650910e-01 2.015577566778712537e+01
1.678684672230424946e-01 0.000000000000000000e+00
1.844104176869020839e-01 1.260538714110653835e+01
2.025824308401720231e-01 6.762657885122899337e+00
2.225451349217781316e-01 4.297686240604414287e+00
2.444749866607454081e-01 3.983624436104616251e+00
2.685658310336883070e-01 7.649351997792622093e+00
2.950306147225855158e-01 3.153058904280546137e+00
3.241032684186404556e-01 5.189194250219699711e+00
3.560407746105134219e-01 3.130885132596826104e+00
3.911254391347682158e-01 3.260042230178057832e+00
4.296673865674934811e-01 2.639907946361649937e+00
4.720073015146639683e-01 2.524450290702447308e+00
5.185194400323847042e-01 2.475862418405371912e+00
5.696149377959250915e-01 2.232357060026739948e+00
6.257454442595075106e-01 1.638742317731210596e+00
6.874071149303513373e-01 1.665397184259657548e+00
7.551449970459608307e-01 1.488775794800953456e+00
8.295578474210610898e-01 1.395529466088573090e+00
9.113034250506731881e-01 1.356775275456093333e+00
1.001104305252339843e+00 1.144704454337773125e+00
1.099754266740566422e+00 1.042084577750720609e+00
1.208125308090871375e+00 1.028647834690466611e+00
1.327175355614216734e+00 9.299118649562923000e-01
1.457956730774185417e+00 8.690477976144858063e-01
1.601625451993120341e+00 7.756643149093186418e-01
1.759451453068861415e+00 7.086034150446492985e-01
1.932829808525935888e+00 6.245144331155201289e-01
2.123293065125675394e+00 5.533087314402912460e-01
2.332524788537422733e+00 4.897221417189268067e-01
2.562374444914187865e+00 4.271175103739088263e-01
2.814873748915767138e+00 3.700406653175309923e-01
3.092254622684726506e+00 3.178325617964531946e-01
3.396968924520385791e+00 2.680078983243299739e-01
3.731710121638871946e+00 2.255804831350467221e-01
4.099437098591694806e+00 1.884398931791267107e-01
4.503400311793083866e+00 1.564784267198229273e-01
4.947170521344300909e+00 1.297891738963170283e-01
5.434670354124753189e+00 1.055359597842798342e-01
5.970208977146132412e+00 8.600698433927068953e-02
6.558520187658483991e+00 6.928869106600989147e-02
7.204804256698806419e+00 5.500468757391112351e-02
7.914773895950728999e+00 4.371355376327681203e-02
8.694704754231029398e+00 3.391232051454599883e-02
9.551490889957609198e+00 2.619720168880130401e-02
