1.049270570993779128e-01 1.656012738781904403e+01
1.152666891313443437e-01 0.000000000000000000e+00
1.266252003114718971e-01 1.218619367726519798e+01
1.391029921545676451e-01 2.483478900845906878e+01
1.528103598553650910e-01 2.007735412955824472e+01
1.678684672230424946e-01 0.000000000000000000e+00
1.844104176869020839e-01 1.253053337668507439e+01
2.025824308401720231e-01 6.710911332992053779e+00
2.225451349217781316e-01 4.270811382236598952e+00
2.444749866607454081e-01 3.948461963033015110e+00
2.685658310336883070e-01 7.577842533487486598e+00
2.950306147225855158e-01 3.121039927171278094e+00
3.241032684186404556e-01 5.118586460242086744e+00
3.560407746105134219e-01 3.083297601704530599e+00
3.911254391347682158e-01 3.199552359381849342e+00
4.296673865674934811e-01 2.583997100513913736e+00
4.720073015146639683e-01 2.463825727701667745e+00
5.185194400323847042e-01 2.412279923244826652e+00
5.696149377959250915e-01 2.162491196909170466e+00
6.257454442595075106e-01 1.579239031467290388e+00
6.874071149303513373e-01 1.596944334800041609e+00
7.551449970459608307e-01 1.419788480762595118e+00
8.295578474210610898e-01 1.315707095639817803e+00
9.113034250506731881e-01 1.268707575788188935e+00
1.001104305252339843e+00 1.058148560006739292e+00
1.099754266740566422e+00 9.500743892159487780e-01
1.208125308090871375e+00 9.215258581971914609e-01
1.327175355614216734e+00 8.166208587139183184e-01
1.457956730774185417e+00 7.427114595468150560e-01
1.601625451993120341e+00 6.432488670182535673e-01
1.759451453068861415e+00 5.676287842014999807e-01
1.932829808525935888e+00 4.784744371335530877e-01
2.123293065125675394e+00 4.031539100061865555e-01
2.332524788537422733e+00 3.359960960836231858e-01
2.562374444914187865e+00 2.714104615661040443e-01
2.814873748915767138e+00 2.161568630665229029e-01
3.092254622684726506e+00 1.679963360497997438e-01
3.396968924520385791e+00 1.269559554193570028e-01
3.731710121638871946e+00 9.436548214808043733e-02
4.099437098591694806e+00 6.840793770204935120e-02
4.503400311793083866e+00 4.837129564799766412e-02
4.947170521344300909e+00 3.322479824125598724e-02
5.434670354124753189e+00 2.205212241117242636e-02
5.970208977146132412e+00 1.420602751780224333e-02
6.558520187658483991e+00 8.796929961690456642e-03
7.204804256698806419e+00 5.324747977936967851e-03
7.914773895950728999e+00 3.218578489054808520e-03
8.694704754231029398e+00 1.483665465326335304e-03
9.551490889957609198e+00 5.475689514753511030e-04
