6.544794635508624503e-02 9.655956450473196639e+01
7.227521403122769139e-02 0.000000000000000000e+00
7.981467493141311542e-02 0.000000000000000000e+00
8.814062220078265619e-02 6.241868455609385791e+01
9.733509894786904204e-02 0.000000000000000000e+00
1.074887066897439181e-01 1.459160098582144904e+01
1.187014981309242045e-01 0.000000000000000000e+00
1.310839630733989514e-01 1.040504526339931779e+01
1.447581171728420657e-01 2.087395603189366255e+01
1.598587042695132077e-01 1.661191942818187783e+01
1.765345241415035293e-01 6.022115691557150541e+00
1.949498987638828562e-01 9.364306967619439703e+00
2.152862915221297468e-01 3.003967215795253498e+00
2.377440953354219566e-01 6.583336664428529161e+00
2.625446073097885136e-01 6.633123255217379111e+00
2.899322093791706356e-01 3.136288562876251351e+00
3.201767764222258617e-01 3.962226064143076432e+00
3.535763355842338473e-01 3.507962707224483889e+00
3.904600030088142271e-01 3.648349696284466592e+00
4.311912269177368140e-01 2.421810667270987594e+00
4.761713689958305684e-01 2.768280720255943184e+00
5.258436593716249163e-01 2.298719017296257938e+00
5.806975641657334819e-01 1.916902399989061312e+00
6.412736086443955319e-01 1.613288699322501518e+00
7.081687035050797663e-01 1.494365625011169207e+00
7.820420267788740221e-01 1.371173748926312497e+00
8.636215193093772502e-01 1.300081189732010811e+00
9.537110578139396111e-01 1.166514420351338455e+00
1.053198376209924181e+00 1.030543094944354587e+00
1.163063813262004587e+00 9.315261492836655055e-01
1.284389972749000020e+00 8.311508430876918263e-01
1.418372391340625871e+00 7.700824241380853641e-01
1.566331319304433034e+00 6.610141111653303758e-01
1.729724730128913146e+00 5.822661098786631184e-01
1.910162687258393888e+00 4.941140564756227316e-01
2.109423209508183739e+00 4.073124486018395718e-01
2.329469791496292075e+00 3.372875478352121426e-01
2.572470751736423367e+00 2.689403271317382105e-01
2.840820599046558925e+00 2.112569086355544357e-01
3.137163627815712896e+00 1.605356675673070554e-01
3.464419974634429522e+00 1.198944696097438145e-01
3.825814393048633910e+00 8.649507265987348148e-02
4.224908029980570134e+00 6.126801035223963104e-02
4.665633516938728853e+00 4.232955026239702823e-02
5.152333721802261124e+00 2.777868896532192933e-02
5.689804543036371065e+00 1.793094858515177636e-02
6.283342168028879016e+00 1.096393720897137838e-02
6.938795261227216571e+00 6.525219931074249455e-03
7.662622596332873570e+00 3.847547690257151990e-03
