1.075697699663223650e-02 0.000000000000000000e+00
1.238553382458278118e-02 0.000000000000000000e+00
1.426064666382671070e-02 0.000000000000000000e+00
1.641964296015012773e-02 1.701188886484710565e+02
1.890550136289975008e-02 0.000000000000000000e+00
2.176770729120264605e-02 1.747411599342218267e+02
2.506323802897549025e-02 0.000000000000000000e+00
2.885769695878603880e-02 3.394450037514233287e+01
3.322661951350305148e-02 1.639228084036919029e+02
3.825697684301776480e-02 9.481032006871473072e+01
4.404890712918910212e-02 5.757192684089277179e+01
5.071770901390626474e-02 3.099014126198419561e+01
5.839613682298916419e-02 3.986590802115711085e+01
6.723704327642746059e-02 4.100227705201564987e+01
7.741642229279181719e-02 4.381744133132442443e+01
8.913691246023390524e-02 2.673868481687942733e+01
1.026318309168776088e-01 2.117155457530012441e+01
1.181698179421427075e-01 2.129232771610854158e+01
1.360601847178269652e-01 1.701986624342679377e+01
1.566590707156125806e-01 1.325962142132317823e+01
1.803765332847128977e-01 1.115540812875882359e+01
2.076847105704722196e-01 8.875066715689470698e+00
2.391272202612865216e-01 7.238083990540881807e+00
2.753299812625672471e-01 6.323864613635281628e+00
3.170136737223568923e-01 5.346817478813589375e+00
3.650080854474972436e-01 4.314339121128553778e+00
4.202686303012032054e-01 3.743390036050648018e+00
4.838953674100328062e-01 3.217948428191502952e+00
5.571548997912926238e-01 2.783758531539917147e+00
6.415055883318823149e-01 2.393540854654134797e+00
7.386265830475349237e-01 2.090343481814554760e+00
8.504512495411458151e-01 1.801298868397542163e+00
9.792056560731035031e-01 1.545356568291129440e+00
1.127452887397006887e+00 1.300060531767007532e+00
1.298144067506233235e+00 1.078882185879551647e+00
1.494677106989597437e+00 8.733028457493660079e-01
1.720964344466386908e+00 6.861384317609841021e-01
1.981510428623453279e+00 5.228651044202110576e-01
2.281501991234420323e+00 3.851434210158400928e-01
2.626910896261440254e+00 2.735329143431409760e-01
3.024613120395937216e+00 1.865987481542005777e-01
3.482525631566290691e+00 1.217930966328012038e-01
4.009763990221857810e+00 7.575376333375093141e-02
4.616823810726305766e+00 4.453493733666755161e-02
5.315789695171062590e+00 2.455343979030449875e-02
6.120575798806901169e+00 1.252332485760052072e-02
7.047202815975062151e+00 5.915366111148702248e-03
8.114116900434067858e+00 2.579672589954223362e-03
9.342556868756759059e+00 6.759119500833674077e-04
