1.075697699663223650e-02 0.000000000000000000e+00
1.238553382458278118e-02 0.000000000000000000e+00
1.426064666382671070e-02 0.000000000000000000e+00
1.641964296015012773e-02 0.000000000000000000e+00
1.890550136289975008e-02 0.000000000000000000e+00
2.176770729120264605e-02 0.000000000000000000e+00
2.506323802897549025e-02 0.000000000000000000e+00
2.885769695878603880e-02 0.000000000000000000e+00
3.322661951350305148e-02 1.225658487272158936e+02
3.825697684301776480e-02 0.000000000000000000e+00
4.404890712918910212e-02 9.433422453499639460e+01
5.071770901390626474e-02 0.000000000000000000e+00
5.839613682298916419e-02 1.828337360587419980e+01
6.723704327642746059e-02 8.033573113518957598e+01
7.741642229279181719e-02 4.566639066540560066e+01
8.913691246023390524e-02 2.688753127850242208e+01
1.026318309168776088e-01 1.237247528452397738e+01
1.181698179421427075e-01 1.543537728899784334e+01
1.360601847178269652e-01 1.930597783739457896e+01
1.566590707156125806e-01 1.180423235911982971e+01
1.803765332847128977e-01 9.225629448891421447e+00
2.076847105704722196e-01 8.988019564006590301e+00
2.391272202612865216e-01 7.949533033007753602e+00
2.753299812625672471e-01 5.382334198705264861e+00
3.170136737223568923e-01 4.766409279728668125e+00
3.650080854474972436e-01 4.178607694194965028e+00
4.202686303012032054e-01 3.516620424162939962e+00
4.838953674100328062e-01 2.984519761858027032e+00
5.571548997912926238e-01 2.554169527147860830e+00
6.415055883318823149e-01 2.326125145207488032e+00
7.386265830475349237e-01 1.995479469926859428e+00
8.504512495411458151e-01 1.729291140924107184e+00
9.792056560731035031e-01 1.533735217597594014e+00
1.127452887397006887e+00 1.322913840958094722e+00
1.298144067506233235e+00 1.136998134814850570e+00
1.494677106989597437e+00 9.419441393494445425e-01
1.720964344466386908e+00 7.899567451646692939e-01
1.981510428623453279e+00 6.350780522920472793e-01
2.281501991234420323e+00 5.021594643332154551e-01
2.626910896261440254e+00 3.867486282245627960e-01
3.024613120395937216e+00 2.930015213643915595e-01
3.482525631566290691e+00 2.162002982508163806e-01
4.009763990221857810e+00 1.559639392274551339e-01
4.616823810726305766e+00 1.096637353117472374e-01
5.315789695171062590e+00 7.481504894776412617e-02
6.120575798806901169e+00 4.929149536036893375e-02
7.047202815975062151e+00 3.118577742518270982e-02
8.114116900434067858e+00 1.879258914649671250e-02
9.342556868756759059e+00 1.065771621275249902e-02
