1.075697699663223650e-02 0.000000000000000000e+00
1.238553382458278118e-02 0.000000000000000000e+00
1.426064666382671070e-02 0.000000000000000000e+00
1.641964296015012773e-02 0.000000000000000000e+00
1.890550136289975008e-02 0.000000000000000000e+00
2.176770729120264605e-02 0.000000000000000000e+00
2.506323802897549025e-02 0.000000000000000000e+00
2.885769695878603880e-02 0.000000000000000000e+00
3.322661951350305148e-02 1.225564094865100060e+02
3.825697684301776480e-02 0.000000000000000000e+00
4.404890712918910212e-02 9.432887951428570261e+01
5.071770901390626474e-02 0.000000000000000000e+00
5.839613682298916419e-02 1.826114523947876833e+01
6.723704327642746059e-02 8.028739819477871720e+01
7.741642229279181719e-02 4.564431937389363725e+01
8.913691246023390524e-02 2.684654764247760994e+01
1.026318309168776088e-01 1.235337187574222462e+01
1.181698179421427075e-01 1.541776913774359414e+01
1.360601847178269652e-01 1.926468691687469814e+01
1.566590707156125806e-01 1.177542736301682780e+01
1.803765332847128977e-01 9.201603333156960218e+00
2.076847105704722196e-01 8.953201537934095455e+00
2.391272202612865216e-01 7.917569399896262183e+00
2.753299812625672471e-01 5.353736317771313757e+00
3.170136737223568923e-01 4.738791730224633625e+00
3.650080854474972436e-01 4.149799630892467839e+00
4.202686303012032054e-01 3.487932115315826476e+00
4.838953674100328062e-01 2.960885307916137688e+00
5.571548997912926238e-01 2.530538630939574762e+00
6.415055883318823149e-01 2.304041001006425837e+00
7.386265830475349237e-01 1.975551257611295242e+00
8.504512495411458151e-01 1.711377391135613601e+00
9.792056560731035031e-01 1.517209227588461884e+00
1.127452887397006887e+00 1.308559961187093279e+00
1.298144067506233235e+00 1.124479956885594101e+00
1.494677106989597437e+00 9.317782212698200173e-01
1.720964344466386908e+00 7.817578273056303706e-01
1.981510428623453279e+00 6.288752641989809877e-01
2.281501991234420323e+00 4.975186856749835851e-01
2.626910896261440254e+00 3.832184718076017682e-01
3.024613120395937216e+00 2.904886352229807400e-01
3.482525631566290691e+00 2.142375694316509538e-01
4.009763990221857810e+00 1.545680480015372560e-01
4.616823810726305766e+00 1.086210664585428726e-01
5.315789695171062590e+00 7.405055952624607640e-02
6.120575798806901169e+00 4.879413231285269908e-02
7.047202815975062151e+00 3.089583668118805679e-02
8.114116900434067858e+00 1.861109980948777443e-02
9.342556868756759059e+00 1.055202207091002903e-02
