1.049270570993779128e-01 1.658155216734849802e+01
1.152666891313443437e-01 0.000000000000000000e+00
1.266252003114718971e-01 1.214722603107463605e+01
1.391029921545676451e-01 2.479070886721317990e+01
1.528103598553650910e-01 2.004288853934421155e+01
1.678684672230424946e-01 0.000000000000000000e+00
1.844104176869020839e-01 1.254564468206060823e+01
2.025824308401720231e-01 6.735257054222288708e+00
2.225451349217781316e-01 4.282585984487832675e+00
2.444749866607454081e-01 3.951250854138822266e+00
2.685658310336883070e-01 7.591311988286467916e+00
2.950306147225855158e-01 3.123372462858008181e+00
3.241032684186404556e-01 5.137253846329116413e+00
3.560407746105134219e-01 3.092962665797701849e+00
3.911254391347682158e-01 3.217881017432353996e+00
4.296673865674934811e-01 2.598257684668713097e+00
4.720073015146639683e-01 2.475793829749758590e+00
5.185194400323847042e-01 2.431405180041204428e+00
5.696149377959250915e-01 2.176975294479924106e+00
6.257454442595075106e-01 1.593665772629829114e+00
6.874071149303513373e-01 1.608837952040991670e+00
7.551449970459608307e-01 1.432107143873229793e+00
8.295578474210610898e-01 1.323047174428862993e+00
9.113034250506731881e-01 1.277428515514294816e+00
1.001104305252339843e+00 1.066006722370940407e+00
1.099754266740566422e+00 9.556847160472660141e-01
1.208125308090871375e+00 9.272193752402234646e-01
1.327175355614216734e+00 8.215984088253541762e-01
1.457956730774185417e+00 7.484351806826121667e-01
1.601625451993120341e+00 6.474161121592705292e-01
1.759451453068861415e+00 5.714148681750047531e-01
1.932829808525935888e+00 4.824750251394762102e-01
2.123293065125675394e+00 4.067959009910662727e-01
2.332524788537422733e+00 3.380830630635200396e-01
2.562374444914187865e+00 2.730670635892458731e-01
2.814873748915767138e+00 2.181452294522925883e-01
3.092254622684726506e+00 1.695948321466685393e-01
3.396968924520385791e+00 1.278944897726545793e-01
3.731710121638871946e+00 9.490251665856863639e-02
4.099437098591694806e+00 6.866894860076512563e-02
4.503400311793083866e+00 4.836433888819882676e-02
4.947170521344300909e+00 3.328944681864037802e-02
5.434670354124753189e+00 2.200724273777783513e-02
5.970208977146132412e+00 1.417635152310329875e-02
6.558520187658483991e+00 8.761067741177434517e-03
7.204804256698806419e+00 5.288499904787376422e-03
7.914773895950728999e+00 3.191011273777385419e-03
8.694704754231029398e+00 1.465743280540976771e-03
9.551490889957609198e+00 5.431834416781261814e-04
