6.544794635508624503e-02 9.654922818093889703e+01
7.227521403122769139e-02 0.000000000000000000e+00
7.981467493141311542e-02 0.000000000000000000e+00
8.814062220078265619e-02 6.241241547401599377e+01
9.733509894786904204e-02 0.000000000000000000e+00
1.074887066897439181e-01 1.458999410921799011e+01
1.187014981309242045e-01 0.000000000000000000e+00
1.310839630733989514e-01 1.040414475110335601e+01
1.447581171728420657e-01 2.087232133518524790e+01
1.598587042695132077e-01 1.661061503409101547e+01
1.765345241415035293e-01 6.021617371285772791e+00
1.949498987638828562e-01 9.363463761942867336e+00
2.152862915221297468e-01 3.003591747871761974e+00
2.377440953354219566e-01 6.582836344781084037e+00
2.625446073097885136e-01 6.632624542705617188e+00
2.899322093791706356e-01 3.136144768725686038e+00
3.201767764222258617e-01 3.962069938192390950e+00
3.535763355842338473e-01 3.507720601534958238e+00
3.904600030088142271e-01 3.648166100790068977e+00
4.311912269177368140e-01 2.421749552470857214e+00
4.761713689958305684e-01 2.768296048126072328e+00
5.258436593716249163e-01 2.298759148516289930e+00
5.806975641657334819e-01 1.917056290273754682e+00
6.412736086443955319e-01 1.613477585827150396e+00
7.081687035050797663e-01 1.494645302839558765e+00
7.820420267788740221e-01 1.371561193652173438e+00
8.636215193093772502e-01 1.300596605811688233e+00
9.537110578139396111e-01 1.167072713928647643e+00
1.053198376209924181e+00 1.031205897231621371e+00
1.163063813262004587e+00 9.322788673913798840e-01
1.284389972749000020e+00 8.319930854804339360e-01
1.418372391340625871e+00 7.710277998763740426e-01
1.566331319304433034e+00 6.619755911460583064e-01
1.729724730128913146e+00 5.832641536053450038e-01
1.910162687258393888e+00 4.951060665567703079e-01
2.109423209508183739e+00 4.082611982755131597e-01
2.329469791496292075e+00 3.381948789487675411e-01
2.572470751736423367e+00 2.697706750375278850e-01
2.840820599046558925e+00 2.119981250880163259e-01
3.137163627815712896e+00 1.611787353150809232e-01
3.464419974634429522e+00 1.204317427711003446e-01
3.825814393048633910e+00 8.692694288727335905e-02
4.224908029980570134e+00 6.161014174787121656e-02
4.665633516938728853e+00 4.258773700715311195e-02
5.152333721802261124e+00 2.796293248990104272e-02
5.689804543036371065e+00 1.806141215777312334e-02
6.283342168028879016e+00 1.104963352200436649e-02
6.938795261227216571e+00 6.579065701466698356e-03
7.662622596332873570e+00 3.880230213805533745e-03
