1.049270570993779128e-01 7.281262665731642159e+00
1.152666891313443437e-01 2.355138408291331586e+01
1.266252003114718971e-01 1.196062241860499320e+01
1.391029921545676451e-01 1.870854525990142747e+01
1.528103598553650910e-01 9.492022955983243193e+00
1.678684672230424946e-01 1.266465219894823946e+01
1.844104176869020839e-01 8.723168020799450417e+00
2.025824308401720231e-01 1.011836813612649522e+01
2.225451349217781316e-01 7.606178946054424017e+00
2.444749866607454081e-01 7.769216137729386240e+00
2.685658310336883070e-01 4.979137127842171218e+00
2.950306147225855158e-01 5.188904515503987014e+00
3.241032684186404556e-01 4.752927301644484182e+00
3.560407746105134219e-01 4.093365578109743552e+00
3.911254391347682158e-01 3.670687699995059283e+00
4.296673865674934811e-01 3.521025448075747022e+00
4.720073015146639683e-01 2.930635630510938228e+00
5.185194400323847042e-01 2.839304093457268863e+00
5.696149377959250915e-01 2.354270895114378703e+00
6.257454442595075106e-01 2.319351129643533405e+00
6.874071149303513373e-01 2.089091055752328341e+00
7.551449970459608307e-01 1.852405578189693758e+00
8.295578474210610898e-01 1.696190447825339787e+00
9.113034250506731881e-01 1.549411325412594298e+00
1.001104305252339843e+00 1.386014863973248357e+00
1.099754266740566422e+00 1.249220574039556553e+00
1.208125308090871375e+00 1.116755033335108394e+00
1.327175355614216734e+00 9.943374926035857264e-01
1.457956730774185417e+00 8.553722102961388574e-01
1.601625451993120341e+00 7.396554206703787049e-01
1.759451453068861415e+00 6.380504284764156875e-01
1.932829808525935888e+00 5.314629685495257938e-01
2.123293065125675394e+00 4.392188105802743991e-01
2.332524788537422733e+00 3.597242405056683134e-01
2.562374444914187865e+00 2.861884769555024244e-01
2.814873748915767138e+00 2.247438211500439043e-01
3.092254622684726506e+00 1.740758443875403405e-01
3.396968924520385791e+00 1.309205221814564446e-01
3.731710121638871946e+00 9.687670924118013671e-02
4.099437098591694806e+00 6.985912351542246379e-02
4.503400311793083866e+00 4.907362126576178540e-02
4.947170521344300909e+00 3.348312009693563823e-02
5.434670354124753189e+00 2.203545410524412537e-02
5.970208977146132412e+00 1.405535942150166161e-02
6.558520187658483991e+00 8.665337768080538794e-03
7.204804256698806419e+00 5.211150609938566131e-03
7.914773895950728999e+00 3.112827793436594506e-03
8.694704754231029398e+00 1.415812056462878226e-03
9.551490889957609198e+00 5.181477280791252533e-04
