1.049270570993779128e-01 0.000000000000000000e+00
1.152666891313443437e-01 0.000000000000000000e+00
1.266252003114718971e-01 4.193737263847812358e+01
1.391029921545676451e-01 0.000000000000000000e+00
1.528103598553650910e-01 0.000000000000000000e+00
1.678684672230424946e-01 0.000000000000000000e+00
1.844104176869020839e-01 1.741127067643763482e+01
2.025824308401720231e-01 0.000000000000000000e+00
2.225451349217781316e-01 4.976770027800113461e+00
2.444749866607454081e-01 3.371250809381749480e+00
2.685658310336883070e-01 5.768241076835250780e+00
2.950306147225855158e-01 4.985166898894524579e+00
3.241032684186404556e-01 0.000000000000000000e+00
3.560407746105134219e-01 1.439540533051013593e+00
3.911254391347682158e-01 2.985174300482461351e+00
4.296673865674934811e-01 1.340260683543793796e+00
4.720073015146639683e-01 1.970956422587499590e+00
5.185194400323847042e-01 1.422829361320455233e+00
5.696149377959250915e-01 1.391039596991208827e+00
6.257454442595075106e-01 1.036379038467928115e+00
6.874071149303513373e-01 7.436869281801090636e-01
7.551449970459608307e-01 1.094314618246379212e+00
8.295578474210610898e-01 8.710377959228218225e-01
9.113034250506731881e-01 8.342248605980874254e-01
1.001104305252339843e+00 8.311602505551022313e-01
1.099754266740566422e+00 6.741116570932452756e-01
1.208125308090871375e+00 6.620472333376627994e-01
1.327175355614216734e+00 5.519001817762049233e-01
1.457956730774185417e+00 4.942745809571963966e-01
1.601625451993120341e+00 4.565982194634261027e-01
1.759451453068861415e+00 3.943900413148540007e-01
1.932829808525935888e+00 3.455727031489607692e-01
2.123293065125675394e+00 3.027090842261956349e-01
2.332524788537422733e+00 2.683328352916553583e-01
2.562374444914187865e+00 2.169332886755211132e-01
2.814873748915767138e+00 1.796546637069740548e-01
3.092254622684726506e+00 1.399233303244436233e-01
3.396968924520385791e+00 1.057807357516955399e-01
3.731710121638871946e+00 8.222648594000478428e-02
4.099437098591694806e+00 6.015634614645360562e-02
4.503400311793083866e+00 4.206906701184322250e-02
4.947170521344300909e+00 2.966937408987505020e-02
5.434670354124753189e+00 1.961200752445931700e-02
5.970208977146132412e+00 1.271098455180970539e-02
6.558520187658483991e+00 7.782410971701718243e-03
7.204804256698806419e+00 4.711392742878873878e-03
7.914773895950728999e+00 2.864455046417713115e-03
8.694704754231029398e+00 1.308721215191657348e-03
9.551490889957609198e+00 4.907454840186407105e-04
