1.049270570993779128e-01 1.657201172415181745e+01
1.152666891313443437e-01 0.000000000000000000e+00
1.266252003114718971e-01 1.221792960280785856e+01
1.391029921545676451e-01 2.490213745902700637e+01
1.528103598553650910e-01 2.012573161730713167e+01
1.678684672230424946e-01 0.000000000000000000e+00
1.844104176869020839e-01 1.255925753993986049e+01
2.025824308401720231e-01 6.730251303400107687e+00
2.225451349217781316e-01 4.282355630187803186e+00
2.444749866607454081e-01 3.965854507717732069e+00
2.685658310336883070e-01 7.611958524512841606e+00
2.950306147225855158e-01 3.136260999959569418e+00
3.241032684186404556e-01 5.152130367237053754e+00
3.560407746105134219e-01 3.107166680463283814e+00
3.911254391347682158e-01 3.229685865664633226e+00
4.296673865674934811e-01 2.612785802074320873e+00
4.720073015146639683e-01 2.496116013893041607e+00
5.185194400323847042e-01 2.445920441361579822e+00
5.696149377959250915e-01 2.200922535924669798e+00
6.257454442595075106e-01 1.612376777280734252e+00
6.874071149303513373e-01 1.637050934710275074e+00
7.551449970459608307e-01 1.460769701582914193e+00
8.295578474210610898e-01 1.365469754630626253e+00
9.113034250506731881e-01 1.324222518689215145e+00
1.001104305252339843e+00 1.113931740326319364e+00
1.099754266740566422e+00 1.010881678505664460e+00
1.208125308090871375e+00 9.926564942721420870e-01
1.327175355614216734e+00 8.925758436477000402e-01
1.457956730774185417e+00 8.279644828377001886e-01
1.601625451993120341e+00 7.337646442874801167e-01
1.759451453068861415e+00 6.645101662058765513e-01
1.932829808525935888e+00 5.785049884705832923e-01
2.123293065125675394e+00 5.055726238523532423e-01
2.332524788537422733e+00 4.409366510328698308e-01
2.562374444914187865e+00 3.769774265075048758e-01
2.814873748915767138e+00 3.187695155827650062e-01
3.092254622684726506e+00 2.667296994258822607e-01
3.396968924520385791e+00 2.183795230900621720e-01
3.731710121638871946e+00 1.774242808990153797e-01
4.099437098591694806e+00 1.428168113553129615e-01
4.503400311793083866e+00 1.136587975305008019e-01
4.947170521344300909e+00 8.936870078651894256e-02
5.434670354124753189e+00 6.884871790159199922e-02
5.970208977146132412e+00 5.247795297785711605e-02
6.558520187658483991e+00 3.920527758730782408e-02
7.204804256698806419e+00 2.856269479304474057e-02
7.914773895950728999e+00 2.048624535099798430e-02
8.694704754231029398e+00 1.417886771044763079e-02
9.551490889957609198e+00 9.612716972722486208e-03
