1.049270570993779128e-01 0.000000000000000000e+00
1.152666891313443437e-01 0.000000000000000000e+00
1.266252003114718971e-01 4.207305058130163644e+01
1.391029921545676451e-01 0.000000000000000000e+00
1.528103598553650910e-01 0.000000000000000000e+00
1.678684672230424946e-01 0.000000000000000000e+00
1.844104176869020839e-01 1.748004872418501421e+01
2.025824308401720231e-01 0.000000000000000000e+00
2.225451349217781316e-01 5.001167243642697713e+00
2.444749866607454081e-01 3.416242899675371536e+00
2.685658310336883070e-01 5.853342339211162759e+00
2.950306147225855158e-01 5.047790097243092688e+00
3.241032684186404556e-01 0.000000000000000000e+00
3.560407746105134219e-01 1.460993386247557924e+00
3.911254391347682158e-01 3.029735430712211297e+00
4.296673865674934811e-01 1.360537323670023779e+00
4.720073015146639683e-01 2.012980014125585804e+00
5.185194400323847042e-01 1.457530816407138996e+00
5.696149377959250915e-01 1.425468121410594202e+00
6.257454442595075106e-01 1.072951235576607321e+00
6.874071149303513373e-01 7.713147692077534368e-01
7.551449970459608307e-01 1.155732827982474786e+00
8.295578474210610898e-01 9.242347614594249583e-01
9.113034250506731881e-01 8.955573627012112237e-01
1.001104305252339843e+00 9.000282576762895781e-01
1.099754266740566422e+00 7.380437780592499220e-01
1.208125308090871375e+00 7.377788345610619691e-01
1.327175355614216734e+00 6.276892556659703359e-01
1.457956730774185417e+00 5.773192572037808556e-01
1.601625451993120341e+00 5.526987035837614970e-01
1.759451453068861415e+00 4.988900214125616683e-01
1.932829808525935888e+00 4.528963489114942731e-01
2.123293065125675394e+00 4.145595828478176315e-01
2.332524788537422733e+00 3.908583691515449265e-01
2.562374444914187865e+00 3.363104688144308851e-01
2.814873748915767138e+00 3.041928679190520346e-01
3.092254622684726506e+00 2.618190636879611510e-01
3.396968924520385791e+00 2.238145664491151821e-01
3.731710121638871946e+00 2.003615187237441364e-01
4.099437098591694806e+00 1.711402518939032780e-01
4.503400311793083866e+00 1.444798007682185359e-01
4.947170521344300909e+00 1.255791175200469956e-01
5.434670354124753189e+00 1.064427495410912028e-01
5.970208977146132412e+00 8.963646136367837969e-02
6.558520187658483991e+00 7.356468491209146310e-02
7.204804256698806419e+00 6.095517610538785797e-02
7.914773895950728999e+00 5.058298292895162251e-02
8.694704754231029398e+00 4.134848849472295279e-02
9.551490889957609198e+00 3.370401154993998144e-02
