1.049270570993779128e-01 1.657401197394122150e+01
1.152666891313443437e-01 0.000000000000000000e+00
1.266252003114718971e-01 1.222255814685340347e+01
1.391029921545676451e-01 2.491423019050935039e+01
1.528103598553650910e-01 2.013392585152713821e+01
1.678684672230424946e-01 0.000000000000000000e+00
1.844104176869020839e-01 1.256581371646450940e+01
2.025824308401720231e-01 6.736604887864134028e+00
2.225451349217781316e-01 4.285713639661931751e+00
2.444749866607454081e-01 3.970511700045034509e+00
2.685658310336883070e-01 7.621797174066232472e+00
2.950306147225855158e-01 3.140327372769055270e+00
3.241032684186404556e-01 5.163206773443164366e+00
3.560407746105134219e-01 3.114372081482447818e+00
3.911254391347682158e-01 3.239043313090277376e+00
4.296673865674934811e-01 2.622491645003801608e+00
4.720073015146639683e-01 2.506461441165197979e+00
5.185194400323847042e-01 2.457917798675532950e+00
5.696149377959250915e-01 2.214848676393736504e+00
6.257454442595075106e-01 1.624393491333469663e+00
6.874071149303513373e-01 1.651365433684563566e+00
7.551449970459608307e-01 1.475557943931477212e+00
8.295578474210610898e-01 1.383306115404262515e+00
9.113034250506731881e-01 1.344623696627479825e+00
1.001104305252339843e+00 1.133972211487959125e+00
1.099754266740566422e+00 1.032517731378204573e+00
1.208125308090871375e+00 1.018993841176456971e+00
1.327175355614216734e+00 9.214585814535174446e-01
1.457956730774185417e+00 8.607678170083896685e-01
1.601625451993120341e+00 7.683096090104678533e-01
1.759451453068861415e+00 7.022228248206168200e-01
1.932829808525935888e+00 6.185631304993155499e-01
2.123293065125675394e+00 5.476860428101504308e-01
2.332524788537422733e+00 4.853717682248966381e-01
2.562374444914187865e+00 4.232366925298485794e-01
2.814873748915767138e+00 3.662217976210026538e-01
3.092254622684726506e+00 3.146104496010136975e-01
3.396968924520385791e+00 2.652827723289024053e-01
3.731710121638871946e+00 2.233044537530796680e-01
4.099437098591694806e+00 1.866121097844921917e-01
4.503400311793083866e+00 1.551649477701262103e-01
4.947170521344300909e+00 1.286039136707703145e-01
5.434670354124753189e+00 1.045518584045939253e-01
5.970208977146132412e+00 8.508554998039331851e-02
6.558520187658483991e+00 6.851608660890563807e-02
7.204804256698806419e+00 5.446723229146075568e-02
7.914773895950728999e+00 4.328587043545953361e-02
8.694704754231029398e+00 3.355285280423409705e-02
9.551490889957609198e+00 2.595913996451494274e-02
