1.075697699663223650e-02 0.000000000000000000e+00
1.238553382458278118e-02 0.000000000000000000e+00
1.426064666382671070e-02 0.000000000000000000e+00
1.641964296015012773e-02 0.000000000000000000e+00
1.890550136289975008e-02 0.000000000000000000e+00
2.176770729120264605e-02 0.000000000000000000e+00
2.506323802897549025e-02 0.000000000000000000e+00
2.885769695878603880e-02 0.000000000000000000e+00
3.322661951350305148e-02 1.705955706426796725e+00
3.825697684301776480e-02 0.000000000000000000e+00
4.404890712918910212e-02 1.343172933811445757e+00
5.071770901390626474e-02 0.000000000000000000e+00
5.839613682298916419e-02 2.365958715898507092e-01
6.723704327642746059e-02 1.200260524851291644e+00
7.741642229279181719e-02 6.997747994163967533e-01
8.913691246023390524e-02 3.582621817170493217e-01
1.026318309168776088e-01 1.952963482465075173e-01
1.181698179421427075e-01 2.189754936562537946e-01
1.360601847178269652e-01 2.644977977394143420e-01
1.566590707156125806e-01 1.461744838958476955e-01
1.803765332847128977e-01 1.327244141802101651e-01
2.076847105704722196e-01 1.145088282766250909e-01
2.391272202612865216e-01 8.697664112782860224e-02
2.753299812625672471e-01 5.416338725644305463e-02
3.170136737223568923e-01 4.539028873369924111e-02
3.650080854474972436e-01 3.336970504692550465e-02
4.202686303012032054e-01 2.360705887094172867e-02
4.838953674100328062e-01 1.835042886811841939e-02
5.571548997912926238e-01 1.381574513042958113e-02
6.415055883318823149e-01 1.009672601912037747e-02
7.386265830475349237e-01 7.410305750788647242e-03
8.504512495411458151e-01 5.330393922325471316e-03
9.792056560731035031e-01 3.978724197595348393e-03
1.127452887397006887e+00 2.866564770940627140e-03
1.298144067506233235e+00 2.058255400542443984e-03
1.494677106989597437e+00 1.475440516689172738e-03
1.720964344466386908e+00 1.066788314846277242e-03
1.981510428623453279e+00 7.598053330252250255e-04
2.281501991234420323e+00 5.366778636478758153e-04
2.626910896261440254e+00 3.762136561685426486e-04
3.024613120395937216e+00 2.622371747472535225e-04
3.482525631566290691e+00 1.802609825329751312e-04
4.009763990221857810e+00 1.219988492441415284e-04
4.616823810726305766e+00 8.095105043167457465e-05
5.315789695171062590e+00 5.270609162886941558e-05
6.120575798806901169e+00 3.336946530986623842e-05
7.047202815975062151e+00 2.055223371360316383e-05
8.114116900434067858e+00 1.224159556825124082e-05
9.342556868756759059e+00 6.998071012477403281e-06
