1.049270570993779128e-01 7.265901736345425910e+00
1.152666891313443437e-01 2.345216909208284051e+01
1.266252003114718971e-01 1.188701647962466090e+01
1.391029921545676451e-01 1.858295263810542508e+01
1.528103598553650910e-01 9.432699775759294525e+00
1.678684672230424946e-01 1.256011701789017287e+01
1.844104176869020839e-01 8.636793267956809572e+00
2.025824308401720231e-01 1.001269665214930527e+01
2.225451349217781316e-01 7.501576022016279488e+00
2.444749866607454081e-01 7.656035844839390592e+00
2.685658310336883070e-01 4.896727783300830694e+00
2.950306147225855158e-01 5.085727411696074896e+00
3.241032684186404556e-01 4.642102302349838894e+00
3.560407746105134219e-01 3.983407706866671116e+00
3.911254391347682158e-01 3.550053060368436153e+00
4.296673865674934811e-01 3.390993007765961131e+00
4.720073015146639683e-01 2.799389505944793299e+00
5.185194400323847042e-01 2.688827752753113032e+00
5.696149377959250915e-01 2.207641371912612449e+00
6.257454442595075106e-01 2.153371962630197256e+00
6.874071149303513373e-01 1.908077767784399636e+00
7.551449970459608307e-01 1.666093643455419215e+00
8.295578474210610898e-01 1.495587549987042797e+00
9.113034250506731881e-01 1.335967651557759872e+00
1.001104305252339843e+00 1.162263457854619153e+00
1.099754266740566422e+00 1.010263560021475993e+00
1.208125308090871375e+00 8.682079073337907182e-01
1.327175355614216734e+00 7.360316144142440287e-01
1.457956730774185417e+00 5.997528459160197389e-01
1.601625451993120341e+00 4.831554889789299034e-01
1.759451453068861415e+00 3.854266718291783911e-01
1.932829808525935888e+00 2.919160176493668102e-01
2.123293065125675394e+00 2.163135195275695810e-01
2.332524788537422733e+00 1.565663742335328124e-01
2.562374444914187865e+00 1.075283338707502256e-01
2.814873748915767138e+00 7.153083501501540653e-02
3.092254622684726506e+00 4.625780622128554398e-02
3.396968924520385791e+00 2.872615534415282057e-02
3.731710121638871946e+00 1.765731428063236491e-02
4.099437098591694806e+00 1.026852304384196640e-02
4.503400311793083866e+00 4.247603487192200614e-03
4.947170521344300909e+00 1.517093141549144758e-03
5.434670354124753189e+00 4.286020358074889595e-04
5.970208977146132412e+00 6.270396400245213621e-05
6.558520187658483991e+00 5.206796074508481300e-06
7.204804256698806419e+00 8.435303659919027896e-09
7.914773895950728999e+00 0.000000000000000000e+00
8.694704754231029398e+00 0.000000000000000000e+00
9.551490889957609198e+00 0.000000000000000000e+00
